2026-06-22 08:33:33,139 - main - INFO - === Logging system initialized ===
2026-06-22 08:33:33,139 - main - INFO - Log file: logs/app_20260622_083333.log
2026-06-22 08:33:33,139 - main - INFO - Log level: INFO
2026-06-22 08:33:33,139 - main - INFO - Timestamp: 20260622_083333
2026-06-22 08:33:33,614 - main - INFO - Included router: routers.aihub.router
2026-06-22 08:33:33,621 - main - INFO - Included router: routers.auth.router
2026-06-22 08:33:33,635 - main - INFO - Included router: routers.disease_drug_mappings.router
2026-06-22 08:33:33,652 - main - INFO - Included router: routers.diseases.router
2026-06-22 08:33:33,680 - main - INFO - Included router: routers.drugs.router
2026-06-22 08:33:33,681 - main - INFO - Included router: routers.health.router
2026-06-22 08:33:33,686 - main - INFO - Included router: routers.openfda.router
2026-06-22 08:33:33,690 - main - INFO - Included router: routers.predict.router
2026-06-22 08:33:33,707 - main - INFO - Included router: routers.prediction_histories.router
2026-06-22 08:33:33,716 - main - INFO - Included router: routers.settings.router
2026-06-22 08:33:33,731 - main - INFO - Included router: routers.storage.router
2026-06-22 08:33:33,736 - main - INFO - Included router: routers.user.router
2026-06-22 08:33:33,740 - main - INFO - Included router: routers.user_saved_drugs.router
2026-06-22 08:33:33,742 - main - INFO - === Application startup initiated ===
2026-06-22 08:33:33,742 - services.database - DEBUG - [DB_OP] Starting database initialization
2026-06-22 08:33:33,742 - services.database - INFO - Starting database initialization...
2026-06-22 08:33:33,742 - core.database - INFO - Starting database initialization...
2026-06-22 08:33:33,742 - core.config - DEBUG - Read dynamic attribute database_url from environment variable DATABASE_URL
2026-06-22 08:33:33,742 - core.database - INFO - Creating database engine: mssql+pymssql://sa:123456@localhost:1433/medipredict
2026-06-22 08:33:34,157 - core.database - INFO - Database engine and session maker created successfully
2026-06-22 08:33:34,157 - services.database - INFO - Database connection initialized, now creating tables if tables not exist...
2026-06-22 08:33:34,157 - core.database - DEBUG - [DB_OP] Starting create_tables
2026-06-22 08:33:34,157 - core.database - INFO - Starting table creation...
2026-06-22 08:33:34,297 - core.database - INFO - Tables initialized successfully
2026-06-22 08:33:34,298 - core.database - DEBUG - [DB_OP] Create tables completed in 0.1398s
2026-06-22 08:33:34,298 - services.database - INFO - Table creation completed
2026-06-22 08:33:34,298 - services.database - INFO - Database initialized successfully
2026-06-22 08:33:34,298 - services.database - DEBUG - [DB_OP] Database initialization completed in 0.5561s
2026-06-22 08:33:34,299 - services.mock_data - INFO - Processing mock data file disease_drug_mappings.json for table disease_drug_mappings
2026-06-22 08:33:35,764 - services.mock_data - INFO - Table disease_drug_mappings already has 648 rows; skipping mock insert
2026-06-22 08:33:35,765 - services.mock_data - INFO - Processing mock data file diseases.json for table diseases
2026-06-22 08:33:36,921 - services.mock_data - ERROR - Invalid JSON in diseases.json: Unexpected UTF-8 BOM (decode using utf-8-sig): line 1 column 1 (char 0)
2026-06-22 08:33:36,924 - services.mock_data - INFO - Processing mock data file drugs.json for table drugs
2026-06-22 08:33:38,232 - services.mock_data - INFO - Table drugs already has 224 rows; skipping mock insert
2026-06-22 08:33:38,233 - services.database - DEBUG - [DB_OP] Starting database initialization
2026-06-22 08:33:38,233 - services.database - INFO - Starting database initialization...
2026-06-22 08:33:38,233 - core.database - INFO - Starting database initialization...
2026-06-22 08:33:38,233 - core.database - INFO - Database already initialized
2026-06-22 08:33:38,233 - services.database - INFO - Database connection initialized, now creating tables if tables not exist...
2026-06-22 08:33:38,234 - core.database - DEBUG - [DB_OP] Starting create_tables
2026-06-22 08:33:38,234 - core.database - INFO - Tables already initialized
2026-06-22 08:33:38,234 - services.database - INFO - Table creation completed
2026-06-22 08:33:38,234 - services.database - INFO - Database initialized successfully
2026-06-22 08:33:38,234 - services.database - DEBUG - [DB_OP] Database initialization completed in 0.0011s
2026-06-22 08:33:38,234 - core.config - DEBUG - Read dynamic attribute admin_user_id from environment variable ADMIN_USER_ID
2026-06-22 08:33:38,234 - core.config - DEBUG - Read dynamic attribute admin_user_email from environment variable ADMIN_USER_EMAIL
2026-06-22 08:33:38,241 - main - INFO - === Application startup completed successfully ===
2026-06-22 08:33:58,697 - core.config - DEBUG - Read dynamic attribute jwt_secret_key from environment variable JWT_SECRET_KEY
2026-06-22 08:33:58,698 - core.config - DEBUG - Read dynamic attribute jwt_algorithm from environment variable JWT_ALGORITHM
2026-06-22 08:33:58,714 - core.auth - DEBUG - Authentication token validated for user hash: 19086cc0
2026-06-22 08:33:58,973 - routers.diseases - DEBUG - Querying diseasess: query=None, sort=None, skip=0, limit=1000, fields=None
2026-06-22 08:33:58,983 - routers.diseases - DEBUG - Found 0 diseasess
2026-06-22 08:34:01,189 - core.auth - DEBUG - Authentication token validated for user hash: 19086cc0
2026-06-22 08:34:01,192 - routers.drugs - DEBUG - Querying drugss: query=None, sort=None, skip=0, limit=1000, fields=None
2026-06-22 08:34:01,193 - routers.drugs - ERROR - Error querying drugss: 'DrugsService' object has no attribute 'get_list'
Traceback (most recent call last):
  File "C:\Users\ASA\Desktop\Team 8\CNPM\App\backend\routers\drugs.py", line 161, in query_drugss
    result = service.get_list(
             ^^^^^^^^^^^^^^^^
AttributeError: 'DrugsService' object has no attribute 'get_list'
2026-06-22 08:34:01,198 - core.database - ERROR - Database session error: 500: Internal server error: 'DrugsService' object has no attribute 'get_list'
Traceback (most recent call last):
  File "C:\Users\ASA\Desktop\Team 8\CNPM\App\backend\routers\drugs.py", line 161, in query_drugss
    result = service.get_list(
             ^^^^^^^^^^^^^^^^
AttributeError: 'DrugsService' object has no attribute 'get_list'

During handling of the above exception, another exception occurred:

Traceback (most recent call last):
  File "C:\Users\ASA\Desktop\Team 8\CNPM\App\backend\core\database.py", line 270, in get_db
    yield session
  File "C:\Users\ASA\AppData\Local\Programs\Python\Python311\Lib\site-packages\fastapi\concurrency.py", line 29, in contextmanager_in_threadpool
    yield await run_in_threadpool(cm.__enter__)
  File "C:\Users\ASA\AppData\Local\Programs\Python\Python311\Lib\site-packages\fastapi\routing.py", line 136, in app
    response = await f(request)
               ^^^^^^^^^^^^^^^^
  File "C:\Users\ASA\AppData\Local\Programs\Python\Python311\Lib\site-packages\fastapi\routing.py", line 690, in app
    raw_response = await run_endpoint_function(
                   ^^^^^^^^^^^^^^^^^^^^^^^^^^^^
  File "C:\Users\ASA\AppData\Local\Programs\Python\Python311\Lib\site-packages\fastapi\routing.py", line 346, in run_endpoint_function
    return await run_in_threadpool(dependant.call, **values)
           ^^^^^^^^^^^^^^^^^^^^^^^^^^^^^^^^^^^^^^^^^^^^^^^^^
  File "C:\Users\ASA\AppData\Local\Programs\Python\Python311\Lib\site-packages\starlette\concurrency.py", line 34, in run_in_threadpool
    return await anyio.to_thread.run_sync(func)
           ^^^^^^^^^^^^^^^^^^^^^^^^^^^^^^^^^^^^
  File "C:\Users\ASA\AppData\Local\Programs\Python\Python311\Lib\site-packages\anyio\to_thread.py", line 63, in run_sync
    return await get_async_backend().run_sync_in_worker_thread(
           ^^^^^^^^^^^^^^^^^^^^^^^^^^^^^^^^^^^^^^^^^^^^^^^^^^^^
  File "C:\Users\ASA\AppData\Local\Programs\Python\Python311\Lib\site-packages\anyio\_backends\_asyncio.py", line 2592, in run_sync_in_worker_thread
    return await future
           ^^^^^^^^^^^^
  File "C:\Users\ASA\AppData\Local\Programs\Python\Python311\Lib\site-packages\anyio\_backends\_asyncio.py", line 1029, in run
    result = context.run(func, *args)
             ^^^^^^^^^^^^^^^^^^^^^^^^
  File "C:\Users\ASA\Desktop\Team 8\CNPM\App\backend\routers\drugs.py", line 173, in query_drugss
    raise HTTPException(status_code=500, detail=f"Internal server error: {str(e)}")
fastapi.exceptions.HTTPException: 500: Internal server error: 'DrugsService' object has no attribute 'get_list'
2026-06-22 08:34:09,931 - routers.predict - INFO - Prediction request: symptoms=1, disease_name=None
2026-06-22 08:34:09,937 - core.database - ERROR - Database session error: 404: No diseases found in database
Traceback (most recent call last):
  File "C:\Users\ASA\Desktop\Team 8\CNPM\App\backend\core\database.py", line 270, in get_db
    yield session
  File "C:\Users\ASA\AppData\Local\Programs\Python\Python311\Lib\site-packages\fastapi\concurrency.py", line 29, in contextmanager_in_threadpool
    yield await run_in_threadpool(cm.__enter__)
  File "C:\Users\ASA\AppData\Local\Programs\Python\Python311\Lib\site-packages\fastapi\routing.py", line 136, in app
    response = await f(request)
               ^^^^^^^^^^^^^^^^
  File "C:\Users\ASA\AppData\Local\Programs\Python\Python311\Lib\site-packages\fastapi\routing.py", line 690, in app
    raw_response = await run_endpoint_function(
                   ^^^^^^^^^^^^^^^^^^^^^^^^^^^^
  File "C:\Users\ASA\AppData\Local\Programs\Python\Python311\Lib\site-packages\fastapi\routing.py", line 344, in run_endpoint_function
    return await dependant.call(**values)
           ^^^^^^^^^^^^^^^^^^^^^^^^^^^^^^
  File "C:\Users\ASA\Desktop\Team 8\CNPM\App\backend\routers\predict.py", line 57, in predict_disease
    raise HTTPException(status_code=404, detail="No diseases found in database")
fastapi.exceptions.HTTPException: 404: No diseases found in database
2026-06-22 08:34:13,810 - core.auth - DEBUG - Authentication token validated for user hash: 19086cc0
2026-06-22 08:34:13,821 - routers.drugs - DEBUG - Querying drugss: query=None, sort=None, skip=0, limit=1000, fields=None
2026-06-22 08:34:13,821 - routers.drugs - ERROR - Error querying drugss: 'DrugsService' object has no attribute 'get_list'
Traceback (most recent call last):
  File "C:\Users\ASA\Desktop\Team 8\CNPM\App\backend\routers\drugs.py", line 161, in query_drugss
    result = service.get_list(
             ^^^^^^^^^^^^^^^^
AttributeError: 'DrugsService' object has no attribute 'get_list'
2026-06-22 08:34:13,823 - core.database - ERROR - Database session error: 500: Internal server error: 'DrugsService' object has no attribute 'get_list'
Traceback (most recent call last):
  File "C:\Users\ASA\Desktop\Team 8\CNPM\App\backend\routers\drugs.py", line 161, in query_drugss
    result = service.get_list(
             ^^^^^^^^^^^^^^^^
AttributeError: 'DrugsService' object has no attribute 'get_list'

During handling of the above exception, another exception occurred:

Traceback (most recent call last):
  File "C:\Users\ASA\Desktop\Team 8\CNPM\App\backend\core\database.py", line 270, in get_db
    yield session
  File "C:\Users\ASA\AppData\Local\Programs\Python\Python311\Lib\site-packages\fastapi\concurrency.py", line 29, in contextmanager_in_threadpool
    yield await run_in_threadpool(cm.__enter__)
  File "C:\Users\ASA\AppData\Local\Programs\Python\Python311\Lib\site-packages\fastapi\routing.py", line 136, in app
    response = await f(request)
               ^^^^^^^^^^^^^^^^
  File "C:\Users\ASA\AppData\Local\Programs\Python\Python311\Lib\site-packages\fastapi\routing.py", line 690, in app
    raw_response = await run_endpoint_function(
                   ^^^^^^^^^^^^^^^^^^^^^^^^^^^^
  File "C:\Users\ASA\AppData\Local\Programs\Python\Python311\Lib\site-packages\fastapi\routing.py", line 346, in run_endpoint_function
    return await run_in_threadpool(dependant.call, **values)
           ^^^^^^^^^^^^^^^^^^^^^^^^^^^^^^^^^^^^^^^^^^^^^^^^^
  File "C:\Users\ASA\AppData\Local\Programs\Python\Python311\Lib\site-packages\starlette\concurrency.py", line 34, in run_in_threadpool
    return await anyio.to_thread.run_sync(func)
           ^^^^^^^^^^^^^^^^^^^^^^^^^^^^^^^^^^^^
  File "C:\Users\ASA\AppData\Local\Programs\Python\Python311\Lib\site-packages\anyio\to_thread.py", line 63, in run_sync
    return await get_async_backend().run_sync_in_worker_thread(
           ^^^^^^^^^^^^^^^^^^^^^^^^^^^^^^^^^^^^^^^^^^^^^^^^^^^^
  File "C:\Users\ASA\AppData\Local\Programs\Python\Python311\Lib\site-packages\anyio\_backends\_asyncio.py", line 2592, in run_sync_in_worker_thread
    return await future
           ^^^^^^^^^^^^
  File "C:\Users\ASA\AppData\Local\Programs\Python\Python311\Lib\site-packages\anyio\_backends\_asyncio.py", line 1029, in run
    result = context.run(func, *args)
             ^^^^^^^^^^^^^^^^^^^^^^^^
  File "C:\Users\ASA\Desktop\Team 8\CNPM\App\backend\routers\drugs.py", line 173, in query_drugss
    raise HTTPException(status_code=500, detail=f"Internal server error: {str(e)}")
fastapi.exceptions.HTTPException: 500: Internal server error: 'DrugsService' object has no attribute 'get_list'
2026-06-22 08:34:14,704 - routers.diseases - DEBUG - Querying diseasess: query=None, sort=None, skip=0, limit=1000, fields=None
2026-06-22 08:34:14,707 - routers.diseases - DEBUG - Found 0 diseasess
2026-06-22 08:34:15,463 - core.auth - DEBUG - Authentication token validated for user hash: 19086cc0
2026-06-22 08:34:15,467 - routers.drugs - DEBUG - Querying drugss: query=None, sort=None, skip=0, limit=1000, fields=None
2026-06-22 08:34:15,468 - routers.drugs - ERROR - Error querying drugss: 'DrugsService' object has no attribute 'get_list'
Traceback (most recent call last):
  File "C:\Users\ASA\Desktop\Team 8\CNPM\App\backend\routers\drugs.py", line 161, in query_drugss
    result = service.get_list(
             ^^^^^^^^^^^^^^^^
AttributeError: 'DrugsService' object has no attribute 'get_list'
2026-06-22 08:34:15,469 - core.database - ERROR - Database session error: 500: Internal server error: 'DrugsService' object has no attribute 'get_list'
Traceback (most recent call last):
  File "C:\Users\ASA\Desktop\Team 8\CNPM\App\backend\routers\drugs.py", line 161, in query_drugss
    result = service.get_list(
             ^^^^^^^^^^^^^^^^
AttributeError: 'DrugsService' object has no attribute 'get_list'

During handling of the above exception, another exception occurred:

Traceback (most recent call last):
  File "C:\Users\ASA\Desktop\Team 8\CNPM\App\backend\core\database.py", line 270, in get_db
    yield session
  File "C:\Users\ASA\AppData\Local\Programs\Python\Python311\Lib\site-packages\fastapi\concurrency.py", line 29, in contextmanager_in_threadpool
    yield await run_in_threadpool(cm.__enter__)
  File "C:\Users\ASA\AppData\Local\Programs\Python\Python311\Lib\site-packages\fastapi\routing.py", line 136, in app
    response = await f(request)
               ^^^^^^^^^^^^^^^^
  File "C:\Users\ASA\AppData\Local\Programs\Python\Python311\Lib\site-packages\fastapi\routing.py", line 690, in app
    raw_response = await run_endpoint_function(
                   ^^^^^^^^^^^^^^^^^^^^^^^^^^^^
  File "C:\Users\ASA\AppData\Local\Programs\Python\Python311\Lib\site-packages\fastapi\routing.py", line 346, in run_endpoint_function
    return await run_in_threadpool(dependant.call, **values)
           ^^^^^^^^^^^^^^^^^^^^^^^^^^^^^^^^^^^^^^^^^^^^^^^^^
  File "C:\Users\ASA\AppData\Local\Programs\Python\Python311\Lib\site-packages\starlette\concurrency.py", line 34, in run_in_threadpool
    return await anyio.to_thread.run_sync(func)
           ^^^^^^^^^^^^^^^^^^^^^^^^^^^^^^^^^^^^
  File "C:\Users\ASA\AppData\Local\Programs\Python\Python311\Lib\site-packages\anyio\to_thread.py", line 63, in run_sync
    return await get_async_backend().run_sync_in_worker_thread(
           ^^^^^^^^^^^^^^^^^^^^^^^^^^^^^^^^^^^^^^^^^^^^^^^^^^^^
  File "C:\Users\ASA\AppData\Local\Programs\Python\Python311\Lib\site-packages\anyio\_backends\_asyncio.py", line 2592, in run_sync_in_worker_thread
    return await future
           ^^^^^^^^^^^^
  File "C:\Users\ASA\AppData\Local\Programs\Python\Python311\Lib\site-packages\anyio\_backends\_asyncio.py", line 1029, in run
    result = context.run(func, *args)
             ^^^^^^^^^^^^^^^^^^^^^^^^
  File "C:\Users\ASA\Desktop\Team 8\CNPM\App\backend\routers\drugs.py", line 173, in query_drugss
    raise HTTPException(status_code=500, detail=f"Internal server error: {str(e)}")
fastapi.exceptions.HTTPException: 500: Internal server error: 'DrugsService' object has no attribute 'get_list'
2026-06-22 08:34:18,023 - httpcore.connection - DEBUG - connect_tcp.started host='api.fda.gov' port=443 local_address=None timeout=30.0 socket_options=None
2026-06-22 08:34:18,316 - httpcore.connection - DEBUG - connect_tcp.complete return_value=<httpcore._backends.anyio.AnyIOStream object at 0x000002039482F950>
2026-06-22 08:34:18,316 - httpcore.connection - DEBUG - start_tls.started ssl_context=<ssl.SSLContext object at 0x00000203949948C0> server_hostname='api.fda.gov' timeout=30.0
2026-06-22 08:34:18,765 - httpcore.connection - DEBUG - start_tls.complete return_value=<httpcore._backends.anyio.AnyIOStream object at 0x00000203948C3C90>
2026-06-22 08:34:18,765 - httpcore.http11 - DEBUG - send_request_headers.started request=<Request [b'GET']>
2026-06-22 08:34:18,765 - httpcore.http11 - DEBUG - send_request_headers.complete
2026-06-22 08:34:18,765 - httpcore.http11 - DEBUG - send_request_body.started request=<Request [b'GET']>
2026-06-22 08:34:18,766 - httpcore.http11 - DEBUG - send_request_body.complete
2026-06-22 08:34:18,766 - httpcore.http11 - DEBUG - receive_response_headers.started request=<Request [b'GET']>
2026-06-22 08:34:19,528 - httpcore.http11 - DEBUG - receive_response_headers.complete return_value=(b'HTTP/1.1', 200, b'OK', [(b'Date', b'Mon, 22 Jun 2026 01:34:18 GMT'), (b'Content-Type', b'application/json; charset=utf-8'), (b'Transfer-Encoding', b'chunked'), (b'Connection', b'keep-alive'), (b'Access-Control-Allow-Credentials', b'true'), (b'Access-Control-Allow-Origin', b'*'), (b'Age', b'0'), (b'Cache-Control', b'no-cache, no-store, must-revalidate'), (b'Content-Encoding', b'gzip'), (b'Content-Security-Policy', b"default-src 'none'"), (b'Etag', b'W/"1468d-uzbpP93CnzyuXD3sl2vaD8VXMfY"'), (b'Link', b'<https://api.fda.gov/drug/label.json?limit=9&skip=0&search=openfda.brand_name%3A1%20OR%20openfda.generic_name%3A1&search_after=0%3D027fae33-93a0-a61f-e063-6294a90a990f>; rel="next"'), (b'Strict-Transport-Security', b'max-age=31536000; includeSubDomains; preload'), (b'Vary', b'Accept-Encoding'), (b'Vary', b'Accept-Encoding'), (b'Via', b'https/1.1 api-umbrella (ApacheTrafficServer [cMsSf ])'), (b'X-Api-Umbrella-Request-Id', b'cutjrct6l6hq8ufhcpqg'), (b'X-Cache', b'MISS'), (b'X-Content-Type-Options', b'nosniff'), (b'X-Ratelimit-Limit', b'240'), (b'X-Ratelimit-Remaining', b'239'), (b'X-Vcap-Request-Id', b'493e143c-9ab9-4c64-45cb-ef24ea4adbcb'), (b'X-Xss-Protection', b'1; mode=block'), (b'X-Frame-Options', b'deny')])
2026-06-22 08:34:19,531 - httpx - INFO - HTTP Request: GET https://api.fda.gov/drug/label.json?limit=9&skip=0&search=openfda.brand_name%3A1+OR+openfda.generic_name%3A1&api_key=cYzhzoHiQdDiwxC3w3smJ5Fp5rlpKudgLVvgrkQ9 "HTTP/1.1 200 OK"
2026-06-22 08:34:19,532 - httpcore.http11 - DEBUG - receive_response_body.started request=<Request [b'GET']>
2026-06-22 08:34:19,536 - httpcore.http11 - DEBUG - receive_response_body.complete
2026-06-22 08:34:19,536 - httpcore.http11 - DEBUG - response_closed.started
2026-06-22 08:34:19,537 - httpcore.http11 - DEBUG - response_closed.complete
2026-06-22 08:34:19,537 - httpcore.connection - DEBUG - close.started
2026-06-22 08:34:19,537 - httpcore.connection - DEBUG - close.complete
2026-06-22 08:34:23,619 - routers.diseases - DEBUG - Querying diseasess: query=None, sort=None, skip=0, limit=1000, fields=None
2026-06-22 08:34:23,621 - routers.diseases - DEBUG - Found 0 diseasess
2026-06-22 08:34:26,491 - routers.diseases - DEBUG - Querying diseasess: query=None, sort=None, skip=0, limit=1000, fields=None
2026-06-22 08:34:26,493 - routers.diseases - DEBUG - Found 0 diseasess
2026-06-22 08:34:27,657 - routers.diseases - DEBUG - Querying diseasess: query=None, sort=None, skip=0, limit=1000, fields=None
2026-06-22 08:34:27,667 - routers.diseases - DEBUG - Found 0 diseasess
2026-06-22 08:34:29,704 - routers.diseases - DEBUG - Querying diseasess: query=None, sort=None, skip=0, limit=1000, fields=None
2026-06-22 08:34:29,706 - routers.diseases - DEBUG - Found 0 diseasess
2026-06-22 08:34:31,482 - core.auth - DEBUG - Authentication token validated for user hash: 19086cc0
2026-06-22 08:34:31,795 - routers.drugs - DEBUG - Querying drugss: query=None, sort=None, skip=0, limit=1000, fields=None
2026-06-22 08:34:31,795 - routers.drugs - ERROR - Error querying drugss: 'DrugsService' object has no attribute 'get_list'
Traceback (most recent call last):
  File "C:\Users\ASA\Desktop\Team 8\CNPM\App\backend\routers\drugs.py", line 161, in query_drugss
    result = service.get_list(
             ^^^^^^^^^^^^^^^^
AttributeError: 'DrugsService' object has no attribute 'get_list'
2026-06-22 08:34:31,796 - core.database - ERROR - Database session error: 500: Internal server error: 'DrugsService' object has no attribute 'get_list'
Traceback (most recent call last):
  File "C:\Users\ASA\Desktop\Team 8\CNPM\App\backend\routers\drugs.py", line 161, in query_drugss
    result = service.get_list(
             ^^^^^^^^^^^^^^^^
AttributeError: 'DrugsService' object has no attribute 'get_list'

During handling of the above exception, another exception occurred:

Traceback (most recent call last):
  File "C:\Users\ASA\Desktop\Team 8\CNPM\App\backend\core\database.py", line 270, in get_db
    yield session
  File "C:\Users\ASA\AppData\Local\Programs\Python\Python311\Lib\site-packages\fastapi\concurrency.py", line 29, in contextmanager_in_threadpool
    yield await run_in_threadpool(cm.__enter__)
  File "C:\Users\ASA\AppData\Local\Programs\Python\Python311\Lib\site-packages\fastapi\routing.py", line 136, in app
    response = await f(request)
               ^^^^^^^^^^^^^^^^
  File "C:\Users\ASA\AppData\Local\Programs\Python\Python311\Lib\site-packages\fastapi\routing.py", line 690, in app
    raw_response = await run_endpoint_function(
                   ^^^^^^^^^^^^^^^^^^^^^^^^^^^^
  File "C:\Users\ASA\AppData\Local\Programs\Python\Python311\Lib\site-packages\fastapi\routing.py", line 346, in run_endpoint_function
    return await run_in_threadpool(dependant.call, **values)
           ^^^^^^^^^^^^^^^^^^^^^^^^^^^^^^^^^^^^^^^^^^^^^^^^^
  File "C:\Users\ASA\AppData\Local\Programs\Python\Python311\Lib\site-packages\starlette\concurrency.py", line 34, in run_in_threadpool
    return await anyio.to_thread.run_sync(func)
           ^^^^^^^^^^^^^^^^^^^^^^^^^^^^^^^^^^^^
  File "C:\Users\ASA\AppData\Local\Programs\Python\Python311\Lib\site-packages\anyio\to_thread.py", line 63, in run_sync
    return await get_async_backend().run_sync_in_worker_thread(
           ^^^^^^^^^^^^^^^^^^^^^^^^^^^^^^^^^^^^^^^^^^^^^^^^^^^^
  File "C:\Users\ASA\AppData\Local\Programs\Python\Python311\Lib\site-packages\anyio\_backends\_asyncio.py", line 2592, in run_sync_in_worker_thread
    return await future
           ^^^^^^^^^^^^
  File "C:\Users\ASA\AppData\Local\Programs\Python\Python311\Lib\site-packages\anyio\_backends\_asyncio.py", line 1029, in run
    result = context.run(func, *args)
             ^^^^^^^^^^^^^^^^^^^^^^^^
  File "C:\Users\ASA\Desktop\Team 8\CNPM\App\backend\routers\drugs.py", line 173, in query_drugss
    raise HTTPException(status_code=500, detail=f"Internal server error: {str(e)}")
fastapi.exceptions.HTTPException: 500: Internal server error: 'DrugsService' object has no attribute 'get_list'
2026-06-22 08:34:36,586 - routers.diseases - DEBUG - Querying diseasess: query=None, sort=None, skip=0, limit=1000, fields=None
2026-06-22 08:34:36,589 - routers.diseases - DEBUG - Found 0 diseasess
2026-06-22 08:35:07,705 - routers.diseases - DEBUG - Querying diseasess: query=None, sort=None, skip=0, limit=1000, fields=None
2026-06-22 08:35:07,707 - routers.diseases - DEBUG - Found 0 diseasess
2026-06-22 08:35:43,329 - routers.diseases - DEBUG - Querying diseasess: query=None, sort=None, skip=0, limit=1000, fields=None
2026-06-22 08:35:43,333 - routers.diseases - DEBUG - Found 0 diseasess
2026-06-22 08:35:45,610 - routers.diseases - DEBUG - Querying diseasess: query=None, sort=None, skip=0, limit=1000, fields=None
2026-06-22 08:35:45,614 - routers.diseases - DEBUG - Found 0 diseasess
2026-06-22 08:35:45,762 - core.auth - DEBUG - Authentication token validated for user hash: 19086cc0
2026-06-22 08:35:45,882 - routers.drugs - DEBUG - Querying drugss: query=None, sort=None, skip=0, limit=1000, fields=None
2026-06-22 08:35:45,882 - routers.drugs - ERROR - Error querying drugss: 'DrugsService' object has no attribute 'get_list'
Traceback (most recent call last):
  File "C:\Users\ASA\Desktop\Team 8\CNPM\App\backend\routers\drugs.py", line 161, in query_drugss
    result = service.get_list(
             ^^^^^^^^^^^^^^^^
AttributeError: 'DrugsService' object has no attribute 'get_list'
2026-06-22 08:35:45,884 - core.database - ERROR - Database session error: 500: Internal server error: 'DrugsService' object has no attribute 'get_list'
Traceback (most recent call last):
  File "C:\Users\ASA\Desktop\Team 8\CNPM\App\backend\routers\drugs.py", line 161, in query_drugss
    result = service.get_list(
             ^^^^^^^^^^^^^^^^
AttributeError: 'DrugsService' object has no attribute 'get_list'

During handling of the above exception, another exception occurred:

Traceback (most recent call last):
  File "C:\Users\ASA\Desktop\Team 8\CNPM\App\backend\core\database.py", line 270, in get_db
    yield session
  File "C:\Users\ASA\AppData\Local\Programs\Python\Python311\Lib\site-packages\fastapi\concurrency.py", line 29, in contextmanager_in_threadpool
    yield await run_in_threadpool(cm.__enter__)
  File "C:\Users\ASA\AppData\Local\Programs\Python\Python311\Lib\site-packages\fastapi\routing.py", line 136, in app
    response = await f(request)
               ^^^^^^^^^^^^^^^^
  File "C:\Users\ASA\AppData\Local\Programs\Python\Python311\Lib\site-packages\fastapi\routing.py", line 690, in app
    raw_response = await run_endpoint_function(
                   ^^^^^^^^^^^^^^^^^^^^^^^^^^^^
  File "C:\Users\ASA\AppData\Local\Programs\Python\Python311\Lib\site-packages\fastapi\routing.py", line 346, in run_endpoint_function
    return await run_in_threadpool(dependant.call, **values)
           ^^^^^^^^^^^^^^^^^^^^^^^^^^^^^^^^^^^^^^^^^^^^^^^^^
  File "C:\Users\ASA\AppData\Local\Programs\Python\Python311\Lib\site-packages\starlette\concurrency.py", line 34, in run_in_threadpool
    return await anyio.to_thread.run_sync(func)
           ^^^^^^^^^^^^^^^^^^^^^^^^^^^^^^^^^^^^
  File "C:\Users\ASA\AppData\Local\Programs\Python\Python311\Lib\site-packages\anyio\to_thread.py", line 63, in run_sync
    return await get_async_backend().run_sync_in_worker_thread(
           ^^^^^^^^^^^^^^^^^^^^^^^^^^^^^^^^^^^^^^^^^^^^^^^^^^^^
  File "C:\Users\ASA\AppData\Local\Programs\Python\Python311\Lib\site-packages\anyio\_backends\_asyncio.py", line 2592, in run_sync_in_worker_thread
    return await future
           ^^^^^^^^^^^^
  File "C:\Users\ASA\AppData\Local\Programs\Python\Python311\Lib\site-packages\anyio\_backends\_asyncio.py", line 1029, in run
    result = context.run(func, *args)
             ^^^^^^^^^^^^^^^^^^^^^^^^
  File "C:\Users\ASA\Desktop\Team 8\CNPM\App\backend\routers\drugs.py", line 173, in query_drugss
    raise HTTPException(status_code=500, detail=f"Internal server error: {str(e)}")
fastapi.exceptions.HTTPException: 500: Internal server error: 'DrugsService' object has no attribute 'get_list'
2026-06-22 08:35:46,413 - routers.diseases - DEBUG - Querying diseasess: query=None, sort=None, skip=0, limit=1000, fields=None
2026-06-22 08:35:46,416 - routers.diseases - DEBUG - Found 0 diseasess
2026-06-22 08:35:47,262 - routers.diseases - DEBUG - Querying diseasess: query=None, sort=None, skip=0, limit=1000, fields=None
2026-06-22 08:35:47,264 - routers.diseases - DEBUG - Found 0 diseasess
2026-06-22 08:35:47,400 - core.auth - DEBUG - Authentication token validated for user hash: 19086cc0
2026-06-22 08:35:47,526 - routers.drugs - DEBUG - Querying drugss: query=None, sort=None, skip=0, limit=1000, fields=None
2026-06-22 08:35:47,526 - routers.drugs - ERROR - Error querying drugss: 'DrugsService' object has no attribute 'get_list'
Traceback (most recent call last):
  File "C:\Users\ASA\Desktop\Team 8\CNPM\App\backend\routers\drugs.py", line 161, in query_drugss
    result = service.get_list(
             ^^^^^^^^^^^^^^^^
AttributeError: 'DrugsService' object has no attribute 'get_list'
2026-06-22 08:35:47,527 - core.database - ERROR - Database session error: 500: Internal server error: 'DrugsService' object has no attribute 'get_list'
Traceback (most recent call last):
  File "C:\Users\ASA\Desktop\Team 8\CNPM\App\backend\routers\drugs.py", line 161, in query_drugss
    result = service.get_list(
             ^^^^^^^^^^^^^^^^
AttributeError: 'DrugsService' object has no attribute 'get_list'

During handling of the above exception, another exception occurred:

Traceback (most recent call last):
  File "C:\Users\ASA\Desktop\Team 8\CNPM\App\backend\core\database.py", line 270, in get_db
    yield session
  File "C:\Users\ASA\AppData\Local\Programs\Python\Python311\Lib\site-packages\fastapi\concurrency.py", line 29, in contextmanager_in_threadpool
    yield await run_in_threadpool(cm.__enter__)
  File "C:\Users\ASA\AppData\Local\Programs\Python\Python311\Lib\site-packages\fastapi\routing.py", line 136, in app
    response = await f(request)
               ^^^^^^^^^^^^^^^^
  File "C:\Users\ASA\AppData\Local\Programs\Python\Python311\Lib\site-packages\fastapi\routing.py", line 690, in app
    raw_response = await run_endpoint_function(
                   ^^^^^^^^^^^^^^^^^^^^^^^^^^^^
  File "C:\Users\ASA\AppData\Local\Programs\Python\Python311\Lib\site-packages\fastapi\routing.py", line 346, in run_endpoint_function
    return await run_in_threadpool(dependant.call, **values)
           ^^^^^^^^^^^^^^^^^^^^^^^^^^^^^^^^^^^^^^^^^^^^^^^^^
  File "C:\Users\ASA\AppData\Local\Programs\Python\Python311\Lib\site-packages\starlette\concurrency.py", line 34, in run_in_threadpool
    return await anyio.to_thread.run_sync(func)
           ^^^^^^^^^^^^^^^^^^^^^^^^^^^^^^^^^^^^
  File "C:\Users\ASA\AppData\Local\Programs\Python\Python311\Lib\site-packages\anyio\to_thread.py", line 63, in run_sync
    return await get_async_backend().run_sync_in_worker_thread(
           ^^^^^^^^^^^^^^^^^^^^^^^^^^^^^^^^^^^^^^^^^^^^^^^^^^^^
  File "C:\Users\ASA\AppData\Local\Programs\Python\Python311\Lib\site-packages\anyio\_backends\_asyncio.py", line 2592, in run_sync_in_worker_thread
    return await future
           ^^^^^^^^^^^^
  File "C:\Users\ASA\AppData\Local\Programs\Python\Python311\Lib\site-packages\anyio\_backends\_asyncio.py", line 1029, in run
    result = context.run(func, *args)
             ^^^^^^^^^^^^^^^^^^^^^^^^
  File "C:\Users\ASA\Desktop\Team 8\CNPM\App\backend\routers\drugs.py", line 173, in query_drugss
    raise HTTPException(status_code=500, detail=f"Internal server error: {str(e)}")
fastapi.exceptions.HTTPException: 500: Internal server error: 'DrugsService' object has no attribute 'get_list'
2026-06-22 08:35:50,226 - routers.diseases - DEBUG - Querying diseasess: query=None, sort=None, skip=0, limit=1000, fields=None
2026-06-22 08:35:50,230 - routers.diseases - DEBUG - Found 0 diseasess
2026-06-22 08:35:51,979 - routers.diseases - DEBUG - Querying diseasess: query=None, sort=None, skip=0, limit=1000, fields=None
2026-06-22 08:35:51,983 - routers.diseases - DEBUG - Found 0 diseasess
2026-06-22 08:37:17,469 - core.auth - DEBUG - Authentication token validated for user hash: 19086cc0
2026-06-22 08:37:17,774 - routers.drugs - DEBUG - Querying drugss: query=None, sort=None, skip=0, limit=1000, fields=None
2026-06-22 08:37:17,774 - routers.drugs - ERROR - Error querying drugss: 'DrugsService' object has no attribute 'get_list'
Traceback (most recent call last):
  File "C:\Users\ASA\Desktop\Team 8\CNPM\App\backend\routers\drugs.py", line 161, in query_drugss
    result = service.get_list(
             ^^^^^^^^^^^^^^^^
AttributeError: 'DrugsService' object has no attribute 'get_list'
2026-06-22 08:37:17,774 - core.database - ERROR - Database session error: 500: Internal server error: 'DrugsService' object has no attribute 'get_list'
Traceback (most recent call last):
  File "C:\Users\ASA\Desktop\Team 8\CNPM\App\backend\routers\drugs.py", line 161, in query_drugss
    result = service.get_list(
             ^^^^^^^^^^^^^^^^
AttributeError: 'DrugsService' object has no attribute 'get_list'

During handling of the above exception, another exception occurred:

Traceback (most recent call last):
  File "C:\Users\ASA\Desktop\Team 8\CNPM\App\backend\core\database.py", line 270, in get_db
    yield session
  File "C:\Users\ASA\AppData\Local\Programs\Python\Python311\Lib\site-packages\fastapi\concurrency.py", line 29, in contextmanager_in_threadpool
    yield await run_in_threadpool(cm.__enter__)
  File "C:\Users\ASA\AppData\Local\Programs\Python\Python311\Lib\site-packages\fastapi\routing.py", line 136, in app
    response = await f(request)
               ^^^^^^^^^^^^^^^^
  File "C:\Users\ASA\AppData\Local\Programs\Python\Python311\Lib\site-packages\fastapi\routing.py", line 690, in app
    raw_response = await run_endpoint_function(
                   ^^^^^^^^^^^^^^^^^^^^^^^^^^^^
  File "C:\Users\ASA\AppData\Local\Programs\Python\Python311\Lib\site-packages\fastapi\routing.py", line 346, in run_endpoint_function
    return await run_in_threadpool(dependant.call, **values)
           ^^^^^^^^^^^^^^^^^^^^^^^^^^^^^^^^^^^^^^^^^^^^^^^^^
  File "C:\Users\ASA\AppData\Local\Programs\Python\Python311\Lib\site-packages\starlette\concurrency.py", line 34, in run_in_threadpool
    return await anyio.to_thread.run_sync(func)
           ^^^^^^^^^^^^^^^^^^^^^^^^^^^^^^^^^^^^
  File "C:\Users\ASA\AppData\Local\Programs\Python\Python311\Lib\site-packages\anyio\to_thread.py", line 63, in run_sync
    return await get_async_backend().run_sync_in_worker_thread(
           ^^^^^^^^^^^^^^^^^^^^^^^^^^^^^^^^^^^^^^^^^^^^^^^^^^^^
  File "C:\Users\ASA\AppData\Local\Programs\Python\Python311\Lib\site-packages\anyio\_backends\_asyncio.py", line 2592, in run_sync_in_worker_thread
    return await future
           ^^^^^^^^^^^^
  File "C:\Users\ASA\AppData\Local\Programs\Python\Python311\Lib\site-packages\anyio\_backends\_asyncio.py", line 1029, in run
    result = context.run(func, *args)
             ^^^^^^^^^^^^^^^^^^^^^^^^
  File "C:\Users\ASA\Desktop\Team 8\CNPM\App\backend\routers\drugs.py", line 173, in query_drugss
    raise HTTPException(status_code=500, detail=f"Internal server error: {str(e)}")
fastapi.exceptions.HTTPException: 500: Internal server error: 'DrugsService' object has no attribute 'get_list'
