2026-06-22 11:21:03,726 - main - INFO - === Logging system initialized ===
2026-06-22 11:21:03,726 - main - INFO - Log file: logs/app_20260622_112103.log
2026-06-22 11:21:03,726 - main - INFO - Log level: INFO
2026-06-22 11:21:03,727 - main - INFO - Timestamp: 20260622_112103
2026-06-22 11:21:04,271 - main - INFO - Included router: routers.aihub.router
2026-06-22 11:21:04,279 - main - INFO - Included router: routers.auth.router
2026-06-22 11:21:04,293 - main - INFO - Included router: routers.disease_drug_mappings.router
2026-06-22 11:21:04,309 - main - INFO - Included router: routers.diseases.router
2026-06-22 11:21:04,330 - main - INFO - Included router: routers.drugs.router
2026-06-22 11:21:04,332 - main - INFO - Included router: routers.health.router
2026-06-22 11:21:04,338 - main - INFO - Included router: routers.openfda.router
2026-06-22 11:21:04,341 - main - INFO - Included router: routers.predict.router
2026-06-22 11:21:04,357 - main - INFO - Included router: routers.prediction_histories.router
2026-06-22 11:21:04,365 - main - INFO - Included router: routers.settings.router
2026-06-22 11:21:04,382 - main - INFO - Included router: routers.storage.router
2026-06-22 11:21:04,385 - main - INFO - Included router: routers.user.router
2026-06-22 11:21:04,390 - main - INFO - Included router: routers.user_saved_drugs.router
2026-06-22 11:21:04,392 - main - INFO - === Application startup initiated ===
2026-06-22 11:21:04,392 - services.database - DEBUG - [DB_OP] Starting database initialization
2026-06-22 11:21:04,392 - services.database - INFO - Starting database initialization...
2026-06-22 11:21:04,392 - core.database - INFO - Starting database initialization...
2026-06-22 11:21:04,392 - core.config - DEBUG - Read dynamic attribute database_url from environment variable DATABASE_URL
2026-06-22 11:21:04,393 - core.database - INFO - Creating database engine: mssql+pymssql://sa:123456@localhost:1433/medipredict
2026-06-22 11:21:04,579 - core.database - INFO - Database engine and session maker created successfully
2026-06-22 11:21:04,579 - services.database - INFO - Database connection initialized, now creating tables if tables not exist...
2026-06-22 11:21:04,579 - core.database - DEBUG - [DB_OP] Starting create_tables
2026-06-22 11:21:04,579 - core.database - INFO - Starting table creation...
2026-06-22 11:21:04,713 - core.database - INFO - Tables initialized successfully
2026-06-22 11:21:04,713 - core.database - DEBUG - [DB_OP] Create tables completed in 0.1347s
2026-06-22 11:21:04,713 - services.database - INFO - Table creation completed
2026-06-22 11:21:04,714 - services.database - INFO - Database initialized successfully
2026-06-22 11:21:04,714 - services.database - DEBUG - [DB_OP] Database initialization completed in 0.3226s
2026-06-22 11:21:04,714 - services.mock_data - INFO - Processing mock data file disease_drug_mappings.json for table disease_drug_mappings
2026-06-22 11:21:04,726 - services.mock_data - INFO - Table disease_drug_mappings already has 648 rows (ORM check); skipping
2026-06-22 11:21:04,726 - services.mock_data - INFO - Processing mock data file diseases.json for table diseases
2026-06-22 11:21:04,734 - services.mock_data - INFO - Table diseases already has 216 rows (ORM check); skipping
2026-06-22 11:21:04,736 - services.mock_data - INFO - Processing mock data file drugs.json for table drugs
2026-06-22 11:21:04,748 - services.mock_data - INFO - Table drugs already has 224 rows (ORM check); skipping
2026-06-22 11:21:04,750 - services.database - DEBUG - [DB_OP] Starting database initialization
2026-06-22 11:21:04,750 - services.database - INFO - Starting database initialization...
2026-06-22 11:21:04,750 - core.database - INFO - Starting database initialization...
2026-06-22 11:21:04,750 - core.database - INFO - Database already initialized
2026-06-22 11:21:04,750 - services.database - INFO - Database connection initialized, now creating tables if tables not exist...
2026-06-22 11:21:04,751 - core.database - DEBUG - [DB_OP] Starting create_tables
2026-06-22 11:21:04,751 - core.database - INFO - Tables already initialized
2026-06-22 11:21:04,751 - services.database - INFO - Table creation completed
2026-06-22 11:21:04,751 - services.database - INFO - Database initialized successfully
2026-06-22 11:21:04,751 - services.database - DEBUG - [DB_OP] Database initialization completed in 0.0011s
2026-06-22 11:21:04,751 - core.config - DEBUG - Read dynamic attribute admin_user_id from environment variable ADMIN_USER_ID
2026-06-22 11:21:04,751 - core.config - DEBUG - Read dynamic attribute admin_user_email from environment variable ADMIN_USER_EMAIL
2026-06-22 11:21:04,760 - main - INFO - === Application startup completed successfully ===
2026-06-22 11:21:08,071 - core.config - DEBUG - Read dynamic attribute jwt_secret_key from environment variable JWT_SECRET_KEY
2026-06-22 11:21:08,071 - core.config - DEBUG - Read dynamic attribute jwt_algorithm from environment variable JWT_ALGORITHM
2026-06-22 11:21:08,081 - core.auth - DEBUG - Authentication token validated for user hash: ca9be311
2026-06-22 11:21:08,084 - routers.diseases - DEBUG - Querying diseasess: query=None, sort=None, skip=0, limit=1000, fields=None
2026-06-22 11:21:08,100 - routers.diseases - DEBUG - Found 216 diseasess
2026-06-22 11:21:08,921 - routers.diseases - DEBUG - Querying diseasess: query=None, sort=None, skip=0, limit=1000, fields=None
2026-06-22 11:21:08,930 - routers.diseases - DEBUG - Found 216 diseasess
2026-06-22 11:21:09,999 - core.auth - DEBUG - Authentication token validated for user hash: ca9be311
2026-06-22 11:21:10,001 - routers.drugs - DEBUG - Querying drugss: query=None, sort=None, skip=0, limit=1000, fields=None
2026-06-22 11:21:10,011 - routers.drugs - DEBUG - Found 224 drugss
2026-06-22 11:21:11,424 - core.auth - DEBUG - Authentication token validated for user hash: ca9be311
2026-06-22 11:21:12,775 - core.auth - DEBUG - Authentication token validated for user hash: ca9be311
2026-06-22 11:21:17,620 - core.auth - DEBUG - Authentication token validated for user hash: ca9be311
2026-06-22 11:21:17,648 - core.auth - DEBUG - Authentication token validated for user hash: ca9be311
