2026-06-22 02:21:38,120 - main - INFO - === Logging system initialized ===
2026-06-22 02:21:38,120 - main - INFO - Log file: logs/app_20260622_022138.log
2026-06-22 02:21:38,120 - main - INFO - Log level: INFO
2026-06-22 02:21:38,120 - main - INFO - Timestamp: 20260622_022138
2026-06-22 02:21:38,665 - main - INFO - Included router: routers.aihub.router
2026-06-22 02:21:38,675 - main - INFO - Included router: routers.auth.router
2026-06-22 02:21:38,693 - main - INFO - Included router: routers.disease_drug_mappings.router
2026-06-22 02:21:38,714 - main - INFO - Included router: routers.diseases.router
2026-06-22 02:21:38,742 - main - INFO - Included router: routers.drugs.router
2026-06-22 02:21:38,743 - main - INFO - Included router: routers.health.router
2026-06-22 02:21:38,750 - main - INFO - Included router: routers.openfda.router
2026-06-22 02:21:38,755 - main - INFO - Included router: routers.predict.router
2026-06-22 02:21:38,773 - main - INFO - Included router: routers.prediction_histories.router
2026-06-22 02:21:38,780 - main - INFO - Included router: routers.settings.router
2026-06-22 02:21:38,795 - main - INFO - Included router: routers.storage.router
2026-06-22 02:21:38,799 - main - INFO - Included router: routers.user.router
2026-06-22 02:21:38,809 - main - INFO - Included router: routers.user_saved_drugs.router
2026-06-22 02:21:39,631 - watchfiles.main - DEBUG - 2 changes detected: {(<Change.modified: 2>, 'C:\\Users\\ASA\\Desktop\\Nhóm 8\\CNPM\\App\\backend\\logs'), (<Change.added: 1>, 'C:\\Users\\ASA\\Desktop\\Nhóm 8\\CNPM\\App\\backend\\logs\\app_20260622_022139.log')}
2026-06-22 02:21:39,986 - watchfiles.main - DEBUG - 1 change detected: {(<Change.modified: 2>, 'C:\\Users\\ASA\\Desktop\\Nhóm 8\\CNPM\\App\\backend\\logs\\app_20260622_022139.log')}
2026-06-22 02:21:40,396 - watchfiles.main - DEBUG - 1 change detected: {(<Change.modified: 2>, 'C:\\Users\\ASA\\Desktop\\Nhóm 8\\CNPM\\App\\backend\\logs\\app_20260622_022139.log')}
2026-06-22 02:21:40,799 - watchfiles.main - DEBUG - 1 change detected: {(<Change.modified: 2>, 'C:\\Users\\ASA\\Desktop\\Nhóm 8\\CNPM\\App\\backend\\logs\\app_20260622_022139.log')}
