2026-06-21 22:39:05,453 - main - INFO - === Logging system initialized ===
2026-06-21 22:39:05,453 - main - INFO - Log file: logs/app_20260621_223905.log
2026-06-21 22:39:05,453 - main - INFO - Log level: INFO
2026-06-21 22:39:05,453 - main - INFO - Timestamp: 20260621_223905
2026-06-21 22:39:06,267 - main - INFO - Included router: routers.aihub.router
2026-06-21 22:39:06,281 - main - INFO - Included router: routers.auth.router
2026-06-21 22:39:06,304 - main - INFO - Included router: routers.disease_drug_mappings.router
2026-06-21 22:39:06,328 - main - INFO - Included router: routers.diseases.router
2026-06-21 22:39:06,356 - main - INFO - Included router: routers.drugs.router
2026-06-21 22:39:06,356 - main - INFO - Included router: routers.health.router
2026-06-21 22:39:06,356 - main - INFO - Included router: routers.openfda.router
2026-06-21 22:39:06,375 - main - INFO - Included router: routers.predict.router
2026-06-21 22:39:06,394 - main - INFO - Included router: routers.prediction_histories.router
2026-06-21 22:39:06,409 - main - INFO - Included router: routers.settings.router
2026-06-21 22:39:06,429 - main - INFO - Included router: routers.storage.router
2026-06-21 22:39:06,429 - main - INFO - Included router: routers.user.router
2026-06-21 22:39:06,900 - watchfiles.main - DEBUG - 1 change detected: {(<Change.modified: 2>, 'C:\\Users\\Asus vivobook\\CNPM\\App\\backend\\logs\\app_20260621_223905.log')}
2026-06-21 22:39:07,363 - watchfiles.main - DEBUG - 3 changes detected: {(<Change.modified: 2>, 'C:\\Users\\Asus vivobook\\CNPM\\App\\backend\\logs'), (<Change.modified: 2>, 'C:\\Users\\Asus vivobook\\CNPM\\App\\backend\\logs\\app_20260621_223905.log'), (<Change.added: 1>, 'C:\\Users\\Asus vivobook\\CNPM\\App\\backend\\logs\\app_20260621_223907.log')}
2026-06-21 22:39:07,764 - watchfiles.main - DEBUG - 2 changes detected: {(<Change.modified: 2>, 'C:\\Users\\Asus vivobook\\CNPM\\App\\backend\\logs\\app_20260621_223907.log'), (<Change.modified: 2>, 'C:\\Users\\Asus vivobook\\CNPM\\App\\backend\\logs\\app_20260621_223905.log')}
2026-06-21 22:39:08,172 - watchfiles.main - DEBUG - 2 changes detected: {(<Change.modified: 2>, 'C:\\Users\\Asus vivobook\\CNPM\\App\\backend\\logs\\app_20260621_223907.log'), (<Change.modified: 2>, 'C:\\Users\\Asus vivobook\\CNPM\\App\\backend\\logs\\app_20260621_223905.log')}
2026-06-21 22:39:08,582 - watchfiles.main - DEBUG - 1 change detected: {(<Change.modified: 2>, 'C:\\Users\\Asus vivobook\\CNPM\\App\\backend\\logs\\app_20260621_223905.log')}
2026-06-21 22:39:08,989 - watchfiles.main - DEBUG - 1 change detected: {(<Change.modified: 2>, 'C:\\Users\\Asus vivobook\\CNPM\\App\\backend\\logs\\app_20260621_223905.log')}
2026-06-21 22:39:09,400 - watchfiles.main - DEBUG - 1 change detected: {(<Change.modified: 2>, 'C:\\Users\\Asus vivobook\\CNPM\\App\\backend\\logs\\app_20260621_223905.log')}
2026-06-21 22:39:09,806 - watchfiles.main - DEBUG - 1 change detected: {(<Change.modified: 2>, 'C:\\Users\\Asus vivobook\\CNPM\\App\\backend\\logs\\app_20260621_223905.log')}
2026-06-21 22:39:10,217 - watchfiles.main - DEBUG - 1 change detected: {(<Change.modified: 2>, 'C:\\Users\\Asus vivobook\\CNPM\\App\\backend\\logs\\app_20260621_223905.log')}
2026-06-21 22:39:10,632 - watchfiles.main - DEBUG - 1 change detected: {(<Change.modified: 2>, 'C:\\Users\\Asus vivobook\\CNPM\\App\\backend\\logs\\app_20260621_223905.log')}
2026-06-21 22:39:10,998 - watchfiles.main - DEBUG - 1 change detected: {(<Change.modified: 2>, 'C:\\Users\\Asus vivobook\\CNPM\\App\\backend\\logs\\app_20260621_223905.log')}
2026-06-21 22:39:11,405 - watchfiles.main - DEBUG - 1 change detected: {(<Change.modified: 2>, 'C:\\Users\\Asus vivobook\\CNPM\\App\\backend\\logs\\app_20260621_223905.log')}
2026-06-21 22:39:11,815 - watchfiles.main - DEBUG - 1 change detected: {(<Change.modified: 2>, 'C:\\Users\\Asus vivobook\\CNPM\\App\\backend\\logs\\app_20260621_223905.log')}
2026-06-21 22:39:12,217 - watchfiles.main - DEBUG - 1 change detected: {(<Change.modified: 2>, 'C:\\Users\\Asus vivobook\\CNPM\\App\\backend\\logs\\app_20260621_223905.log')}
2026-06-21 22:39:12,634 - watchfiles.main - DEBUG - 1 change detected: {(<Change.modified: 2>, 'C:\\Users\\Asus vivobook\\CNPM\\App\\backend\\logs\\app_20260621_223905.log')}
2026-06-21 22:39:13,037 - watchfiles.main - DEBUG - 1 change detected: {(<Change.modified: 2>, 'C:\\Users\\Asus vivobook\\CNPM\\App\\backend\\logs\\app_20260621_223905.log')}
2026-06-21 22:39:13,452 - watchfiles.main - DEBUG - 1 change detected: {(<Change.modified: 2>, 'C:\\Users\\Asus vivobook\\CNPM\\App\\backend\\logs\\app_20260621_223905.log')}
2026-06-21 22:39:13,867 - watchfiles.main - DEBUG - 1 change detected: {(<Change.modified: 2>, 'C:\\Users\\Asus vivobook\\CNPM\\App\\backend\\logs\\app_20260621_223905.log')}
2026-06-21 22:39:14,272 - watchfiles.main - DEBUG - 1 change detected: {(<Change.modified: 2>, 'C:\\Users\\Asus vivobook\\CNPM\\App\\backend\\logs\\app_20260621_223905.log')}
2026-06-21 22:39:14,632 - watchfiles.main - DEBUG - 1 change detected: {(<Change.modified: 2>, 'C:\\Users\\Asus vivobook\\CNPM\\App\\backend\\logs\\app_20260621_223905.log')}
2026-06-21 22:39:15,047 - watchfiles.main - DEBUG - 1 change detected: {(<Change.modified: 2>, 'C:\\Users\\Asus vivobook\\CNPM\\App\\backend\\logs\\app_20260621_223905.log')}
2026-06-21 22:39:15,500 - watchfiles.main - DEBUG - 1 change detected: {(<Change.modified: 2>, 'C:\\Users\\Asus vivobook\\CNPM\\App\\backend\\logs\\app_20260621_223905.log')}
2026-06-21 22:39:15,852 - watchfiles.main - DEBUG - 1 change detected: {(<Change.modified: 2>, 'C:\\Users\\Asus vivobook\\CNPM\\App\\backend\\logs\\app_20260621_223905.log')}
2026-06-21 22:39:16,267 - watchfiles.main - DEBUG - 1 change detected: {(<Change.modified: 2>, 'C:\\Users\\Asus vivobook\\CNPM\\App\\backend\\logs\\app_20260621_223905.log')}
2026-06-21 22:39:16,672 - watchfiles.main - DEBUG - 1 change detected: {(<Change.modified: 2>, 'C:\\Users\\Asus vivobook\\CNPM\\App\\backend\\logs\\app_20260621_223905.log')}
2026-06-21 22:39:17,084 - watchfiles.main - DEBUG - 1 change detected: {(<Change.modified: 2>, 'C:\\Users\\Asus vivobook\\CNPM\\App\\backend\\logs\\app_20260621_223905.log')}
2026-06-21 22:39:17,449 - watchfiles.main - DEBUG - 1 change detected: {(<Change.modified: 2>, 'C:\\Users\\Asus vivobook\\CNPM\\App\\backend\\logs\\app_20260621_223905.log')}
2026-06-21 22:39:17,866 - watchfiles.main - DEBUG - 1 change detected: {(<Change.modified: 2>, 'C:\\Users\\Asus vivobook\\CNPM\\App\\backend\\logs\\app_20260621_223905.log')}
2026-06-21 22:39:18,274 - watchfiles.main - DEBUG - 1 change detected: {(<Change.modified: 2>, 'C:\\Users\\Asus vivobook\\CNPM\\App\\backend\\logs\\app_20260621_223905.log')}
2026-06-21 22:39:18,684 - watchfiles.main - DEBUG - 1 change detected: {(<Change.modified: 2>, 'C:\\Users\\Asus vivobook\\CNPM\\App\\backend\\logs\\app_20260621_223905.log')}
2026-06-21 22:39:19,141 - watchfiles.main - DEBUG - 1 change detected: {(<Change.modified: 2>, 'C:\\Users\\Asus vivobook\\CNPM\\App\\backend\\logs\\app_20260621_223905.log')}
2026-06-21 22:39:19,507 - watchfiles.main - DEBUG - 1 change detected: {(<Change.modified: 2>, 'C:\\Users\\Asus vivobook\\CNPM\\App\\backend\\logs\\app_20260621_223905.log')}
2026-06-21 22:39:19,919 - watchfiles.main - DEBUG - 1 change detected: {(<Change.modified: 2>, 'C:\\Users\\Asus vivobook\\CNPM\\App\\backend\\logs\\app_20260621_223905.log')}
2026-06-21 22:39:20,326 - watchfiles.main - DEBUG - 1 change detected: {(<Change.modified: 2>, 'C:\\Users\\Asus vivobook\\CNPM\\App\\backend\\logs\\app_20260621_223905.log')}
2026-06-21 22:39:20,690 - watchfiles.main - DEBUG - 4 changes detected: {(<Change.modified: 2>, 'C:\\Users\\Asus vivobook\\CNPM\\App\\backend\\logs\\app_20260621_223905.log'), (<Change.deleted: 3>, 'C:\\Users\\Asus vivobook\\CNPM\\App\\backend\\medipredict.db-journal'), (<Change.added: 1>, 'C:\\Users\\Asus vivobook\\CNPM\\App\\backend\\medipredict.db'), (<Change.added: 1>, 'C:\\Users\\Asus vivobook\\CNPM\\App\\backend\\medipredict.db-journal')}
2026-06-21 22:39:21,209 - watchfiles.main - DEBUG - 4 changes detected: {(<Change.modified: 2>, 'C:\\Users\\Asus vivobook\\CNPM\\App\\backend\\medipredict.db'), (<Change.modified: 2>, 'C:\\Users\\Asus vivobook\\CNPM\\App\\backend\\logs\\app_20260621_223905.log'), (<Change.deleted: 3>, 'C:\\Users\\Asus vivobook\\CNPM\\App\\backend\\medipredict.db-journal'), (<Change.added: 1>, 'C:\\Users\\Asus vivobook\\CNPM\\App\\backend\\medipredict.db-journal')}
2026-06-21 22:39:21,628 - watchfiles.main - DEBUG - 1 change detected: {(<Change.modified: 2>, 'C:\\Users\\Asus vivobook\\CNPM\\App\\backend\\logs\\app_20260621_223905.log')}
2026-06-21 22:39:22,034 - watchfiles.main - DEBUG - 1 change detected: {(<Change.modified: 2>, 'C:\\Users\\Asus vivobook\\CNPM\\App\\backend\\logs\\app_20260621_223905.log')}
2026-06-21 22:39:22,489 - watchfiles.main - DEBUG - 1 change detected: {(<Change.modified: 2>, 'C:\\Users\\Asus vivobook\\CNPM\\App\\backend\\logs\\app_20260621_223905.log')}
2026-06-21 22:39:22,857 - watchfiles.main - DEBUG - 1 change detected: {(<Change.modified: 2>, 'C:\\Users\\Asus vivobook\\CNPM\\App\\backend\\logs\\app_20260621_223905.log')}
2026-06-21 22:39:23,270 - watchfiles.main - DEBUG - 1 change detected: {(<Change.modified: 2>, 'C:\\Users\\Asus vivobook\\CNPM\\App\\backend\\logs\\app_20260621_223905.log')}
2026-06-21 22:39:23,677 - watchfiles.main - DEBUG - 1 change detected: {(<Change.modified: 2>, 'C:\\Users\\Asus vivobook\\CNPM\\App\\backend\\logs\\app_20260621_223905.log')}
2026-06-21 22:39:24,095 - watchfiles.main - DEBUG - 1 change detected: {(<Change.modified: 2>, 'C:\\Users\\Asus vivobook\\CNPM\\App\\backend\\logs\\app_20260621_223905.log')}
2026-06-21 22:39:24,501 - watchfiles.main - DEBUG - 1 change detected: {(<Change.modified: 2>, 'C:\\Users\\Asus vivobook\\CNPM\\App\\backend\\logs\\app_20260621_223905.log')}
2026-06-21 22:39:24,907 - watchfiles.main - DEBUG - 1 change detected: {(<Change.modified: 2>, 'C:\\Users\\Asus vivobook\\CNPM\\App\\backend\\logs\\app_20260621_223905.log')}
2026-06-21 22:39:25,309 - watchfiles.main - DEBUG - 1 change detected: {(<Change.modified: 2>, 'C:\\Users\\Asus vivobook\\CNPM\\App\\backend\\logs\\app_20260621_223905.log')}
2026-06-21 22:39:25,723 - watchfiles.main - DEBUG - 1 change detected: {(<Change.modified: 2>, 'C:\\Users\\Asus vivobook\\CNPM\\App\\backend\\logs\\app_20260621_223905.log')}
2026-06-21 22:39:26,090 - watchfiles.main - DEBUG - 1 change detected: {(<Change.modified: 2>, 'C:\\Users\\Asus vivobook\\CNPM\\App\\backend\\logs\\app_20260621_223905.log')}
2026-06-21 22:39:26,509 - watchfiles.main - DEBUG - 1 change detected: {(<Change.modified: 2>, 'C:\\Users\\Asus vivobook\\CNPM\\App\\backend\\logs\\app_20260621_223905.log')}
2026-06-21 22:39:26,921 - watchfiles.main - DEBUG - 1 change detected: {(<Change.modified: 2>, 'C:\\Users\\Asus vivobook\\CNPM\\App\\backend\\logs\\app_20260621_223905.log')}
2026-06-21 22:39:27,333 - watchfiles.main - DEBUG - 1 change detected: {(<Change.modified: 2>, 'C:\\Users\\Asus vivobook\\CNPM\\App\\backend\\logs\\app_20260621_223905.log')}
2026-06-21 22:39:27,749 - watchfiles.main - DEBUG - 1 change detected: {(<Change.modified: 2>, 'C:\\Users\\Asus vivobook\\CNPM\\App\\backend\\logs\\app_20260621_223905.log')}
2026-06-21 22:39:28,152 - watchfiles.main - DEBUG - 1 change detected: {(<Change.modified: 2>, 'C:\\Users\\Asus vivobook\\CNPM\\App\\backend\\logs\\app_20260621_223905.log')}
2026-06-21 22:39:28,558 - watchfiles.main - DEBUG - 1 change detected: {(<Change.modified: 2>, 'C:\\Users\\Asus vivobook\\CNPM\\App\\backend\\logs\\app_20260621_223905.log')}
2026-06-21 22:39:28,961 - watchfiles.main - DEBUG - 1 change detected: {(<Change.modified: 2>, 'C:\\Users\\Asus vivobook\\CNPM\\App\\backend\\logs\\app_20260621_223905.log')}
2026-06-21 22:39:29,373 - watchfiles.main - DEBUG - 1 change detected: {(<Change.modified: 2>, 'C:\\Users\\Asus vivobook\\CNPM\\App\\backend\\logs\\app_20260621_223905.log')}
2026-06-21 22:39:29,789 - watchfiles.main - DEBUG - 1 change detected: {(<Change.modified: 2>, 'C:\\Users\\Asus vivobook\\CNPM\\App\\backend\\logs\\app_20260621_223905.log')}
2026-06-21 22:39:30,191 - watchfiles.main - DEBUG - 1 change detected: {(<Change.modified: 2>, 'C:\\Users\\Asus vivobook\\CNPM\\App\\backend\\logs\\app_20260621_223905.log')}
2026-06-21 22:39:30,604 - watchfiles.main - DEBUG - 1 change detected: {(<Change.modified: 2>, 'C:\\Users\\Asus vivobook\\CNPM\\App\\backend\\logs\\app_20260621_223905.log')}
2026-06-21 22:39:31,009 - watchfiles.main - DEBUG - 1 change detected: {(<Change.modified: 2>, 'C:\\Users\\Asus vivobook\\CNPM\\App\\backend\\logs\\app_20260621_223905.log')}
2026-06-21 22:39:31,366 - watchfiles.main - DEBUG - 1 change detected: {(<Change.modified: 2>, 'C:\\Users\\Asus vivobook\\CNPM\\App\\backend\\logs\\app_20260621_223905.log')}
2026-06-21 22:39:31,776 - watchfiles.main - DEBUG - 1 change detected: {(<Change.modified: 2>, 'C:\\Users\\Asus vivobook\\CNPM\\App\\backend\\logs\\app_20260621_223905.log')}
2026-06-21 22:39:32,199 - watchfiles.main - DEBUG - 1 change detected: {(<Change.modified: 2>, 'C:\\Users\\Asus vivobook\\CNPM\\App\\backend\\logs\\app_20260621_223905.log')}
2026-06-21 22:39:32,565 - watchfiles.main - DEBUG - 1 change detected: {(<Change.modified: 2>, 'C:\\Users\\Asus vivobook\\CNPM\\App\\backend\\logs\\app_20260621_223905.log')}
2026-06-21 22:39:33,021 - watchfiles.main - DEBUG - 1 change detected: {(<Change.modified: 2>, 'C:\\Users\\Asus vivobook\\CNPM\\App\\backend\\logs\\app_20260621_223905.log')}
2026-06-21 22:39:33,378 - watchfiles.main - DEBUG - 1 change detected: {(<Change.modified: 2>, 'C:\\Users\\Asus vivobook\\CNPM\\App\\backend\\logs\\app_20260621_223905.log')}
2026-06-21 22:39:33,798 - watchfiles.main - DEBUG - 1 change detected: {(<Change.modified: 2>, 'C:\\Users\\Asus vivobook\\CNPM\\App\\backend\\logs\\app_20260621_223905.log')}
2026-06-21 22:39:34,206 - watchfiles.main - DEBUG - 1 change detected: {(<Change.modified: 2>, 'C:\\Users\\Asus vivobook\\CNPM\\App\\backend\\logs\\app_20260621_223905.log')}
2026-06-21 22:39:34,608 - watchfiles.main - DEBUG - 1 change detected: {(<Change.modified: 2>, 'C:\\Users\\Asus vivobook\\CNPM\\App\\backend\\logs\\app_20260621_223905.log')}
2026-06-21 22:39:35,012 - watchfiles.main - DEBUG - 1 change detected: {(<Change.modified: 2>, 'C:\\Users\\Asus vivobook\\CNPM\\App\\backend\\logs\\app_20260621_223905.log')}
2026-06-21 22:39:35,416 - watchfiles.main - DEBUG - 1 change detected: {(<Change.modified: 2>, 'C:\\Users\\Asus vivobook\\CNPM\\App\\backend\\logs\\app_20260621_223905.log')}
2026-06-21 22:39:35,824 - watchfiles.main - DEBUG - 1 change detected: {(<Change.modified: 2>, 'C:\\Users\\Asus vivobook\\CNPM\\App\\backend\\logs\\app_20260621_223905.log')}
2026-06-21 22:39:36,229 - watchfiles.main - DEBUG - 1 change detected: {(<Change.modified: 2>, 'C:\\Users\\Asus vivobook\\CNPM\\App\\backend\\logs\\app_20260621_223905.log')}
2026-06-21 22:39:36,632 - watchfiles.main - DEBUG - 1 change detected: {(<Change.modified: 2>, 'C:\\Users\\Asus vivobook\\CNPM\\App\\backend\\logs\\app_20260621_223905.log')}
2026-06-21 22:39:37,046 - watchfiles.main - DEBUG - 1 change detected: {(<Change.modified: 2>, 'C:\\Users\\Asus vivobook\\CNPM\\App\\backend\\logs\\app_20260621_223905.log')}
2026-06-21 22:39:37,406 - watchfiles.main - DEBUG - 1 change detected: {(<Change.modified: 2>, 'C:\\Users\\Asus vivobook\\CNPM\\App\\backend\\logs\\app_20260621_223905.log')}
2026-06-21 22:39:37,809 - watchfiles.main - DEBUG - 1 change detected: {(<Change.modified: 2>, 'C:\\Users\\Asus vivobook\\CNPM\\App\\backend\\logs\\app_20260621_223905.log')}
2026-06-21 22:39:38,434 - watchfiles.main - DEBUG - 1 change detected: {(<Change.modified: 2>, 'C:\\Users\\Asus vivobook\\CNPM\\App\\backend\\logs\\app_20260621_223905.log')}
2026-06-21 22:39:38,792 - watchfiles.main - DEBUG - 1 change detected: {(<Change.modified: 2>, 'C:\\Users\\Asus vivobook\\CNPM\\App\\backend\\logs\\app_20260621_223905.log')}
2026-06-21 22:39:39,205 - watchfiles.main - DEBUG - 1 change detected: {(<Change.modified: 2>, 'C:\\Users\\Asus vivobook\\CNPM\\App\\backend\\logs\\app_20260621_223905.log')}
2026-06-21 22:39:39,611 - watchfiles.main - DEBUG - 1 change detected: {(<Change.modified: 2>, 'C:\\Users\\Asus vivobook\\CNPM\\App\\backend\\logs\\app_20260621_223905.log')}
2026-06-21 22:39:40,016 - watchfiles.main - DEBUG - 1 change detected: {(<Change.modified: 2>, 'C:\\Users\\Asus vivobook\\CNPM\\App\\backend\\logs\\app_20260621_223905.log')}
2026-06-21 22:39:40,424 - watchfiles.main - DEBUG - 1 change detected: {(<Change.modified: 2>, 'C:\\Users\\Asus vivobook\\CNPM\\App\\backend\\logs\\app_20260621_223905.log')}
2026-06-21 22:39:40,843 - watchfiles.main - DEBUG - 1 change detected: {(<Change.modified: 2>, 'C:\\Users\\Asus vivobook\\CNPM\\App\\backend\\logs\\app_20260621_223905.log')}
2026-06-21 22:39:41,244 - watchfiles.main - DEBUG - 1 change detected: {(<Change.modified: 2>, 'C:\\Users\\Asus vivobook\\CNPM\\App\\backend\\logs\\app_20260621_223905.log')}
2026-06-21 22:39:41,658 - watchfiles.main - DEBUG - 1 change detected: {(<Change.modified: 2>, 'C:\\Users\\Asus vivobook\\CNPM\\App\\backend\\logs\\app_20260621_223905.log')}
2026-06-21 22:39:42,066 - watchfiles.main - DEBUG - 1 change detected: {(<Change.modified: 2>, 'C:\\Users\\Asus vivobook\\CNPM\\App\\backend\\logs\\app_20260621_223905.log')}
2026-06-21 22:39:42,475 - watchfiles.main - DEBUG - 1 change detected: {(<Change.modified: 2>, 'C:\\Users\\Asus vivobook\\CNPM\\App\\backend\\logs\\app_20260621_223905.log')}
2026-06-21 22:39:42,891 - watchfiles.main - DEBUG - 1 change detected: {(<Change.modified: 2>, 'C:\\Users\\Asus vivobook\\CNPM\\App\\backend\\logs\\app_20260621_223905.log')}
2026-06-21 22:39:43,256 - watchfiles.main - DEBUG - 1 change detected: {(<Change.modified: 2>, 'C:\\Users\\Asus vivobook\\CNPM\\App\\backend\\logs\\app_20260621_223905.log')}
2026-06-21 22:39:43,660 - watchfiles.main - DEBUG - 1 change detected: {(<Change.modified: 2>, 'C:\\Users\\Asus vivobook\\CNPM\\App\\backend\\logs\\app_20260621_223905.log')}
2026-06-21 22:39:44,064 - watchfiles.main - DEBUG - 1 change detected: {(<Change.modified: 2>, 'C:\\Users\\Asus vivobook\\CNPM\\App\\backend\\logs\\app_20260621_223905.log')}
2026-06-21 22:39:44,475 - watchfiles.main - DEBUG - 1 change detected: {(<Change.modified: 2>, 'C:\\Users\\Asus vivobook\\CNPM\\App\\backend\\logs\\app_20260621_223905.log')}
2026-06-21 22:39:44,840 - watchfiles.main - DEBUG - 1 change detected: {(<Change.modified: 2>, 'C:\\Users\\Asus vivobook\\CNPM\\App\\backend\\logs\\app_20260621_223905.log')}
2026-06-21 22:39:45,244 - watchfiles.main - DEBUG - 1 change detected: {(<Change.modified: 2>, 'C:\\Users\\Asus vivobook\\CNPM\\App\\backend\\logs\\app_20260621_223905.log')}
2026-06-21 22:39:45,660 - watchfiles.main - DEBUG - 1 change detected: {(<Change.modified: 2>, 'C:\\Users\\Asus vivobook\\CNPM\\App\\backend\\logs\\app_20260621_223905.log')}
2026-06-21 22:39:46,176 - watchfiles.main - DEBUG - 1 change detected: {(<Change.modified: 2>, 'C:\\Users\\Asus vivobook\\CNPM\\App\\backend\\logs\\app_20260621_223905.log')}
2026-06-21 22:39:46,640 - watchfiles.main - DEBUG - 1 change detected: {(<Change.modified: 2>, 'C:\\Users\\Asus vivobook\\CNPM\\App\\backend\\logs\\app_20260621_223905.log')}
2026-06-21 22:39:46,991 - watchfiles.main - DEBUG - 1 change detected: {(<Change.modified: 2>, 'C:\\Users\\Asus vivobook\\CNPM\\App\\backend\\logs\\app_20260621_223905.log')}
2026-06-21 22:39:47,408 - watchfiles.main - DEBUG - 1 change detected: {(<Change.modified: 2>, 'C:\\Users\\Asus vivobook\\CNPM\\App\\backend\\logs\\app_20260621_223905.log')}
2026-06-21 22:39:47,810 - watchfiles.main - DEBUG - 1 change detected: {(<Change.modified: 2>, 'C:\\Users\\Asus vivobook\\CNPM\\App\\backend\\logs\\app_20260621_223905.log')}
2026-06-21 22:39:48,223 - watchfiles.main - DEBUG - 1 change detected: {(<Change.modified: 2>, 'C:\\Users\\Asus vivobook\\CNPM\\App\\backend\\logs\\app_20260621_223905.log')}
2026-06-21 22:39:48,625 - watchfiles.main - DEBUG - 1 change detected: {(<Change.modified: 2>, 'C:\\Users\\Asus vivobook\\CNPM\\App\\backend\\logs\\app_20260621_223905.log')}
2026-06-21 22:39:49,043 - watchfiles.main - DEBUG - 1 change detected: {(<Change.modified: 2>, 'C:\\Users\\Asus vivobook\\CNPM\\App\\backend\\logs\\app_20260621_223905.log')}
2026-06-21 22:39:49,405 - watchfiles.main - DEBUG - 1 change detected: {(<Change.modified: 2>, 'C:\\Users\\Asus vivobook\\CNPM\\App\\backend\\logs\\app_20260621_223905.log')}
2026-06-21 22:39:49,808 - watchfiles.main - DEBUG - 1 change detected: {(<Change.modified: 2>, 'C:\\Users\\Asus vivobook\\CNPM\\App\\backend\\logs\\app_20260621_223905.log')}
2026-06-21 22:39:50,377 - watchfiles.main - DEBUG - 1 change detected: {(<Change.modified: 2>, 'C:\\Users\\Asus vivobook\\CNPM\\App\\backend\\logs\\app_20260621_223905.log')}
2026-06-21 22:39:50,739 - watchfiles.main - DEBUG - 1 change detected: {(<Change.modified: 2>, 'C:\\Users\\Asus vivobook\\CNPM\\App\\backend\\logs\\app_20260621_223905.log')}
2026-06-21 22:39:51,143 - watchfiles.main - DEBUG - 1 change detected: {(<Change.modified: 2>, 'C:\\Users\\Asus vivobook\\CNPM\\App\\backend\\logs\\app_20260621_223905.log')}
2026-06-21 22:39:51,546 - watchfiles.main - DEBUG - 1 change detected: {(<Change.modified: 2>, 'C:\\Users\\Asus vivobook\\CNPM\\App\\backend\\logs\\app_20260621_223905.log')}
2026-06-21 22:39:51,960 - watchfiles.main - DEBUG - 1 change detected: {(<Change.modified: 2>, 'C:\\Users\\Asus vivobook\\CNPM\\App\\backend\\logs\\app_20260621_223905.log')}
2026-06-21 22:39:52,377 - watchfiles.main - DEBUG - 1 change detected: {(<Change.modified: 2>, 'C:\\Users\\Asus vivobook\\CNPM\\App\\backend\\logs\\app_20260621_223905.log')}
2026-06-21 22:39:52,742 - watchfiles.main - DEBUG - 1 change detected: {(<Change.modified: 2>, 'C:\\Users\\Asus vivobook\\CNPM\\App\\backend\\logs\\app_20260621_223905.log')}
2026-06-21 22:39:53,152 - watchfiles.main - DEBUG - 1 change detected: {(<Change.modified: 2>, 'C:\\Users\\Asus vivobook\\CNPM\\App\\backend\\logs\\app_20260621_223905.log')}
2026-06-21 22:39:53,563 - watchfiles.main - DEBUG - 1 change detected: {(<Change.modified: 2>, 'C:\\Users\\Asus vivobook\\CNPM\\App\\backend\\logs\\app_20260621_223905.log')}
2026-06-21 22:39:53,970 - watchfiles.main - DEBUG - 1 change detected: {(<Change.modified: 2>, 'C:\\Users\\Asus vivobook\\CNPM\\App\\backend\\logs\\app_20260621_223905.log')}
2026-06-21 22:39:54,376 - watchfiles.main - DEBUG - 1 change detected: {(<Change.modified: 2>, 'C:\\Users\\Asus vivobook\\CNPM\\App\\backend\\logs\\app_20260621_223905.log')}
2026-06-21 22:39:54,793 - watchfiles.main - DEBUG - 1 change detected: {(<Change.modified: 2>, 'C:\\Users\\Asus vivobook\\CNPM\\App\\backend\\logs\\app_20260621_223905.log')}
2026-06-21 22:39:55,198 - watchfiles.main - DEBUG - 1 change detected: {(<Change.modified: 2>, 'C:\\Users\\Asus vivobook\\CNPM\\App\\backend\\logs\\app_20260621_223905.log')}
2026-06-21 22:39:55,658 - watchfiles.main - DEBUG - 1 change detected: {(<Change.modified: 2>, 'C:\\Users\\Asus vivobook\\CNPM\\App\\backend\\logs\\app_20260621_223905.log')}
2026-06-21 22:39:56,065 - watchfiles.main - DEBUG - 1 change detected: {(<Change.modified: 2>, 'C:\\Users\\Asus vivobook\\CNPM\\App\\backend\\logs\\app_20260621_223905.log')}
2026-06-21 22:39:56,476 - watchfiles.main - DEBUG - 1 change detected: {(<Change.modified: 2>, 'C:\\Users\\Asus vivobook\\CNPM\\App\\backend\\logs\\app_20260621_223905.log')}
2026-06-21 22:39:56,906 - watchfiles.main - DEBUG - 1 change detected: {(<Change.modified: 2>, 'C:\\Users\\Asus vivobook\\CNPM\\App\\backend\\logs\\app_20260621_223905.log')}
2026-06-21 22:39:57,319 - watchfiles.main - DEBUG - 1 change detected: {(<Change.modified: 2>, 'C:\\Users\\Asus vivobook\\CNPM\\App\\backend\\logs\\app_20260621_223905.log')}
2026-06-21 22:39:57,726 - watchfiles.main - DEBUG - 1 change detected: {(<Change.modified: 2>, 'C:\\Users\\Asus vivobook\\CNPM\\App\\backend\\logs\\app_20260621_223905.log')}
2026-06-21 22:39:58,143 - watchfiles.main - DEBUG - 1 change detected: {(<Change.modified: 2>, 'C:\\Users\\Asus vivobook\\CNPM\\App\\backend\\logs\\app_20260621_223905.log')}
2026-06-21 22:39:58,550 - watchfiles.main - DEBUG - 1 change detected: {(<Change.modified: 2>, 'C:\\Users\\Asus vivobook\\CNPM\\App\\backend\\logs\\app_20260621_223905.log')}
2026-06-21 22:39:58,927 - watchfiles.main - DEBUG - 1 change detected: {(<Change.modified: 2>, 'C:\\Users\\Asus vivobook\\CNPM\\App\\backend\\logs\\app_20260621_223905.log')}
2026-06-21 22:39:59,339 - watchfiles.main - DEBUG - 1 change detected: {(<Change.modified: 2>, 'C:\\Users\\Asus vivobook\\CNPM\\App\\backend\\logs\\app_20260621_223905.log')}
2026-06-21 22:40:25,567 - watchfiles.main - DEBUG - 1 change detected: {(<Change.modified: 2>, 'C:\\Users\\Asus vivobook\\CNPM\\App\\backend\\logs\\app_20260621_223905.log')}
2026-06-21 22:40:27,794 - watchfiles.main - DEBUG - 1 change detected: {(<Change.modified: 2>, 'C:\\Users\\Asus vivobook\\CNPM\\App\\backend\\logs\\app_20260621_223905.log')}
2026-06-21 22:40:28,145 - watchfiles.main - DEBUG - 1 change detected: {(<Change.modified: 2>, 'C:\\Users\\Asus vivobook\\CNPM\\App\\backend\\logs\\app_20260621_223905.log')}
2026-06-21 22:40:28,557 - watchfiles.main - DEBUG - 1 change detected: {(<Change.modified: 2>, 'C:\\Users\\Asus vivobook\\CNPM\\App\\backend\\logs\\app_20260621_223905.log')}
2026-06-21 22:40:28,961 - watchfiles.main - DEBUG - 1 change detected: {(<Change.modified: 2>, 'C:\\Users\\Asus vivobook\\CNPM\\App\\backend\\logs\\app_20260621_223905.log')}
2026-06-21 22:40:29,369 - watchfiles.main - DEBUG - 1 change detected: {(<Change.modified: 2>, 'C:\\Users\\Asus vivobook\\CNPM\\App\\backend\\logs\\app_20260621_223905.log')}
2026-06-21 22:40:29,774 - watchfiles.main - DEBUG - 1 change detected: {(<Change.modified: 2>, 'C:\\Users\\Asus vivobook\\CNPM\\App\\backend\\logs\\app_20260621_223905.log')}
2026-06-21 22:40:30,191 - watchfiles.main - DEBUG - 1 change detected: {(<Change.modified: 2>, 'C:\\Users\\Asus vivobook\\CNPM\\App\\backend\\logs\\app_20260621_223905.log')}
2026-06-21 22:40:30,594 - watchfiles.main - DEBUG - 1 change detected: {(<Change.modified: 2>, 'C:\\Users\\Asus vivobook\\CNPM\\App\\backend\\logs\\app_20260621_223905.log')}
2026-06-21 22:40:31,009 - watchfiles.main - DEBUG - 1 change detected: {(<Change.modified: 2>, 'C:\\Users\\Asus vivobook\\CNPM\\App\\backend\\logs\\app_20260621_223905.log')}
2026-06-21 22:40:31,426 - watchfiles.main - DEBUG - 1 change detected: {(<Change.modified: 2>, 'C:\\Users\\Asus vivobook\\CNPM\\App\\backend\\logs\\app_20260621_223905.log')}
2026-06-21 22:40:31,836 - watchfiles.main - DEBUG - 1 change detected: {(<Change.modified: 2>, 'C:\\Users\\Asus vivobook\\CNPM\\App\\backend\\logs\\app_20260621_223905.log')}
2026-06-21 22:40:32,201 - watchfiles.main - DEBUG - 1 change detected: {(<Change.modified: 2>, 'C:\\Users\\Asus vivobook\\CNPM\\App\\backend\\logs\\app_20260621_223905.log')}
2026-06-21 22:40:32,611 - watchfiles.main - DEBUG - 1 change detected: {(<Change.modified: 2>, 'C:\\Users\\Asus vivobook\\CNPM\\App\\backend\\logs\\app_20260621_223905.log')}
2026-06-21 22:40:33,027 - watchfiles.main - DEBUG - 1 change detected: {(<Change.modified: 2>, 'C:\\Users\\Asus vivobook\\CNPM\\App\\backend\\logs\\app_20260621_223905.log')}
2026-06-21 22:40:33,443 - watchfiles.main - DEBUG - 1 change detected: {(<Change.modified: 2>, 'C:\\Users\\Asus vivobook\\CNPM\\App\\backend\\logs\\app_20260621_223905.log')}
2026-06-21 22:40:33,850 - watchfiles.main - DEBUG - 1 change detected: {(<Change.modified: 2>, 'C:\\Users\\Asus vivobook\\CNPM\\App\\backend\\logs\\app_20260621_223905.log')}
2026-06-21 22:40:34,211 - watchfiles.main - DEBUG - 1 change detected: {(<Change.modified: 2>, 'C:\\Users\\Asus vivobook\\CNPM\\App\\backend\\logs\\app_20260621_223905.log')}
2026-06-21 22:40:34,679 - watchfiles.main - DEBUG - 1 change detected: {(<Change.modified: 2>, 'C:\\Users\\Asus vivobook\\CNPM\\App\\backend\\logs\\app_20260621_223905.log')}
2026-06-21 22:40:35,043 - watchfiles.main - DEBUG - 1 change detected: {(<Change.modified: 2>, 'C:\\Users\\Asus vivobook\\CNPM\\App\\backend\\logs\\app_20260621_223905.log')}
2026-06-21 22:40:35,459 - watchfiles.main - DEBUG - 1 change detected: {(<Change.modified: 2>, 'C:\\Users\\Asus vivobook\\CNPM\\App\\backend\\logs\\app_20260621_223905.log')}
2026-06-21 22:40:35,825 - watchfiles.main - DEBUG - 1 change detected: {(<Change.modified: 2>, 'C:\\Users\\Asus vivobook\\CNPM\\App\\backend\\logs\\app_20260621_223905.log')}
2026-06-21 22:40:36,234 - watchfiles.main - DEBUG - 1 change detected: {(<Change.modified: 2>, 'C:\\Users\\Asus vivobook\\CNPM\\App\\backend\\logs\\app_20260621_223905.log')}
2026-06-21 22:40:36,642 - watchfiles.main - DEBUG - 1 change detected: {(<Change.modified: 2>, 'C:\\Users\\Asus vivobook\\CNPM\\App\\backend\\logs\\app_20260621_223905.log')}
2026-06-21 22:40:37,061 - watchfiles.main - DEBUG - 1 change detected: {(<Change.modified: 2>, 'C:\\Users\\Asus vivobook\\CNPM\\App\\backend\\logs\\app_20260621_223905.log')}
2026-06-21 22:40:37,424 - watchfiles.main - DEBUG - 1 change detected: {(<Change.modified: 2>, 'C:\\Users\\Asus vivobook\\CNPM\\App\\backend\\logs\\app_20260621_223905.log')}
2026-06-21 22:40:37,828 - watchfiles.main - DEBUG - 1 change detected: {(<Change.modified: 2>, 'C:\\Users\\Asus vivobook\\CNPM\\App\\backend\\logs\\app_20260621_223905.log')}
2026-06-21 22:40:38,232 - watchfiles.main - DEBUG - 1 change detected: {(<Change.modified: 2>, 'C:\\Users\\Asus vivobook\\CNPM\\App\\backend\\logs\\app_20260621_223905.log')}
2026-06-21 22:40:38,645 - watchfiles.main - DEBUG - 1 change detected: {(<Change.modified: 2>, 'C:\\Users\\Asus vivobook\\CNPM\\App\\backend\\logs\\app_20260621_223905.log')}
2026-06-21 22:40:39,110 - watchfiles.main - DEBUG - 1 change detected: {(<Change.modified: 2>, 'C:\\Users\\Asus vivobook\\CNPM\\App\\backend\\logs\\app_20260621_223905.log')}
2026-06-21 22:40:39,471 - watchfiles.main - DEBUG - 1 change detected: {(<Change.modified: 2>, 'C:\\Users\\Asus vivobook\\CNPM\\App\\backend\\logs\\app_20260621_223905.log')}
2026-06-21 22:40:39,874 - watchfiles.main - DEBUG - 1 change detected: {(<Change.modified: 2>, 'C:\\Users\\Asus vivobook\\CNPM\\App\\backend\\logs\\app_20260621_223905.log')}
2026-06-21 22:40:40,326 - watchfiles.main - DEBUG - 1 change detected: {(<Change.modified: 2>, 'C:\\Users\\Asus vivobook\\CNPM\\App\\backend\\logs\\app_20260621_223905.log')}
2026-06-21 22:40:40,833 - watchfiles.main - DEBUG - 1 change detected: {(<Change.modified: 2>, 'C:\\Users\\Asus vivobook\\CNPM\\App\\backend\\logs\\app_20260621_223905.log')}
2026-06-21 22:40:41,238 - watchfiles.main - DEBUG - 1 change detected: {(<Change.modified: 2>, 'C:\\Users\\Asus vivobook\\CNPM\\App\\backend\\logs\\app_20260621_223905.log')}
2026-06-21 22:40:41,644 - watchfiles.main - DEBUG - 1 change detected: {(<Change.modified: 2>, 'C:\\Users\\Asus vivobook\\CNPM\\App\\backend\\logs\\app_20260621_223905.log')}
2026-06-21 22:40:42,160 - watchfiles.main - DEBUG - 1 change detected: {(<Change.modified: 2>, 'C:\\Users\\Asus vivobook\\CNPM\\App\\backend\\logs\\app_20260621_223905.log')}
2026-06-21 22:40:42,517 - watchfiles.main - DEBUG - 1 change detected: {(<Change.modified: 2>, 'C:\\Users\\Asus vivobook\\CNPM\\App\\backend\\logs\\app_20260621_223905.log')}
2026-06-21 22:40:42,928 - watchfiles.main - DEBUG - 1 change detected: {(<Change.modified: 2>, 'C:\\Users\\Asus vivobook\\CNPM\\App\\backend\\logs\\app_20260621_223905.log')}
2026-06-21 22:40:43,344 - watchfiles.main - DEBUG - 1 change detected: {(<Change.modified: 2>, 'C:\\Users\\Asus vivobook\\CNPM\\App\\backend\\logs\\app_20260621_223905.log')}
2026-06-21 22:40:43,748 - watchfiles.main - DEBUG - 1 change detected: {(<Change.modified: 2>, 'C:\\Users\\Asus vivobook\\CNPM\\App\\backend\\logs\\app_20260621_223905.log')}
2026-06-21 22:40:44,161 - watchfiles.main - DEBUG - 1 change detected: {(<Change.modified: 2>, 'C:\\Users\\Asus vivobook\\CNPM\\App\\backend\\logs\\app_20260621_223905.log')}
2026-06-21 22:40:44,577 - watchfiles.main - DEBUG - 1 change detected: {(<Change.modified: 2>, 'C:\\Users\\Asus vivobook\\CNPM\\App\\backend\\logs\\app_20260621_223905.log')}
2026-06-21 22:40:44,980 - watchfiles.main - DEBUG - 1 change detected: {(<Change.modified: 2>, 'C:\\Users\\Asus vivobook\\CNPM\\App\\backend\\logs\\app_20260621_223905.log')}
2026-06-21 22:40:45,344 - watchfiles.main - DEBUG - 1 change detected: {(<Change.modified: 2>, 'C:\\Users\\Asus vivobook\\CNPM\\App\\backend\\logs\\app_20260621_223905.log')}
2026-06-21 22:40:45,810 - watchfiles.main - DEBUG - 1 change detected: {(<Change.modified: 2>, 'C:\\Users\\Asus vivobook\\CNPM\\App\\backend\\logs\\app_20260621_223905.log')}
2026-06-21 22:40:46,214 - watchfiles.main - DEBUG - 1 change detected: {(<Change.modified: 2>, 'C:\\Users\\Asus vivobook\\CNPM\\App\\backend\\logs\\app_20260621_223905.log')}
2026-06-21 22:40:46,628 - watchfiles.main - DEBUG - 1 change detected: {(<Change.modified: 2>, 'C:\\Users\\Asus vivobook\\CNPM\\App\\backend\\logs\\app_20260621_223905.log')}
2026-06-21 22:40:47,041 - watchfiles.main - DEBUG - 1 change detected: {(<Change.modified: 2>, 'C:\\Users\\Asus vivobook\\CNPM\\App\\backend\\logs\\app_20260621_223905.log')}
2026-06-21 22:40:47,446 - watchfiles.main - DEBUG - 1 change detected: {(<Change.modified: 2>, 'C:\\Users\\Asus vivobook\\CNPM\\App\\backend\\logs\\app_20260621_223905.log')}
2026-06-21 22:40:47,859 - watchfiles.main - DEBUG - 1 change detected: {(<Change.modified: 2>, 'C:\\Users\\Asus vivobook\\CNPM\\App\\backend\\logs\\app_20260621_223905.log')}
2026-06-21 22:40:48,261 - watchfiles.main - DEBUG - 1 change detected: {(<Change.modified: 2>, 'C:\\Users\\Asus vivobook\\CNPM\\App\\backend\\logs\\app_20260621_223905.log')}
2026-06-21 22:40:48,669 - watchfiles.main - DEBUG - 1 change detected: {(<Change.modified: 2>, 'C:\\Users\\Asus vivobook\\CNPM\\App\\backend\\logs\\app_20260621_223905.log')}
2026-06-21 22:40:49,086 - watchfiles.main - DEBUG - 1 change detected: {(<Change.modified: 2>, 'C:\\Users\\Asus vivobook\\CNPM\\App\\backend\\logs\\app_20260621_223905.log')}
2026-06-21 22:40:49,474 - watchfiles.main - DEBUG - 1 change detected: {(<Change.modified: 2>, 'C:\\Users\\Asus vivobook\\CNPM\\App\\backend\\logs\\app_20260621_223905.log')}
2026-06-21 22:40:49,920 - watchfiles.main - DEBUG - 1 change detected: {(<Change.modified: 2>, 'C:\\Users\\Asus vivobook\\CNPM\\App\\backend\\logs\\app_20260621_223905.log')}
2026-06-21 22:40:50,314 - watchfiles.main - DEBUG - 1 change detected: {(<Change.modified: 2>, 'C:\\Users\\Asus vivobook\\CNPM\\App\\backend\\logs\\app_20260621_223905.log')}
2026-06-21 22:40:50,763 - watchfiles.main - DEBUG - 1 change detected: {(<Change.modified: 2>, 'C:\\Users\\Asus vivobook\\CNPM\\App\\backend\\logs\\app_20260621_223905.log')}
2026-06-21 22:40:51,144 - watchfiles.main - DEBUG - 1 change detected: {(<Change.modified: 2>, 'C:\\Users\\Asus vivobook\\CNPM\\App\\backend\\logs\\app_20260621_223905.log')}
2026-06-21 22:40:51,569 - watchfiles.main - DEBUG - 1 change detected: {(<Change.modified: 2>, 'C:\\Users\\Asus vivobook\\CNPM\\App\\backend\\logs\\app_20260621_223905.log')}
2026-06-21 22:40:51,989 - watchfiles.main - DEBUG - 1 change detected: {(<Change.modified: 2>, 'C:\\Users\\Asus vivobook\\CNPM\\App\\backend\\logs\\app_20260621_223905.log')}
2026-06-21 22:40:52,400 - watchfiles.main - DEBUG - 1 change detected: {(<Change.modified: 2>, 'C:\\Users\\Asus vivobook\\CNPM\\App\\backend\\logs\\app_20260621_223905.log')}
2026-06-21 22:40:52,765 - watchfiles.main - DEBUG - 1 change detected: {(<Change.modified: 2>, 'C:\\Users\\Asus vivobook\\CNPM\\App\\backend\\logs\\app_20260621_223905.log')}
2026-06-21 22:40:53,179 - watchfiles.main - DEBUG - 1 change detected: {(<Change.modified: 2>, 'C:\\Users\\Asus vivobook\\CNPM\\App\\backend\\logs\\app_20260621_223905.log')}
2026-06-21 22:40:53,598 - watchfiles.main - DEBUG - 1 change detected: {(<Change.modified: 2>, 'C:\\Users\\Asus vivobook\\CNPM\\App\\backend\\logs\\app_20260621_223905.log')}
2026-06-21 22:40:54,011 - watchfiles.main - DEBUG - 1 change detected: {(<Change.modified: 2>, 'C:\\Users\\Asus vivobook\\CNPM\\App\\backend\\logs\\app_20260621_223905.log')}
2026-06-21 22:40:54,425 - watchfiles.main - DEBUG - 1 change detected: {(<Change.modified: 2>, 'C:\\Users\\Asus vivobook\\CNPM\\App\\backend\\logs\\app_20260621_223905.log')}
2026-06-21 22:40:54,841 - watchfiles.main - DEBUG - 1 change detected: {(<Change.modified: 2>, 'C:\\Users\\Asus vivobook\\CNPM\\App\\backend\\logs\\app_20260621_223905.log')}
2026-06-21 22:40:55,252 - watchfiles.main - DEBUG - 1 change detected: {(<Change.modified: 2>, 'C:\\Users\\Asus vivobook\\CNPM\\App\\backend\\logs\\app_20260621_223905.log')}
2026-06-21 22:40:55,674 - watchfiles.main - DEBUG - 1 change detected: {(<Change.modified: 2>, 'C:\\Users\\Asus vivobook\\CNPM\\App\\backend\\logs\\app_20260621_223905.log')}
2026-06-21 22:40:56,046 - watchfiles.main - DEBUG - 1 change detected: {(<Change.modified: 2>, 'C:\\Users\\Asus vivobook\\CNPM\\App\\backend\\logs\\app_20260621_223905.log')}
2026-06-21 22:40:56,469 - watchfiles.main - DEBUG - 1 change detected: {(<Change.modified: 2>, 'C:\\Users\\Asus vivobook\\CNPM\\App\\backend\\logs\\app_20260621_223905.log')}
2026-06-21 22:40:56,881 - watchfiles.main - DEBUG - 1 change detected: {(<Change.modified: 2>, 'C:\\Users\\Asus vivobook\\CNPM\\App\\backend\\logs\\app_20260621_223905.log')}
2026-06-21 22:40:57,304 - watchfiles.main - DEBUG - 1 change detected: {(<Change.modified: 2>, 'C:\\Users\\Asus vivobook\\CNPM\\App\\backend\\logs\\app_20260621_223905.log')}
2026-06-21 22:40:57,714 - watchfiles.main - DEBUG - 1 change detected: {(<Change.modified: 2>, 'C:\\Users\\Asus vivobook\\CNPM\\App\\backend\\logs\\app_20260621_223905.log')}
2026-06-21 22:40:58,130 - watchfiles.main - DEBUG - 1 change detected: {(<Change.modified: 2>, 'C:\\Users\\Asus vivobook\\CNPM\\App\\backend\\logs\\app_20260621_223905.log')}
2026-06-21 22:40:58,800 - watchfiles.main - DEBUG - 1 change detected: {(<Change.modified: 2>, 'C:\\Users\\Asus vivobook\\CNPM\\App\\backend\\logs\\app_20260621_223905.log')}
2026-06-21 22:40:59,157 - watchfiles.main - DEBUG - 1 change detected: {(<Change.modified: 2>, 'C:\\Users\\Asus vivobook\\CNPM\\App\\backend\\logs\\app_20260621_223905.log')}
2026-06-21 22:40:59,565 - watchfiles.main - DEBUG - 1 change detected: {(<Change.modified: 2>, 'C:\\Users\\Asus vivobook\\CNPM\\App\\backend\\logs\\app_20260621_223905.log')}
2026-06-21 22:40:59,975 - watchfiles.main - DEBUG - 1 change detected: {(<Change.modified: 2>, 'C:\\Users\\Asus vivobook\\CNPM\\App\\backend\\logs\\app_20260621_223905.log')}
2026-06-21 22:41:00,379 - watchfiles.main - DEBUG - 1 change detected: {(<Change.modified: 2>, 'C:\\Users\\Asus vivobook\\CNPM\\App\\backend\\logs\\app_20260621_223905.log')}
2026-06-21 22:41:00,786 - watchfiles.main - DEBUG - 1 change detected: {(<Change.modified: 2>, 'C:\\Users\\Asus vivobook\\CNPM\\App\\backend\\logs\\app_20260621_223905.log')}
2026-06-21 22:41:01,152 - watchfiles.main - DEBUG - 1 change detected: {(<Change.modified: 2>, 'C:\\Users\\Asus vivobook\\CNPM\\App\\backend\\logs\\app_20260621_223905.log')}
2026-06-21 22:41:01,570 - watchfiles.main - DEBUG - 1 change detected: {(<Change.modified: 2>, 'C:\\Users\\Asus vivobook\\CNPM\\App\\backend\\logs\\app_20260621_223905.log')}
2026-06-21 22:41:01,972 - watchfiles.main - DEBUG - 1 change detected: {(<Change.modified: 2>, 'C:\\Users\\Asus vivobook\\CNPM\\App\\backend\\logs\\app_20260621_223905.log')}
2026-06-21 22:41:02,380 - watchfiles.main - DEBUG - 1 change detected: {(<Change.modified: 2>, 'C:\\Users\\Asus vivobook\\CNPM\\App\\backend\\logs\\app_20260621_223905.log')}
2026-06-21 22:41:02,735 - watchfiles.main - DEBUG - 1 change detected: {(<Change.modified: 2>, 'C:\\Users\\Asus vivobook\\CNPM\\App\\backend\\logs\\app_20260621_223905.log')}
2026-06-21 22:41:03,145 - watchfiles.main - DEBUG - 1 change detected: {(<Change.modified: 2>, 'C:\\Users\\Asus vivobook\\CNPM\\App\\backend\\logs\\app_20260621_223905.log')}
2026-06-21 22:41:03,551 - watchfiles.main - DEBUG - 1 change detected: {(<Change.modified: 2>, 'C:\\Users\\Asus vivobook\\CNPM\\App\\backend\\logs\\app_20260621_223905.log')}
2026-06-21 22:41:03,961 - watchfiles.main - DEBUG - 1 change detected: {(<Change.modified: 2>, 'C:\\Users\\Asus vivobook\\CNPM\\App\\backend\\logs\\app_20260621_223905.log')}
2026-06-21 22:41:04,370 - watchfiles.main - DEBUG - 1 change detected: {(<Change.modified: 2>, 'C:\\Users\\Asus vivobook\\CNPM\\App\\backend\\logs\\app_20260621_223905.log')}
2026-06-21 22:41:04,780 - watchfiles.main - DEBUG - 1 change detected: {(<Change.modified: 2>, 'C:\\Users\\Asus vivobook\\CNPM\\App\\backend\\logs\\app_20260621_223905.log')}
2026-06-21 22:41:05,146 - watchfiles.main - DEBUG - 1 change detected: {(<Change.modified: 2>, 'C:\\Users\\Asus vivobook\\CNPM\\App\\backend\\logs\\app_20260621_223905.log')}
2026-06-21 22:41:05,559 - watchfiles.main - DEBUG - 1 change detected: {(<Change.modified: 2>, 'C:\\Users\\Asus vivobook\\CNPM\\App\\backend\\logs\\app_20260621_223905.log')}
2026-06-21 22:41:05,962 - watchfiles.main - DEBUG - 1 change detected: {(<Change.modified: 2>, 'C:\\Users\\Asus vivobook\\CNPM\\App\\backend\\logs\\app_20260621_223905.log')}
2026-06-21 22:41:06,380 - watchfiles.main - DEBUG - 1 change detected: {(<Change.modified: 2>, 'C:\\Users\\Asus vivobook\\CNPM\\App\\backend\\logs\\app_20260621_223905.log')}
2026-06-21 22:41:06,788 - watchfiles.main - DEBUG - 1 change detected: {(<Change.modified: 2>, 'C:\\Users\\Asus vivobook\\CNPM\\App\\backend\\logs\\app_20260621_223905.log')}
2026-06-21 22:41:07,207 - watchfiles.main - DEBUG - 1 change detected: {(<Change.modified: 2>, 'C:\\Users\\Asus vivobook\\CNPM\\App\\backend\\logs\\app_20260621_223905.log')}
2026-06-21 22:41:07,710 - watchfiles.main - DEBUG - 2 changes detected: {(<Change.modified: 2>, 'C:\\Users\\Asus vivobook\\CNPM\\App\\backend\\logs\\app_20260621_223907.log'), (<Change.modified: 2>, 'C:\\Users\\Asus vivobook\\CNPM\\App\\backend\\logs\\app_20260621_223905.log')}
2026-06-21 22:41:08,269 - watchfiles.main - DEBUG - 1 change detected: {(<Change.modified: 2>, 'C:\\Users\\Asus vivobook\\CNPM\\App\\backend\\logs\\app_20260621_223905.log')}
2026-06-21 22:41:08,626 - watchfiles.main - DEBUG - 1 change detected: {(<Change.modified: 2>, 'C:\\Users\\Asus vivobook\\CNPM\\App\\backend\\logs\\app_20260621_223905.log')}
2026-06-21 22:41:08,984 - watchfiles.main - DEBUG - 1 change detected: {(<Change.modified: 2>, 'C:\\Users\\Asus vivobook\\CNPM\\App\\backend\\logs\\app_20260621_223905.log')}
2026-06-21 22:41:09,395 - watchfiles.main - DEBUG - 1 change detected: {(<Change.modified: 2>, 'C:\\Users\\Asus vivobook\\CNPM\\App\\backend\\logs\\app_20260621_223905.log')}
2026-06-21 22:41:09,747 - watchfiles.main - DEBUG - 1 change detected: {(<Change.modified: 2>, 'C:\\Users\\Asus vivobook\\CNPM\\App\\backend\\logs\\app_20260621_223905.log')}
2026-06-21 22:41:10,106 - watchfiles.main - DEBUG - 1 change detected: {(<Change.modified: 2>, 'C:\\Users\\Asus vivobook\\CNPM\\App\\backend\\logs\\app_20260621_223905.log')}
2026-06-21 22:41:10,460 - watchfiles.main - DEBUG - 1 change detected: {(<Change.modified: 2>, 'C:\\Users\\Asus vivobook\\CNPM\\App\\backend\\logs\\app_20260621_223905.log')}
2026-06-21 22:41:10,811 - watchfiles.main - DEBUG - 1 change detected: {(<Change.modified: 2>, 'C:\\Users\\Asus vivobook\\CNPM\\App\\backend\\logs\\app_20260621_223905.log')}
2026-06-21 22:41:11,184 - watchfiles.main - DEBUG - 1 change detected: {(<Change.modified: 2>, 'C:\\Users\\Asus vivobook\\CNPM\\App\\backend\\logs\\app_20260621_223905.log')}
2026-06-21 22:41:11,545 - watchfiles.main - DEBUG - 1 change detected: {(<Change.modified: 2>, 'C:\\Users\\Asus vivobook\\CNPM\\App\\backend\\logs\\app_20260621_223905.log')}
2026-06-21 22:41:11,905 - watchfiles.main - DEBUG - 1 change detected: {(<Change.modified: 2>, 'C:\\Users\\Asus vivobook\\CNPM\\App\\backend\\logs\\app_20260621_223905.log')}
2026-06-21 22:41:12,266 - watchfiles.main - DEBUG - 1 change detected: {(<Change.modified: 2>, 'C:\\Users\\Asus vivobook\\CNPM\\App\\backend\\logs\\app_20260621_223905.log')}
2026-06-21 22:41:12,679 - watchfiles.main - DEBUG - 1 change detected: {(<Change.modified: 2>, 'C:\\Users\\Asus vivobook\\CNPM\\App\\backend\\logs\\app_20260621_223905.log')}
2026-06-21 22:41:13,096 - watchfiles.main - DEBUG - 1 change detected: {(<Change.modified: 2>, 'C:\\Users\\Asus vivobook\\CNPM\\App\\backend\\logs\\app_20260621_223905.log')}
2026-06-21 22:41:13,515 - watchfiles.main - DEBUG - 1 change detected: {(<Change.modified: 2>, 'C:\\Users\\Asus vivobook\\CNPM\\App\\backend\\logs\\app_20260621_223905.log')}
2026-06-21 22:41:13,924 - watchfiles.main - DEBUG - 1 change detected: {(<Change.modified: 2>, 'C:\\Users\\Asus vivobook\\CNPM\\App\\backend\\logs\\app_20260621_223905.log')}
2026-06-21 22:41:14,329 - watchfiles.main - DEBUG - 1 change detected: {(<Change.modified: 2>, 'C:\\Users\\Asus vivobook\\CNPM\\App\\backend\\logs\\app_20260621_223905.log')}
2026-06-21 22:41:14,694 - watchfiles.main - DEBUG - 1 change detected: {(<Change.modified: 2>, 'C:\\Users\\Asus vivobook\\CNPM\\App\\backend\\logs\\app_20260621_223905.log')}
2026-06-21 22:41:15,112 - watchfiles.main - DEBUG - 1 change detected: {(<Change.modified: 2>, 'C:\\Users\\Asus vivobook\\CNPM\\App\\backend\\logs\\app_20260621_223905.log')}
2026-06-21 22:41:15,519 - watchfiles.main - DEBUG - 1 change detected: {(<Change.modified: 2>, 'C:\\Users\\Asus vivobook\\CNPM\\App\\backend\\logs\\app_20260621_223905.log')}
2026-06-21 22:41:15,929 - watchfiles.main - DEBUG - 1 change detected: {(<Change.modified: 2>, 'C:\\Users\\Asus vivobook\\CNPM\\App\\backend\\logs\\app_20260621_223905.log')}
2026-06-21 22:41:16,334 - watchfiles.main - DEBUG - 1 change detected: {(<Change.modified: 2>, 'C:\\Users\\Asus vivobook\\CNPM\\App\\backend\\logs\\app_20260621_223905.log')}
2026-06-21 22:41:16,751 - watchfiles.main - DEBUG - 1 change detected: {(<Change.modified: 2>, 'C:\\Users\\Asus vivobook\\CNPM\\App\\backend\\logs\\app_20260621_223905.log')}
2026-06-21 22:41:17,117 - watchfiles.main - DEBUG - 1 change detected: {(<Change.modified: 2>, 'C:\\Users\\Asus vivobook\\CNPM\\App\\backend\\logs\\app_20260621_223905.log')}
2026-06-21 22:41:17,534 - watchfiles.main - DEBUG - 1 change detected: {(<Change.modified: 2>, 'C:\\Users\\Asus vivobook\\CNPM\\App\\backend\\logs\\app_20260621_223905.log')}
2026-06-21 22:41:17,946 - watchfiles.main - DEBUG - 1 change detected: {(<Change.modified: 2>, 'C:\\Users\\Asus vivobook\\CNPM\\App\\backend\\logs\\app_20260621_223905.log')}
2026-06-21 22:41:18,365 - watchfiles.main - DEBUG - 1 change detected: {(<Change.modified: 2>, 'C:\\Users\\Asus vivobook\\CNPM\\App\\backend\\logs\\app_20260621_223905.log')}
2026-06-21 22:41:18,718 - watchfiles.main - DEBUG - 1 change detected: {(<Change.modified: 2>, 'C:\\Users\\Asus vivobook\\CNPM\\App\\backend\\logs\\app_20260621_223905.log')}
2026-06-21 22:41:19,126 - watchfiles.main - DEBUG - 1 change detected: {(<Change.modified: 2>, 'C:\\Users\\Asus vivobook\\CNPM\\App\\backend\\logs\\app_20260621_223905.log')}
2026-06-21 22:41:19,528 - watchfiles.main - DEBUG - 1 change detected: {(<Change.modified: 2>, 'C:\\Users\\Asus vivobook\\CNPM\\App\\backend\\logs\\app_20260621_223905.log')}
2026-06-21 22:41:19,931 - watchfiles.main - DEBUG - 1 change detected: {(<Change.modified: 2>, 'C:\\Users\\Asus vivobook\\CNPM\\App\\backend\\logs\\app_20260621_223905.log')}
2026-06-21 22:41:20,296 - watchfiles.main - DEBUG - 1 change detected: {(<Change.modified: 2>, 'C:\\Users\\Asus vivobook\\CNPM\\App\\backend\\logs\\app_20260621_223905.log')}
2026-06-21 22:41:20,707 - watchfiles.main - DEBUG - 1 change detected: {(<Change.modified: 2>, 'C:\\Users\\Asus vivobook\\CNPM\\App\\backend\\logs\\app_20260621_223905.log')}
2026-06-21 22:41:21,128 - watchfiles.main - DEBUG - 1 change detected: {(<Change.modified: 2>, 'C:\\Users\\Asus vivobook\\CNPM\\App\\backend\\logs\\app_20260621_223905.log')}
2026-06-21 22:41:21,494 - watchfiles.main - DEBUG - 1 change detected: {(<Change.modified: 2>, 'C:\\Users\\Asus vivobook\\CNPM\\App\\backend\\logs\\app_20260621_223905.log')}
2026-06-21 22:41:21,898 - watchfiles.main - DEBUG - 1 change detected: {(<Change.modified: 2>, 'C:\\Users\\Asus vivobook\\CNPM\\App\\backend\\logs\\app_20260621_223905.log')}
2026-06-21 22:41:22,302 - watchfiles.main - DEBUG - 1 change detected: {(<Change.modified: 2>, 'C:\\Users\\Asus vivobook\\CNPM\\App\\backend\\logs\\app_20260621_223905.log')}
2026-06-21 22:41:22,715 - watchfiles.main - DEBUG - 1 change detected: {(<Change.modified: 2>, 'C:\\Users\\Asus vivobook\\CNPM\\App\\backend\\logs\\app_20260621_223905.log')}
2026-06-21 22:41:23,132 - watchfiles.main - DEBUG - 1 change detected: {(<Change.modified: 2>, 'C:\\Users\\Asus vivobook\\CNPM\\App\\backend\\logs\\app_20260621_223905.log')}
2026-06-21 22:41:23,547 - watchfiles.main - DEBUG - 1 change detected: {(<Change.modified: 2>, 'C:\\Users\\Asus vivobook\\CNPM\\App\\backend\\logs\\app_20260621_223905.log')}
2026-06-21 22:41:23,968 - watchfiles.main - DEBUG - 1 change detected: {(<Change.modified: 2>, 'C:\\Users\\Asus vivobook\\CNPM\\App\\backend\\logs\\app_20260621_223905.log')}
2026-06-21 22:41:24,333 - watchfiles.main - DEBUG - 1 change detected: {(<Change.modified: 2>, 'C:\\Users\\Asus vivobook\\CNPM\\App\\backend\\logs\\app_20260621_223905.log')}
2026-06-21 22:41:24,751 - watchfiles.main - DEBUG - 1 change detected: {(<Change.modified: 2>, 'C:\\Users\\Asus vivobook\\CNPM\\App\\backend\\logs\\app_20260621_223905.log')}
2026-06-21 22:41:25,164 - watchfiles.main - DEBUG - 1 change detected: {(<Change.modified: 2>, 'C:\\Users\\Asus vivobook\\CNPM\\App\\backend\\logs\\app_20260621_223905.log')}
2026-06-21 22:41:25,583 - watchfiles.main - DEBUG - 1 change detected: {(<Change.modified: 2>, 'C:\\Users\\Asus vivobook\\CNPM\\App\\backend\\logs\\app_20260621_223905.log')}
2026-06-21 22:41:25,939 - watchfiles.main - DEBUG - 1 change detected: {(<Change.modified: 2>, 'C:\\Users\\Asus vivobook\\CNPM\\App\\backend\\logs\\app_20260621_223905.log')}
2026-06-21 22:41:26,347 - watchfiles.main - DEBUG - 1 change detected: {(<Change.modified: 2>, 'C:\\Users\\Asus vivobook\\CNPM\\App\\backend\\logs\\app_20260621_223905.log')}
2026-06-21 22:41:26,759 - watchfiles.main - DEBUG - 1 change detected: {(<Change.modified: 2>, 'C:\\Users\\Asus vivobook\\CNPM\\App\\backend\\logs\\app_20260621_223905.log')}
2026-06-21 22:41:27,166 - watchfiles.main - DEBUG - 1 change detected: {(<Change.modified: 2>, 'C:\\Users\\Asus vivobook\\CNPM\\App\\backend\\logs\\app_20260621_223905.log')}
2026-06-21 22:41:27,530 - watchfiles.main - DEBUG - 1 change detected: {(<Change.modified: 2>, 'C:\\Users\\Asus vivobook\\CNPM\\App\\backend\\logs\\app_20260621_223905.log')}
2026-06-21 22:41:27,933 - watchfiles.main - DEBUG - 1 change detected: {(<Change.modified: 2>, 'C:\\Users\\Asus vivobook\\CNPM\\App\\backend\\logs\\app_20260621_223905.log')}
2026-06-21 22:41:28,399 - watchfiles.main - DEBUG - 1 change detected: {(<Change.modified: 2>, 'C:\\Users\\Asus vivobook\\CNPM\\App\\backend\\logs\\app_20260621_223905.log')}
2026-06-21 22:41:28,817 - watchfiles.main - DEBUG - 1 change detected: {(<Change.modified: 2>, 'C:\\Users\\Asus vivobook\\CNPM\\App\\backend\\logs\\app_20260621_223905.log')}
2026-06-21 22:41:29,177 - watchfiles.main - DEBUG - 1 change detected: {(<Change.modified: 2>, 'C:\\Users\\Asus vivobook\\CNPM\\App\\backend\\logs\\app_20260621_223905.log')}
2026-06-21 22:41:29,584 - watchfiles.main - DEBUG - 1 change detected: {(<Change.modified: 2>, 'C:\\Users\\Asus vivobook\\CNPM\\App\\backend\\logs\\app_20260621_223905.log')}
2026-06-21 22:41:29,997 - watchfiles.main - DEBUG - 1 change detected: {(<Change.modified: 2>, 'C:\\Users\\Asus vivobook\\CNPM\\App\\backend\\logs\\app_20260621_223905.log')}
2026-06-21 22:41:30,412 - watchfiles.main - DEBUG - 1 change detected: {(<Change.modified: 2>, 'C:\\Users\\Asus vivobook\\CNPM\\App\\backend\\logs\\app_20260621_223905.log')}
2026-06-21 22:41:30,833 - watchfiles.main - DEBUG - 1 change detected: {(<Change.modified: 2>, 'C:\\Users\\Asus vivobook\\CNPM\\App\\backend\\logs\\app_20260621_223905.log')}
2026-06-21 22:41:31,187 - watchfiles.main - DEBUG - 1 change detected: {(<Change.modified: 2>, 'C:\\Users\\Asus vivobook\\CNPM\\App\\backend\\logs\\app_20260621_223905.log')}
2026-06-21 22:41:31,598 - watchfiles.main - DEBUG - 1 change detected: {(<Change.modified: 2>, 'C:\\Users\\Asus vivobook\\CNPM\\App\\backend\\logs\\app_20260621_223905.log')}
2026-06-21 22:41:32,014 - watchfiles.main - DEBUG - 1 change detected: {(<Change.modified: 2>, 'C:\\Users\\Asus vivobook\\CNPM\\App\\backend\\logs\\app_20260621_223905.log')}
2026-06-21 22:41:32,422 - watchfiles.main - DEBUG - 1 change detected: {(<Change.modified: 2>, 'C:\\Users\\Asus vivobook\\CNPM\\App\\backend\\logs\\app_20260621_223905.log')}
2026-06-21 22:41:32,832 - watchfiles.main - DEBUG - 1 change detected: {(<Change.modified: 2>, 'C:\\Users\\Asus vivobook\\CNPM\\App\\backend\\logs\\app_20260621_223905.log')}
2026-06-21 22:41:33,236 - watchfiles.main - DEBUG - 1 change detected: {(<Change.modified: 2>, 'C:\\Users\\Asus vivobook\\CNPM\\App\\backend\\logs\\app_20260621_223905.log')}
2026-06-21 22:41:33,648 - watchfiles.main - DEBUG - 1 change detected: {(<Change.modified: 2>, 'C:\\Users\\Asus vivobook\\CNPM\\App\\backend\\logs\\app_20260621_223905.log')}
2026-06-21 22:41:34,054 - watchfiles.main - DEBUG - 1 change detected: {(<Change.modified: 2>, 'C:\\Users\\Asus vivobook\\CNPM\\App\\backend\\logs\\app_20260621_223905.log')}
2026-06-21 22:41:34,473 - watchfiles.main - DEBUG - 1 change detected: {(<Change.modified: 2>, 'C:\\Users\\Asus vivobook\\CNPM\\App\\backend\\logs\\app_20260621_223905.log')}
2026-06-21 22:41:34,832 - watchfiles.main - DEBUG - 1 change detected: {(<Change.modified: 2>, 'C:\\Users\\Asus vivobook\\CNPM\\App\\backend\\logs\\app_20260621_223905.log')}
2026-06-21 22:41:35,247 - watchfiles.main - DEBUG - 1 change detected: {(<Change.modified: 2>, 'C:\\Users\\Asus vivobook\\CNPM\\App\\backend\\logs\\app_20260621_223905.log')}
2026-06-21 22:41:35,660 - watchfiles.main - DEBUG - 1 change detected: {(<Change.modified: 2>, 'C:\\Users\\Asus vivobook\\CNPM\\App\\backend\\logs\\app_20260621_223905.log')}
2026-06-21 22:41:36,068 - watchfiles.main - DEBUG - 1 change detected: {(<Change.modified: 2>, 'C:\\Users\\Asus vivobook\\CNPM\\App\\backend\\logs\\app_20260621_223905.log')}
2026-06-21 22:41:36,469 - watchfiles.main - DEBUG - 1 change detected: {(<Change.modified: 2>, 'C:\\Users\\Asus vivobook\\CNPM\\App\\backend\\logs\\app_20260621_223905.log')}
2026-06-21 22:41:36,877 - watchfiles.main - DEBUG - 1 change detected: {(<Change.modified: 2>, 'C:\\Users\\Asus vivobook\\CNPM\\App\\backend\\logs\\app_20260621_223905.log')}
2026-06-21 22:41:37,290 - watchfiles.main - DEBUG - 1 change detected: {(<Change.modified: 2>, 'C:\\Users\\Asus vivobook\\CNPM\\App\\backend\\logs\\app_20260621_223905.log')}
2026-06-21 22:41:37,707 - watchfiles.main - DEBUG - 1 change detected: {(<Change.modified: 2>, 'C:\\Users\\Asus vivobook\\CNPM\\App\\backend\\logs\\app_20260621_223905.log')}
2026-06-21 22:41:38,113 - watchfiles.main - DEBUG - 1 change detected: {(<Change.modified: 2>, 'C:\\Users\\Asus vivobook\\CNPM\\App\\backend\\logs\\app_20260621_223905.log')}
2026-06-21 22:41:38,468 - watchfiles.main - DEBUG - 1 change detected: {(<Change.modified: 2>, 'C:\\Users\\Asus vivobook\\CNPM\\App\\backend\\logs\\app_20260621_223905.log')}
2026-06-21 22:41:38,876 - watchfiles.main - DEBUG - 1 change detected: {(<Change.modified: 2>, 'C:\\Users\\Asus vivobook\\CNPM\\App\\backend\\logs\\app_20260621_223905.log')}
2026-06-21 22:41:39,284 - watchfiles.main - DEBUG - 1 change detected: {(<Change.modified: 2>, 'C:\\Users\\Asus vivobook\\CNPM\\App\\backend\\logs\\app_20260621_223905.log')}
2026-06-21 22:41:39,686 - watchfiles.main - DEBUG - 1 change detected: {(<Change.modified: 2>, 'C:\\Users\\Asus vivobook\\CNPM\\App\\backend\\logs\\app_20260621_223905.log')}
2026-06-21 22:41:40,095 - watchfiles.main - DEBUG - 1 change detected: {(<Change.modified: 2>, 'C:\\Users\\Asus vivobook\\CNPM\\App\\backend\\logs\\app_20260621_223905.log')}
2026-06-21 22:41:40,500 - watchfiles.main - DEBUG - 1 change detected: {(<Change.modified: 2>, 'C:\\Users\\Asus vivobook\\CNPM\\App\\backend\\logs\\app_20260621_223905.log')}
2026-06-21 22:41:40,909 - watchfiles.main - DEBUG - 1 change detected: {(<Change.modified: 2>, 'C:\\Users\\Asus vivobook\\CNPM\\App\\backend\\logs\\app_20260621_223905.log')}
2026-06-21 22:41:41,323 - watchfiles.main - DEBUG - 1 change detected: {(<Change.modified: 2>, 'C:\\Users\\Asus vivobook\\CNPM\\App\\backend\\logs\\app_20260621_223905.log')}
2026-06-21 22:41:41,730 - watchfiles.main - DEBUG - 1 change detected: {(<Change.modified: 2>, 'C:\\Users\\Asus vivobook\\CNPM\\App\\backend\\logs\\app_20260621_223905.log')}
2026-06-21 22:41:42,138 - watchfiles.main - DEBUG - 1 change detected: {(<Change.modified: 2>, 'C:\\Users\\Asus vivobook\\CNPM\\App\\backend\\logs\\app_20260621_223905.log')}
2026-06-21 22:41:42,549 - watchfiles.main - DEBUG - 1 change detected: {(<Change.modified: 2>, 'C:\\Users\\Asus vivobook\\CNPM\\App\\backend\\logs\\app_20260621_223905.log')}
2026-06-21 22:41:42,914 - watchfiles.main - DEBUG - 1 change detected: {(<Change.modified: 2>, 'C:\\Users\\Asus vivobook\\CNPM\\App\\backend\\logs\\app_20260621_223905.log')}
2026-06-21 22:41:43,329 - watchfiles.main - DEBUG - 1 change detected: {(<Change.modified: 2>, 'C:\\Users\\Asus vivobook\\CNPM\\App\\backend\\logs\\app_20260621_223905.log')}
2026-06-21 22:41:43,733 - watchfiles.main - DEBUG - 1 change detected: {(<Change.modified: 2>, 'C:\\Users\\Asus vivobook\\CNPM\\App\\backend\\logs\\app_20260621_223905.log')}
2026-06-21 22:41:44,147 - watchfiles.main - DEBUG - 1 change detected: {(<Change.modified: 2>, 'C:\\Users\\Asus vivobook\\CNPM\\App\\backend\\logs\\app_20260621_223905.log')}
2026-06-21 22:41:44,561 - watchfiles.main - DEBUG - 1 change detected: {(<Change.modified: 2>, 'C:\\Users\\Asus vivobook\\CNPM\\App\\backend\\logs\\app_20260621_223905.log')}
2026-06-21 22:41:44,965 - watchfiles.main - DEBUG - 1 change detected: {(<Change.modified: 2>, 'C:\\Users\\Asus vivobook\\CNPM\\App\\backend\\logs\\app_20260621_223905.log')}
2026-06-21 22:41:45,368 - watchfiles.main - DEBUG - 1 change detected: {(<Change.modified: 2>, 'C:\\Users\\Asus vivobook\\CNPM\\App\\backend\\logs\\app_20260621_223905.log')}
2026-06-21 22:41:45,774 - watchfiles.main - DEBUG - 1 change detected: {(<Change.modified: 2>, 'C:\\Users\\Asus vivobook\\CNPM\\App\\backend\\logs\\app_20260621_223905.log')}
2026-06-21 22:41:46,183 - watchfiles.main - DEBUG - 1 change detected: {(<Change.modified: 2>, 'C:\\Users\\Asus vivobook\\CNPM\\App\\backend\\logs\\app_20260621_223905.log')}
2026-06-21 22:41:46,541 - watchfiles.main - DEBUG - 1 change detected: {(<Change.modified: 2>, 'C:\\Users\\Asus vivobook\\CNPM\\App\\backend\\logs\\app_20260621_223905.log')}
2026-06-21 22:41:46,955 - watchfiles.main - DEBUG - 1 change detected: {(<Change.modified: 2>, 'C:\\Users\\Asus vivobook\\CNPM\\App\\backend\\logs\\app_20260621_223905.log')}
2026-06-21 22:41:47,364 - watchfiles.main - DEBUG - 1 change detected: {(<Change.modified: 2>, 'C:\\Users\\Asus vivobook\\CNPM\\App\\backend\\logs\\app_20260621_223905.log')}
2026-06-21 22:41:47,730 - watchfiles.main - DEBUG - 1 change detected: {(<Change.modified: 2>, 'C:\\Users\\Asus vivobook\\CNPM\\App\\backend\\logs\\app_20260621_223905.log')}
2026-06-21 22:41:48,134 - watchfiles.main - DEBUG - 1 change detected: {(<Change.modified: 2>, 'C:\\Users\\Asus vivobook\\CNPM\\App\\backend\\logs\\app_20260621_223905.log')}
2026-06-21 22:41:48,542 - watchfiles.main - DEBUG - 1 change detected: {(<Change.modified: 2>, 'C:\\Users\\Asus vivobook\\CNPM\\App\\backend\\logs\\app_20260621_223905.log')}
2026-06-21 22:41:48,955 - watchfiles.main - DEBUG - 1 change detected: {(<Change.modified: 2>, 'C:\\Users\\Asus vivobook\\CNPM\\App\\backend\\logs\\app_20260621_223905.log')}
2026-06-21 22:41:49,359 - watchfiles.main - DEBUG - 1 change detected: {(<Change.modified: 2>, 'C:\\Users\\Asus vivobook\\CNPM\\App\\backend\\logs\\app_20260621_223905.log')}
2026-06-21 22:41:49,723 - watchfiles.main - DEBUG - 1 change detected: {(<Change.modified: 2>, 'C:\\Users\\Asus vivobook\\CNPM\\App\\backend\\logs\\app_20260621_223905.log')}
2026-06-21 22:41:50,139 - watchfiles.main - DEBUG - 1 change detected: {(<Change.modified: 2>, 'C:\\Users\\Asus vivobook\\CNPM\\App\\backend\\logs\\app_20260621_223905.log')}
2026-06-21 22:41:50,547 - watchfiles.main - DEBUG - 1 change detected: {(<Change.modified: 2>, 'C:\\Users\\Asus vivobook\\CNPM\\App\\backend\\logs\\app_20260621_223905.log')}
2026-06-21 22:41:50,954 - watchfiles.main - DEBUG - 1 change detected: {(<Change.modified: 2>, 'C:\\Users\\Asus vivobook\\CNPM\\App\\backend\\logs\\app_20260621_223905.log')}
2026-06-21 22:41:51,372 - watchfiles.main - DEBUG - 1 change detected: {(<Change.modified: 2>, 'C:\\Users\\Asus vivobook\\CNPM\\App\\backend\\logs\\app_20260621_223905.log')}
2026-06-21 22:41:51,793 - watchfiles.main - DEBUG - 1 change detected: {(<Change.modified: 2>, 'C:\\Users\\Asus vivobook\\CNPM\\App\\backend\\logs\\app_20260621_223905.log')}
2026-06-21 22:41:52,197 - watchfiles.main - DEBUG - 1 change detected: {(<Change.modified: 2>, 'C:\\Users\\Asus vivobook\\CNPM\\App\\backend\\logs\\app_20260621_223905.log')}
2026-06-21 22:41:52,555 - watchfiles.main - DEBUG - 1 change detected: {(<Change.modified: 2>, 'C:\\Users\\Asus vivobook\\CNPM\\App\\backend\\logs\\app_20260621_223905.log')}
2026-06-21 22:41:52,964 - watchfiles.main - DEBUG - 1 change detected: {(<Change.modified: 2>, 'C:\\Users\\Asus vivobook\\CNPM\\App\\backend\\logs\\app_20260621_223905.log')}
2026-06-21 22:41:53,366 - watchfiles.main - DEBUG - 1 change detected: {(<Change.modified: 2>, 'C:\\Users\\Asus vivobook\\CNPM\\App\\backend\\logs\\app_20260621_223905.log')}
2026-06-21 22:41:53,768 - watchfiles.main - DEBUG - 1 change detected: {(<Change.modified: 2>, 'C:\\Users\\Asus vivobook\\CNPM\\App\\backend\\logs\\app_20260621_223905.log')}
2026-06-21 22:41:54,181 - watchfiles.main - DEBUG - 1 change detected: {(<Change.modified: 2>, 'C:\\Users\\Asus vivobook\\CNPM\\App\\backend\\logs\\app_20260621_223905.log')}
2026-06-21 22:41:54,600 - watchfiles.main - DEBUG - 1 change detected: {(<Change.modified: 2>, 'C:\\Users\\Asus vivobook\\CNPM\\App\\backend\\logs\\app_20260621_223905.log')}
2026-06-21 22:41:54,964 - watchfiles.main - DEBUG - 1 change detected: {(<Change.modified: 2>, 'C:\\Users\\Asus vivobook\\CNPM\\App\\backend\\logs\\app_20260621_223905.log')}
2026-06-21 22:41:55,377 - watchfiles.main - DEBUG - 1 change detected: {(<Change.modified: 2>, 'C:\\Users\\Asus vivobook\\CNPM\\App\\backend\\logs\\app_20260621_223905.log')}
2026-06-21 22:41:55,780 - watchfiles.main - DEBUG - 1 change detected: {(<Change.modified: 2>, 'C:\\Users\\Asus vivobook\\CNPM\\App\\backend\\logs\\app_20260621_223905.log')}
2026-06-21 22:41:56,182 - watchfiles.main - DEBUG - 1 change detected: {(<Change.modified: 2>, 'C:\\Users\\Asus vivobook\\CNPM\\App\\backend\\logs\\app_20260621_223905.log')}
2026-06-21 22:41:56,533 - watchfiles.main - DEBUG - 1 change detected: {(<Change.modified: 2>, 'C:\\Users\\Asus vivobook\\CNPM\\App\\backend\\logs\\app_20260621_223905.log')}
2026-06-21 22:41:56,949 - watchfiles.main - DEBUG - 1 change detected: {(<Change.modified: 2>, 'C:\\Users\\Asus vivobook\\CNPM\\App\\backend\\logs\\app_20260621_223905.log')}
2026-06-21 22:41:57,363 - watchfiles.main - DEBUG - 1 change detected: {(<Change.modified: 2>, 'C:\\Users\\Asus vivobook\\CNPM\\App\\backend\\logs\\app_20260621_223905.log')}
2026-06-21 22:41:57,779 - watchfiles.main - DEBUG - 1 change detected: {(<Change.modified: 2>, 'C:\\Users\\Asus vivobook\\CNPM\\App\\backend\\logs\\app_20260621_223905.log')}
2026-06-21 22:41:58,195 - watchfiles.main - DEBUG - 1 change detected: {(<Change.modified: 2>, 'C:\\Users\\Asus vivobook\\CNPM\\App\\backend\\logs\\app_20260621_223905.log')}
2026-06-21 22:41:58,599 - watchfiles.main - DEBUG - 1 change detected: {(<Change.modified: 2>, 'C:\\Users\\Asus vivobook\\CNPM\\App\\backend\\logs\\app_20260621_223905.log')}
2026-06-21 22:41:58,963 - watchfiles.main - DEBUG - 1 change detected: {(<Change.modified: 2>, 'C:\\Users\\Asus vivobook\\CNPM\\App\\backend\\logs\\app_20260621_223905.log')}
2026-06-21 22:41:59,365 - watchfiles.main - DEBUG - 1 change detected: {(<Change.modified: 2>, 'C:\\Users\\Asus vivobook\\CNPM\\App\\backend\\logs\\app_20260621_223905.log')}
2026-06-21 22:41:59,778 - watchfiles.main - DEBUG - 1 change detected: {(<Change.modified: 2>, 'C:\\Users\\Asus vivobook\\CNPM\\App\\backend\\logs\\app_20260621_223905.log')}
2026-06-21 22:42:00,187 - watchfiles.main - DEBUG - 1 change detected: {(<Change.modified: 2>, 'C:\\Users\\Asus vivobook\\CNPM\\App\\backend\\logs\\app_20260621_223905.log')}
2026-06-21 22:42:00,598 - watchfiles.main - DEBUG - 1 change detected: {(<Change.modified: 2>, 'C:\\Users\\Asus vivobook\\CNPM\\App\\backend\\logs\\app_20260621_223905.log')}
2026-06-21 22:42:00,999 - watchfiles.main - DEBUG - 1 change detected: {(<Change.modified: 2>, 'C:\\Users\\Asus vivobook\\CNPM\\App\\backend\\logs\\app_20260621_223905.log')}
2026-06-21 22:42:01,409 - watchfiles.main - DEBUG - 1 change detected: {(<Change.modified: 2>, 'C:\\Users\\Asus vivobook\\CNPM\\App\\backend\\logs\\app_20260621_223905.log')}
2026-06-21 22:42:01,813 - watchfiles.main - DEBUG - 1 change detected: {(<Change.modified: 2>, 'C:\\Users\\Asus vivobook\\CNPM\\App\\backend\\logs\\app_20260621_223905.log')}
2026-06-21 22:42:02,216 - watchfiles.main - DEBUG - 1 change detected: {(<Change.modified: 2>, 'C:\\Users\\Asus vivobook\\CNPM\\App\\backend\\logs\\app_20260621_223905.log')}
2026-06-21 22:42:02,628 - watchfiles.main - DEBUG - 1 change detected: {(<Change.modified: 2>, 'C:\\Users\\Asus vivobook\\CNPM\\App\\backend\\logs\\app_20260621_223905.log')}
2026-06-21 22:42:03,031 - watchfiles.main - DEBUG - 1 change detected: {(<Change.modified: 2>, 'C:\\Users\\Asus vivobook\\CNPM\\App\\backend\\logs\\app_20260621_223905.log')}
2026-06-21 22:42:03,433 - watchfiles.main - DEBUG - 1 change detected: {(<Change.modified: 2>, 'C:\\Users\\Asus vivobook\\CNPM\\App\\backend\\logs\\app_20260621_223905.log')}
2026-06-21 22:42:03,845 - watchfiles.main - DEBUG - 1 change detected: {(<Change.modified: 2>, 'C:\\Users\\Asus vivobook\\CNPM\\App\\backend\\logs\\app_20260621_223905.log')}
2026-06-21 22:42:04,249 - watchfiles.main - DEBUG - 1 change detected: {(<Change.modified: 2>, 'C:\\Users\\Asus vivobook\\CNPM\\App\\backend\\logs\\app_20260621_223905.log')}
2026-06-21 22:42:04,665 - watchfiles.main - DEBUG - 1 change detected: {(<Change.modified: 2>, 'C:\\Users\\Asus vivobook\\CNPM\\App\\backend\\logs\\app_20260621_223905.log')}
2026-06-21 22:42:05,083 - watchfiles.main - DEBUG - 1 change detected: {(<Change.modified: 2>, 'C:\\Users\\Asus vivobook\\CNPM\\App\\backend\\logs\\app_20260621_223905.log')}
2026-06-21 22:42:05,499 - watchfiles.main - DEBUG - 1 change detected: {(<Change.modified: 2>, 'C:\\Users\\Asus vivobook\\CNPM\\App\\backend\\logs\\app_20260621_223905.log')}
2026-06-21 22:42:05,912 - watchfiles.main - DEBUG - 1 change detected: {(<Change.modified: 2>, 'C:\\Users\\Asus vivobook\\CNPM\\App\\backend\\logs\\app_20260621_223905.log')}
2026-06-21 22:42:06,325 - watchfiles.main - DEBUG - 1 change detected: {(<Change.modified: 2>, 'C:\\Users\\Asus vivobook\\CNPM\\App\\backend\\logs\\app_20260621_223905.log')}
2026-06-21 22:42:06,730 - watchfiles.main - DEBUG - 1 change detected: {(<Change.modified: 2>, 'C:\\Users\\Asus vivobook\\CNPM\\App\\backend\\logs\\app_20260621_223905.log')}
2026-06-21 22:42:07,132 - watchfiles.main - DEBUG - 1 change detected: {(<Change.modified: 2>, 'C:\\Users\\Asus vivobook\\CNPM\\App\\backend\\logs\\app_20260621_223905.log')}
2026-06-21 22:42:07,542 - watchfiles.main - DEBUG - 1 change detected: {(<Change.modified: 2>, 'C:\\Users\\Asus vivobook\\CNPM\\App\\backend\\logs\\app_20260621_223905.log')}
2026-06-21 22:42:07,956 - watchfiles.main - DEBUG - 1 change detected: {(<Change.modified: 2>, 'C:\\Users\\Asus vivobook\\CNPM\\App\\backend\\logs\\app_20260621_223905.log')}
2026-06-21 22:42:08,323 - watchfiles.main - DEBUG - 1 change detected: {(<Change.modified: 2>, 'C:\\Users\\Asus vivobook\\CNPM\\App\\backend\\logs\\app_20260621_223905.log')}
2026-06-21 22:42:08,749 - watchfiles.main - DEBUG - 1 change detected: {(<Change.modified: 2>, 'C:\\Users\\Asus vivobook\\CNPM\\App\\backend\\logs\\app_20260621_223905.log')}
2026-06-21 22:42:09,162 - watchfiles.main - DEBUG - 1 change detected: {(<Change.modified: 2>, 'C:\\Users\\Asus vivobook\\CNPM\\App\\backend\\logs\\app_20260621_223905.log')}
2026-06-21 22:42:09,568 - watchfiles.main - DEBUG - 1 change detected: {(<Change.modified: 2>, 'C:\\Users\\Asus vivobook\\CNPM\\App\\backend\\logs\\app_20260621_223905.log')}
2026-06-21 22:42:09,981 - watchfiles.main - DEBUG - 1 change detected: {(<Change.modified: 2>, 'C:\\Users\\Asus vivobook\\CNPM\\App\\backend\\logs\\app_20260621_223905.log')}
2026-06-21 22:42:10,384 - watchfiles.main - DEBUG - 1 change detected: {(<Change.modified: 2>, 'C:\\Users\\Asus vivobook\\CNPM\\App\\backend\\logs\\app_20260621_223905.log')}
2026-06-21 22:42:10,806 - watchfiles.main - DEBUG - 1 change detected: {(<Change.modified: 2>, 'C:\\Users\\Asus vivobook\\CNPM\\App\\backend\\logs\\app_20260621_223905.log')}
2026-06-21 22:42:11,216 - watchfiles.main - DEBUG - 1 change detected: {(<Change.modified: 2>, 'C:\\Users\\Asus vivobook\\CNPM\\App\\backend\\logs\\app_20260621_223905.log')}
2026-06-21 22:42:11,633 - watchfiles.main - DEBUG - 1 change detected: {(<Change.modified: 2>, 'C:\\Users\\Asus vivobook\\CNPM\\App\\backend\\logs\\app_20260621_223905.log')}
2026-06-21 22:42:12,046 - watchfiles.main - DEBUG - 1 change detected: {(<Change.modified: 2>, 'C:\\Users\\Asus vivobook\\CNPM\\App\\backend\\logs\\app_20260621_223905.log')}
2026-06-21 22:42:12,511 - watchfiles.main - DEBUG - 1 change detected: {(<Change.modified: 2>, 'C:\\Users\\Asus vivobook\\CNPM\\App\\backend\\logs\\app_20260621_223905.log')}
2026-06-21 22:42:12,915 - watchfiles.main - DEBUG - 1 change detected: {(<Change.modified: 2>, 'C:\\Users\\Asus vivobook\\CNPM\\App\\backend\\logs\\app_20260621_223905.log')}
2026-06-21 22:42:13,327 - watchfiles.main - DEBUG - 1 change detected: {(<Change.modified: 2>, 'C:\\Users\\Asus vivobook\\CNPM\\App\\backend\\logs\\app_20260621_223905.log')}
2026-06-21 22:42:13,683 - watchfiles.main - DEBUG - 1 change detected: {(<Change.modified: 2>, 'C:\\Users\\Asus vivobook\\CNPM\\App\\backend\\logs\\app_20260621_223905.log')}
2026-06-21 22:42:14,096 - watchfiles.main - DEBUG - 1 change detected: {(<Change.modified: 2>, 'C:\\Users\\Asus vivobook\\CNPM\\App\\backend\\logs\\app_20260621_223905.log')}
2026-06-21 22:42:14,501 - watchfiles.main - DEBUG - 1 change detected: {(<Change.modified: 2>, 'C:\\Users\\Asus vivobook\\CNPM\\App\\backend\\logs\\app_20260621_223905.log')}
2026-06-21 22:42:14,916 - watchfiles.main - DEBUG - 1 change detected: {(<Change.modified: 2>, 'C:\\Users\\Asus vivobook\\CNPM\\App\\backend\\logs\\app_20260621_223905.log')}
2026-06-21 22:42:15,334 - watchfiles.main - DEBUG - 1 change detected: {(<Change.modified: 2>, 'C:\\Users\\Asus vivobook\\CNPM\\App\\backend\\logs\\app_20260621_223905.log')}
2026-06-21 22:42:15,749 - watchfiles.main - DEBUG - 1 change detected: {(<Change.modified: 2>, 'C:\\Users\\Asus vivobook\\CNPM\\App\\backend\\logs\\app_20260621_223905.log')}
2026-06-21 22:42:16,165 - watchfiles.main - DEBUG - 1 change detected: {(<Change.modified: 2>, 'C:\\Users\\Asus vivobook\\CNPM\\App\\backend\\logs\\app_20260621_223905.log')}
2026-06-21 22:42:16,580 - watchfiles.main - DEBUG - 1 change detected: {(<Change.modified: 2>, 'C:\\Users\\Asus vivobook\\CNPM\\App\\backend\\logs\\app_20260621_223905.log')}
2026-06-21 22:42:16,934 - watchfiles.main - DEBUG - 1 change detected: {(<Change.modified: 2>, 'C:\\Users\\Asus vivobook\\CNPM\\App\\backend\\logs\\app_20260621_223905.log')}
2026-06-21 22:42:17,351 - watchfiles.main - DEBUG - 1 change detected: {(<Change.modified: 2>, 'C:\\Users\\Asus vivobook\\CNPM\\App\\backend\\logs\\app_20260621_223905.log')}
2026-06-21 22:42:17,757 - watchfiles.main - DEBUG - 1 change detected: {(<Change.modified: 2>, 'C:\\Users\\Asus vivobook\\CNPM\\App\\backend\\logs\\app_20260621_223905.log')}
2026-06-21 22:42:18,167 - watchfiles.main - DEBUG - 1 change detected: {(<Change.modified: 2>, 'C:\\Users\\Asus vivobook\\CNPM\\App\\backend\\logs\\app_20260621_223905.log')}
2026-06-21 22:42:18,581 - watchfiles.main - DEBUG - 1 change detected: {(<Change.modified: 2>, 'C:\\Users\\Asus vivobook\\CNPM\\App\\backend\\logs\\app_20260621_223905.log')}
2026-06-21 22:42:18,992 - watchfiles.main - DEBUG - 1 change detected: {(<Change.modified: 2>, 'C:\\Users\\Asus vivobook\\CNPM\\App\\backend\\logs\\app_20260621_223905.log')}
2026-06-21 22:42:19,400 - watchfiles.main - DEBUG - 1 change detected: {(<Change.modified: 2>, 'C:\\Users\\Asus vivobook\\CNPM\\App\\backend\\logs\\app_20260621_223905.log')}
2026-06-21 22:42:19,807 - watchfiles.main - DEBUG - 1 change detected: {(<Change.modified: 2>, 'C:\\Users\\Asus vivobook\\CNPM\\App\\backend\\logs\\app_20260621_223905.log')}
2026-06-21 22:42:20,214 - watchfiles.main - DEBUG - 1 change detected: {(<Change.modified: 2>, 'C:\\Users\\Asus vivobook\\CNPM\\App\\backend\\logs\\app_20260621_223905.log')}
2026-06-21 22:42:20,625 - watchfiles.main - DEBUG - 1 change detected: {(<Change.modified: 2>, 'C:\\Users\\Asus vivobook\\CNPM\\App\\backend\\logs\\app_20260621_223905.log')}
2026-06-21 22:42:21,042 - watchfiles.main - DEBUG - 1 change detected: {(<Change.modified: 2>, 'C:\\Users\\Asus vivobook\\CNPM\\App\\backend\\logs\\app_20260621_223905.log')}
2026-06-21 22:42:21,405 - watchfiles.main - DEBUG - 1 change detected: {(<Change.modified: 2>, 'C:\\Users\\Asus vivobook\\CNPM\\App\\backend\\logs\\app_20260621_223905.log')}
2026-06-21 22:42:21,817 - watchfiles.main - DEBUG - 1 change detected: {(<Change.modified: 2>, 'C:\\Users\\Asus vivobook\\CNPM\\App\\backend\\logs\\app_20260621_223905.log')}
2026-06-21 22:42:22,233 - watchfiles.main - DEBUG - 1 change detected: {(<Change.modified: 2>, 'C:\\Users\\Asus vivobook\\CNPM\\App\\backend\\logs\\app_20260621_223905.log')}
2026-06-21 22:42:22,641 - watchfiles.main - DEBUG - 1 change detected: {(<Change.modified: 2>, 'C:\\Users\\Asus vivobook\\CNPM\\App\\backend\\logs\\app_20260621_223905.log')}
2026-06-21 22:42:23,050 - watchfiles.main - DEBUG - 1 change detected: {(<Change.modified: 2>, 'C:\\Users\\Asus vivobook\\CNPM\\App\\backend\\logs\\app_20260621_223905.log')}
2026-06-21 22:42:23,414 - watchfiles.main - DEBUG - 1 change detected: {(<Change.modified: 2>, 'C:\\Users\\Asus vivobook\\CNPM\\App\\backend\\logs\\app_20260621_223905.log')}
2026-06-21 22:42:23,870 - watchfiles.main - DEBUG - 1 change detected: {(<Change.modified: 2>, 'C:\\Users\\Asus vivobook\\CNPM\\App\\backend\\logs\\app_20260621_223905.log')}
2026-06-21 22:42:24,283 - watchfiles.main - DEBUG - 1 change detected: {(<Change.modified: 2>, 'C:\\Users\\Asus vivobook\\CNPM\\App\\backend\\logs\\app_20260621_223905.log')}
2026-06-21 22:42:24,702 - watchfiles.main - DEBUG - 1 change detected: {(<Change.modified: 2>, 'C:\\Users\\Asus vivobook\\CNPM\\App\\backend\\logs\\app_20260621_223905.log')}
2026-06-21 22:42:25,114 - watchfiles.main - DEBUG - 1 change detected: {(<Change.modified: 2>, 'C:\\Users\\Asus vivobook\\CNPM\\App\\backend\\logs\\app_20260621_223905.log')}
2026-06-21 22:42:25,521 - watchfiles.main - DEBUG - 1 change detected: {(<Change.modified: 2>, 'C:\\Users\\Asus vivobook\\CNPM\\App\\backend\\logs\\app_20260621_223905.log')}
2026-06-21 22:42:25,927 - watchfiles.main - DEBUG - 1 change detected: {(<Change.modified: 2>, 'C:\\Users\\Asus vivobook\\CNPM\\App\\backend\\logs\\app_20260621_223905.log')}
2026-06-21 22:42:26,332 - watchfiles.main - DEBUG - 1 change detected: {(<Change.modified: 2>, 'C:\\Users\\Asus vivobook\\CNPM\\App\\backend\\logs\\app_20260621_223905.log')}
2026-06-21 22:42:26,750 - watchfiles.main - DEBUG - 1 change detected: {(<Change.modified: 2>, 'C:\\Users\\Asus vivobook\\CNPM\\App\\backend\\logs\\app_20260621_223905.log')}
2026-06-21 22:42:27,152 - watchfiles.main - DEBUG - 1 change detected: {(<Change.modified: 2>, 'C:\\Users\\Asus vivobook\\CNPM\\App\\backend\\logs\\app_20260621_223905.log')}
2026-06-21 22:42:27,558 - watchfiles.main - DEBUG - 1 change detected: {(<Change.modified: 2>, 'C:\\Users\\Asus vivobook\\CNPM\\App\\backend\\logs\\app_20260621_223905.log')}
2026-06-21 22:42:27,963 - watchfiles.main - DEBUG - 1 change detected: {(<Change.modified: 2>, 'C:\\Users\\Asus vivobook\\CNPM\\App\\backend\\logs\\app_20260621_223905.log')}
2026-06-21 22:42:28,372 - watchfiles.main - DEBUG - 1 change detected: {(<Change.modified: 2>, 'C:\\Users\\Asus vivobook\\CNPM\\App\\backend\\logs\\app_20260621_223905.log')}
2026-06-21 22:42:28,775 - watchfiles.main - DEBUG - 1 change detected: {(<Change.modified: 2>, 'C:\\Users\\Asus vivobook\\CNPM\\App\\backend\\logs\\app_20260621_223905.log')}
2026-06-21 22:42:29,186 - watchfiles.main - DEBUG - 1 change detected: {(<Change.modified: 2>, 'C:\\Users\\Asus vivobook\\CNPM\\App\\backend\\logs\\app_20260621_223905.log')}
2026-06-21 22:42:29,594 - watchfiles.main - DEBUG - 1 change detected: {(<Change.modified: 2>, 'C:\\Users\\Asus vivobook\\CNPM\\App\\backend\\logs\\app_20260621_223905.log')}
2026-06-21 22:42:30,009 - watchfiles.main - DEBUG - 1 change detected: {(<Change.modified: 2>, 'C:\\Users\\Asus vivobook\\CNPM\\App\\backend\\logs\\app_20260621_223905.log')}
2026-06-21 22:42:30,419 - watchfiles.main - DEBUG - 1 change detected: {(<Change.modified: 2>, 'C:\\Users\\Asus vivobook\\CNPM\\App\\backend\\logs\\app_20260621_223905.log')}
2026-06-21 22:42:30,821 - watchfiles.main - DEBUG - 1 change detected: {(<Change.modified: 2>, 'C:\\Users\\Asus vivobook\\CNPM\\App\\backend\\logs\\app_20260621_223905.log')}
2026-06-21 22:42:31,229 - watchfiles.main - DEBUG - 1 change detected: {(<Change.modified: 2>, 'C:\\Users\\Asus vivobook\\CNPM\\App\\backend\\logs\\app_20260621_223905.log')}
2026-06-21 22:42:31,634 - watchfiles.main - DEBUG - 1 change detected: {(<Change.modified: 2>, 'C:\\Users\\Asus vivobook\\CNPM\\App\\backend\\logs\\app_20260621_223905.log')}
2026-06-21 22:42:32,039 - watchfiles.main - DEBUG - 1 change detected: {(<Change.modified: 2>, 'C:\\Users\\Asus vivobook\\CNPM\\App\\backend\\logs\\app_20260621_223905.log')}
2026-06-21 22:42:32,453 - watchfiles.main - DEBUG - 1 change detected: {(<Change.modified: 2>, 'C:\\Users\\Asus vivobook\\CNPM\\App\\backend\\logs\\app_20260621_223905.log')}
2026-06-21 22:42:32,868 - watchfiles.main - DEBUG - 1 change detected: {(<Change.modified: 2>, 'C:\\Users\\Asus vivobook\\CNPM\\App\\backend\\logs\\app_20260621_223905.log')}
2026-06-21 22:42:33,270 - watchfiles.main - DEBUG - 1 change detected: {(<Change.modified: 2>, 'C:\\Users\\Asus vivobook\\CNPM\\App\\backend\\logs\\app_20260621_223905.log')}
2026-06-21 22:42:33,673 - watchfiles.main - DEBUG - 1 change detected: {(<Change.modified: 2>, 'C:\\Users\\Asus vivobook\\CNPM\\App\\backend\\logs\\app_20260621_223905.log')}
2026-06-21 22:42:34,076 - watchfiles.main - DEBUG - 1 change detected: {(<Change.modified: 2>, 'C:\\Users\\Asus vivobook\\CNPM\\App\\backend\\logs\\app_20260621_223905.log')}
2026-06-21 22:42:34,488 - watchfiles.main - DEBUG - 1 change detected: {(<Change.modified: 2>, 'C:\\Users\\Asus vivobook\\CNPM\\App\\backend\\logs\\app_20260621_223905.log')}
2026-06-21 22:42:34,894 - watchfiles.main - DEBUG - 1 change detected: {(<Change.modified: 2>, 'C:\\Users\\Asus vivobook\\CNPM\\App\\backend\\logs\\app_20260621_223905.log')}
2026-06-21 22:42:35,249 - watchfiles.main - DEBUG - 1 change detected: {(<Change.modified: 2>, 'C:\\Users\\Asus vivobook\\CNPM\\App\\backend\\logs\\app_20260621_223905.log')}
