2026-06-21 22:39:07,272 - main - INFO - === Logging system initialized ===
2026-06-21 22:39:07,272 - main - INFO - Log file: logs/app_20260621_223907.log
2026-06-21 22:39:07,272 - main - INFO - Log level: INFO
2026-06-21 22:39:07,272 - main - INFO - Timestamp: 20260621_223907
2026-06-21 22:39:07,739 - main - INFO - Included router: routers.aihub.router
2026-06-21 22:39:07,739 - main - INFO - Included router: routers.auth.router
2026-06-21 22:39:07,764 - main - INFO - Included router: routers.disease_drug_mappings.router
2026-06-21 22:39:07,777 - main - INFO - Included router: routers.diseases.router
2026-06-21 22:39:07,807 - main - INFO - Included router: routers.drugs.router
2026-06-21 22:39:07,808 - main - INFO - Included router: routers.health.router
2026-06-21 22:39:07,811 - main - INFO - Included router: routers.openfda.router
2026-06-21 22:39:07,816 - main - INFO - Included router: routers.predict.router
2026-06-21 22:39:07,832 - main - INFO - Included router: routers.prediction_histories.router
2026-06-21 22:39:07,839 - main - INFO - Included router: routers.settings.router
2026-06-21 22:39:07,855 - main - INFO - Included router: routers.storage.router
2026-06-21 22:39:07,858 - main - INFO - Included router: routers.user.router
2026-06-21 22:39:07,859 - main - INFO - === Application startup initiated ===
2026-06-21 22:39:07,859 - services.database - DEBUG - [DB_OP] Starting database initialization
2026-06-21 22:39:07,859 - services.database - INFO - Starting database initialization...
2026-06-21 22:39:07,859 - core.database - INFO - Starting database initialization...
2026-06-21 22:39:07,859 - core.config - DEBUG - Read dynamic attribute database_url from environment variable DATABASE_URL
2026-06-21 22:39:07,860 - core.database - INFO - Creating database engine: mssql+pymssql://sa:123456@localhost:1433/medipredict
2026-06-21 22:39:12,162 - core.database - INFO - Database 'medipredict' not found, attempting to create it...
2026-06-21 22:39:16,292 - core.database - WARNING - Could not create database 'medipredict': (pymssql.exceptions.OperationalError) (20009, b'DB-Lib error message 20009, severity 9:\nUnable to connect: Adaptive Server is unavailable or does not exist (localhost)\nNet-Lib error during Unknown error (10061)\nDB-Lib error message 20009, severity 9:\nUnable to connect: Adaptive Server is unavailable or does not exist (localhost)\nNet-Lib error during Unknown error (10061)\n')
(Background on this error at: https://sqlalche.me/e/20/e3q8)
2026-06-21 22:39:20,348 - core.database - WARNING - Failed to create database engine: (pymssql.exceptions.OperationalError) (20009, b'DB-Lib error message 20009, severity 9:\nUnable to connect: Adaptive Server is unavailable or does not exist (localhost)\nNet-Lib error during Unknown error (10061)\nDB-Lib error message 20009, severity 9:\nUnable to connect: Adaptive Server is unavailable or does not exist (localhost)\nNet-Lib error during Unknown error (10061)\n')
(Background on this error at: https://sqlalche.me/e/20/e3q8)
2026-06-21 22:39:20,348 - core.database - WARNING - SQL Server unavailable, falling back to SQLite...
2026-06-21 22:39:20,348 - core.database - INFO - Using SQLite fallback database: sqlite:///C:/Users/Asus vivobook/CNPM/App/backend/medipredict.db
2026-06-21 22:39:20,348 - core.database - INFO - Creating database engine: sqlite:///C:/Users/Asus vivobook/CNPM/App/backend/medipredict.db
2026-06-21 22:39:20,479 - core.database - INFO - Database engine and session maker created successfully
2026-06-21 22:39:20,479 - services.database - INFO - Database connection initialized, now creating tables if tables not exist...
2026-06-21 22:39:20,479 - core.database - DEBUG - [DB_OP] Starting create_tables
2026-06-21 22:39:20,479 - core.database - INFO - Starting table creation...
2026-06-21 22:39:20,579 - core.database - INFO - Tables initialized successfully
2026-06-21 22:39:20,585 - core.database - DEBUG - [DB_OP] Create tables completed in 0.1058s
2026-06-21 22:39:20,585 - services.database - INFO - Table creation completed
2026-06-21 22:39:20,585 - services.database - INFO - Database initialized successfully
2026-06-21 22:39:20,585 - services.database - DEBUG - [DB_OP] Database initialization completed in 12.7252s
2026-06-21 22:39:20,585 - services.mock_data - INFO - Processing mock data file disease_drug_mappings.json for table disease_drug_mappings
2026-06-21 22:39:20,607 - services.mock_data - INFO - Inserted 12 mock records into disease_drug_mappings
2026-06-21 22:39:20,613 - services.mock_data - INFO - Processing mock data file diseases.json for table diseases
2026-06-21 22:39:20,630 - services.mock_data - INFO - Inserted 6 mock records into diseases
2026-06-21 22:39:20,636 - services.mock_data - INFO - Processing mock data file drugs.json for table drugs
2026-06-21 22:39:20,647 - services.mock_data - INFO - Inserted 8 mock records into drugs
2026-06-21 22:39:20,657 - services.database - DEBUG - [DB_OP] Starting database initialization
2026-06-21 22:39:20,657 - services.database - INFO - Starting database initialization...
2026-06-21 22:39:20,657 - core.database - INFO - Starting database initialization...
2026-06-21 22:39:20,657 - core.database - INFO - Database already initialized
2026-06-21 22:39:20,657 - services.database - INFO - Database connection initialized, now creating tables if tables not exist...
2026-06-21 22:39:20,657 - core.database - DEBUG - [DB_OP] Starting create_tables
2026-06-21 22:39:20,657 - core.database - INFO - Tables already initialized
2026-06-21 22:39:20,657 - services.database - INFO - Table creation completed
2026-06-21 22:39:20,657 - services.database - INFO - Database initialized successfully
2026-06-21 22:39:20,657 - services.database - DEBUG - [DB_OP] Database initialization completed in 0.0000s
2026-06-21 22:39:20,657 - core.config - DEBUG - Read dynamic attribute admin_user_id from environment variable ADMIN_USER_ID
2026-06-21 22:39:20,657 - core.config - DEBUG - Read dynamic attribute admin_user_email from environment variable ADMIN_USER_EMAIL
2026-06-21 22:39:20,680 - passlib.handlers.bcrypt - WARNING - (trapped) error reading bcrypt version
Traceback (most recent call last):
  File "C:\Users\Asus vivobook\CNPM\App\backend\venv\Lib\site-packages\passlib\handlers\bcrypt.py", line 620, in _load_backend_mixin
    version = _bcrypt.__about__.__version__
              ^^^^^^^^^^^^^^^^^
AttributeError: module 'bcrypt' has no attribute '__about__'
2026-06-21 22:39:20,680 - passlib.handlers.bcrypt - DEBUG - detected 'bcrypt' backend, version '<unknown>'
2026-06-21 22:39:20,680 - passlib.handlers.bcrypt - DEBUG - 'bcrypt' backend lacks $2$ support, enabling workaround
2026-06-21 22:39:21,143 - services.auth - DEBUG - Created admin user: admin with email: admin@example.com
2026-06-21 22:39:21,144 - main - INFO - === Application startup completed successfully ===
2026-06-21 22:41:53,537 - routers.diseases - DEBUG - Querying diseasess: query=None, sort=None, skip=0, limit=20, fields=None
2026-06-21 22:41:53,550 - routers.diseases - DEBUG - Found 6 diseasess
2026-06-21 22:42:16,575 - routers.predict - INFO - Prediction request: symptoms=đau bung, disease_name=ung thư
2026-06-21 22:42:16,578 - core.config - DEBUG - Read dynamic attribute app_ai_base_url from environment variable APP_AI_BASE_URL
2026-06-21 22:42:16,578 - services.aihub - ERROR - gentxt error: AI service not configured. Set APP_AI_BASE_URL and APP_AI_KEY.
2026-06-21 22:42:16,578 - routers.predict - WARNING - AI prediction failed, using fallback matching: AI service not configured. Set APP_AI_BASE_URL and APP_AI_KEY.
2026-06-21 22:42:21,773 - routers.drugs - DEBUG - Querying drugss: query=None, sort=None, skip=0, limit=100, fields=None
2026-06-21 22:42:21,775 - routers.drugs - DEBUG - Found 8 drugss
2026-06-21 22:42:22,996 - routers.diseases - DEBUG - Querying diseasess: query=None, sort=None, skip=0, limit=20, fields=None
2026-06-21 22:42:22,997 - routers.diseases - DEBUG - Found 6 diseasess
2026-06-21 22:42:23,966 - routers.diseases - DEBUG - Querying diseasess: query=None, sort=None, skip=0, limit=20, fields=None
2026-06-21 22:42:23,968 - routers.diseases - DEBUG - Found 6 diseasess
