2026-06-22 02:25:07,973 - main - INFO - === Logging system initialized ===
2026-06-22 02:25:07,973 - main - INFO - Log file: logs/app_20260622_022507.log
2026-06-22 02:25:07,973 - main - INFO - Log level: INFO
2026-06-22 02:25:07,973 - main - INFO - Timestamp: 20260622_022507
2026-06-22 02:25:08,538 - main - INFO - Included router: routers.aihub.router
2026-06-22 02:25:08,547 - main - INFO - Included router: routers.auth.router
2026-06-22 02:25:08,566 - main - INFO - Included router: routers.disease_drug_mappings.router
2026-06-22 02:25:08,585 - main - INFO - Included router: routers.diseases.router
2026-06-22 02:25:08,615 - main - INFO - Included router: routers.drugs.router
2026-06-22 02:25:08,616 - main - INFO - Included router: routers.health.router
2026-06-22 02:25:08,623 - main - INFO - Included router: routers.openfda.router
2026-06-22 02:25:08,630 - main - INFO - Included router: routers.predict.router
2026-06-22 02:25:08,655 - main - INFO - Included router: routers.prediction_histories.router
2026-06-22 02:25:08,663 - main - INFO - Included router: routers.settings.router
2026-06-22 02:25:08,682 - main - INFO - Included router: routers.storage.router
2026-06-22 02:25:08,687 - main - INFO - Included router: routers.user.router
2026-06-22 02:25:08,693 - main - INFO - Included router: routers.user_saved_drugs.router
2026-06-22 02:25:08,693 - main - INFO - === Application startup initiated ===
2026-06-22 02:25:08,693 - services.database - DEBUG - [DB_OP] Starting database initialization
2026-06-22 02:25:08,693 - services.database - INFO - Starting database initialization...
2026-06-22 02:25:08,693 - core.database - INFO - Starting database initialization...
2026-06-22 02:25:08,693 - core.config - DEBUG - Read dynamic attribute database_url from environment variable DATABASE_URL
2026-06-22 02:25:08,694 - core.database - INFO - Creating database engine: mssql+pymssql://sa:123456@localhost:1433/medipredict
2026-06-22 02:25:08,969 - core.database - INFO - Database engine and session maker created successfully
2026-06-22 02:25:08,971 - services.database - INFO - Database connection initialized, now creating tables if tables not exist...
2026-06-22 02:25:08,971 - core.database - DEBUG - [DB_OP] Starting create_tables
2026-06-22 02:25:08,971 - core.database - INFO - Starting table creation...
2026-06-22 02:25:09,128 - core.database - INFO - Tables initialized successfully
2026-06-22 02:25:09,129 - core.database - DEBUG - [DB_OP] Create tables completed in 0.1581s
2026-06-22 02:25:09,129 - services.database - INFO - Table creation completed
2026-06-22 02:25:09,129 - services.database - INFO - Database initialized successfully
2026-06-22 02:25:09,129 - services.database - DEBUG - [DB_OP] Database initialization completed in 0.4357s
2026-06-22 02:25:09,129 - services.mock_data - INFO - Processing mock data file disease_drug_mappings.json for table disease_drug_mappings
2026-06-22 02:25:10,947 - services.mock_data - INFO - Inserted 648 mock records into disease_drug_mappings
2026-06-22 02:25:10,950 - services.mock_data - INFO - Processing mock data file diseases.json for table diseases
2026-06-22 02:25:12,469 - services.mock_data - INFO - Table diseases already has 225 rows; skipping mock insert
2026-06-22 02:25:12,471 - services.mock_data - INFO - Processing mock data file drugs.json for table drugs
2026-06-22 02:25:14,046 - services.mock_data - INFO - Inserted 224 mock records into drugs
2026-06-22 02:25:14,049 - services.database - DEBUG - [DB_OP] Starting database initialization
2026-06-22 02:25:14,049 - services.database - INFO - Starting database initialization...
2026-06-22 02:25:14,049 - core.database - INFO - Starting database initialization...
2026-06-22 02:25:14,049 - core.database - INFO - Database already initialized
2026-06-22 02:25:14,049 - services.database - INFO - Database connection initialized, now creating tables if tables not exist...
2026-06-22 02:25:14,049 - core.database - DEBUG - [DB_OP] Starting create_tables
2026-06-22 02:25:14,049 - core.database - INFO - Tables already initialized
2026-06-22 02:25:14,050 - services.database - INFO - Table creation completed
2026-06-22 02:25:14,050 - services.database - INFO - Database initialized successfully
2026-06-22 02:25:14,050 - services.database - DEBUG - [DB_OP] Database initialization completed in 0.0010s
2026-06-22 02:25:14,050 - core.config - DEBUG - Read dynamic attribute admin_user_id from environment variable ADMIN_USER_ID
2026-06-22 02:25:14,050 - core.config - DEBUG - Read dynamic attribute admin_user_email from environment variable ADMIN_USER_EMAIL
2026-06-22 02:25:14,060 - main - INFO - === Application startup completed successfully ===
