2026-06-21 23:33:50,670 - main - INFO - === Logging system initialized ===
2026-06-21 23:33:50,671 - main - INFO - Log file: logs/app_20260621_233350.log
2026-06-21 23:33:50,671 - main - INFO - Log level: INFO
2026-06-21 23:33:50,671 - main - INFO - Timestamp: 20260621_233350
2026-06-21 23:33:51,176 - main - INFO - Included router: routers.aihub.router
2026-06-21 23:33:51,186 - main - INFO - Included router: routers.auth.router
2026-06-21 23:33:51,205 - main - INFO - Included router: routers.disease_drug_mappings.router
2026-06-21 23:33:51,225 - main - INFO - Included router: routers.diseases.router
2026-06-21 23:33:51,253 - main - INFO - Included router: routers.drugs.router
2026-06-21 23:33:51,254 - main - INFO - Included router: routers.health.router
2026-06-21 23:33:51,259 - main - INFO - Included router: routers.openfda.router
2026-06-21 23:33:51,263 - main - INFO - Included router: routers.predict.router
2026-06-21 23:33:51,285 - main - INFO - Included router: routers.prediction_histories.router
2026-06-21 23:33:51,293 - main - INFO - Included router: routers.settings.router
2026-06-21 23:33:51,309 - main - INFO - Included router: routers.storage.router
2026-06-21 23:33:51,313 - main - INFO - Included router: routers.user.router
2026-06-21 23:33:51,322 - main - INFO - Included router: routers.user_saved_drugs.router
2026-06-21 23:33:51,325 - asyncio - DEBUG - Using proactor: IocpProactor
2026-06-21 23:33:51,352 - main - INFO - === Application startup initiated ===
2026-06-21 23:33:51,352 - services.database - DEBUG - [DB_OP] Starting database initialization
2026-06-21 23:33:51,352 - services.database - INFO - Starting database initialization...
2026-06-21 23:33:51,353 - core.database - INFO - Starting database initialization...
2026-06-21 23:33:51,353 - core.config - DEBUG - Read dynamic attribute database_url from environment variable DATABASE_URL
2026-06-21 23:33:51,353 - core.database - INFO - Creating database engine: mssql+pymssql://sa:123456@localhost:1433/medipredict
2026-06-21 23:33:51,651 - core.database - INFO - Database engine and session maker created successfully
2026-06-21 23:33:51,651 - services.database - INFO - Database connection initialized, now creating tables if tables not exist...
2026-06-21 23:33:51,651 - core.database - DEBUG - [DB_OP] Starting create_tables
2026-06-21 23:33:51,651 - core.database - INFO - Starting table creation...
2026-06-21 23:33:51,783 - core.database - INFO - Tables initialized successfully
2026-06-21 23:33:51,783 - core.database - DEBUG - [DB_OP] Create tables completed in 0.1329s
2026-06-21 23:33:51,784 - services.database - INFO - Table creation completed
2026-06-21 23:33:51,784 - services.database - INFO - Database initialized successfully
2026-06-21 23:33:51,784 - services.database - DEBUG - [DB_OP] Database initialization completed in 0.4325s
2026-06-21 23:33:51,784 - services.mock_data - INFO - Processing mock data file disease_drug_mappings.json for table disease_drug_mappings
2026-06-21 23:33:53,456 - services.mock_data - INFO - Inserted 210 mock records into disease_drug_mappings
2026-06-21 23:33:53,458 - services.mock_data - INFO - Processing mock data file diseases.json for table diseases
2026-06-21 23:33:54,859 - services.mock_data - INFO - Table diseases already has 70 rows; skipping mock insert
2026-06-21 23:33:54,861 - services.mock_data - INFO - Processing mock data file drugs.json for table drugs
2026-06-21 23:33:56,578 - services.mock_data - INFO - Inserted 200 mock records into drugs
2026-06-21 23:33:56,582 - services.database - DEBUG - [DB_OP] Starting database initialization
2026-06-21 23:33:56,582 - services.database - INFO - Starting database initialization...
2026-06-21 23:33:56,582 - core.database - INFO - Starting database initialization...
2026-06-21 23:33:56,583 - core.database - INFO - Database already initialized
2026-06-21 23:33:56,583 - services.database - INFO - Database connection initialized, now creating tables if tables not exist...
2026-06-21 23:33:56,583 - core.database - DEBUG - [DB_OP] Starting create_tables
2026-06-21 23:33:56,583 - core.database - INFO - Tables already initialized
2026-06-21 23:33:56,583 - services.database - INFO - Table creation completed
2026-06-21 23:33:56,583 - services.database - INFO - Database initialized successfully
2026-06-21 23:33:56,583 - services.database - DEBUG - [DB_OP] Database initialization completed in 0.0011s
2026-06-21 23:33:56,583 - core.config - DEBUG - Read dynamic attribute admin_user_id from environment variable ADMIN_USER_ID
2026-06-21 23:33:56,583 - core.config - DEBUG - Read dynamic attribute admin_user_email from environment variable ADMIN_USER_EMAIL
2026-06-21 23:33:56,595 - main - INFO - === Application startup completed successfully ===
