2026-06-22 11:10:47,318 - main - INFO - === Logging system initialized ===
2026-06-22 11:10:47,318 - main - INFO - Log file: logs/app_20260622_111047.log
2026-06-22 11:10:47,318 - main - INFO - Log level: INFO
2026-06-22 11:10:47,318 - main - INFO - Timestamp: 20260622_111047
2026-06-22 11:10:47,816 - main - INFO - Included router: routers.aihub.router
2026-06-22 11:10:47,823 - main - INFO - Included router: routers.auth.router
2026-06-22 11:10:47,836 - main - INFO - Included router: routers.disease_drug_mappings.router
2026-06-22 11:10:47,852 - main - INFO - Included router: routers.diseases.router
2026-06-22 11:10:47,874 - main - INFO - Included router: routers.drugs.router
2026-06-22 11:10:47,874 - main - INFO - Included router: routers.health.router
2026-06-22 11:10:47,880 - main - INFO - Included router: routers.openfda.router
2026-06-22 11:10:47,883 - main - INFO - Included router: routers.predict.router
2026-06-22 11:10:47,899 - main - INFO - Included router: routers.prediction_histories.router
2026-06-22 11:10:47,907 - main - INFO - Included router: routers.settings.router
2026-06-22 11:10:47,921 - main - INFO - Included router: routers.storage.router
2026-06-22 11:10:47,925 - main - INFO - Included router: routers.user.router
2026-06-22 11:10:47,929 - main - INFO - Included router: routers.user_saved_drugs.router
2026-06-22 11:10:47,930 - main - INFO - === Application startup initiated ===
2026-06-22 11:10:47,930 - services.database - DEBUG - [DB_OP] Starting database initialization
2026-06-22 11:10:47,930 - services.database - INFO - Starting database initialization...
2026-06-22 11:10:47,930 - core.database - INFO - Starting database initialization...
2026-06-22 11:10:47,930 - core.config - DEBUG - Read dynamic attribute database_url from environment variable DATABASE_URL
2026-06-22 11:10:47,930 - core.database - INFO - Creating database engine: mssql+pymssql://sa:123456@localhost:1433/medipredict
2026-06-22 11:10:48,149 - core.database - INFO - Database engine and session maker created successfully
2026-06-22 11:10:48,149 - services.database - INFO - Database connection initialized, now creating tables if tables not exist...
2026-06-22 11:10:48,149 - core.database - DEBUG - [DB_OP] Starting create_tables
2026-06-22 11:10:48,149 - core.database - INFO - Starting table creation...
2026-06-22 11:10:48,259 - core.database - INFO - Tables initialized successfully
2026-06-22 11:10:48,259 - core.database - DEBUG - [DB_OP] Create tables completed in 0.1096s
2026-06-22 11:10:48,260 - services.database - INFO - Table creation completed
2026-06-22 11:10:48,260 - services.database - INFO - Database initialized successfully
2026-06-22 11:10:48,260 - services.database - DEBUG - [DB_OP] Database initialization completed in 0.3302s
2026-06-22 11:10:48,260 - services.mock_data - INFO - Processing mock data file disease_drug_mappings.json for table disease_drug_mappings
2026-06-22 11:10:48,274 - services.mock_data - INFO - Table disease_drug_mappings already has 648 rows (ORM check); skipping
2026-06-22 11:10:48,275 - services.mock_data - INFO - Processing mock data file diseases.json for table diseases
2026-06-22 11:10:48,285 - services.mock_data - INFO - Table diseases already has 216 rows (ORM check); skipping
2026-06-22 11:10:48,286 - services.mock_data - INFO - Processing mock data file drugs.json for table drugs
2026-06-22 11:10:48,293 - services.mock_data - INFO - Table drugs already has 224 rows (ORM check); skipping
2026-06-22 11:10:48,294 - services.database - DEBUG - [DB_OP] Starting database initialization
2026-06-22 11:10:48,294 - services.database - INFO - Starting database initialization...
2026-06-22 11:10:48,294 - core.database - INFO - Starting database initialization...
2026-06-22 11:10:48,294 - core.database - INFO - Database already initialized
2026-06-22 11:10:48,296 - services.database - INFO - Database connection initialized, now creating tables if tables not exist...
2026-06-22 11:10:48,296 - core.database - DEBUG - [DB_OP] Starting create_tables
2026-06-22 11:10:48,296 - core.database - INFO - Tables already initialized
2026-06-22 11:10:48,296 - services.database - INFO - Table creation completed
2026-06-22 11:10:48,296 - services.database - INFO - Database initialized successfully
2026-06-22 11:10:48,296 - services.database - DEBUG - [DB_OP] Database initialization completed in 0.0015s
2026-06-22 11:10:48,296 - core.config - DEBUG - Read dynamic attribute admin_user_id from environment variable ADMIN_USER_ID
2026-06-22 11:10:48,296 - core.config - DEBUG - Read dynamic attribute admin_user_email from environment variable ADMIN_USER_EMAIL
2026-06-22 11:10:48,300 - main - INFO - === Application startup completed successfully ===
2026-06-22 11:10:51,310 - core.config - DEBUG - Read dynamic attribute jwt_secret_key from environment variable JWT_SECRET_KEY
2026-06-22 11:10:51,310 - core.config - DEBUG - Read dynamic attribute jwt_algorithm from environment variable JWT_ALGORITHM
2026-06-22 11:10:51,322 - core.auth - DEBUG - Authentication token validated for user hash: 19086cc0
2026-06-22 11:10:51,336 - routers.diseases - DEBUG - Querying diseasess: query=None, sort=None, skip=0, limit=1000, fields=None
2026-06-22 11:10:51,351 - routers.diseases - DEBUG - Found 216 diseasess
2026-06-22 11:10:52,840 - core.auth - DEBUG - Authentication token validated for user hash: 19086cc0
2026-06-22 11:10:55,618 - routers.diseases - DEBUG - Querying diseasess: query=None, sort=None, skip=0, limit=1000, fields=None
2026-06-22 11:10:55,625 - routers.diseases - DEBUG - Found 216 diseasess
2026-06-22 11:10:56,676 - core.auth - DEBUG - Authentication token validated for user hash: 19086cc0
2026-06-22 11:10:56,684 - routers.drugs - DEBUG - Querying drugss: query=None, sort=None, skip=0, limit=1000, fields=None
2026-06-22 11:10:56,726 - routers.drugs - DEBUG - Found 224 drugss
2026-06-22 11:10:57,943 - core.auth - DEBUG - Authentication token validated for user hash: 19086cc0
2026-06-22 11:10:58,263 - routers.drugs - DEBUG - Fetching drugs with id: 224, fields=None
2026-06-22 11:10:58,698 - httpcore.connection - DEBUG - connect_tcp.started host='api.fda.gov' port=443 local_address=None timeout=30.0 socket_options=None
2026-06-22 11:10:59,015 - httpcore.connection - DEBUG - connect_tcp.complete return_value=<httpcore._backends.anyio.AnyIOStream object at 0x000002244B47FFD0>
2026-06-22 11:10:59,015 - httpcore.connection - DEBUG - start_tls.started ssl_context=<ssl.SSLContext object at 0x000002244BD78200> server_hostname='api.fda.gov' timeout=30.0
2026-06-22 11:10:59,446 - httpcore.connection - DEBUG - start_tls.complete return_value=<httpcore._backends.anyio.AnyIOStream object at 0x000002244B404490>
2026-06-22 11:10:59,446 - httpcore.http11 - DEBUG - send_request_headers.started request=<Request [b'GET']>
2026-06-22 11:10:59,448 - httpcore.http11 - DEBUG - send_request_headers.complete
2026-06-22 11:10:59,448 - httpcore.http11 - DEBUG - send_request_body.started request=<Request [b'GET']>
2026-06-22 11:10:59,448 - httpcore.http11 - DEBUG - send_request_body.complete
2026-06-22 11:10:59,448 - httpcore.http11 - DEBUG - receive_response_headers.started request=<Request [b'GET']>
2026-06-22 11:10:59,495 - core.auth - DEBUG - Authentication token validated for user hash: 19086cc0
2026-06-22 11:10:59,756 - httpcore.http11 - DEBUG - receive_response_headers.complete return_value=(b'HTTP/1.1', 200, b'OK', [(b'Date', b'Mon, 22 Jun 2026 04:10:58 GMT'), (b'Content-Type', b'application/json; charset=utf-8'), (b'Transfer-Encoding', b'chunked'), (b'Connection', b'keep-alive'), (b'Access-Control-Allow-Credentials', b'true'), (b'Access-Control-Allow-Origin', b'*'), (b'Age', b'0'), (b'Cache-Control', b'no-cache, no-store, must-revalidate'), (b'Content-Encoding', b'gzip'), (b'Content-Security-Policy', b"default-src 'none'"), (b'Etag', b'W/"bda2-//Qzw7cC3v4St0zV9eVtBzKXAFs"'), (b'Link', b'<https://api.fda.gov/drug/label.json?limit=3&skip=0&search=openfda.brand_name%3ACyproheptadine&search_after=0%3D0e43e99b-2e0b-4f55-b93a-a6908634880d>; rel="next"'), (b'Strict-Transport-Security', b'max-age=31536000; includeSubDomains; preload'), (b'Vary', b'Accept-Encoding'), (b'Vary', b'Accept-Encoding'), (b'Via', b'https/1.1 api-umbrella (ApacheTrafficServer [cMsSf ])'), (b'X-Api-Umbrella-Request-Id', b'cutm33s5mkqd39m6h060'), (b'X-Cache', b'MISS'), (b'X-Content-Type-Options', b'nosniff'), (b'X-Ratelimit-Limit', b'240'), (b'X-Ratelimit-Remaining', b'239'), (b'X-Vcap-Request-Id', b'6713a3a7-b7bf-4f01-7db7-d7cec82b6a02'), (b'X-Xss-Protection', b'1; mode=block'), (b'X-Frame-Options', b'deny')])
2026-06-22 11:10:59,757 - httpx - INFO - HTTP Request: GET https://api.fda.gov/drug/label.json?limit=3&skip=0&search=openfda.brand_name%3ACyproheptadine&api_key=cYzhzoHiQdDiwxC3w3smJ5Fp5rlpKudgLVvgrkQ9 "HTTP/1.1 200 OK"
2026-06-22 11:10:59,757 - httpcore.http11 - DEBUG - receive_response_body.started request=<Request [b'GET']>
2026-06-22 11:10:59,758 - httpcore.http11 - DEBUG - receive_response_body.complete
2026-06-22 11:10:59,758 - httpcore.http11 - DEBUG - response_closed.started
2026-06-22 11:10:59,758 - httpcore.http11 - DEBUG - response_closed.complete
2026-06-22 11:10:59,758 - httpcore.connection - DEBUG - close.started
2026-06-22 11:10:59,759 - httpcore.connection - DEBUG - close.complete
2026-06-22 11:11:00,006 - httpcore.connection - DEBUG - connect_tcp.started host='api.fda.gov' port=443 local_address=None timeout=30.0 socket_options=None
2026-06-22 11:11:00,228 - httpcore.connection - DEBUG - connect_tcp.complete return_value=<httpcore._backends.anyio.AnyIOStream object at 0x000002244BE39950>
2026-06-22 11:11:00,228 - httpcore.connection - DEBUG - start_tls.started ssl_context=<ssl.SSLContext object at 0x000002244BD9ABA0> server_hostname='api.fda.gov' timeout=30.0
2026-06-22 11:11:00,523 - core.auth - DEBUG - Authentication token validated for user hash: 19086cc0
2026-06-22 11:11:00,665 - httpcore.connection - DEBUG - start_tls.complete return_value=<httpcore._backends.anyio.AnyIOStream object at 0x000002244BD5E5D0>
2026-06-22 11:11:00,665 - httpcore.http11 - DEBUG - send_request_headers.started request=<Request [b'GET']>
2026-06-22 11:11:00,666 - httpcore.http11 - DEBUG - send_request_headers.complete
2026-06-22 11:11:00,666 - httpcore.http11 - DEBUG - send_request_body.started request=<Request [b'GET']>
2026-06-22 11:11:00,666 - httpcore.http11 - DEBUG - send_request_body.complete
2026-06-22 11:11:00,666 - httpcore.http11 - DEBUG - receive_response_headers.started request=<Request [b'GET']>
2026-06-22 11:11:00,995 - httpcore.http11 - DEBUG - receive_response_headers.complete return_value=(b'HTTP/1.1', 200, b'OK', [(b'Date', b'Mon, 22 Jun 2026 04:10:59 GMT'), (b'Content-Type', b'application/json; charset=utf-8'), (b'Transfer-Encoding', b'chunked'), (b'Connection', b'keep-alive'), (b'Access-Control-Allow-Credentials', b'true'), (b'Access-Control-Allow-Origin', b'*'), (b'Age', b'0'), (b'Cache-Control', b'no-cache, no-store, must-revalidate'), (b'Content-Encoding', b'gzip'), (b'Content-Security-Policy', b"default-src 'none'"), (b'Etag', b'W/"9d7dc-BoRuPSPvTr6qk3vRaMJ+2H+anug"'), (b'Link', b'<https://api.fda.gov/drug/event.json?limit=5&skip=0&search=patient.drug.openfda.brand_name%3ACyproheptadine&search_after=0%3D10083633>; rel="next"'), (b'Strict-Transport-Security', b'max-age=31536000; includeSubDomains; preload'), (b'Vary', b'Accept-Encoding'), (b'Vary', b'Accept-Encoding'), (b'Via', b'https/1.1 api-umbrella (ApacheTrafficServer [cMsSf ])'), (b'X-Api-Umbrella-Request-Id', b'cutm345nhru36gtv695g'), (b'X-Cache', b'MISS'), (b'X-Content-Type-Options', b'nosniff'), (b'X-Ratelimit-Limit', b'240'), (b'X-Ratelimit-Remaining', b'239'), (b'X-Vcap-Request-Id', b'afbb7fad-db62-4320-6e75-655ed17dd2ea'), (b'X-Xss-Protection', b'1; mode=block'), (b'X-Frame-Options', b'deny')])
2026-06-22 11:11:00,996 - httpx - INFO - HTTP Request: GET https://api.fda.gov/drug/event.json?limit=5&skip=0&search=patient.drug.openfda.brand_name%3ACyproheptadine&api_key=cYzhzoHiQdDiwxC3w3smJ5Fp5rlpKudgLVvgrkQ9 "HTTP/1.1 200 OK"
2026-06-22 11:11:00,996 - httpcore.http11 - DEBUG - receive_response_body.started request=<Request [b'GET']>
2026-06-22 11:11:01,696 - httpcore.http11 - DEBUG - receive_response_body.complete
2026-06-22 11:11:01,696 - httpcore.http11 - DEBUG - response_closed.started
2026-06-22 11:11:01,696 - httpcore.http11 - DEBUG - response_closed.complete
2026-06-22 11:11:01,699 - httpcore.connection - DEBUG - close.started
2026-06-22 11:11:01,699 - httpcore.connection - DEBUG - close.complete
2026-06-22 11:11:01,939 - httpcore.connection - DEBUG - connect_tcp.started host='api.fda.gov' port=443 local_address=None timeout=30.0 socket_options=None
2026-06-22 11:11:02,175 - httpcore.connection - DEBUG - connect_tcp.complete return_value=<httpcore._backends.anyio.AnyIOStream object at 0x000002244BF5F890>
2026-06-22 11:11:02,178 - httpcore.connection - DEBUG - start_tls.started ssl_context=<ssl.SSLContext object at 0x000002244BD7BEC0> server_hostname='api.fda.gov' timeout=30.0
2026-06-22 11:11:02,633 - httpcore.connection - DEBUG - start_tls.complete return_value=<httpcore._backends.anyio.AnyIOStream object at 0x000002244BF5F8D0>
2026-06-22 11:11:02,633 - httpcore.http11 - DEBUG - send_request_headers.started request=<Request [b'GET']>
2026-06-22 11:11:02,634 - httpcore.http11 - DEBUG - send_request_headers.complete
2026-06-22 11:11:02,634 - httpcore.http11 - DEBUG - send_request_body.started request=<Request [b'GET']>
2026-06-22 11:11:02,634 - httpcore.http11 - DEBUG - send_request_body.complete
2026-06-22 11:11:02,634 - httpcore.http11 - DEBUG - receive_response_headers.started request=<Request [b'GET']>
2026-06-22 11:11:03,022 - httpcore.http11 - DEBUG - receive_response_headers.complete return_value=(b'HTTP/1.1', 200, b'OK', [(b'Date', b'Mon, 22 Jun 2026 04:11:01 GMT'), (b'Content-Type', b'application/json; charset=utf-8'), (b'Transfer-Encoding', b'chunked'), (b'Connection', b'keep-alive'), (b'Access-Control-Allow-Credentials', b'true'), (b'Access-Control-Allow-Origin', b'*'), (b'Age', b'0'), (b'Cache-Control', b'no-cache, no-store, must-revalidate'), (b'Content-Encoding', b'gzip'), (b'Content-Security-Policy', b"default-src 'none'"), (b'Etag', b'W/"1716-yEi5eH9H20dS7RCd+0UQ+t4ftRg"'), (b'Strict-Transport-Security', b'max-age=31536000; includeSubDomains; preload'), (b'Vary', b'Accept-Encoding'), (b'Vary', b'Accept-Encoding'), (b'Via', b'https/1.1 api-umbrella (ApacheTrafficServer [cMsSf ])'), (b'X-Api-Umbrella-Request-Id', b'cutm34l6nu9g2mtbu1u0'), (b'X-Cache', b'MISS'), (b'X-Content-Type-Options', b'nosniff'), (b'X-Ratelimit-Limit', b'240'), (b'X-Ratelimit-Remaining', b'238'), (b'X-Vcap-Request-Id', b'07e96721-8e7d-4435-6629-16a640431b47'), (b'X-Xss-Protection', b'1; mode=block'), (b'X-Frame-Options', b'deny')])
2026-06-22 11:11:03,023 - httpx - INFO - HTTP Request: GET https://api.fda.gov/drug/enforcement.json?limit=5&skip=0&search=product_description%3ACyproheptadine&api_key=cYzhzoHiQdDiwxC3w3smJ5Fp5rlpKudgLVvgrkQ9 "HTTP/1.1 200 OK"
2026-06-22 11:11:03,023 - httpcore.http11 - DEBUG - receive_response_body.started request=<Request [b'GET']>
2026-06-22 11:11:03,027 - httpcore.http11 - DEBUG - receive_response_body.complete
2026-06-22 11:11:03,028 - httpcore.http11 - DEBUG - response_closed.started
2026-06-22 11:11:03,029 - httpcore.http11 - DEBUG - response_closed.complete
2026-06-22 11:11:03,030 - httpcore.connection - DEBUG - close.started
2026-06-22 11:11:03,030 - httpcore.connection - DEBUG - close.complete
