2026-06-22 08:33:31,104 - main - INFO - === Logging system initialized ===
2026-06-22 08:33:31,104 - main - INFO - Log file: logs/app_20260622_083331.log
2026-06-22 08:33:31,104 - main - INFO - Log level: INFO
2026-06-22 08:33:31,104 - main - INFO - Timestamp: 20260622_083331
2026-06-22 08:33:32,207 - main - INFO - Included router: routers.aihub.router
2026-06-22 08:33:32,220 - main - INFO - Included router: routers.auth.router
2026-06-22 08:33:32,236 - main - INFO - Included router: routers.disease_drug_mappings.router
2026-06-22 08:33:32,254 - main - INFO - Included router: routers.diseases.router
2026-06-22 08:33:32,279 - main - INFO - Included router: routers.drugs.router
2026-06-22 08:33:32,280 - main - INFO - Included router: routers.health.router
2026-06-22 08:33:32,286 - main - INFO - Included router: routers.openfda.router
2026-06-22 08:33:32,290 - main - INFO - Included router: routers.predict.router
2026-06-22 08:33:32,312 - main - INFO - Included router: routers.prediction_histories.router
2026-06-22 08:33:32,321 - main - INFO - Included router: routers.settings.router
2026-06-22 08:33:32,338 - main - INFO - Included router: routers.storage.router
2026-06-22 08:33:32,343 - main - INFO - Included router: routers.user.router
2026-06-22 08:33:32,347 - main - INFO - Included router: routers.user_saved_drugs.router
2026-06-22 08:33:33,229 - watchfiles.main - DEBUG - 2 changes detected: {(<Change.modified: 2>, 'C:\\Users\\ASA\\Desktop\\Team 8\\CNPM\\App\\backend\\logs'), (<Change.added: 1>, 'C:\\Users\\ASA\\Desktop\\Team 8\\CNPM\\App\\backend\\logs\\app_20260622_083333.log')}
2026-06-22 08:36:57,590 - watchfiles.main - DEBUG - 1 change detected: {(<Change.modified: 2>, 'C:\\Users\\ASA\\Desktop\\Team 8\\CNPM\\App\\backend\\logs')}
2026-06-22 08:37:47,765 - watchfiles.main - DEBUG - 2 changes detected: {(<Change.modified: 2>, 'C:\\Users\\ASA\\Desktop\\Team 8\\CNPM\\App\\backend\\logs\\app_20260622_083333.log'), (<Change.modified: 2>, 'C:\\Users\\ASA\\Desktop\\Team 8\\CNPM\\App\\backend\\logs\\app_20260622_083331.log')}
2026-06-22 08:37:51,292 - watchfiles.main - DEBUG - 1 change detected: {(<Change.modified: 2>, 'C:\\Users\\ASA\\Desktop\\Team 8\\CNPM\\App\\backend\\logs\\app_20260622_083331.log')}
2026-06-22 08:37:51,946 - watchfiles.main - DEBUG - 1 change detected: {(<Change.modified: 2>, 'C:\\Users\\ASA\\Desktop\\Team 8\\CNPM\\App\\backend\\logs\\app_20260622_083331.log')}
2026-06-22 08:37:52,300 - watchfiles.main - DEBUG - 1 change detected: {(<Change.modified: 2>, 'C:\\Users\\ASA\\Desktop\\Team 8\\CNPM\\App\\backend\\logs\\app_20260622_083331.log')}
2026-06-22 08:37:52,908 - watchfiles.main - DEBUG - 1 change detected: {(<Change.modified: 2>, 'C:\\Users\\ASA\\Desktop\\Team 8\\CNPM\\App\\backend\\logs\\app_20260622_083331.log')}
2026-06-22 08:37:53,265 - watchfiles.main - DEBUG - 1 change detected: {(<Change.modified: 2>, 'C:\\Users\\ASA\\Desktop\\Team 8\\CNPM\\App\\backend\\logs\\app_20260622_083331.log')}
2026-06-22 08:37:53,925 - watchfiles.main - DEBUG - 1 change detected: {(<Change.modified: 2>, 'C:\\Users\\ASA\\Desktop\\Team 8\\CNPM\\App\\backend\\logs\\app_20260622_083331.log')}
2026-06-22 08:37:57,457 - watchfiles.main - DEBUG - 1 change detected: {(<Change.modified: 2>, 'C:\\Users\\ASA\\Desktop\\Team 8\\CNPM\\App\\backend\\logs\\app_20260622_083331.log')}
2026-06-22 08:37:58,120 - watchfiles.main - DEBUG - 1 change detected: {(<Change.modified: 2>, 'C:\\Users\\ASA\\Desktop\\Team 8\\CNPM\\App\\backend\\logs\\app_20260622_083331.log')}
2026-06-22 08:37:58,477 - watchfiles.main - DEBUG - 1 change detected: {(<Change.modified: 2>, 'C:\\Users\\ASA\\Desktop\\Team 8\\CNPM\\App\\backend\\logs\\app_20260622_083331.log')}
2026-06-22 08:37:59,240 - watchfiles.main - DEBUG - 1 change detected: {(<Change.modified: 2>, 'C:\\Users\\ASA\\Desktop\\Team 8\\CNPM\\App\\backend\\logs\\app_20260622_083331.log')}
2026-06-22 08:37:59,653 - watchfiles.main - DEBUG - 1 change detected: {(<Change.modified: 2>, 'C:\\Users\\ASA\\Desktop\\Team 8\\CNPM\\App\\backend\\logs\\app_20260622_083331.log')}
2026-06-22 08:38:00,364 - watchfiles.main - DEBUG - 1 change detected: {(<Change.modified: 2>, 'C:\\Users\\ASA\\Desktop\\Team 8\\CNPM\\App\\backend\\logs\\app_20260622_083331.log')}
