2026-06-21 17:04:40,108 - main - INFO - === Logging system initialized ===
2026-06-21 17:04:40,108 - main - INFO - Log file: logs/app_20260621_170440.log
2026-06-21 17:04:40,109 - main - INFO - Log level: INFO
2026-06-21 17:04:40,109 - main - INFO - Timestamp: 20260621_170440
2026-06-21 17:04:40,653 - main - INFO - Included router: routers.aihub.router
2026-06-21 17:04:40,661 - main - INFO - Included router: routers.auth.router
2026-06-21 17:04:40,675 - main - INFO - Included router: routers.disease_drug_mappings.router
2026-06-21 17:04:40,694 - main - INFO - Included router: routers.diseases.router
2026-06-21 17:04:40,715 - main - INFO - Included router: routers.drugs.router
2026-06-21 17:04:40,716 - main - INFO - Included router: routers.health.router
2026-06-21 17:04:40,720 - main - INFO - Included router: routers.predict.router
2026-06-21 17:04:40,737 - main - INFO - Included router: routers.prediction_histories.router
2026-06-21 17:04:40,745 - main - INFO - Included router: routers.settings.router
2026-06-21 17:04:40,759 - main - INFO - Included router: routers.storage.router
2026-06-21 17:04:40,763 - main - INFO - Included router: routers.user.router
2026-06-21 17:04:40,764 - main - INFO - === Application startup initiated ===
2026-06-21 17:04:40,764 - services.database - DEBUG - [DB_OP] Starting database initialization
2026-06-21 17:04:40,764 - services.database - INFO - Starting database initialization...
2026-06-21 17:04:40,764 - core.database - INFO - Starting database initialization...
2026-06-21 17:04:40,764 - core.config - DEBUG - Read dynamic attribute database_url from environment variable DATABASE_URL
2026-06-21 17:04:40,765 - core.database - INFO - Creating database engine: mssql+pymssql://sa:123456@localhost:1433/medipredict
2026-06-21 17:04:41,028 - core.database - INFO - Database engine and session maker created successfully
2026-06-21 17:04:41,028 - services.database - INFO - Database connection initialized, now creating tables if tables not exist...
2026-06-21 17:04:41,029 - core.database - DEBUG - [DB_OP] Starting create_tables
2026-06-21 17:04:41,029 - core.database - INFO - Starting table creation...
2026-06-21 17:04:41,151 - core.database - INFO - Tables initialized successfully
2026-06-21 17:04:41,151 - core.database - DEBUG - [DB_OP] Create tables completed in 0.1224s
2026-06-21 17:04:41,151 - services.database - INFO - Table creation completed
2026-06-21 17:04:41,152 - services.database - INFO - Database initialized successfully
2026-06-21 17:04:41,152 - services.database - DEBUG - [DB_OP] Database initialization completed in 0.3885s
2026-06-21 17:04:41,152 - services.mock_data - INFO - Processing mock data file disease_drug_mappings.json for table disease_drug_mappings
2026-06-21 17:04:42,746 - services.mock_data - INFO - Table disease_drug_mappings already has 12 rows; skipping mock insert
2026-06-21 17:04:42,747 - services.mock_data - INFO - Processing mock data file diseases.json for table diseases
2026-06-21 17:04:44,076 - services.mock_data - INFO - Table diseases already has 6 rows; skipping mock insert
2026-06-21 17:04:44,077 - services.mock_data - INFO - Processing mock data file drugs.json for table drugs
2026-06-21 17:04:45,395 - services.mock_data - INFO - Table drugs already has 8 rows; skipping mock insert
2026-06-21 17:04:45,396 - services.database - DEBUG - [DB_OP] Starting database initialization
2026-06-21 17:04:45,396 - services.database - INFO - Starting database initialization...
2026-06-21 17:04:45,397 - core.database - INFO - Starting database initialization...
2026-06-21 17:04:45,397 - core.database - INFO - Database already initialized
2026-06-21 17:04:45,397 - services.database - INFO - Database connection initialized, now creating tables if tables not exist...
2026-06-21 17:04:45,397 - core.database - DEBUG - [DB_OP] Starting create_tables
2026-06-21 17:04:45,397 - core.database - INFO - Tables already initialized
2026-06-21 17:04:45,397 - services.database - INFO - Table creation completed
2026-06-21 17:04:45,397 - services.database - INFO - Database initialized successfully
2026-06-21 17:04:45,398 - services.database - DEBUG - [DB_OP] Database initialization completed in 0.0022s
2026-06-21 17:04:45,398 - core.config - DEBUG - Read dynamic attribute admin_user_id from environment variable ADMIN_USER_ID
2026-06-21 17:04:45,398 - core.config - DEBUG - Read dynamic attribute admin_user_email from environment variable ADMIN_USER_EMAIL
2026-06-21 17:04:45,410 - main - INFO - === Application startup completed successfully ===
2026-06-21 17:04:54,961 - core.config - DEBUG - Read dynamic attribute jwt_secret_key from environment variable JWT_SECRET_KEY
2026-06-21 17:04:54,961 - core.config - DEBUG - Read dynamic attribute jwt_algorithm from environment variable JWT_ALGORITHM
2026-06-21 17:04:54,973 - core.auth - DEBUG - Authentication token validated for user hash: 6a401a1d
2026-06-21 17:04:54,974 - routers.diseases - DEBUG - Querying diseasess: query=None, sort=None, skip=0, limit=20, fields=None
2026-06-21 17:04:54,992 - routers.diseases - DEBUG - Found 6 diseasess
2026-06-21 17:05:07,341 - routers.diseases - DEBUG - Querying diseasess: query=None, sort=None, skip=0, limit=20, fields=None
2026-06-21 17:05:07,344 - routers.diseases - DEBUG - Found 6 diseasess
2026-06-21 17:06:07,381 - routers.diseases - DEBUG - Querying diseasess: query=None, sort=None, skip=0, limit=20, fields=None
2026-06-21 17:06:07,392 - routers.diseases - DEBUG - Found 6 diseasess
