2026-06-21 23:36:38,813 - main - INFO - === Logging system initialized ===
2026-06-21 23:36:38,813 - main - INFO - Log file: logs/app_20260621_233638.log
2026-06-21 23:36:38,814 - main - INFO - Log level: INFO
2026-06-21 23:36:38,814 - main - INFO - Timestamp: 20260621_233638
2026-06-21 23:36:39,444 - main - INFO - Included router: routers.aihub.router
2026-06-21 23:36:39,472 - main - INFO - Included router: routers.auth.router
2026-06-21 23:36:39,545 - main - INFO - Included router: routers.disease_drug_mappings.router
2026-06-21 23:36:39,580 - main - INFO - Included router: routers.diseases.router
2026-06-21 23:36:39,611 - main - INFO - Included router: routers.drugs.router
2026-06-21 23:36:39,612 - main - INFO - Included router: routers.health.router
2026-06-21 23:36:39,618 - main - INFO - Included router: routers.openfda.router
2026-06-21 23:36:39,625 - main - INFO - Included router: routers.predict.router
2026-06-21 23:36:39,647 - main - INFO - Included router: routers.prediction_histories.router
2026-06-21 23:36:39,659 - main - INFO - Included router: routers.settings.router
2026-06-21 23:36:39,678 - main - INFO - Included router: routers.storage.router
2026-06-21 23:36:39,683 - main - INFO - Included router: routers.user.router
2026-06-21 23:36:39,692 - main - INFO - Included router: routers.user_saved_drugs.router
2026-06-21 23:36:39,695 - asyncio - DEBUG - Using proactor: IocpProactor
2026-06-21 23:36:39,726 - main - INFO - === Application startup initiated ===
2026-06-21 23:36:39,726 - services.database - DEBUG - [DB_OP] Starting database initialization
2026-06-21 23:36:39,726 - services.database - INFO - Starting database initialization...
2026-06-21 23:36:39,726 - core.database - INFO - Starting database initialization...
2026-06-21 23:36:39,726 - core.config - DEBUG - Read dynamic attribute database_url from environment variable DATABASE_URL
2026-06-21 23:36:39,727 - core.database - INFO - Creating database engine: mssql+pymssql://sa:123456@localhost:1433/medipredict
2026-06-21 23:36:40,025 - core.database - INFO - Database engine and session maker created successfully
2026-06-21 23:36:40,025 - services.database - INFO - Database connection initialized, now creating tables if tables not exist...
2026-06-21 23:36:40,025 - core.database - DEBUG - [DB_OP] Starting create_tables
2026-06-21 23:36:40,025 - core.database - INFO - Starting table creation...
2026-06-21 23:36:40,160 - core.database - INFO - Tables initialized successfully
2026-06-21 23:36:40,160 - core.database - DEBUG - [DB_OP] Create tables completed in 0.1350s
2026-06-21 23:36:40,161 - services.database - INFO - Table creation completed
2026-06-21 23:36:40,161 - services.database - INFO - Database initialized successfully
2026-06-21 23:36:40,161 - services.database - DEBUG - [DB_OP] Database initialization completed in 0.4355s
2026-06-21 23:36:40,161 - services.mock_data - INFO - Processing mock data file disease_drug_mappings.json for table disease_drug_mappings
2026-06-21 23:36:41,741 - services.mock_data - INFO - Inserted 210 mock records into disease_drug_mappings
2026-06-21 23:36:41,744 - services.mock_data - INFO - Processing mock data file diseases.json for table diseases
2026-06-21 23:36:43,034 - services.mock_data - INFO - Table diseases already has 70 rows; skipping mock insert
2026-06-21 23:36:43,035 - services.mock_data - INFO - Processing mock data file drugs.json for table drugs
2026-06-21 23:36:44,333 - services.mock_data - INFO - Table drugs already has 200 rows; skipping mock insert
2026-06-21 23:36:44,334 - services.database - DEBUG - [DB_OP] Starting database initialization
2026-06-21 23:36:44,335 - services.database - INFO - Starting database initialization...
2026-06-21 23:36:44,335 - core.database - INFO - Starting database initialization...
2026-06-21 23:36:44,335 - core.database - INFO - Database already initialized
2026-06-21 23:36:44,335 - services.database - INFO - Database connection initialized, now creating tables if tables not exist...
2026-06-21 23:36:44,335 - core.database - DEBUG - [DB_OP] Starting create_tables
2026-06-21 23:36:44,336 - core.database - INFO - Tables already initialized
2026-06-21 23:36:44,336 - services.database - INFO - Table creation completed
2026-06-21 23:36:44,336 - services.database - INFO - Database initialized successfully
2026-06-21 23:36:44,336 - services.database - DEBUG - [DB_OP] Database initialization completed in 0.0020s
2026-06-21 23:36:44,336 - core.config - DEBUG - Read dynamic attribute admin_user_id from environment variable ADMIN_USER_ID
2026-06-21 23:36:44,336 - core.config - DEBUG - Read dynamic attribute admin_user_email from environment variable ADMIN_USER_EMAIL
2026-06-21 23:36:44,348 - main - INFO - === Application startup completed successfully ===
