2026-06-21 23:11:32,472 - main - INFO - === Logging system initialized ===
2026-06-21 23:11:32,472 - main - INFO - Log file: logs/app_20260621_231132.log
2026-06-21 23:11:32,472 - main - INFO - Log level: INFO
2026-06-21 23:11:32,472 - main - INFO - Timestamp: 20260621_231132
2026-06-21 23:11:32,915 - main - INFO - Included router: routers.aihub.router
2026-06-21 23:11:32,931 - main - INFO - Included router: routers.auth.router
2026-06-21 23:11:32,947 - main - INFO - Included router: routers.disease_drug_mappings.router
2026-06-21 23:11:32,989 - main - INFO - Included router: routers.diseases.router
2026-06-21 23:11:33,016 - main - INFO - Included router: routers.drugs.router
2026-06-21 23:11:33,016 - main - INFO - Included router: routers.health.router
2026-06-21 23:11:33,016 - main - INFO - Included router: routers.openfda.router
2026-06-21 23:11:33,016 - main - INFO - Included router: routers.predict.router
2026-06-21 23:11:33,040 - main - INFO - Included router: routers.prediction_histories.router
2026-06-21 23:11:33,046 - main - INFO - Included router: routers.settings.router
2026-06-21 23:11:33,062 - main - INFO - Included router: routers.storage.router
2026-06-21 23:11:33,063 - main - INFO - Included router: routers.user.router
2026-06-21 23:11:33,063 - main - INFO - === Application startup initiated ===
2026-06-21 23:11:33,063 - services.database - DEBUG - [DB_OP] Starting database initialization
2026-06-21 23:11:33,063 - services.database - INFO - Starting database initialization...
2026-06-21 23:11:33,063 - core.database - INFO - Starting database initialization...
2026-06-21 23:11:33,063 - core.config - DEBUG - Read dynamic attribute database_url from environment variable DATABASE_URL
2026-06-21 23:11:33,063 - core.database - INFO - Creating database engine: mssql+pymssql://sa:123456@localhost:1433/medipredict
2026-06-21 23:11:37,199 - core.database - INFO - Database 'medipredict' not found, attempting to create it...
2026-06-21 23:11:41,298 - core.database - WARNING - Could not create database 'medipredict': (pymssql.exceptions.OperationalError) (20009, b'DB-Lib error message 20009, severity 9:\nUnable to connect: Adaptive Server is unavailable or does not exist (localhost)\nNet-Lib error during Unknown error (10061)\nDB-Lib error message 20009, severity 9:\nUnable to connect: Adaptive Server is unavailable or does not exist (localhost)\nNet-Lib error during Unknown error (10061)\n')
(Background on this error at: https://sqlalche.me/e/20/e3q8)
2026-06-21 23:11:45,383 - core.database - WARNING - Failed to create database engine: (pymssql.exceptions.OperationalError) (20009, b'DB-Lib error message 20009, severity 9:\nUnable to connect: Adaptive Server is unavailable or does not exist (localhost)\nNet-Lib error during Unknown error (10061)\nDB-Lib error message 20009, severity 9:\nUnable to connect: Adaptive Server is unavailable or does not exist (localhost)\nNet-Lib error during Unknown error (10061)\n')
(Background on this error at: https://sqlalche.me/e/20/e3q8)
2026-06-21 23:11:45,384 - core.database - WARNING - SQL Server unavailable, falling back to SQLite...
2026-06-21 23:11:45,384 - core.database - INFO - Using SQLite fallback database: sqlite:///C:/Users/Asus vivobook/CNPM/App/backend/medipredict.db
2026-06-21 23:11:45,384 - core.database - INFO - Creating database engine: sqlite:///C:/Users/Asus vivobook/CNPM/App/backend/medipredict.db
2026-06-21 23:11:45,413 - core.database - INFO - Database engine and session maker created successfully
2026-06-21 23:11:45,414 - services.database - INFO - Database connection initialized, now creating tables if tables not exist...
2026-06-21 23:11:45,414 - core.database - DEBUG - [DB_OP] Starting create_tables
2026-06-21 23:11:45,415 - core.database - INFO - Starting table creation...
2026-06-21 23:11:45,418 - core.database - INFO - Tables initialized successfully
2026-06-21 23:11:45,418 - core.database - DEBUG - [DB_OP] Create tables completed in 0.0040s
2026-06-21 23:11:45,418 - services.database - INFO - Table creation completed
2026-06-21 23:11:45,420 - services.database - INFO - Database initialized successfully
2026-06-21 23:11:45,420 - services.database - DEBUG - [DB_OP] Database initialization completed in 12.3568s
2026-06-21 23:11:45,422 - services.mock_data - INFO - Processing mock data file disease_drug_mappings.json for table disease_drug_mappings
2026-06-21 23:11:45,432 - services.mock_data - INFO - Table disease_drug_mappings already has 12 rows; skipping mock insert
2026-06-21 23:11:45,432 - services.mock_data - INFO - Processing mock data file diseases.json for table diseases
2026-06-21 23:11:45,432 - services.mock_data - INFO - Table diseases already has 6 rows; skipping mock insert
2026-06-21 23:11:45,432 - services.mock_data - INFO - Processing mock data file drugs.json for table drugs
2026-06-21 23:11:45,452 - services.mock_data - INFO - Table drugs already has 8 rows; skipping mock insert
2026-06-21 23:11:45,452 - services.database - DEBUG - [DB_OP] Starting database initialization
2026-06-21 23:11:45,452 - services.database - INFO - Starting database initialization...
2026-06-21 23:11:45,452 - core.database - INFO - Starting database initialization...
2026-06-21 23:11:45,452 - core.database - INFO - Database already initialized
2026-06-21 23:11:45,452 - services.database - INFO - Database connection initialized, now creating tables if tables not exist...
2026-06-21 23:11:45,452 - core.database - DEBUG - [DB_OP] Starting create_tables
2026-06-21 23:11:45,452 - core.database - INFO - Tables already initialized
2026-06-21 23:11:45,452 - services.database - INFO - Table creation completed
2026-06-21 23:11:45,452 - services.database - INFO - Database initialized successfully
2026-06-21 23:11:45,452 - services.database - DEBUG - [DB_OP] Database initialization completed in 0.0000s
2026-06-21 23:11:45,452 - core.config - DEBUG - Read dynamic attribute admin_user_id from environment variable ADMIN_USER_ID
2026-06-21 23:11:45,452 - core.config - DEBUG - Read dynamic attribute admin_user_email from environment variable ADMIN_USER_EMAIL
2026-06-21 23:11:45,474 - main - INFO - === Application startup completed successfully ===
2026-06-21 23:12:00,937 - routers.diseases - DEBUG - Querying diseasess: query=None, sort=None, skip=0, limit=20, fields=None
2026-06-21 23:12:00,944 - routers.diseases - DEBUG - Found 6 diseasess
2026-06-21 23:12:41,289 - passlib.handlers.bcrypt - WARNING - (trapped) error reading bcrypt version
Traceback (most recent call last):
  File "C:\Users\Asus vivobook\CNPM\App\backend\venv\Lib\site-packages\passlib\handlers\bcrypt.py", line 620, in _load_backend_mixin
    version = _bcrypt.__about__.__version__
              ^^^^^^^^^^^^^^^^^
AttributeError: module 'bcrypt' has no attribute '__about__'
2026-06-21 23:12:41,289 - passlib.handlers.bcrypt - DEBUG - detected 'bcrypt' backend, version '<unknown>'
2026-06-21 23:12:41,289 - passlib.handlers.bcrypt - DEBUG - 'bcrypt' backend lacks $2$ support, enabling workaround
2026-06-21 23:12:41,524 - core.config - DEBUG - Read dynamic attribute jwt_expire_minutes from environment variable JWT_EXPIRE_MINUTES
2026-06-21 23:12:41,525 - core.config - DEBUG - Read dynamic attribute jwt_secret_key from environment variable JWT_SECRET_KEY
2026-06-21 23:12:41,525 - core.config - DEBUG - Read dynamic attribute jwt_algorithm from environment variable JWT_ALGORITHM
2026-06-21 23:12:41,530 - core.auth - DEBUG - Authentication token created for user hash: 3b599c17
2026-06-21 23:12:41,853 - routers.diseases - DEBUG - Querying diseasess: query=None, sort=None, skip=0, limit=20, fields=None
2026-06-21 23:12:41,853 - routers.diseases - DEBUG - Found 6 diseasess
2026-06-21 23:12:54,591 - routers.predict - INFO - Prediction request: symptoms=đau bao tử, disease_name=đau bao tử
2026-06-21 23:12:54,592 - core.config - DEBUG - Read dynamic attribute app_ai_base_url from environment variable APP_AI_BASE_URL
2026-06-21 23:12:54,592 - services.aihub - ERROR - gentxt error: AI service not configured. Set APP_AI_BASE_URL and APP_AI_KEY.
2026-06-21 23:12:54,593 - routers.predict - WARNING - AI prediction failed, using fallback matching: AI service not configured. Set APP_AI_BASE_URL and APP_AI_KEY.
2026-06-21 23:13:14,745 - routers.predict - INFO - Prediction request: symptoms=đau bụng, disease_name=đau bụng
2026-06-21 23:13:14,749 - services.aihub - ERROR - gentxt error: AI service not configured. Set APP_AI_BASE_URL and APP_AI_KEY.
2026-06-21 23:13:14,749 - routers.predict - WARNING - AI prediction failed, using fallback matching: AI service not configured. Set APP_AI_BASE_URL and APP_AI_KEY.
2026-06-21 23:13:27,924 - routers.diseases - DEBUG - Querying diseasess: query=None, sort=None, skip=0, limit=20, fields=None
2026-06-21 23:13:27,926 - routers.diseases - DEBUG - Found 6 diseasess
2026-06-21 23:13:55,689 - routers.drugs - DEBUG - Querying drugss: query=None, sort=None, skip=0, limit=100, fields=None
2026-06-21 23:13:55,689 - routers.drugs - DEBUG - Found 8 drugss
2026-06-21 23:13:58,322 - httpcore.connection - DEBUG - connect_tcp.started host='api.fda.gov' port=443 local_address=None timeout=30.0 socket_options=None
2026-06-21 23:13:58,722 - httpcore.connection - DEBUG - connect_tcp.complete return_value=<httpcore._backends.anyio.AnyIOStream object at 0x0000021CA11B9D60>
2026-06-21 23:13:58,722 - httpcore.connection - DEBUG - start_tls.started ssl_context=<ssl.SSLContext object at 0x0000021CA1176650> server_hostname='api.fda.gov' timeout=30.0
2026-06-21 23:13:59,226 - httpcore.connection - DEBUG - start_tls.complete return_value=<httpcore._backends.anyio.AnyIOStream object at 0x0000021CA0FAF3E0>
2026-06-21 23:13:59,228 - httpcore.http11 - DEBUG - send_request_headers.started request=<Request [b'GET']>
2026-06-21 23:13:59,228 - httpcore.http11 - DEBUG - send_request_headers.complete
2026-06-21 23:13:59,228 - httpcore.http11 - DEBUG - send_request_body.started request=<Request [b'GET']>
2026-06-21 23:13:59,228 - httpcore.http11 - DEBUG - send_request_body.complete
2026-06-21 23:13:59,228 - httpcore.http11 - DEBUG - receive_response_headers.started request=<Request [b'GET']>
2026-06-21 23:13:59,522 - httpcore.connection - DEBUG - connect_tcp.started host='api.fda.gov' port=443 local_address=None timeout=30.0 socket_options=None
2026-06-21 23:13:59,774 - httpcore.connection - DEBUG - connect_tcp.complete return_value=<httpcore._backends.anyio.AnyIOStream object at 0x0000021CA11DC800>
2026-06-21 23:13:59,774 - httpcore.connection - DEBUG - start_tls.started ssl_context=<ssl.SSLContext object at 0x0000021CA1177950> server_hostname='api.fda.gov' timeout=30.0
2026-06-21 23:14:00,274 - httpcore.connection - DEBUG - start_tls.complete return_value=<httpcore._backends.anyio.AnyIOStream object at 0x0000021CA11BB800>
2026-06-21 23:14:00,274 - httpcore.http11 - DEBUG - send_request_headers.started request=<Request [b'GET']>
2026-06-21 23:14:00,275 - httpcore.http11 - DEBUG - send_request_headers.complete
2026-06-21 23:14:00,275 - httpcore.http11 - DEBUG - send_request_body.started request=<Request [b'GET']>
2026-06-21 23:14:00,275 - httpcore.http11 - DEBUG - send_request_body.complete
2026-06-21 23:14:00,276 - httpcore.http11 - DEBUG - receive_response_headers.started request=<Request [b'GET']>
2026-06-21 23:14:00,360 - httpcore.http11 - DEBUG - receive_response_headers.complete return_value=(b'HTTP/1.1', 404, b'Not Found', [(b'Date', b'Sun, 21 Jun 2026 16:13:59 GMT'), (b'Content-Type', b'application/json; charset=utf-8'), (b'Transfer-Encoding', b'chunked'), (b'Connection', b'keep-alive'), (b'Vary', b'Accept-Encoding'), (b'Access-Control-Allow-Credentials', b'true'), (b'Access-Control-Allow-Origin', b'*'), (b'Age', b'0'), (b'Cache-Control', b'no-cache, no-store, must-revalidate'), (b'Content-Security-Policy', b"default-src 'none'"), (b'Etag', b'W/"50-Gov3eVBQAYPDbwMSq8YtHKLjrHw"'), (b'Strict-Transport-Security', b'max-age=31536000; includeSubDomains; preload'), (b'Vary', b'Accept-Encoding'), (b'Via', b'https/1.1 api-umbrella (ApacheTrafficServer [cMsSf ])'), (b'X-Api-Umbrella-Request-Id', b'cutbqt9lq6m91sv9h7a0'), (b'X-Cache', b'MISS'), (b'X-Content-Type-Options', b'nosniff'), (b'X-Ratelimit-Limit', b'240'), (b'X-Ratelimit-Remaining', b'239'), (b'X-Vcap-Request-Id', b'41c0b6d0-87ba-4c75-6696-892dadc7fd9b'), (b'X-Xss-Protection', b'1; mode=block'), (b'X-Frame-Options', b'deny'), (b'Content-Encoding', b'gzip')])
2026-06-21 23:14:00,361 - httpx - INFO - HTTP Request: GET https://api.fda.gov/drug/label.json?limit=9&skip=0&search=openfda.brand_name%3Adfs+OR+openfda.generic_name%3Adfs&api_key=cYzhzoHiQdDiwxC3w3smJ5Fp5rlpKudgLVvgrkQ9 "HTTP/1.1 404 Not Found"
2026-06-21 23:14:00,361 - httpcore.http11 - DEBUG - receive_response_body.started request=<Request [b'GET']>
2026-06-21 23:14:00,361 - httpcore.http11 - DEBUG - receive_response_body.complete
2026-06-21 23:14:00,361 - httpcore.http11 - DEBUG - response_closed.started
2026-06-21 23:14:00,361 - httpcore.http11 - DEBUG - response_closed.complete
2026-06-21 23:14:00,364 - services.openfda - ERROR - openFDA HTTP error: 404 - {
  "error": {
    "code": "NOT_FOUND",
    "message": "No matches found!"
  }
}
2026-06-21 23:14:00,364 - httpcore.connection - DEBUG - close.started
2026-06-21 23:14:00,364 - httpcore.connection - DEBUG - close.complete
2026-06-21 23:14:00,572 - httpcore.http11 - DEBUG - receive_response_headers.complete return_value=(b'HTTP/1.1', 200, b'OK', [(b'Date', b'Sun, 21 Jun 2026 16:14:00 GMT'), (b'Content-Type', b'application/json; charset=utf-8'), (b'Transfer-Encoding', b'chunked'), (b'Connection', b'keep-alive'), (b'Access-Control-Allow-Credentials', b'true'), (b'Access-Control-Allow-Origin', b'*'), (b'Age', b'0'), (b'Cache-Control', b'no-cache, no-store, must-revalidate'), (b'Content-Encoding', b'gzip'), (b'Content-Security-Policy', b"default-src 'none'"), (b'Etag', b'W/"c9f0-rKMpkdqMLW+qN6lMy81k8rAyl7Q"'), (b'Link', b'<https://api.fda.gov/drug/label.json?limit=9&skip=0&search=openfda.brand_name%3Ad%20OR%20openfda.generic_name%3Ad&search_after=0%3D047a2c0e-9b59-45c3-85df-0a26cdc39719>; rel="next"'), (b'Strict-Transport-Security', b'max-age=31536000; includeSubDomains; preload'), (b'Vary', b'Accept-Encoding'), (b'Vary', b'Accept-Encoding'), (b'Via', b'https/1.1 api-umbrella (ApacheTrafficServer [cMsSf ])'), (b'X-Api-Umbrella-Request-Id', b'cutbqtbb6gfptg60eedg'), (b'X-Cache', b'MISS'), (b'X-Content-Type-Options', b'nosniff'), (b'X-Ratelimit-Limit', b'240'), (b'X-Ratelimit-Remaining', b'239'), (b'X-Vcap-Request-Id', b'17ad5a68-3e6a-41b6-6d33-28cfdb8ed959'), (b'X-Xss-Protection', b'1; mode=block'), (b'X-Frame-Options', b'deny')])
2026-06-21 23:14:00,572 - httpx - INFO - HTTP Request: GET https://api.fda.gov/drug/label.json?limit=9&skip=0&search=openfda.brand_name%3Ad+OR+openfda.generic_name%3Ad&api_key=cYzhzoHiQdDiwxC3w3smJ5Fp5rlpKudgLVvgrkQ9 "HTTP/1.1 200 OK"
2026-06-21 23:14:00,572 - httpcore.http11 - DEBUG - receive_response_body.started request=<Request [b'GET']>
2026-06-21 23:14:00,762 - httpcore.http11 - DEBUG - receive_response_body.complete
2026-06-21 23:14:00,762 - httpcore.http11 - DEBUG - response_closed.started
2026-06-21 23:14:00,762 - httpcore.http11 - DEBUG - response_closed.complete
2026-06-21 23:14:00,762 - httpcore.connection - DEBUG - close.started
2026-06-21 23:14:00,762 - httpcore.connection - DEBUG - close.complete
2026-06-21 23:14:05,514 - httpcore.connection - DEBUG - connect_tcp.started host='api.fda.gov' port=443 local_address=None timeout=30.0 socket_options=None
2026-06-21 23:14:05,811 - httpcore.connection - DEBUG - connect_tcp.complete return_value=<httpcore._backends.anyio.AnyIOStream object at 0x0000021CA0DFC890>
2026-06-21 23:14:05,811 - httpcore.connection - DEBUG - start_tls.started ssl_context=<ssl.SSLContext object at 0x0000021CA11773D0> server_hostname='api.fda.gov' timeout=30.0
2026-06-21 23:14:07,256 - httpcore.connection - DEBUG - start_tls.complete return_value=<httpcore._backends.anyio.AnyIOStream object at 0x0000021CA11094C0>
2026-06-21 23:14:07,256 - httpcore.http11 - DEBUG - send_request_headers.started request=<Request [b'GET']>
2026-06-21 23:14:07,256 - httpcore.http11 - DEBUG - send_request_headers.complete
2026-06-21 23:14:07,256 - httpcore.http11 - DEBUG - send_request_body.started request=<Request [b'GET']>
2026-06-21 23:14:07,256 - httpcore.http11 - DEBUG - send_request_body.complete
2026-06-21 23:14:07,256 - httpcore.http11 - DEBUG - receive_response_headers.started request=<Request [b'GET']>
2026-06-21 23:14:07,540 - httpcore.http11 - DEBUG - receive_response_headers.complete return_value=(b'HTTP/1.1', 404, b'Not Found', [(b'Date', b'Sun, 21 Jun 2026 16:14:07 GMT'), (b'Content-Type', b'application/json; charset=utf-8'), (b'Transfer-Encoding', b'chunked'), (b'Connection', b'keep-alive'), (b'Vary', b'Accept-Encoding'), (b'Access-Control-Allow-Credentials', b'true'), (b'Access-Control-Allow-Origin', b'*'), (b'Age', b'0'), (b'Cache-Control', b'no-cache, no-store, must-revalidate'), (b'Content-Security-Policy', b"default-src 'none'"), (b'Etag', b'W/"50-Gov3eVBQAYPDbwMSq8YtHKLjrHw"'), (b'Strict-Transport-Security', b'max-age=31536000; includeSubDomains; preload'), (b'Vary', b'Accept-Encoding'), (b'Via', b'https/1.1 api-umbrella (ApacheTrafficServer [cMsSf ])'), (b'X-Api-Umbrella-Request-Id', b'cutbqv1uv0khivk5paf0'), (b'X-Cache', b'MISS'), (b'X-Content-Type-Options', b'nosniff'), (b'X-Ratelimit-Limit', b'240'), (b'X-Ratelimit-Remaining', b'238'), (b'X-Vcap-Request-Id', b'8c24157d-4f46-437d-6f64-9141e14188a6'), (b'X-Xss-Protection', b'1; mode=block'), (b'X-Frame-Options', b'deny'), (b'Content-Encoding', b'gzip')])
2026-06-21 23:14:07,540 - httpx - INFO - HTTP Request: GET https://api.fda.gov/drug/label.json?limit=9&skip=0&search=openfda.brand_name%3Adpas+OR+openfda.generic_name%3Adpas&api_key=cYzhzoHiQdDiwxC3w3smJ5Fp5rlpKudgLVvgrkQ9 "HTTP/1.1 404 Not Found"
2026-06-21 23:14:07,540 - httpcore.http11 - DEBUG - receive_response_body.started request=<Request [b'GET']>
2026-06-21 23:14:07,540 - httpcore.http11 - DEBUG - receive_response_body.complete
2026-06-21 23:14:07,540 - httpcore.http11 - DEBUG - response_closed.started
2026-06-21 23:14:07,540 - httpcore.http11 - DEBUG - response_closed.complete
2026-06-21 23:14:07,540 - services.openfda - ERROR - openFDA HTTP error: 404 - {
  "error": {
    "code": "NOT_FOUND",
    "message": "No matches found!"
  }
}
2026-06-21 23:14:07,540 - httpcore.connection - DEBUG - close.started
2026-06-21 23:14:07,540 - httpcore.connection - DEBUG - close.complete
2026-06-21 23:14:11,473 - httpcore.connection - DEBUG - connect_tcp.started host='api.fda.gov' port=443 local_address=None timeout=30.0 socket_options=None
2026-06-21 23:14:11,707 - httpcore.connection - DEBUG - connect_tcp.complete return_value=<httpcore._backends.anyio.AnyIOStream object at 0x0000021CA1088CE0>
2026-06-21 23:14:11,708 - httpcore.connection - DEBUG - start_tls.started ssl_context=<ssl.SSLContext object at 0x0000021CA11776D0> server_hostname='api.fda.gov' timeout=30.0
2026-06-21 23:14:12,690 - httpcore.connection - DEBUG - start_tls.complete return_value=<httpcore._backends.anyio.AnyIOStream object at 0x0000021CA1108A10>
2026-06-21 23:14:12,690 - httpcore.http11 - DEBUG - send_request_headers.started request=<Request [b'GET']>
2026-06-21 23:14:12,690 - httpcore.http11 - DEBUG - send_request_headers.complete
2026-06-21 23:14:12,690 - httpcore.http11 - DEBUG - send_request_body.started request=<Request [b'GET']>
2026-06-21 23:14:12,690 - httpcore.http11 - DEBUG - send_request_body.complete
2026-06-21 23:14:12,690 - httpcore.http11 - DEBUG - receive_response_headers.started request=<Request [b'GET']>
2026-06-21 23:14:13,006 - httpcore.http11 - DEBUG - receive_response_headers.complete return_value=(b'HTTP/1.1', 200, b'OK', [(b'Date', b'Sun, 21 Jun 2026 16:14:12 GMT'), (b'Content-Type', b'application/json; charset=utf-8'), (b'Transfer-Encoding', b'chunked'), (b'Connection', b'keep-alive'), (b'Access-Control-Allow-Credentials', b'true'), (b'Access-Control-Allow-Origin', b'*'), (b'Age', b'0'), (b'Cache-Control', b'no-cache, no-store, must-revalidate'), (b'Content-Encoding', b'gzip'), (b'Content-Security-Policy', b"default-src 'none'"), (b'Etag', b'W/"be47-zTGr+RLUwe8Ilm9mKKUsoxUHWtU"'), (b'Strict-Transport-Security', b'max-age=31536000; includeSubDomains; preload'), (b'Vary', b'Accept-Encoding'), (b'Vary', b'Accept-Encoding'), (b'Via', b'https/1.1 api-umbrella (ApacheTrafficServer [cMsSf ])'), (b'X-Api-Umbrella-Request-Id', b'cutbr0cide8qivcmi9j0'), (b'X-Cache', b'MISS'), (b'X-Content-Type-Options', b'nosniff'), (b'X-Ratelimit-Limit', b'240'), (b'X-Ratelimit-Remaining', b'237'), (b'X-Vcap-Request-Id', b'911ecfa0-093e-4b6f-7c39-7cfb6887e6ae'), (b'X-Xss-Protection', b'1; mode=block'), (b'X-Frame-Options', b'deny')])
2026-06-21 23:14:13,006 - httpx - INFO - HTTP Request: GET https://api.fda.gov/drug/label.json?limit=9&skip=0&search=openfda.brand_name%3Apa+OR+openfda.generic_name%3Apa&api_key=cYzhzoHiQdDiwxC3w3smJ5Fp5rlpKudgLVvgrkQ9 "HTTP/1.1 200 OK"
2026-06-21 23:14:13,006 - httpcore.http11 - DEBUG - receive_response_body.started request=<Request [b'GET']>
2026-06-21 23:14:13,006 - httpcore.http11 - DEBUG - receive_response_body.complete
2026-06-21 23:14:13,006 - httpcore.http11 - DEBUG - response_closed.started
2026-06-21 23:14:13,006 - httpcore.http11 - DEBUG - response_closed.complete
2026-06-21 23:14:13,006 - httpcore.connection - DEBUG - close.started
2026-06-21 23:14:13,006 - httpcore.connection - DEBUG - close.complete
2026-06-21 23:14:38,987 - routers.predict - INFO - Prediction request: symptoms=tiểu đường, disease_name=tiểu đường
2026-06-21 23:14:38,991 - services.aihub - ERROR - gentxt error: AI service not configured. Set APP_AI_BASE_URL and APP_AI_KEY.
2026-06-21 23:14:38,991 - routers.predict - WARNING - AI prediction failed, using fallback matching: AI service not configured. Set APP_AI_BASE_URL and APP_AI_KEY.
2026-06-21 23:14:50,441 - routers.drugs - DEBUG - Querying drugss: query=None, sort=None, skip=0, limit=100, fields=None
2026-06-21 23:14:50,441 - routers.drugs - DEBUG - Found 8 drugss
2026-06-21 23:15:05,500 - routers.diseases - DEBUG - Querying diseasess: query=None, sort=None, skip=0, limit=20, fields=None
2026-06-21 23:15:05,500 - routers.diseases - DEBUG - Found 6 diseasess
2026-06-21 23:15:38,413 - routers.diseases - DEBUG - Querying diseasess: query=None, sort=None, skip=0, limit=20, fields=None
2026-06-21 23:15:38,413 - routers.diseases - DEBUG - Found 6 diseasess
2026-06-21 23:15:43,181 - routers.diseases - DEBUG - Querying diseasess: query=None, sort=None, skip=0, limit=20, fields=None
2026-06-21 23:15:43,183 - routers.diseases - DEBUG - Found 6 diseasess
2026-06-21 23:16:12,182 - routers.predict - INFO - Prediction request: symptoms=sốt, disease_name=sốt
2026-06-21 23:16:12,182 - services.aihub - ERROR - gentxt error: AI service not configured. Set APP_AI_BASE_URL and APP_AI_KEY.
2026-06-21 23:16:12,182 - routers.predict - WARNING - AI prediction failed, using fallback matching: AI service not configured. Set APP_AI_BASE_URL and APP_AI_KEY.
2026-06-21 23:16:19,935 - routers.diseases - DEBUG - Fetching diseases with id: 6, fields=None
2026-06-21 23:16:20,245 - routers.disease_drug_mappings - DEBUG - Querying disease_drug_mappingss: query={"disease_id":6}, sort=priority, skip=0, limit=20, fields=None
2026-06-21 23:16:20,245 - routers.disease_drug_mappings - DEBUG - Found 3 disease_drug_mappingss
2026-06-21 23:16:20,496 - routers.drugs - DEBUG - Fetching drugs with id: 2, fields=None
2026-06-21 23:16:20,567 - routers.drugs - DEBUG - Fetching drugs with id: 8, fields=None
2026-06-21 23:16:20,567 - routers.drugs - DEBUG - Fetching drugs with id: 1, fields=None
2026-06-21 23:16:20,759 - httpcore.connection - DEBUG - connect_tcp.started host='api.fda.gov' port=443 local_address=None timeout=30.0 socket_options=None
2026-06-21 23:16:20,963 - httpcore.connection - DEBUG - connect_tcp.complete return_value=<httpcore._backends.anyio.AnyIOStream object at 0x0000021CA1201310>
2026-06-21 23:16:20,963 - httpcore.connection - DEBUG - start_tls.started ssl_context=<ssl.SSLContext object at 0x0000021CA11776D0> server_hostname='api.fda.gov' timeout=30.0
2026-06-21 23:16:21,380 - httpcore.connection - DEBUG - start_tls.complete return_value=<httpcore._backends.anyio.AnyIOStream object at 0x0000021CA1088EF0>
2026-06-21 23:16:21,380 - httpcore.http11 - DEBUG - send_request_headers.started request=<Request [b'GET']>
2026-06-21 23:16:21,380 - httpcore.http11 - DEBUG - send_request_headers.complete
2026-06-21 23:16:21,380 - httpcore.http11 - DEBUG - send_request_body.started request=<Request [b'GET']>
2026-06-21 23:16:21,380 - httpcore.http11 - DEBUG - send_request_body.complete
2026-06-21 23:16:21,380 - httpcore.http11 - DEBUG - receive_response_headers.started request=<Request [b'GET']>
2026-06-21 23:16:22,121 - httpcore.http11 - DEBUG - receive_response_headers.complete return_value=(b'HTTP/1.1', 200, b'OK', [(b'Date', b'Sun, 21 Jun 2026 16:16:21 GMT'), (b'Content-Type', b'application/json; charset=utf-8'), (b'Transfer-Encoding', b'chunked'), (b'Connection', b'keep-alive'), (b'Access-Control-Allow-Credentials', b'true'), (b'Access-Control-Allow-Origin', b'*'), (b'Age', b'0'), (b'Cache-Control', b'no-cache, no-store, must-revalidate'), (b'Content-Encoding', b'gzip'), (b'Content-Security-Policy', b"default-src 'none'"), (b'Etag', b'W/"43db6-NEpdM9RL3x6a+nPrzyr+CS8Cq9A"'), (b'Link', b'<https://api.fda.gov/drug/label.json?limit=3&skip=0&search=openfda.brand_name%3AAmoxicillin%20500mg&search_after=0%3D002db658-6b1f-ea49-e063-6294a90ae3e7>; rel="next"'), (b'Strict-Transport-Security', b'max-age=31536000; includeSubDomains; preload'), (b'Vary', b'Accept-Encoding'), (b'Vary', b'Accept-Encoding'), (b'Via', b'https/1.1 api-umbrella (ApacheTrafficServer [cMsSf ])'), (b'X-Api-Umbrella-Request-Id', b'cutbrvprq669g68q01l0'), (b'X-Cache', b'MISS'), (b'X-Content-Type-Options', b'nosniff'), (b'X-Ratelimit-Limit', b'240'), (b'X-Ratelimit-Remaining', b'239'), (b'X-Vcap-Request-Id', b'6dc6b0f9-bd0f-4fd6-6ce3-afb5a65bf351'), (b'X-Xss-Protection', b'1; mode=block'), (b'X-Frame-Options', b'deny')])
2026-06-21 23:16:22,129 - httpx - INFO - HTTP Request: GET https://api.fda.gov/drug/label.json?limit=3&skip=0&search=openfda.brand_name%3AAmoxicillin+500mg&api_key=cYzhzoHiQdDiwxC3w3smJ5Fp5rlpKudgLVvgrkQ9 "HTTP/1.1 200 OK"
2026-06-21 23:16:22,130 - httpcore.http11 - DEBUG - receive_response_body.started request=<Request [b'GET']>
2026-06-21 23:16:22,530 - httpcore.http11 - DEBUG - receive_response_body.complete
2026-06-21 23:16:22,530 - httpcore.http11 - DEBUG - response_closed.started
2026-06-21 23:16:22,530 - httpcore.http11 - DEBUG - response_closed.complete
2026-06-21 23:16:22,530 - httpcore.connection - DEBUG - close.started
2026-06-21 23:16:22,530 - httpcore.connection - DEBUG - close.complete
2026-06-21 23:16:22,732 - httpcore.connection - DEBUG - connect_tcp.started host='api.fda.gov' port=443 local_address=None timeout=30.0 socket_options=None
2026-06-21 23:16:22,947 - httpcore.connection - DEBUG - connect_tcp.complete return_value=<httpcore._backends.anyio.AnyIOStream object at 0x0000021CA1203020>
2026-06-21 23:16:22,947 - httpcore.connection - DEBUG - start_tls.started ssl_context=<ssl.SSLContext object at 0x0000021CA11F0F50> server_hostname='api.fda.gov' timeout=30.0
2026-06-21 23:16:23,364 - httpcore.connection - DEBUG - start_tls.complete return_value=<httpcore._backends.anyio.AnyIOStream object at 0x0000021CA1202270>
2026-06-21 23:16:23,364 - httpcore.http11 - DEBUG - send_request_headers.started request=<Request [b'GET']>
2026-06-21 23:16:23,364 - httpcore.http11 - DEBUG - send_request_headers.complete
2026-06-21 23:16:23,364 - httpcore.http11 - DEBUG - send_request_body.started request=<Request [b'GET']>
2026-06-21 23:16:23,364 - httpcore.http11 - DEBUG - send_request_body.complete
2026-06-21 23:16:23,367 - httpcore.http11 - DEBUG - receive_response_headers.started request=<Request [b'GET']>
2026-06-21 23:16:24,231 - httpcore.http11 - DEBUG - receive_response_headers.complete return_value=(b'HTTP/1.1', 200, b'OK', [(b'Date', b'Sun, 21 Jun 2026 16:16:23 GMT'), (b'Content-Type', b'application/json; charset=utf-8'), (b'Transfer-Encoding', b'chunked'), (b'Connection', b'keep-alive'), (b'Access-Control-Allow-Credentials', b'true'), (b'Access-Control-Allow-Origin', b'*'), (b'Age', b'0'), (b'Cache-Control', b'no-cache, no-store, must-revalidate'), (b'Content-Encoding', b'gzip'), (b'Content-Security-Policy', b"default-src 'none'"), (b'Etag', b'W/"848a2-RnS7qO5Mc8S6yrbvnydljbVwDB0"'), (b'Link', b'<https://api.fda.gov/drug/event.json?limit=5&skip=0&search=patient.drug.openfda.brand_name%3AAmoxicillin%20500mg&search_after=0%3D10003576>; rel="next"'), (b'Strict-Transport-Security', b'max-age=31536000; includeSubDomains; preload'), (b'Vary', b'Accept-Encoding'), (b'Vary', b'Accept-Encoding'), (b'Via', b'https/1.1 api-umbrella (ApacheTrafficServer [cMsSf ])'), (b'X-Api-Umbrella-Request-Id', b'cutbs09822a7bjsk02ng'), (b'X-Cache', b'MISS'), (b'X-Content-Type-Options', b'nosniff'), (b'X-Ratelimit-Limit', b'240'), (b'X-Ratelimit-Remaining', b'238'), (b'X-Vcap-Request-Id', b'93ee59bd-3e72-47eb-7b55-002241c208ce'), (b'X-Xss-Protection', b'1; mode=block'), (b'X-Frame-Options', b'deny')])
2026-06-21 23:16:24,231 - httpx - INFO - HTTP Request: GET https://api.fda.gov/drug/event.json?limit=5&skip=0&search=patient.drug.openfda.brand_name%3AAmoxicillin+500mg&api_key=cYzhzoHiQdDiwxC3w3smJ5Fp5rlpKudgLVvgrkQ9 "HTTP/1.1 200 OK"
2026-06-21 23:16:24,233 - httpcore.http11 - DEBUG - receive_response_body.started request=<Request [b'GET']>
2026-06-21 23:16:24,631 - httpcore.http11 - DEBUG - receive_response_body.complete
2026-06-21 23:16:24,631 - httpcore.http11 - DEBUG - response_closed.started
2026-06-21 23:16:24,631 - httpcore.http11 - DEBUG - response_closed.complete
2026-06-21 23:16:24,631 - httpcore.connection - DEBUG - close.started
2026-06-21 23:16:24,631 - httpcore.connection - DEBUG - close.complete
2026-06-21 23:16:24,813 - httpcore.connection - DEBUG - connect_tcp.started host='api.fda.gov' port=443 local_address=None timeout=30.0 socket_options=None
2026-06-21 23:16:25,030 - httpcore.connection - DEBUG - connect_tcp.complete return_value=<httpcore._backends.anyio.AnyIOStream object at 0x0000021CA1203380>
2026-06-21 23:16:25,030 - httpcore.connection - DEBUG - start_tls.started ssl_context=<ssl.SSLContext object at 0x0000021CA11F1E50> server_hostname='api.fda.gov' timeout=30.0
2026-06-21 23:16:25,456 - httpcore.connection - DEBUG - start_tls.complete return_value=<httpcore._backends.anyio.AnyIOStream object at 0x0000021CA1202A50>
2026-06-21 23:16:25,456 - httpcore.http11 - DEBUG - send_request_headers.started request=<Request [b'GET']>
2026-06-21 23:16:25,456 - httpcore.http11 - DEBUG - send_request_headers.complete
2026-06-21 23:16:25,456 - httpcore.http11 - DEBUG - send_request_body.started request=<Request [b'GET']>
2026-06-21 23:16:25,456 - httpcore.http11 - DEBUG - send_request_body.complete
2026-06-21 23:16:25,456 - httpcore.http11 - DEBUG - receive_response_headers.started request=<Request [b'GET']>
2026-06-21 23:16:26,114 - httpcore.http11 - DEBUG - receive_response_headers.complete return_value=(b'HTTP/1.1', 200, b'OK', [(b'Date', b'Sun, 21 Jun 2026 16:16:25 GMT'), (b'Content-Type', b'application/json; charset=utf-8'), (b'Transfer-Encoding', b'chunked'), (b'Connection', b'keep-alive'), (b'Access-Control-Allow-Credentials', b'true'), (b'Access-Control-Allow-Origin', b'*'), (b'Age', b'0'), (b'Cache-Control', b'no-cache, no-store, must-revalidate'), (b'Content-Encoding', b'gzip'), (b'Content-Security-Policy', b"default-src 'none'"), (b'Etag', b'W/"1b50-aEo9f7ubbrHbYKz3Zf74ndIcfsg"'), (b'Link', b'<https://api.fda.gov/drug/enforcement.json?limit=5&skip=0&search=product_description%3AAmoxicillin%20500mg&search_after=0%3D05ea197ff63633fb56f9a094154c5009624679fa68fab4cbf89fb6a37d21ed19>; rel="next"'), (b'Strict-Transport-Security', b'max-age=31536000; includeSubDomains; preload'), (b'Vary', b'Accept-Encoding'), (b'Vary', b'Accept-Encoding'), (b'Via', b'https/1.1 api-umbrella (ApacheTrafficServer [cMsSf ])'), (b'X-Api-Umbrella-Request-Id', b'cutbs0pjv7caoo1c9qug'), (b'X-Cache', b'MISS'), (b'X-Content-Type-Options', b'nosniff'), (b'X-Ratelimit-Limit', b'240'), (b'X-Ratelimit-Remaining', b'237'), (b'X-Vcap-Request-Id', b'f7448d32-88d8-4e5e-5453-da9e73174eba'), (b'X-Xss-Protection', b'1; mode=block'), (b'X-Frame-Options', b'deny')])
2026-06-21 23:16:26,114 - httpx - INFO - HTTP Request: GET https://api.fda.gov/drug/enforcement.json?limit=5&skip=0&search=product_description%3AAmoxicillin+500mg&api_key=cYzhzoHiQdDiwxC3w3smJ5Fp5rlpKudgLVvgrkQ9 "HTTP/1.1 200 OK"
2026-06-21 23:16:26,114 - httpcore.http11 - DEBUG - receive_response_body.started request=<Request [b'GET']>
2026-06-21 23:16:26,348 - httpcore.http11 - DEBUG - receive_response_body.complete
2026-06-21 23:16:26,348 - httpcore.http11 - DEBUG - response_closed.started
2026-06-21 23:16:26,348 - httpcore.http11 - DEBUG - response_closed.complete
2026-06-21 23:16:26,352 - httpcore.connection - DEBUG - close.started
2026-06-21 23:16:26,352 - httpcore.connection - DEBUG - close.complete
2026-06-21 23:16:26,547 - httpcore.connection - DEBUG - connect_tcp.started host='api.fda.gov' port=443 local_address=None timeout=30.0 socket_options=None
2026-06-21 23:16:26,781 - httpcore.connection - DEBUG - connect_tcp.complete return_value=<httpcore._backends.anyio.AnyIOStream object at 0x0000021CA1203FE0>
2026-06-21 23:16:26,781 - httpcore.connection - DEBUG - start_tls.started ssl_context=<ssl.SSLContext object at 0x0000021CA108C650> server_hostname='api.fda.gov' timeout=30.0
2026-06-21 23:16:27,197 - httpcore.connection - DEBUG - start_tls.complete return_value=<httpcore._backends.anyio.AnyIOStream object at 0x0000021CA1088AD0>
2026-06-21 23:16:27,197 - httpcore.http11 - DEBUG - send_request_headers.started request=<Request [b'GET']>
2026-06-21 23:16:27,197 - httpcore.http11 - DEBUG - send_request_headers.complete
2026-06-21 23:16:27,197 - httpcore.http11 - DEBUG - send_request_body.started request=<Request [b'GET']>
2026-06-21 23:16:27,197 - httpcore.http11 - DEBUG - send_request_body.complete
2026-06-21 23:16:27,197 - httpcore.http11 - DEBUG - receive_response_headers.started request=<Request [b'GET']>
2026-06-21 23:16:27,783 - httpcore.http11 - DEBUG - receive_response_headers.complete return_value=(b'HTTP/1.1', 200, b'OK', [(b'Date', b'Sun, 21 Jun 2026 16:16:27 GMT'), (b'Content-Type', b'application/json; charset=utf-8'), (b'Transfer-Encoding', b'chunked'), (b'Connection', b'keep-alive'), (b'Access-Control-Allow-Credentials', b'true'), (b'Access-Control-Allow-Origin', b'*'), (b'Age', b'0'), (b'Cache-Control', b'no-cache, no-store, must-revalidate'), (b'Content-Encoding', b'gzip'), (b'Content-Security-Policy', b"default-src 'none'"), (b'Etag', b'W/"43db6-3+DZ7RUxy8lDyNutVwOeNh1Euho"'), (b'Link', b'<https://api.fda.gov/drug/label.json?limit=3&skip=0&search=openfda.brand_name%3AAzithromycin%20500mg&search_after=0%3D002db658-6b1f-ea49-e063-6294a90ae3e7>; rel="next"'), (b'Strict-Transport-Security', b'max-age=31536000; includeSubDomains; preload'), (b'Vary', b'Accept-Encoding'), (b'Vary', b'Accept-Encoding'), (b'Via', b'https/1.1 api-umbrella (ApacheTrafficServer [cMsSf ])'), (b'X-Api-Umbrella-Request-Id', b'cutbs175mfdccrmuedm0'), (b'X-Cache', b'MISS'), (b'X-Content-Type-Options', b'nosniff'), (b'X-Ratelimit-Limit', b'240'), (b'X-Ratelimit-Remaining', b'236'), (b'X-Vcap-Request-Id', b'd2002a1e-0451-4e5a-401b-840d83df5e7f'), (b'X-Xss-Protection', b'1; mode=block'), (b'X-Frame-Options', b'deny')])
2026-06-21 23:16:27,783 - httpx - INFO - HTTP Request: GET https://api.fda.gov/drug/label.json?limit=3&skip=0&search=openfda.brand_name%3AAzithromycin+500mg&api_key=cYzhzoHiQdDiwxC3w3smJ5Fp5rlpKudgLVvgrkQ9 "HTTP/1.1 200 OK"
2026-06-21 23:16:27,783 - httpcore.http11 - DEBUG - receive_response_body.started request=<Request [b'GET']>
2026-06-21 23:16:27,996 - httpcore.http11 - DEBUG - receive_response_body.complete
2026-06-21 23:16:27,996 - httpcore.http11 - DEBUG - response_closed.started
2026-06-21 23:16:27,996 - httpcore.http11 - DEBUG - response_closed.complete
2026-06-21 23:16:27,996 - httpcore.connection - DEBUG - close.started
2026-06-21 23:16:27,996 - httpcore.connection - DEBUG - close.complete
2026-06-21 23:16:28,180 - httpcore.connection - DEBUG - connect_tcp.started host='api.fda.gov' port=443 local_address=None timeout=30.0 socket_options=None
2026-06-21 23:16:28,398 - httpcore.connection - DEBUG - connect_tcp.complete return_value=<httpcore._backends.anyio.AnyIOStream object at 0x0000021CA12D0200>
2026-06-21 23:16:28,398 - httpcore.connection - DEBUG - start_tls.started ssl_context=<ssl.SSLContext object at 0x0000021CA11F0C50> server_hostname='api.fda.gov' timeout=30.0
2026-06-21 23:16:28,814 - httpcore.connection - DEBUG - start_tls.complete return_value=<httpcore._backends.anyio.AnyIOStream object at 0x0000021CA1201490>
2026-06-21 23:16:28,814 - httpcore.http11 - DEBUG - send_request_headers.started request=<Request [b'GET']>
2026-06-21 23:16:28,814 - httpcore.http11 - DEBUG - send_request_headers.complete
2026-06-21 23:16:28,814 - httpcore.http11 - DEBUG - send_request_body.started request=<Request [b'GET']>
2026-06-21 23:16:28,814 - httpcore.http11 - DEBUG - send_request_body.complete
2026-06-21 23:16:28,814 - httpcore.http11 - DEBUG - receive_response_headers.started request=<Request [b'GET']>
2026-06-21 23:16:29,315 - httpcore.http11 - DEBUG - receive_response_headers.complete return_value=(b'HTTP/1.1', 200, b'OK', [(b'Date', b'Sun, 21 Jun 2026 16:16:28 GMT'), (b'Content-Type', b'application/json; charset=utf-8'), (b'Transfer-Encoding', b'chunked'), (b'Connection', b'keep-alive'), (b'Access-Control-Allow-Credentials', b'true'), (b'Access-Control-Allow-Origin', b'*'), (b'Age', b'0'), (b'Cache-Control', b'no-cache, no-store, must-revalidate'), (b'Content-Encoding', b'gzip'), (b'Content-Security-Policy', b"default-src 'none'"), (b'Etag', b'W/"def01-EBY6uvRaRZcx0MeG+HAg7RKq3T4"'), (b'Link', b'<https://api.fda.gov/drug/event.json?limit=5&skip=0&search=patient.drug.openfda.brand_name%3AAzithromycin%20500mg&search_after=0%3D10003734>; rel="next"'), (b'Strict-Transport-Security', b'max-age=31536000; includeSubDomains; preload'), (b'Vary', b'Accept-Encoding'), (b'Vary', b'Accept-Encoding'), (b'Via', b'https/1.1 api-umbrella (ApacheTrafficServer [cMsSf ])'), (b'X-Api-Umbrella-Request-Id', b'cutbs1jomcti9td7ivng'), (b'X-Cache', b'MISS'), (b'X-Content-Type-Options', b'nosniff'), (b'X-Ratelimit-Limit', b'240'), (b'X-Ratelimit-Remaining', b'236'), (b'X-Vcap-Request-Id', b'9e97dece-2c77-45eb-6f6e-9f158757477c'), (b'X-Xss-Protection', b'1; mode=block'), (b'X-Frame-Options', b'deny')])
2026-06-21 23:16:29,325 - httpx - INFO - HTTP Request: GET https://api.fda.gov/drug/event.json?limit=5&skip=0&search=patient.drug.openfda.brand_name%3AAzithromycin+500mg&api_key=cYzhzoHiQdDiwxC3w3smJ5Fp5rlpKudgLVvgrkQ9 "HTTP/1.1 200 OK"
2026-06-21 23:16:29,325 - httpcore.http11 - DEBUG - receive_response_body.started request=<Request [b'GET']>
2026-06-21 23:16:30,549 - httpcore.http11 - DEBUG - receive_response_body.complete
2026-06-21 23:16:30,549 - httpcore.http11 - DEBUG - response_closed.started
2026-06-21 23:16:30,549 - httpcore.http11 - DEBUG - response_closed.complete
2026-06-21 23:16:30,549 - httpcore.connection - DEBUG - close.started
2026-06-21 23:16:30,549 - httpcore.connection - DEBUG - close.complete
2026-06-21 23:16:30,747 - httpcore.connection - DEBUG - connect_tcp.started host='api.fda.gov' port=443 local_address=None timeout=30.0 socket_options=None
2026-06-21 23:16:30,962 - httpcore.connection - DEBUG - connect_tcp.complete return_value=<httpcore._backends.anyio.AnyIOStream object at 0x0000021CA12D0DA0>
2026-06-21 23:16:30,962 - httpcore.connection - DEBUG - start_tls.started ssl_context=<ssl.SSLContext object at 0x0000021CA11F1D50> server_hostname='api.fda.gov' timeout=30.0
2026-06-21 23:16:31,369 - httpcore.connection - DEBUG - start_tls.complete return_value=<httpcore._backends.anyio.AnyIOStream object at 0x0000021CA12D0350>
2026-06-21 23:16:31,369 - httpcore.http11 - DEBUG - send_request_headers.started request=<Request [b'GET']>
2026-06-21 23:16:31,369 - httpcore.http11 - DEBUG - send_request_headers.complete
2026-06-21 23:16:31,369 - httpcore.http11 - DEBUG - send_request_body.started request=<Request [b'GET']>
2026-06-21 23:16:31,369 - httpcore.http11 - DEBUG - send_request_body.complete
2026-06-21 23:16:31,369 - httpcore.http11 - DEBUG - receive_response_headers.started request=<Request [b'GET']>
2026-06-21 23:16:31,648 - httpcore.http11 - DEBUG - receive_response_headers.complete return_value=(b'HTTP/1.1', 200, b'OK', [(b'Date', b'Sun, 21 Jun 2026 16:16:31 GMT'), (b'Content-Type', b'application/json; charset=utf-8'), (b'Transfer-Encoding', b'chunked'), (b'Connection', b'keep-alive'), (b'Access-Control-Allow-Credentials', b'true'), (b'Access-Control-Allow-Origin', b'*'), (b'Age', b'0'), (b'Cache-Control', b'no-cache, no-store, must-revalidate'), (b'Content-Encoding', b'gzip'), (b'Content-Security-Policy', b"default-src 'none'"), (b'Etag', b'W/"1b50-aEo9f7ubbrHbYKz3Zf74ndIcfsg"'), (b'Link', b'<https://api.fda.gov/drug/enforcement.json?limit=5&skip=0&search=product_description%3AAzithromycin%20500mg&search_after=0%3D05ea197ff63633fb56f9a094154c5009624679fa68fab4cbf89fb6a37d21ed19>; rel="next"'), (b'Strict-Transport-Security', b'max-age=31536000; includeSubDomains; preload'), (b'Vary', b'Accept-Encoding'), (b'Vary', b'Accept-Encoding'), (b'Via', b'https/1.1 api-umbrella (ApacheTrafficServer [cMsSf ])'), (b'X-Api-Umbrella-Request-Id', b'cutbs27nqj6qom2emkf0'), (b'X-Cache', b'MISS'), (b'X-Content-Type-Options', b'nosniff'), (b'X-Ratelimit-Limit', b'240'), (b'X-Ratelimit-Remaining', b'234'), (b'X-Vcap-Request-Id', b'676759a0-3b3e-448b-511a-3467afc93c83'), (b'X-Xss-Protection', b'1; mode=block'), (b'X-Frame-Options', b'deny')])
2026-06-21 23:16:31,649 - httpx - INFO - HTTP Request: GET https://api.fda.gov/drug/enforcement.json?limit=5&skip=0&search=product_description%3AAzithromycin+500mg&api_key=cYzhzoHiQdDiwxC3w3smJ5Fp5rlpKudgLVvgrkQ9 "HTTP/1.1 200 OK"
2026-06-21 23:16:31,651 - httpcore.http11 - DEBUG - receive_response_body.started request=<Request [b'GET']>
2026-06-21 23:16:31,651 - httpcore.http11 - DEBUG - receive_response_body.complete
2026-06-21 23:16:31,651 - httpcore.http11 - DEBUG - response_closed.started
2026-06-21 23:16:31,651 - httpcore.http11 - DEBUG - response_closed.complete
2026-06-21 23:16:31,651 - httpcore.connection - DEBUG - close.started
2026-06-21 23:16:31,651 - httpcore.connection - DEBUG - close.complete
2026-06-21 23:16:31,832 - httpcore.connection - DEBUG - connect_tcp.started host='api.fda.gov' port=443 local_address=None timeout=30.0 socket_options=None
2026-06-21 23:16:32,065 - httpcore.connection - DEBUG - connect_tcp.complete return_value=<httpcore._backends.anyio.AnyIOStream object at 0x0000021CA12D2270>
2026-06-21 23:16:32,065 - httpcore.connection - DEBUG - start_tls.started ssl_context=<ssl.SSLContext object at 0x0000021CA1077AD0> server_hostname='api.fda.gov' timeout=30.0
2026-06-21 23:16:32,487 - httpcore.connection - DEBUG - start_tls.complete return_value=<httpcore._backends.anyio.AnyIOStream object at 0x0000021CA0E8F890>
2026-06-21 23:16:32,487 - httpcore.http11 - DEBUG - send_request_headers.started request=<Request [b'GET']>
2026-06-21 23:16:32,487 - httpcore.http11 - DEBUG - send_request_headers.complete
2026-06-21 23:16:32,487 - httpcore.http11 - DEBUG - send_request_body.started request=<Request [b'GET']>
2026-06-21 23:16:32,487 - httpcore.http11 - DEBUG - send_request_body.complete
2026-06-21 23:16:32,487 - httpcore.http11 - DEBUG - receive_response_headers.started request=<Request [b'GET']>
2026-06-21 23:16:33,100 - httpcore.http11 - DEBUG - receive_response_headers.complete return_value=(b'HTTP/1.1', 200, b'OK', [(b'Date', b'Sun, 21 Jun 2026 16:16:32 GMT'), (b'Content-Type', b'application/json; charset=utf-8'), (b'Transfer-Encoding', b'chunked'), (b'Connection', b'keep-alive'), (b'Access-Control-Allow-Credentials', b'true'), (b'Access-Control-Allow-Origin', b'*'), (b'Age', b'0'), (b'Cache-Control', b'no-cache, no-store, must-revalidate'), (b'Content-Encoding', b'gzip'), (b'Content-Security-Policy', b"default-src 'none'"), (b'Etag', b'W/"43db6-zU0gRe/WvnTIXauIXNy9D+Uf5m8"'), (b'Link', b'<https://api.fda.gov/drug/label.json?limit=3&skip=0&search=openfda.brand_name%3AParacetamol%20500mg&search_after=0%3D002db658-6b1f-ea49-e063-6294a90ae3e7>; rel="next"'), (b'Strict-Transport-Security', b'max-age=31536000; includeSubDomains; preload'), (b'Vary', b'Accept-Encoding'), (b'Vary', b'Accept-Encoding'), (b'Via', b'https/1.1 api-umbrella (ApacheTrafficServer [cMsSf ])'), (b'X-Api-Umbrella-Request-Id', b'cutbs2ggfso87rh40p00'), (b'X-Cache', b'MISS'), (b'X-Content-Type-Options', b'nosniff'), (b'X-Ratelimit-Limit', b'240'), (b'X-Ratelimit-Remaining', b'234'), (b'X-Vcap-Request-Id', b'33a3de53-c74f-49dc-5de6-6c84fd9f7bef'), (b'X-Xss-Protection', b'1; mode=block'), (b'X-Frame-Options', b'deny')])
2026-06-21 23:16:33,100 - httpx - INFO - HTTP Request: GET https://api.fda.gov/drug/label.json?limit=3&skip=0&search=openfda.brand_name%3AParacetamol+500mg&api_key=cYzhzoHiQdDiwxC3w3smJ5Fp5rlpKudgLVvgrkQ9 "HTTP/1.1 200 OK"
2026-06-21 23:16:33,100 - httpcore.http11 - DEBUG - receive_response_body.started request=<Request [b'GET']>
2026-06-21 23:16:33,298 - httpcore.http11 - DEBUG - receive_response_body.complete
2026-06-21 23:16:33,303 - httpcore.http11 - DEBUG - response_closed.started
2026-06-21 23:16:33,303 - httpcore.http11 - DEBUG - response_closed.complete
2026-06-21 23:16:33,303 - httpcore.connection - DEBUG - close.started
2026-06-21 23:16:33,303 - httpcore.connection - DEBUG - close.complete
2026-06-21 23:16:33,498 - httpcore.connection - DEBUG - connect_tcp.started host='api.fda.gov' port=443 local_address=None timeout=30.0 socket_options=None
2026-06-21 23:16:33,699 - httpcore.connection - DEBUG - connect_tcp.complete return_value=<httpcore._backends.anyio.AnyIOStream object at 0x0000021CA12D2C30>
2026-06-21 23:16:33,699 - httpcore.connection - DEBUG - start_tls.started ssl_context=<ssl.SSLContext object at 0x0000021CA1114250> server_hostname='api.fda.gov' timeout=30.0
2026-06-21 23:16:34,114 - httpcore.connection - DEBUG - start_tls.complete return_value=<httpcore._backends.anyio.AnyIOStream object at 0x0000021CA12D1580>
2026-06-21 23:16:34,114 - httpcore.http11 - DEBUG - send_request_headers.started request=<Request [b'GET']>
2026-06-21 23:16:34,114 - httpcore.http11 - DEBUG - send_request_headers.complete
2026-06-21 23:16:34,114 - httpcore.http11 - DEBUG - send_request_body.started request=<Request [b'GET']>
2026-06-21 23:16:34,114 - httpcore.http11 - DEBUG - send_request_body.complete
2026-06-21 23:16:34,114 - httpcore.http11 - DEBUG - receive_response_headers.started request=<Request [b'GET']>
2026-06-21 23:16:34,699 - httpcore.http11 - DEBUG - receive_response_headers.complete return_value=(b'HTTP/1.1', 200, b'OK', [(b'Date', b'Sun, 21 Jun 2026 16:16:34 GMT'), (b'Content-Type', b'application/json; charset=utf-8'), (b'Transfer-Encoding', b'chunked'), (b'Connection', b'keep-alive'), (b'Access-Control-Allow-Credentials', b'true'), (b'Access-Control-Allow-Origin', b'*'), (b'Age', b'1'), (b'Cache-Control', b'no-cache, no-store, must-revalidate'), (b'Content-Encoding', b'gzip'), (b'Content-Security-Policy', b"default-src 'none'"), (b'Etag', b'W/"def01-UXXtYHCbclJhrhfP1R29TV9YSBo"'), (b'Link', b'<https://api.fda.gov/drug/event.json?limit=5&skip=0&search=patient.drug.openfda.brand_name%3AParacetamol%20500mg&search_after=0%3D10003734>; rel="next"'), (b'Strict-Transport-Security', b'max-age=31536000; includeSubDomains; preload'), (b'Vary', b'Accept-Encoding'), (b'Vary', b'Accept-Encoding'), (b'Via', b'https/1.1 api-umbrella (ApacheTrafficServer [cMsSf ])'), (b'X-Api-Umbrella-Request-Id', b'cutbs2t8t498e2a0v57g'), (b'X-Cache', b'MISS'), (b'X-Content-Type-Options', b'nosniff'), (b'X-Ratelimit-Limit', b'240'), (b'X-Ratelimit-Remaining', b'232'), (b'X-Vcap-Request-Id', b'8fb3a028-67a4-4cc9-6b9d-5e6efd91dff1'), (b'X-Xss-Protection', b'1; mode=block'), (b'X-Frame-Options', b'deny')])
2026-06-21 23:16:34,699 - httpx - INFO - HTTP Request: GET https://api.fda.gov/drug/event.json?limit=5&skip=0&search=patient.drug.openfda.brand_name%3AParacetamol+500mg&api_key=cYzhzoHiQdDiwxC3w3smJ5Fp5rlpKudgLVvgrkQ9 "HTTP/1.1 200 OK"
2026-06-21 23:16:34,699 - httpcore.http11 - DEBUG - receive_response_body.started request=<Request [b'GET']>
2026-06-21 23:16:35,531 - httpcore.http11 - DEBUG - receive_response_body.complete
2026-06-21 23:16:35,531 - httpcore.http11 - DEBUG - response_closed.started
2026-06-21 23:16:35,531 - httpcore.http11 - DEBUG - response_closed.complete
2026-06-21 23:16:35,531 - httpcore.connection - DEBUG - close.started
2026-06-21 23:16:35,531 - httpcore.connection - DEBUG - close.complete
2026-06-21 23:16:35,730 - httpcore.connection - DEBUG - connect_tcp.started host='api.fda.gov' port=443 local_address=None timeout=30.0 socket_options=None
2026-06-21 23:16:35,924 - httpcore.connection - DEBUG - connect_tcp.complete return_value=<httpcore._backends.anyio.AnyIOStream object at 0x0000021CA10288F0>
2026-06-21 23:16:35,924 - httpcore.connection - DEBUG - start_tls.started ssl_context=<ssl.SSLContext object at 0x0000021CA11F1750> server_hostname='api.fda.gov' timeout=30.0
2026-06-21 23:16:36,347 - httpcore.connection - DEBUG - start_tls.complete return_value=<httpcore._backends.anyio.AnyIOStream object at 0x0000021CA1088EF0>
2026-06-21 23:16:36,347 - httpcore.http11 - DEBUG - send_request_headers.started request=<Request [b'GET']>
2026-06-21 23:16:36,347 - httpcore.http11 - DEBUG - send_request_headers.complete
2026-06-21 23:16:36,347 - httpcore.http11 - DEBUG - send_request_body.started request=<Request [b'GET']>
2026-06-21 23:16:36,347 - httpcore.http11 - DEBUG - send_request_body.complete
2026-06-21 23:16:36,347 - httpcore.http11 - DEBUG - receive_response_headers.started request=<Request [b'GET']>
2026-06-21 23:16:36,647 - httpcore.http11 - DEBUG - receive_response_headers.complete return_value=(b'HTTP/1.1', 200, b'OK', [(b'Date', b'Sun, 21 Jun 2026 16:16:36 GMT'), (b'Content-Type', b'application/json; charset=utf-8'), (b'Transfer-Encoding', b'chunked'), (b'Connection', b'keep-alive'), (b'Access-Control-Allow-Credentials', b'true'), (b'Access-Control-Allow-Origin', b'*'), (b'Age', b'0'), (b'Cache-Control', b'no-cache, no-store, must-revalidate'), (b'Content-Encoding', b'gzip'), (b'Content-Security-Policy', b"default-src 'none'"), (b'Etag', b'W/"1b50-aEo9f7ubbrHbYKz3Zf74ndIcfsg"'), (b'Link', b'<https://api.fda.gov/drug/enforcement.json?limit=5&skip=0&search=product_description%3AParacetamol%20500mg&search_after=0%3D05ea197ff63633fb56f9a094154c5009624679fa68fab4cbf89fb6a37d21ed19>; rel="next"'), (b'Strict-Transport-Security', b'max-age=31536000; includeSubDomains; preload'), (b'Vary', b'Accept-Encoding'), (b'Vary', b'Accept-Encoding'), (b'Via', b'https/1.1 api-umbrella (ApacheTrafficServer [cMsSf ])'), (b'X-Api-Umbrella-Request-Id', b'cutbs3eipivo4kmsplj0'), (b'X-Cache', b'MISS'), (b'X-Content-Type-Options', b'nosniff'), (b'X-Ratelimit-Limit', b'240'), (b'X-Ratelimit-Remaining', b'231'), (b'X-Vcap-Request-Id', b'74130837-9525-440d-4fcd-5ea0410f923f'), (b'X-Xss-Protection', b'1; mode=block'), (b'X-Frame-Options', b'deny')])
2026-06-21 23:16:36,647 - httpx - INFO - HTTP Request: GET https://api.fda.gov/drug/enforcement.json?limit=5&skip=0&search=product_description%3AParacetamol+500mg&api_key=cYzhzoHiQdDiwxC3w3smJ5Fp5rlpKudgLVvgrkQ9 "HTTP/1.1 200 OK"
2026-06-21 23:16:36,647 - httpcore.http11 - DEBUG - receive_response_body.started request=<Request [b'GET']>
2026-06-21 23:16:36,647 - httpcore.http11 - DEBUG - receive_response_body.complete
2026-06-21 23:16:36,647 - httpcore.http11 - DEBUG - response_closed.started
2026-06-21 23:16:36,647 - httpcore.http11 - DEBUG - response_closed.complete
2026-06-21 23:16:36,647 - httpcore.connection - DEBUG - close.started
2026-06-21 23:16:36,647 - httpcore.connection - DEBUG - close.complete
2026-06-21 23:16:58,130 - routers.drugs - DEBUG - Querying drugss: query=None, sort=None, skip=0, limit=100, fields=None
2026-06-21 23:16:58,132 - routers.drugs - DEBUG - Found 8 drugss
2026-06-21 23:17:01,835 - routers.diseases - DEBUG - Querying diseasess: query=None, sort=None, skip=0, limit=20, fields=None
2026-06-21 23:17:01,835 - routers.diseases - DEBUG - Found 6 diseasess
2026-06-21 23:17:16,067 - routers.drugs - DEBUG - Querying drugss: query=None, sort=None, skip=0, limit=100, fields=None
2026-06-21 23:17:16,067 - routers.drugs - DEBUG - Found 8 drugss
2026-06-21 23:17:17,835 - httpcore.connection - DEBUG - connect_tcp.started host='api.fda.gov' port=443 local_address=None timeout=30.0 socket_options=None
2026-06-21 23:17:18,101 - httpcore.connection - DEBUG - connect_tcp.complete return_value=<httpcore._backends.anyio.AnyIOStream object at 0x0000021CA1201C10>
2026-06-21 23:17:18,101 - httpcore.connection - DEBUG - start_tls.started ssl_context=<ssl.SSLContext object at 0x0000021CA1076150> server_hostname='api.fda.gov' timeout=30.0
2026-06-21 23:17:18,619 - httpcore.connection - DEBUG - start_tls.complete return_value=<httpcore._backends.anyio.AnyIOStream object at 0x0000021CA0DFC710>
2026-06-21 23:17:18,619 - httpcore.http11 - DEBUG - send_request_headers.started request=<Request [b'GET']>
2026-06-21 23:17:18,619 - httpcore.http11 - DEBUG - send_request_headers.complete
2026-06-21 23:17:18,619 - httpcore.http11 - DEBUG - send_request_body.started request=<Request [b'GET']>
2026-06-21 23:17:18,619 - httpcore.http11 - DEBUG - send_request_body.complete
2026-06-21 23:17:18,619 - httpcore.http11 - DEBUG - receive_response_headers.started request=<Request [b'GET']>
2026-06-21 23:17:19,184 - httpcore.http11 - DEBUG - receive_response_headers.complete return_value=(b'HTTP/1.1', 200, b'OK', [(b'Date', b'Sun, 21 Jun 2026 16:17:18 GMT'), (b'Content-Type', b'application/json; charset=utf-8'), (b'Transfer-Encoding', b'chunked'), (b'Connection', b'keep-alive'), (b'Access-Control-Allow-Credentials', b'true'), (b'Access-Control-Allow-Origin', b'*'), (b'Age', b'0'), (b'Cache-Control', b'no-cache, no-store, must-revalidate'), (b'Content-Encoding', b'gzip'), (b'Content-Security-Policy', b"default-src 'none'"), (b'Etag', b'W/"de11-SpwTYLtAaQQabf/xM5UFHV4uvHE"'), (b'Link', b'<https://api.fda.gov/drug/label.json?limit=9&skip=0&search=openfda.brand_name%3Ay%20OR%20openfda.generic_name%3Ay&search_after=0%3D711d1dae-3af4-46af-a3a8-cd827356a81a>; rel="next"'), (b'Strict-Transport-Security', b'max-age=31536000; includeSubDomains; preload'), (b'Vary', b'Accept-Encoding'), (b'Vary', b'Accept-Encoding'), (b'Via', b'https/1.1 api-umbrella (ApacheTrafficServer [cMsSf ])'), (b'X-Api-Umbrella-Request-Id', b'cutbsdpbuks1pah08cr0'), (b'X-Cache', b'MISS'), (b'X-Content-Type-Options', b'nosniff'), (b'X-Ratelimit-Limit', b'240'), (b'X-Ratelimit-Remaining', b'233'), (b'X-Vcap-Request-Id', b'd8cf6ec4-3355-4aa3-7c1d-424859fcd547'), (b'X-Xss-Protection', b'1; mode=block'), (b'X-Frame-Options', b'deny')])
2026-06-21 23:17:19,184 - httpx - INFO - HTTP Request: GET https://api.fda.gov/drug/label.json?limit=9&skip=0&search=openfda.brand_name%3Ay+OR+openfda.generic_name%3Ay&api_key=cYzhzoHiQdDiwxC3w3smJ5Fp5rlpKudgLVvgrkQ9 "HTTP/1.1 200 OK"
2026-06-21 23:17:19,184 - httpcore.http11 - DEBUG - receive_response_body.started request=<Request [b'GET']>
2026-06-21 23:17:19,184 - httpcore.http11 - DEBUG - receive_response_body.complete
2026-06-21 23:17:19,184 - httpcore.http11 - DEBUG - response_closed.started
2026-06-21 23:17:19,184 - httpcore.http11 - DEBUG - response_closed.complete
2026-06-21 23:17:19,184 - httpcore.connection - DEBUG - close.started
2026-06-21 23:17:19,184 - httpcore.connection - DEBUG - close.complete
