2026-06-22 01:23:16,767 - main - INFO - === Logging system initialized ===
2026-06-22 01:23:16,767 - main - INFO - Log file: logs/app_20260622_012316.log
2026-06-22 01:23:16,767 - main - INFO - Log level: INFO
2026-06-22 01:23:16,767 - main - INFO - Timestamp: 20260622_012316
2026-06-22 01:23:17,283 - main - INFO - Included router: routers.aihub.router
2026-06-22 01:23:17,294 - main - INFO - Included router: routers.auth.router
2026-06-22 01:23:17,310 - main - INFO - Included router: routers.disease_drug_mappings.router
2026-06-22 01:23:17,329 - main - INFO - Included router: routers.diseases.router
2026-06-22 01:23:17,341 - main - INFO - Included router: routers.drugs.router
2026-06-22 01:23:17,342 - main - INFO - Included router: routers.health.router
2026-06-22 01:23:17,348 - main - INFO - Included router: routers.openfda.router
2026-06-22 01:23:17,354 - main - INFO - Included router: routers.predict.router
2026-06-22 01:23:17,373 - main - INFO - Included router: routers.prediction_histories.router
2026-06-22 01:23:17,380 - main - INFO - Included router: routers.settings.router
2026-06-22 01:23:17,398 - main - INFO - Included router: routers.storage.router
2026-06-22 01:23:17,402 - main - INFO - Included router: routers.user.router
2026-06-22 01:23:17,408 - main - INFO - Included router: routers.user_saved_drugs.router
2026-06-22 01:23:17,411 - asyncio - DEBUG - Using proactor: IocpProactor
2026-06-22 01:23:17,443 - main - INFO - === Application startup initiated ===
2026-06-22 01:23:17,443 - services.database - DEBUG - [DB_OP] Starting database initialization
2026-06-22 01:23:17,443 - services.database - INFO - Starting database initialization...
2026-06-22 01:23:17,443 - core.database - INFO - Starting database initialization...
2026-06-22 01:23:17,443 - core.config - DEBUG - Read dynamic attribute database_url from environment variable DATABASE_URL
2026-06-22 01:23:17,443 - core.database - INFO - Creating database engine: mssql+pymssql://sa:123456@localhost:1433/medipredict
2026-06-22 01:23:17,748 - core.database - INFO - Database engine and session maker created successfully
2026-06-22 01:23:17,748 - services.database - INFO - Database connection initialized, now creating tables if tables not exist...
2026-06-22 01:23:17,748 - core.database - DEBUG - [DB_OP] Starting create_tables
2026-06-22 01:23:17,748 - core.database - INFO - Starting table creation...
2026-06-22 01:23:17,874 - core.database - INFO - Tables initialized successfully
2026-06-22 01:23:17,874 - core.database - DEBUG - [DB_OP] Create tables completed in 0.1258s
2026-06-22 01:23:17,874 - services.database - INFO - Table creation completed
2026-06-22 01:23:17,874 - services.database - INFO - Database initialized successfully
2026-06-22 01:23:17,874 - services.database - DEBUG - [DB_OP] Database initialization completed in 0.4311s
2026-06-22 01:23:17,875 - services.mock_data - INFO - Processing mock data file disease_drug_mappings.json for table disease_drug_mappings
