2026-06-22 01:55:33,082 - main - INFO - === Logging system initialized ===
2026-06-22 01:55:33,082 - main - INFO - Log file: logs/app_20260622_015533.log
2026-06-22 01:55:33,082 - main - INFO - Log level: INFO
2026-06-22 01:55:33,082 - main - INFO - Timestamp: 20260622_015533
2026-06-22 01:55:33,842 - main - INFO - Included router: routers.aihub.router
2026-06-22 01:55:33,863 - main - INFO - Included router: routers.auth.router
2026-06-22 01:55:34,366 - main - INFO - Included router: routers.chat_router.router
2026-06-22 01:55:34,400 - main - INFO - Included router: routers.disease_drug_mappings.router
2026-06-22 01:55:34,444 - main - INFO - Included router: routers.diseases.router
2026-06-22 01:55:34,500 - main - INFO - Included router: routers.drugs.router
2026-06-22 01:55:34,502 - main - INFO - Included router: routers.health.router
2026-06-22 01:55:34,510 - main - INFO - Included router: routers.openfda.router
2026-06-22 01:55:34,520 - main - INFO - Included router: routers.predict.router
2026-06-22 01:55:34,613 - main - INFO - Included router: routers.prediction_histories.router
2026-06-22 01:55:34,629 - main - INFO - Included router: routers.settings.router
2026-06-22 01:55:34,659 - main - INFO - Included router: routers.storage.router
2026-06-22 01:55:34,666 - main - INFO - Included router: routers.user.router
2026-06-22 01:55:34,666 - main - INFO - === Application startup initiated ===
2026-06-22 01:55:34,666 - services.database - DEBUG - [DB_OP] Starting database initialization
2026-06-22 01:55:34,666 - services.database - INFO - Starting database initialization...
2026-06-22 01:55:34,666 - core.database - INFO - Starting database initialization...
2026-06-22 01:55:34,666 - core.config - DEBUG - Read dynamic attribute database_url from environment variable DATABASE_URL
2026-06-22 01:55:34,671 - core.database - INFO - Creating database engine: mssql+pymssql://sa:123456@localhost:1433/medipredict
2026-06-22 01:55:38,839 - core.database - INFO - Database 'medipredict' not found, attempting to create it...
2026-06-22 01:55:42,892 - core.database - WARNING - Could not create database 'medipredict': (pymssql.exceptions.OperationalError) (20009, b'DB-Lib error message 20009, severity 9:\nUnable to connect: Adaptive Server is unavailable or does not exist (localhost)\nNet-Lib error during Unknown error (10061)\nDB-Lib error message 20009, severity 9:\nUnable to connect: Adaptive Server is unavailable or does not exist (localhost)\nNet-Lib error during Unknown error (10061)\n')
(Background on this error at: https://sqlalche.me/e/20/e3q8)
2026-06-22 01:55:46,929 - core.database - WARNING - Failed to create database engine: (pymssql.exceptions.OperationalError) (20009, b'DB-Lib error message 20009, severity 9:\nUnable to connect: Adaptive Server is unavailable or does not exist (localhost)\nNet-Lib error during Unknown error (10061)\nDB-Lib error message 20009, severity 9:\nUnable to connect: Adaptive Server is unavailable or does not exist (localhost)\nNet-Lib error during Unknown error (10061)\n')
(Background on this error at: https://sqlalche.me/e/20/e3q8)
2026-06-22 01:55:46,929 - core.database - WARNING - SQL Server unavailable, falling back to SQLite...
2026-06-22 01:55:46,931 - core.database - INFO - Using SQLite fallback database: sqlite:///C:/Users/Asus vivobook/CNPM/App/backend/medipredict.db
2026-06-22 01:55:46,931 - core.database - INFO - Creating database engine: sqlite:///C:/Users/Asus vivobook/CNPM/App/backend/medipredict.db
2026-06-22 01:55:47,015 - core.database - INFO - Database engine and session maker created successfully
2026-06-22 01:55:47,015 - services.database - INFO - Database connection initialized, now creating tables if tables not exist...
2026-06-22 01:55:47,015 - core.database - DEBUG - [DB_OP] Starting create_tables
2026-06-22 01:55:47,018 - core.database - INFO - Starting table creation...
2026-06-22 01:55:47,018 - core.database - INFO - Tables initialized successfully
2026-06-22 01:55:47,018 - core.database - DEBUG - [DB_OP] Create tables completed in 0.0027s
2026-06-22 01:55:47,024 - services.database - INFO - Table creation completed
2026-06-22 01:55:47,026 - services.database - INFO - Database initialized successfully
2026-06-22 01:55:47,026 - services.database - DEBUG - [DB_OP] Database initialization completed in 12.3600s
2026-06-22 01:55:47,026 - services.mock_data - INFO - Processing mock data file disease_drug_mappings.json for table disease_drug_mappings
2026-06-22 01:55:47,049 - services.mock_data - INFO - Table disease_drug_mappings already has 12 rows; skipping mock insert
2026-06-22 01:55:47,049 - services.mock_data - INFO - Processing mock data file diseases.json for table diseases
2026-06-22 01:55:47,063 - services.mock_data - INFO - Table diseases already has 6 rows; skipping mock insert
2026-06-22 01:55:47,063 - services.mock_data - INFO - Processing mock data file drugs.json for table drugs
2026-06-22 01:55:47,075 - services.mock_data - INFO - Table drugs already has 8 rows; skipping mock insert
2026-06-22 01:55:47,076 - services.database - DEBUG - [DB_OP] Starting database initialization
2026-06-22 01:55:47,076 - services.database - INFO - Starting database initialization...
2026-06-22 01:55:47,077 - core.database - INFO - Starting database initialization...
2026-06-22 01:55:47,077 - core.database - INFO - Database already initialized
2026-06-22 01:55:47,077 - services.database - INFO - Database connection initialized, now creating tables if tables not exist...
2026-06-22 01:55:47,079 - core.database - DEBUG - [DB_OP] Starting create_tables
2026-06-22 01:55:47,079 - core.database - INFO - Tables already initialized
2026-06-22 01:55:47,079 - services.database - INFO - Table creation completed
2026-06-22 01:55:47,082 - services.database - INFO - Database initialized successfully
2026-06-22 01:55:47,084 - services.database - DEBUG - [DB_OP] Database initialization completed in 0.0057s
2026-06-22 01:55:47,084 - core.config - DEBUG - Read dynamic attribute admin_user_id from environment variable ADMIN_USER_ID
2026-06-22 01:55:47,084 - core.config - DEBUG - Read dynamic attribute admin_user_email from environment variable ADMIN_USER_EMAIL
2026-06-22 01:55:47,111 - main - INFO - === Application startup completed successfully ===
2026-06-22 01:58:27,890 - routers.diseases - DEBUG - Querying diseasess: query=None, sort=None, skip=0, limit=20, fields=None
2026-06-22 01:58:27,901 - routers.diseases - DEBUG - Found 6 diseasess
2026-06-22 01:58:35,886 - routers.diseases - DEBUG - Querying diseasess: query=None, sort=None, skip=0, limit=20, fields=None
2026-06-22 01:58:35,893 - routers.diseases - DEBUG - Found 6 diseasess
2026-06-22 01:58:47,475 - routers.drugs - DEBUG - Querying drugss: query=None, sort=None, skip=0, limit=100, fields=None
2026-06-22 01:58:47,490 - routers.drugs - DEBUG - Found 8 drugss
2026-06-22 02:20:11,100 - routers.diseases - DEBUG - Querying diseasess: query=None, sort=None, skip=0, limit=20, fields=None
2026-06-22 02:20:11,100 - routers.diseases - DEBUG - Found 6 diseasess
2026-06-22 02:20:18,998 - routers.diseases - DEBUG - Querying diseasess: query=None, sort=None, skip=0, limit=20, fields=None
2026-06-22 02:20:19,002 - routers.diseases - DEBUG - Found 6 diseasess
2026-06-22 02:20:21,873 - routers.diseases - DEBUG - Querying diseasess: query=None, sort=None, skip=0, limit=20, fields=None
2026-06-22 02:20:21,882 - routers.diseases - DEBUG - Found 6 diseasess
2026-06-22 02:30:19,607 - services.database - DEBUG - [DB_OP] Starting database close
2026-06-22 02:30:19,607 - core.database - INFO - Database connection closed and engine disposed
2026-06-22 02:30:19,607 - services.database - INFO - Database connections closed
2026-06-22 02:30:19,607 - services.database - DEBUG - [DB_OP] Database close completed in 0.0000s
