2026-06-22 00:18:30,171 - main - INFO - === Logging system initialized ===
2026-06-22 00:18:30,171 - main - INFO - Log file: logs/app_20260622_001830.log
2026-06-22 00:18:30,171 - main - INFO - Log level: INFO
2026-06-22 00:18:30,171 - main - INFO - Timestamp: 20260622_001830
2026-06-22 00:18:30,671 - main - INFO - Included router: routers.aihub.router
2026-06-22 00:18:30,677 - main - INFO - Included router: routers.auth.router
2026-06-22 00:18:30,693 - main - INFO - Included router: routers.disease_drug_mappings.router
2026-06-22 00:18:30,709 - main - INFO - Included router: routers.diseases.router
2026-06-22 00:18:30,717 - main - INFO - Included router: routers.drugs.router
2026-06-22 00:18:30,718 - main - INFO - Included router: routers.health.router
2026-06-22 00:18:30,722 - main - INFO - Included router: routers.openfda.router
2026-06-22 00:18:30,727 - main - INFO - Included router: routers.predict.router
2026-06-22 00:18:30,743 - main - INFO - Included router: routers.prediction_histories.router
2026-06-22 00:18:30,750 - main - INFO - Included router: routers.settings.router
2026-06-22 00:18:30,765 - main - INFO - Included router: routers.storage.router
2026-06-22 00:18:30,768 - main - INFO - Included router: routers.user.router
2026-06-22 00:18:30,775 - main - INFO - Included router: routers.user_saved_drugs.router
2026-06-22 00:18:30,776 - main - INFO - === Application startup initiated ===
2026-06-22 00:18:30,776 - services.database - DEBUG - [DB_OP] Starting database initialization
2026-06-22 00:18:30,776 - services.database - INFO - Starting database initialization...
2026-06-22 00:18:30,776 - core.database - INFO - Starting database initialization...
2026-06-22 00:18:30,776 - core.config - DEBUG - Read dynamic attribute database_url from environment variable DATABASE_URL
2026-06-22 00:18:30,778 - core.database - INFO - Creating database engine: mssql+pymssql://sa:123456@localhost:1433/medipredict
2026-06-22 00:18:31,035 - core.database - INFO - Database engine and session maker created successfully
2026-06-22 00:18:31,035 - services.database - INFO - Database connection initialized, now creating tables if tables not exist...
2026-06-22 00:18:31,035 - core.database - DEBUG - [DB_OP] Starting create_tables
2026-06-22 00:18:31,036 - core.database - INFO - Starting table creation...
2026-06-22 00:18:31,128 - core.database - INFO - Tables initialized successfully
2026-06-22 00:18:31,128 - core.database - DEBUG - [DB_OP] Create tables completed in 0.0928s
2026-06-22 00:18:31,128 - services.database - INFO - Table creation completed
2026-06-22 00:18:31,129 - services.database - INFO - Database initialized successfully
2026-06-22 00:18:31,129 - services.database - DEBUG - [DB_OP] Database initialization completed in 0.3528s
2026-06-22 00:18:31,129 - services.mock_data - INFO - Processing mock data file disease_drug_mappings.json for table disease_drug_mappings
2026-06-22 00:18:32,569 - services.mock_data - INFO - Table disease_drug_mappings already has 210 rows; skipping mock insert
2026-06-22 00:18:32,569 - services.mock_data - INFO - Processing mock data file diseases.json for table diseases
2026-06-22 00:18:33,720 - services.mock_data - INFO - Table diseases already has 70 rows; skipping mock insert
2026-06-22 00:18:33,721 - services.database - DEBUG - [DB_OP] Starting database initialization
2026-06-22 00:18:33,721 - services.database - INFO - Starting database initialization...
2026-06-22 00:18:33,721 - core.database - INFO - Starting database initialization...
2026-06-22 00:18:33,722 - core.database - INFO - Database already initialized
2026-06-22 00:18:33,722 - services.database - INFO - Database connection initialized, now creating tables if tables not exist...
2026-06-22 00:18:33,722 - core.database - DEBUG - [DB_OP] Starting create_tables
2026-06-22 00:18:33,722 - core.database - INFO - Tables already initialized
2026-06-22 00:18:33,722 - services.database - INFO - Table creation completed
2026-06-22 00:18:33,722 - services.database - INFO - Database initialized successfully
2026-06-22 00:18:33,722 - services.database - DEBUG - [DB_OP] Database initialization completed in 0.0010s
2026-06-22 00:18:33,722 - core.config - DEBUG - Read dynamic attribute admin_user_id from environment variable ADMIN_USER_ID
2026-06-22 00:18:33,722 - core.config - DEBUG - Read dynamic attribute admin_user_email from environment variable ADMIN_USER_EMAIL
2026-06-22 00:18:33,733 - main - INFO - === Application startup completed successfully ===
2026-06-22 00:18:44,778 - core.config - DEBUG - Read dynamic attribute jwt_secret_key from environment variable JWT_SECRET_KEY
2026-06-22 00:18:44,778 - core.config - DEBUG - Read dynamic attribute jwt_algorithm from environment variable JWT_ALGORITHM
2026-06-22 00:18:44,792 - core.auth - DEBUG - Authentication token validated for user hash: 916b2460
2026-06-22 00:18:44,795 - routers.diseases - DEBUG - Querying diseasess: query=None, sort=None, skip=0, limit=20, fields=None
2026-06-22 00:18:44,814 - routers.diseases - DEBUG - Found 70 diseasess
2026-06-22 00:18:47,526 - httpcore.connection - DEBUG - connect_tcp.started host='api.fda.gov' port=443 local_address=None timeout=30.0 socket_options=None
2026-06-22 00:18:47,813 - httpcore.connection - DEBUG - connect_tcp.complete return_value=<httpcore._backends.anyio.AnyIOStream object at 0x000002D1C28AFFD0>
2026-06-22 00:18:47,814 - httpcore.connection - DEBUG - start_tls.started ssl_context=<ssl.SSLContext object at 0x000002D1C28E5640> server_hostname='api.fda.gov' timeout=30.0
2026-06-22 00:18:48,278 - httpcore.connection - DEBUG - start_tls.complete return_value=<httpcore._backends.anyio.AnyIOStream object at 0x000002D1C281DC10>
2026-06-22 00:18:48,279 - httpcore.http11 - DEBUG - send_request_headers.started request=<Request [b'GET']>
2026-06-22 00:18:48,280 - httpcore.http11 - DEBUG - send_request_headers.complete
2026-06-22 00:18:48,280 - httpcore.http11 - DEBUG - send_request_body.started request=<Request [b'GET']>
2026-06-22 00:18:48,280 - httpcore.http11 - DEBUG - send_request_body.complete
2026-06-22 00:18:48,281 - httpcore.http11 - DEBUG - receive_response_headers.started request=<Request [b'GET']>
2026-06-22 00:18:48,837 - httpcore.http11 - DEBUG - receive_response_headers.complete return_value=(b'HTTP/1.1', 200, b'OK', [(b'Date', b'Sun, 21 Jun 2026 17:18:47 GMT'), (b'Content-Type', b'application/json; charset=utf-8'), (b'Transfer-Encoding', b'chunked'), (b'Connection', b'keep-alive'), (b'Access-Control-Allow-Credentials', b'true'), (b'Access-Control-Allow-Origin', b'*'), (b'Age', b'0'), (b'Cache-Control', b'no-cache, no-store, must-revalidate'), (b'Content-Encoding', b'gzip'), (b'Content-Security-Policy', b"default-src 'none'"), (b'Etag', b'W/"125bfc-SpOiVoCRnJFT6xbD6ZZuz/KFTho"'), (b'Link', b'<https://api.fda.gov/drug/label.json?limit=20&skip=0&search=openfda.brand_name%3A%2A&search_after=0%3D000dc81d-ab91-450c-8eae-8eb74e72296f>; rel="next"'), (b'Strict-Transport-Security', b'max-age=31536000; includeSubDomains; preload'), (b'Vary', b'Accept-Encoding'), (b'Vary', b'Accept-Encoding'), (b'Via', b'https/1.1 api-umbrella (ApacheTrafficServer [cMsSf ])'), (b'X-Api-Umbrella-Request-Id', b'cutcoiduo60ci5vfqls0'), (b'X-Cache', b'MISS'), (b'X-Content-Type-Options', b'nosniff'), (b'X-Ratelimit-Limit', b'240'), (b'X-Ratelimit-Remaining', b'239'), (b'X-Vcap-Request-Id', b'9a454eaa-aa83-44fe-66aa-b551e6f7eb48'), (b'X-Xss-Protection', b'1; mode=block'), (b'X-Frame-Options', b'deny')])
2026-06-22 00:18:48,838 - httpx - INFO - HTTP Request: GET https://api.fda.gov/drug/label.json?limit=20&skip=0&search=openfda.brand_name%3A%2A&api_key=cYzhzoHiQdDiwxC3w3smJ5Fp5rlpKudgLVvgrkQ9 "HTTP/1.1 200 OK"
2026-06-22 00:18:48,838 - httpcore.http11 - DEBUG - receive_response_body.started request=<Request [b'GET']>
2026-06-22 00:18:49,711 - httpcore.http11 - DEBUG - receive_response_body.complete
2026-06-22 00:18:49,711 - httpcore.http11 - DEBUG - response_closed.started
2026-06-22 00:18:49,711 - httpcore.http11 - DEBUG - response_closed.complete
2026-06-22 00:18:49,717 - httpcore.connection - DEBUG - close.started
2026-06-22 00:18:49,718 - httpcore.connection - DEBUG - close.complete
2026-06-22 00:18:54,944 - routers.diseases - DEBUG - Querying diseasess: query=None, sort=None, skip=0, limit=20, fields=None
2026-06-22 00:18:54,949 - routers.diseases - DEBUG - Found 70 diseasess
2026-06-22 00:19:10,338 - httpcore.connection - DEBUG - connect_tcp.started host='api.fda.gov' port=443 local_address=None timeout=30.0 socket_options=None
2026-06-22 00:19:10,550 - httpcore.connection - DEBUG - connect_tcp.complete return_value=<httpcore._backends.anyio.AnyIOStream object at 0x000002D1C0DAF4D0>
2026-06-22 00:19:10,551 - httpcore.connection - DEBUG - start_tls.started ssl_context=<ssl.SSLContext object at 0x000002D1C28E5D00> server_hostname='api.fda.gov' timeout=30.0
2026-06-22 00:19:10,985 - httpcore.connection - DEBUG - start_tls.complete return_value=<httpcore._backends.anyio.AnyIOStream object at 0x000002D1C28FA6D0>
2026-06-22 00:19:10,985 - httpcore.http11 - DEBUG - send_request_headers.started request=<Request [b'GET']>
2026-06-22 00:19:10,985 - httpcore.http11 - DEBUG - send_request_headers.complete
2026-06-22 00:19:10,985 - httpcore.http11 - DEBUG - send_request_body.started request=<Request [b'GET']>
2026-06-22 00:19:10,986 - httpcore.http11 - DEBUG - send_request_body.complete
2026-06-22 00:19:10,986 - httpcore.http11 - DEBUG - receive_response_headers.started request=<Request [b'GET']>
2026-06-22 00:19:11,628 - httpcore.http11 - DEBUG - receive_response_headers.complete return_value=(b'HTTP/1.1', 200, b'OK', [(b'Date', b'Sun, 21 Jun 2026 17:19:10 GMT'), (b'Content-Type', b'application/json; charset=utf-8'), (b'Transfer-Encoding', b'chunked'), (b'Connection', b'keep-alive'), (b'Access-Control-Allow-Credentials', b'true'), (b'Access-Control-Allow-Origin', b'*'), (b'Age', b'0'), (b'Cache-Control', b'no-cache, no-store, must-revalidate'), (b'Content-Encoding', b'gzip'), (b'Content-Security-Policy', b"default-src 'none'"), (b'Etag', b'W/"125bfc-SpOiVoCRnJFT6xbD6ZZuz/KFTho"'), (b'Link', b'<https://api.fda.gov/drug/label.json?limit=20&skip=0&search=openfda.brand_name%3A%2A&search_after=0%3D000dc81d-ab91-450c-8eae-8eb74e72296f>; rel="next"'), (b'Strict-Transport-Security', b'max-age=31536000; includeSubDomains; preload'), (b'Vary', b'Accept-Encoding'), (b'Vary', b'Accept-Encoding'), (b'Via', b'https/1.1 api-umbrella (ApacheTrafficServer [cMsSf ])'), (b'X-Api-Umbrella-Request-Id', b'cutconvf9cvlrbfi9ud0'), (b'X-Cache', b'MISS'), (b'X-Content-Type-Options', b'nosniff'), (b'X-Ratelimit-Limit', b'240'), (b'X-Ratelimit-Remaining', b'239'), (b'X-Vcap-Request-Id', b'f1aec9b5-c5ab-4807-4cb4-8f047a8cd97e'), (b'X-Xss-Protection', b'1; mode=block'), (b'X-Frame-Options', b'deny')])
2026-06-22 00:19:11,628 - httpx - INFO - HTTP Request: GET https://api.fda.gov/drug/label.json?limit=20&skip=0&search=openfda.brand_name%3A%2A&api_key=cYzhzoHiQdDiwxC3w3smJ5Fp5rlpKudgLVvgrkQ9 "HTTP/1.1 200 OK"
2026-06-22 00:19:11,629 - httpcore.http11 - DEBUG - receive_response_body.started request=<Request [b'GET']>
2026-06-22 00:19:12,139 - httpcore.http11 - DEBUG - receive_response_body.complete
2026-06-22 00:19:12,139 - httpcore.http11 - DEBUG - response_closed.started
2026-06-22 00:19:12,140 - httpcore.http11 - DEBUG - response_closed.complete
2026-06-22 00:19:12,144 - httpcore.connection - DEBUG - close.started
2026-06-22 00:19:12,145 - httpcore.connection - DEBUG - close.complete
2026-06-22 00:19:36,589 - httpcore.connection - DEBUG - connect_tcp.started host='api.fda.gov' port=443 local_address=None timeout=30.0 socket_options=None
2026-06-22 00:19:36,805 - httpcore.connection - DEBUG - connect_tcp.complete return_value=<httpcore._backends.anyio.AnyIOStream object at 0x000002D1C286CE10>
2026-06-22 00:19:36,805 - httpcore.connection - DEBUG - start_tls.started ssl_context=<ssl.SSLContext object at 0x000002D1C28E59A0> server_hostname='api.fda.gov' timeout=30.0
2026-06-22 00:19:37,228 - httpcore.connection - DEBUG - start_tls.complete return_value=<httpcore._backends.anyio.AnyIOStream object at 0x000002D1C2AA1BD0>
2026-06-22 00:19:37,229 - httpcore.http11 - DEBUG - send_request_headers.started request=<Request [b'GET']>
2026-06-22 00:19:37,229 - httpcore.http11 - DEBUG - send_request_headers.complete
2026-06-22 00:19:37,230 - httpcore.http11 - DEBUG - send_request_body.started request=<Request [b'GET']>
2026-06-22 00:19:37,230 - httpcore.http11 - DEBUG - send_request_body.complete
2026-06-22 00:19:37,230 - httpcore.http11 - DEBUG - receive_response_headers.started request=<Request [b'GET']>
2026-06-22 00:19:37,520 - httpcore.http11 - DEBUG - receive_response_headers.complete return_value=(b'HTTP/1.1', 404, b'Not Found', [(b'Date', b'Sun, 21 Jun 2026 17:19:36 GMT'), (b'Content-Type', b'application/json; charset=utf-8'), (b'Transfer-Encoding', b'chunked'), (b'Connection', b'keep-alive'), (b'Vary', b'Accept-Encoding'), (b'Access-Control-Allow-Credentials', b'true'), (b'Access-Control-Allow-Origin', b'*'), (b'Age', b'0'), (b'Cache-Control', b'no-cache, no-store, must-revalidate'), (b'Content-Security-Policy', b"default-src 'none'"), (b'Etag', b'W/"50-Gov3eVBQAYPDbwMSq8YtHKLjrHw"'), (b'Strict-Transport-Security', b'max-age=31536000; includeSubDomains; preload'), (b'Vary', b'Accept-Encoding'), (b'Via', b'https/1.1 api-umbrella (ApacheTrafficServer [cMsSf ])'), (b'X-Api-Umbrella-Request-Id', b'cutcoucbqv32pghsn240'), (b'X-Cache', b'MISS'), (b'X-Content-Type-Options', b'nosniff'), (b'X-Ratelimit-Limit', b'240'), (b'X-Ratelimit-Remaining', b'238'), (b'X-Vcap-Request-Id', b'3d21c857-5f94-4515-7343-35968abdff26'), (b'X-Xss-Protection', b'1; mode=block'), (b'X-Frame-Options', b'deny'), (b'Content-Encoding', b'gzip')])
2026-06-22 00:19:37,521 - httpx - INFO - HTTP Request: GET https://api.fda.gov/drug/label.json?limit=20&skip=0&search=openfda.brand_name%3Apana+OR+openfda.generic_name%3Apana&api_key=cYzhzoHiQdDiwxC3w3smJ5Fp5rlpKudgLVvgrkQ9 "HTTP/1.1 404 Not Found"
2026-06-22 00:19:37,521 - httpcore.http11 - DEBUG - receive_response_body.started request=<Request [b'GET']>
2026-06-22 00:19:37,521 - httpcore.http11 - DEBUG - receive_response_body.complete
2026-06-22 00:19:37,521 - httpcore.http11 - DEBUG - response_closed.started
2026-06-22 00:19:37,521 - httpcore.http11 - DEBUG - response_closed.complete
2026-06-22 00:19:37,523 - services.openfda - ERROR - openFDA HTTP error: 404 - {
  "error": {
    "code": "NOT_FOUND",
    "message": "No matches found!"
  }
}
2026-06-22 00:19:37,523 - httpcore.connection - DEBUG - close.started
2026-06-22 00:19:37,523 - httpcore.connection - DEBUG - close.complete
2026-06-22 00:19:39,601 - httpcore.connection - DEBUG - connect_tcp.started host='api.fda.gov' port=443 local_address=None timeout=30.0 socket_options=None
2026-06-22 00:19:39,824 - httpcore.connection - DEBUG - connect_tcp.complete return_value=<httpcore._backends.anyio.AnyIOStream object at 0x000002D1C2AA3F50>
2026-06-22 00:19:39,824 - httpcore.connection - DEBUG - start_tls.started ssl_context=<ssl.SSLContext object at 0x000002D1C28E6840> server_hostname='api.fda.gov' timeout=30.0
2026-06-22 00:19:40,279 - httpcore.connection - DEBUG - start_tls.complete return_value=<httpcore._backends.anyio.AnyIOStream object at 0x000002D1C2028F10>
2026-06-22 00:19:40,279 - httpcore.http11 - DEBUG - send_request_headers.started request=<Request [b'GET']>
2026-06-22 00:19:40,280 - httpcore.http11 - DEBUG - send_request_headers.complete
2026-06-22 00:19:40,281 - httpcore.http11 - DEBUG - send_request_body.started request=<Request [b'GET']>
2026-06-22 00:19:40,281 - httpcore.http11 - DEBUG - send_request_body.complete
2026-06-22 00:19:40,281 - httpcore.http11 - DEBUG - receive_response_headers.started request=<Request [b'GET']>
2026-06-22 00:19:40,600 - httpcore.http11 - DEBUG - receive_response_headers.complete return_value=(b'HTTP/1.1', 200, b'OK', [(b'Date', b'Sun, 21 Jun 2026 17:19:39 GMT'), (b'Content-Type', b'application/json; charset=utf-8'), (b'Transfer-Encoding', b'chunked'), (b'Connection', b'keep-alive'), (b'Access-Control-Allow-Credentials', b'true'), (b'Access-Control-Allow-Origin', b'*'), (b'Age', b'0'), (b'Cache-Control', b'no-cache, no-store, must-revalidate'), (b'Content-Encoding', b'gzip'), (b'Content-Security-Policy', b"default-src 'none'"), (b'Etag', b'W/"14d4a-giSKufDSa2lJjhttNoAQRHEZ248"'), (b'Strict-Transport-Security', b'max-age=31536000; includeSubDomains; preload'), (b'Vary', b'Accept-Encoding'), (b'Vary', b'Accept-Encoding'), (b'Via', b'https/1.1 api-umbrella (ApacheTrafficServer [cMsSf ])'), (b'X-Api-Umbrella-Request-Id', b'cutcov4aqpfeq3emodkg'), (b'X-Cache', b'MISS'), (b'X-Content-Type-Options', b'nosniff'), (b'X-Ratelimit-Limit', b'240'), (b'X-Ratelimit-Remaining', b'237'), (b'X-Vcap-Request-Id', b'180d1731-b1be-4ddc-66fb-5ed7c06c7030'), (b'X-Xss-Protection', b'1; mode=block'), (b'X-Frame-Options', b'deny')])
2026-06-22 00:19:40,601 - httpx - INFO - HTTP Request: GET https://api.fda.gov/drug/label.json?limit=20&skip=0&search=openfda.brand_name%3Apanadol+OR+openfda.generic_name%3Apanadol&api_key=cYzhzoHiQdDiwxC3w3smJ5Fp5rlpKudgLVvgrkQ9 "HTTP/1.1 200 OK"
2026-06-22 00:19:40,601 - httpcore.http11 - DEBUG - receive_response_body.started request=<Request [b'GET']>
2026-06-22 00:19:40,603 - httpcore.http11 - DEBUG - receive_response_body.complete
2026-06-22 00:19:40,603 - httpcore.http11 - DEBUG - response_closed.started
2026-06-22 00:19:40,604 - httpcore.http11 - DEBUG - response_closed.complete
2026-06-22 00:19:40,604 - httpcore.connection - DEBUG - close.started
2026-06-22 00:19:40,605 - httpcore.connection - DEBUG - close.complete
2026-06-22 00:20:08,964 - httpcore.connection - DEBUG - connect_tcp.started host='api.fda.gov' port=443 local_address=None timeout=30.0 socket_options=None
2026-06-22 00:20:09,256 - httpcore.connection - DEBUG - connect_tcp.complete return_value=<httpcore._backends.anyio.AnyIOStream object at 0x000002D1C29221D0>
2026-06-22 00:20:09,257 - httpcore.connection - DEBUG - start_tls.started ssl_context=<ssl.SSLContext object at 0x000002D1C28E68D0> server_hostname='api.fda.gov' timeout=30.0
2026-06-22 00:20:09,925 - httpcore.connection - DEBUG - connect_tcp.started host='api.fda.gov' port=443 local_address=None timeout=30.0 socket_options=None
2026-06-22 00:20:09,927 - httpcore.connection - DEBUG - start_tls.complete return_value=<httpcore._backends.anyio.AnyIOStream object at 0x000002D1C2A9BCD0>
2026-06-22 00:20:09,927 - httpcore.http11 - DEBUG - send_request_headers.started request=<Request [b'GET']>
2026-06-22 00:20:09,927 - httpcore.http11 - DEBUG - send_request_headers.complete
2026-06-22 00:20:09,927 - httpcore.http11 - DEBUG - send_request_body.started request=<Request [b'GET']>
2026-06-22 00:20:09,928 - httpcore.http11 - DEBUG - send_request_body.complete
2026-06-22 00:20:09,928 - httpcore.http11 - DEBUG - receive_response_headers.started request=<Request [b'GET']>
2026-06-22 00:20:10,188 - httpcore.connection - DEBUG - connect_tcp.complete return_value=<httpcore._backends.anyio.AnyIOStream object at 0x000002D1C2A99B50>
2026-06-22 00:20:10,189 - httpcore.connection - DEBUG - start_tls.started ssl_context=<ssl.SSLContext object at 0x000002D1C28E6F90> server_hostname='api.fda.gov' timeout=30.0
2026-06-22 00:20:10,661 - httpcore.connection - DEBUG - start_tls.complete return_value=<httpcore._backends.anyio.AnyIOStream object at 0x000002D1C2A99A10>
2026-06-22 00:20:10,661 - httpcore.http11 - DEBUG - send_request_headers.started request=<Request [b'GET']>
2026-06-22 00:20:10,661 - httpcore.http11 - DEBUG - send_request_headers.complete
2026-06-22 00:20:10,663 - httpcore.http11 - DEBUG - send_request_body.started request=<Request [b'GET']>
2026-06-22 00:20:10,663 - httpcore.http11 - DEBUG - send_request_body.complete
2026-06-22 00:20:10,663 - httpcore.http11 - DEBUG - receive_response_headers.started request=<Request [b'GET']>
2026-06-22 00:20:10,960 - httpcore.http11 - DEBUG - receive_response_headers.complete return_value=(b'HTTP/1.1', 200, b'OK', [(b'Date', b'Sun, 21 Jun 2026 17:20:09 GMT'), (b'Content-Type', b'application/json; charset=utf-8'), (b'Transfer-Encoding', b'chunked'), (b'Connection', b'keep-alive'), (b'Access-Control-Allow-Credentials', b'true'), (b'Access-Control-Allow-Origin', b'*'), (b'Age', b'0'), (b'Cache-Control', b'no-cache, no-store, must-revalidate'), (b'Content-Encoding', b'gzip'), (b'Content-Security-Policy', b"default-src 'none'"), (b'Etag', b'W/"1ea2d5-mjhFEC6IVN1poJV9AiyPN53jA+Y"'), (b'Link', b'<https://api.fda.gov/drug/label.json?limit=20&skip=0&search=openfda.brand_name%3Apanadol%20ex%20OR%20openfda.generic_name%3Apanadol%20ex&search_after=0%3D01139e81-a4fa-4e13-acdf-c75c79a1aa9c>; rel="next"'), (b'Strict-Transport-Security', b'max-age=31536000; includeSubDomains; preload'), (b'Vary', b'Accept-Encoding'), (b'Vary', b'Accept-Encoding'), (b'Via', b'https/1.1 api-umbrella (ApacheTrafficServer [cMsSf ])'), (b'X-Api-Umbrella-Request-Id', b'cutcp6bvdnacm3s81720'), (b'X-Cache', b'MISS'), (b'X-Content-Type-Options', b'nosniff'), (b'X-Ratelimit-Limit', b'240'), (b'X-Ratelimit-Remaining', b'237'), (b'X-Vcap-Request-Id', b'2ad55202-62e1-44e5-44d8-2868cdf51aa3'), (b'X-Xss-Protection', b'1; mode=block'), (b'X-Frame-Options', b'deny')])
2026-06-22 00:20:10,963 - httpx - INFO - HTTP Request: GET https://api.fda.gov/drug/label.json?limit=20&skip=0&search=openfda.brand_name%3Apanadol+ex+OR+openfda.generic_name%3Apanadol+ex&api_key=cYzhzoHiQdDiwxC3w3smJ5Fp5rlpKudgLVvgrkQ9 "HTTP/1.1 200 OK"
2026-06-22 00:20:10,965 - httpcore.http11 - DEBUG - receive_response_body.started request=<Request [b'GET']>
2026-06-22 00:20:11,523 - httpcore.http11 - DEBUG - receive_response_headers.complete return_value=(b'HTTP/1.1', 200, b'OK', [(b'Date', b'Sun, 21 Jun 2026 17:20:10 GMT'), (b'Content-Type', b'application/json; charset=utf-8'), (b'Transfer-Encoding', b'chunked'), (b'Connection', b'keep-alive'), (b'Access-Control-Allow-Credentials', b'true'), (b'Access-Control-Allow-Origin', b'*'), (b'Age', b'1'), (b'Cache-Control', b'no-cache, no-store, must-revalidate'), (b'Content-Encoding', b'gzip'), (b'Content-Security-Policy', b"default-src 'none'"), (b'Etag', b'W/"1ab8a4-iMblA1MI6B5bo0+N8tCxlXhpiak"'), (b'Link', b'<https://api.fda.gov/drug/label.json?limit=20&skip=0&search=openfda.brand_name%3Apanadol%20extra%20OR%20openfda.generic_name%3Apanadol%20extra&search_after=0%3D00680bea-d2fb-4362-ba67-e866b732e9ed>; rel="next"'), (b'Strict-Transport-Security', b'max-age=31536000; includeSubDomains; preload'), (b'Vary', b'Accept-Encoding'), (b'Vary', b'Accept-Encoding'), (b'Via', b'https/1.1 api-umbrella (ApacheTrafficServer [cMsSf ])'), (b'X-Api-Umbrella-Request-Id', b'cutcp6hpdj1sb4v8gkrg'), (b'X-Cache', b'MISS'), (b'X-Content-Type-Options', b'nosniff'), (b'X-Ratelimit-Limit', b'240'), (b'X-Ratelimit-Remaining', b'237'), (b'X-Vcap-Request-Id', b'daed3bb3-34dc-4ae1-6a64-2d862bd45a3a'), (b'X-Xss-Protection', b'1; mode=block'), (b'X-Frame-Options', b'deny')])
2026-06-22 00:20:11,523 - httpx - INFO - HTTP Request: GET https://api.fda.gov/drug/label.json?limit=20&skip=0&search=openfda.brand_name%3Apanadol+extra+OR+openfda.generic_name%3Apanadol+extra&api_key=cYzhzoHiQdDiwxC3w3smJ5Fp5rlpKudgLVvgrkQ9 "HTTP/1.1 200 OK"
2026-06-22 00:20:11,525 - httpcore.http11 - DEBUG - receive_response_body.started request=<Request [b'GET']>
2026-06-22 00:20:11,714 - httpcore.http11 - DEBUG - receive_response_body.complete
2026-06-22 00:20:11,715 - httpcore.http11 - DEBUG - response_closed.started
2026-06-22 00:20:11,715 - httpcore.http11 - DEBUG - response_closed.complete
2026-06-22 00:20:11,728 - httpcore.connection - DEBUG - close.started
2026-06-22 00:20:11,729 - httpcore.connection - DEBUG - close.complete
2026-06-22 00:20:12,262 - httpcore.http11 - DEBUG - receive_response_body.complete
2026-06-22 00:20:12,262 - httpcore.http11 - DEBUG - response_closed.started
2026-06-22 00:20:12,263 - httpcore.http11 - DEBUG - response_closed.complete
2026-06-22 00:20:12,268 - httpcore.connection - DEBUG - close.started
2026-06-22 00:20:12,269 - httpcore.connection - DEBUG - close.complete
2026-06-22 00:20:38,344 - httpcore.connection - DEBUG - connect_tcp.started host='api.fda.gov' port=443 local_address=None timeout=30.0 socket_options=None
2026-06-22 00:20:38,565 - httpcore.connection - DEBUG - connect_tcp.complete return_value=<httpcore._backends.anyio.AnyIOStream object at 0x000002D1C2AA2590>
2026-06-22 00:20:38,565 - httpcore.connection - DEBUG - start_tls.started ssl_context=<ssl.SSLContext object at 0x000002D1C28E6B10> server_hostname='api.fda.gov' timeout=30.0
2026-06-22 00:20:39,208 - httpcore.connection - DEBUG - connect_tcp.started host='api.fda.gov' port=443 local_address=None timeout=30.0 socket_options=None
2026-06-22 00:20:39,211 - httpcore.connection - DEBUG - start_tls.complete return_value=<httpcore._backends.anyio.AnyIOStream object at 0x000002D1C2AA0CD0>
2026-06-22 00:20:39,212 - httpcore.http11 - DEBUG - send_request_headers.started request=<Request [b'GET']>
2026-06-22 00:20:39,212 - httpcore.http11 - DEBUG - send_request_headers.complete
2026-06-22 00:20:39,212 - httpcore.http11 - DEBUG - send_request_body.started request=<Request [b'GET']>
2026-06-22 00:20:39,213 - httpcore.http11 - DEBUG - send_request_body.complete
2026-06-22 00:20:39,213 - httpcore.http11 - DEBUG - receive_response_headers.started request=<Request [b'GET']>
2026-06-22 00:20:39,435 - httpcore.connection - DEBUG - connect_tcp.complete return_value=<httpcore._backends.anyio.AnyIOStream object at 0x000002D1C2802710>
2026-06-22 00:20:39,436 - httpcore.connection - DEBUG - start_tls.started ssl_context=<ssl.SSLContext object at 0x000002D1C28E5910> server_hostname='api.fda.gov' timeout=30.0
2026-06-22 00:20:39,563 - httpcore.http11 - DEBUG - receive_response_headers.complete return_value=(b'HTTP/1.1', 404, b'Not Found', [(b'Date', b'Sun, 21 Jun 2026 17:20:38 GMT'), (b'Content-Type', b'application/json; charset=utf-8'), (b'Transfer-Encoding', b'chunked'), (b'Connection', b'keep-alive'), (b'Vary', b'Accept-Encoding'), (b'Access-Control-Allow-Credentials', b'true'), (b'Access-Control-Allow-Origin', b'*'), (b'Age', b'0'), (b'Cache-Control', b'no-cache, no-store, must-revalidate'), (b'Content-Security-Policy', b"default-src 'none'"), (b'Etag', b'W/"50-Gov3eVBQAYPDbwMSq8YtHKLjrHw"'), (b'Strict-Transport-Security', b'max-age=31536000; includeSubDomains; preload'), (b'Vary', b'Accept-Encoding'), (b'Via', b'https/1.1 api-umbrella (ApacheTrafficServer [cMsSf ])'), (b'X-Api-Umbrella-Request-Id', b'cutcpdgmpcj7mpkov970'), (b'X-Cache', b'MISS'), (b'X-Content-Type-Options', b'nosniff'), (b'X-Ratelimit-Limit', b'240'), (b'X-Ratelimit-Remaining', b'236'), (b'X-Vcap-Request-Id', b'813c379c-99d8-46dd-657b-7280540781eb'), (b'X-Xss-Protection', b'1; mode=block'), (b'X-Frame-Options', b'deny'), (b'Content-Encoding', b'gzip')])
2026-06-22 00:20:39,564 - httpx - INFO - HTTP Request: GET https://api.fda.gov/drug/label.json?limit=20&skip=0&search=openfda.brand_name%3AParacetamol++OR+openfda.generic_name%3AParacetamol+&api_key=cYzhzoHiQdDiwxC3w3smJ5Fp5rlpKudgLVvgrkQ9 "HTTP/1.1 404 Not Found"
2026-06-22 00:20:39,564 - httpcore.http11 - DEBUG - receive_response_body.started request=<Request [b'GET']>
2026-06-22 00:20:39,565 - httpcore.http11 - DEBUG - receive_response_body.complete
2026-06-22 00:20:39,565 - httpcore.http11 - DEBUG - response_closed.started
2026-06-22 00:20:39,566 - httpcore.http11 - DEBUG - response_closed.complete
2026-06-22 00:20:39,567 - services.openfda - ERROR - openFDA HTTP error: 404 - {
  "error": {
    "code": "NOT_FOUND",
    "message": "No matches found!"
  }
}
2026-06-22 00:20:39,567 - httpcore.connection - DEBUG - close.started
2026-06-22 00:20:39,568 - httpcore.connection - DEBUG - close.complete
2026-06-22 00:20:39,907 - httpcore.connection - DEBUG - start_tls.complete return_value=<httpcore._backends.anyio.AnyIOStream object at 0x000002D1C272A2D0>
2026-06-22 00:20:39,909 - httpcore.http11 - DEBUG - send_request_headers.started request=<Request [b'GET']>
2026-06-22 00:20:39,911 - httpcore.http11 - DEBUG - send_request_headers.complete
2026-06-22 00:20:39,911 - httpcore.http11 - DEBUG - send_request_body.started request=<Request [b'GET']>
2026-06-22 00:20:39,912 - httpcore.http11 - DEBUG - send_request_body.complete
2026-06-22 00:20:39,913 - httpcore.http11 - DEBUG - receive_response_headers.started request=<Request [b'GET']>
2026-06-22 00:20:40,212 - httpcore.http11 - DEBUG - receive_response_headers.complete return_value=(b'HTTP/1.1', 404, b'Not Found', [(b'Date', b'Sun, 21 Jun 2026 17:20:39 GMT'), (b'Content-Type', b'application/json; charset=utf-8'), (b'Transfer-Encoding', b'chunked'), (b'Connection', b'keep-alive'), (b'Vary', b'Accept-Encoding'), (b'Access-Control-Allow-Credentials', b'true'), (b'Access-Control-Allow-Origin', b'*'), (b'Age', b'0'), (b'Cache-Control', b'no-cache, no-store, must-revalidate'), (b'Content-Security-Policy', b"default-src 'none'"), (b'Etag', b'W/"50-Gov3eVBQAYPDbwMSq8YtHKLjrHw"'), (b'Strict-Transport-Security', b'max-age=31536000; includeSubDomains; preload'), (b'Vary', b'Accept-Encoding'), (b'Via', b'https/1.1 api-umbrella (ApacheTrafficServer [cMsSf ])'), (b'X-Api-Umbrella-Request-Id', b'cutcpdm57hhnad53brd0'), (b'X-Cache', b'MISS'), (b'X-Content-Type-Options', b'nosniff'), (b'X-Ratelimit-Limit', b'240'), (b'X-Ratelimit-Remaining', b'236'), (b'X-Vcap-Request-Id', b'a57e3ae4-a9d4-4050-6813-18e8dd701b1f'), (b'X-Xss-Protection', b'1; mode=block'), (b'X-Frame-Options', b'deny'), (b'Content-Encoding', b'gzip')])
2026-06-22 00:20:40,215 - httpx - INFO - HTTP Request: GET https://api.fda.gov/drug/label.json?limit=20&skip=0&search=openfda.brand_name%3AParacetamol+OR+openfda.generic_name%3AParacetamol&api_key=cYzhzoHiQdDiwxC3w3smJ5Fp5rlpKudgLVvgrkQ9 "HTTP/1.1 404 Not Found"
2026-06-22 00:20:40,216 - httpcore.http11 - DEBUG - receive_response_body.started request=<Request [b'GET']>
2026-06-22 00:20:40,219 - httpcore.http11 - DEBUG - receive_response_body.complete
2026-06-22 00:20:40,220 - httpcore.http11 - DEBUG - response_closed.started
2026-06-22 00:20:40,221 - httpcore.http11 - DEBUG - response_closed.complete
2026-06-22 00:20:40,222 - services.openfda - ERROR - openFDA HTTP error: 404 - {
  "error": {
    "code": "NOT_FOUND",
    "message": "No matches found!"
  }
}
2026-06-22 00:20:40,222 - httpcore.connection - DEBUG - close.started
2026-06-22 00:20:40,223 - httpcore.connection - DEBUG - close.complete
2026-06-22 00:20:49,240 - httpcore.connection - DEBUG - connect_tcp.started host='api.fda.gov' port=443 local_address=None timeout=30.0 socket_options=None
2026-06-22 00:20:49,444 - httpcore.connection - DEBUG - connect_tcp.complete return_value=<httpcore._backends.anyio.AnyIOStream object at 0x000002D1C2AACC50>
2026-06-22 00:20:49,445 - httpcore.connection - DEBUG - start_tls.started ssl_context=<ssl.SSLContext object at 0x000002D1C28E6DE0> server_hostname='api.fda.gov' timeout=30.0
2026-06-22 00:20:49,855 - httpcore.connection - DEBUG - start_tls.complete return_value=<httpcore._backends.anyio.AnyIOStream object at 0x000002D1C2AACA10>
2026-06-22 00:20:49,858 - httpcore.http11 - DEBUG - send_request_headers.started request=<Request [b'GET']>
2026-06-22 00:20:49,859 - httpcore.http11 - DEBUG - send_request_headers.complete
2026-06-22 00:20:49,860 - httpcore.http11 - DEBUG - send_request_body.started request=<Request [b'GET']>
2026-06-22 00:20:49,860 - httpcore.http11 - DEBUG - send_request_body.complete
2026-06-22 00:20:49,860 - httpcore.http11 - DEBUG - receive_response_headers.started request=<Request [b'GET']>
2026-06-22 00:20:50,260 - httpcore.http11 - DEBUG - receive_response_headers.complete return_value=(b'HTTP/1.1', 200, b'OK', [(b'Date', b'Sun, 21 Jun 2026 17:20:49 GMT'), (b'Content-Type', b'application/json; charset=utf-8'), (b'Transfer-Encoding', b'chunked'), (b'Connection', b'keep-alive'), (b'Access-Control-Allow-Credentials', b'true'), (b'Access-Control-Allow-Origin', b'*'), (b'Age', b'0'), (b'Cache-Control', b'no-cache, no-store, must-revalidate'), (b'Content-Encoding', b'gzip'), (b'Content-Security-Policy', b"default-src 'none'"), (b'Etag', b'W/"25c62-WSewSNvL33MZhkHzQG8vLmF++IM"'), (b'Link', b'<https://api.fda.gov/drug/label.json?limit=20&skip=0&search=openfda.brand_name%3AAcetaminophen%20OR%20openfda.generic_name%3AAcetaminophen&search_after=0%3D01ab1152-06c9-4afe-8f2a-e110365275a5>; rel="next"'), (b'Strict-Transport-Security', b'max-age=31536000; includeSubDomains; preload'), (b'Vary', b'Accept-Encoding'), (b'Vary', b'Accept-Encoding'), (b'Via', b'https/1.1 api-umbrella (ApacheTrafficServer [cMsSf ])'), (b'X-Api-Umbrella-Request-Id', b'cutcpg3nhi5930jj3260'), (b'X-Cache', b'MISS'), (b'X-Content-Type-Options', b'nosniff'), (b'X-Ratelimit-Limit', b'240'), (b'X-Ratelimit-Remaining', b'235'), (b'X-Vcap-Request-Id', b'1ffd30f6-10af-4435-59d1-58961e6d36c3'), (b'X-Xss-Protection', b'1; mode=block'), (b'X-Frame-Options', b'deny')])
2026-06-22 00:20:50,261 - httpx - INFO - HTTP Request: GET https://api.fda.gov/drug/label.json?limit=20&skip=0&search=openfda.brand_name%3AAcetaminophen+OR+openfda.generic_name%3AAcetaminophen&api_key=cYzhzoHiQdDiwxC3w3smJ5Fp5rlpKudgLVvgrkQ9 "HTTP/1.1 200 OK"
2026-06-22 00:20:50,261 - httpcore.http11 - DEBUG - receive_response_body.started request=<Request [b'GET']>
2026-06-22 00:20:50,470 - httpcore.http11 - DEBUG - receive_response_body.complete
2026-06-22 00:20:50,472 - httpcore.http11 - DEBUG - response_closed.started
2026-06-22 00:20:50,472 - httpcore.http11 - DEBUG - response_closed.complete
2026-06-22 00:20:50,480 - httpcore.connection - DEBUG - close.started
2026-06-22 00:20:50,481 - httpcore.connection - DEBUG - close.complete
2026-06-22 00:21:03,753 - routers.diseases - DEBUG - Querying diseasess: query=None, sort=None, skip=0, limit=20, fields=None
2026-06-22 00:21:03,785 - routers.diseases - DEBUG - Found 70 diseasess
2026-06-22 00:21:07,229 - httpcore.connection - DEBUG - connect_tcp.started host='api.fda.gov' port=443 local_address=None timeout=30.0 socket_options=None
2026-06-22 00:21:07,450 - httpcore.connection - DEBUG - connect_tcp.complete return_value=<httpcore._backends.anyio.AnyIOStream object at 0x000002D1C2AB6650>
2026-06-22 00:21:07,451 - httpcore.connection - DEBUG - start_tls.started ssl_context=<ssl.SSLContext object at 0x000002D1C28E5B50> server_hostname='api.fda.gov' timeout=30.0
2026-06-22 00:21:07,884 - httpcore.connection - DEBUG - start_tls.complete return_value=<httpcore._backends.anyio.AnyIOStream object at 0x000002D1C28FA6D0>
2026-06-22 00:21:07,884 - httpcore.http11 - DEBUG - send_request_headers.started request=<Request [b'GET']>
2026-06-22 00:21:07,885 - httpcore.http11 - DEBUG - send_request_headers.complete
2026-06-22 00:21:07,886 - httpcore.http11 - DEBUG - send_request_body.started request=<Request [b'GET']>
2026-06-22 00:21:07,886 - httpcore.http11 - DEBUG - send_request_body.complete
2026-06-22 00:21:07,888 - httpcore.http11 - DEBUG - receive_response_headers.started request=<Request [b'GET']>
2026-06-22 00:21:08,460 - httpcore.http11 - DEBUG - receive_response_headers.complete return_value=(b'HTTP/1.1', 200, b'OK', [(b'Date', b'Sun, 21 Jun 2026 17:21:07 GMT'), (b'Content-Type', b'application/json; charset=utf-8'), (b'Transfer-Encoding', b'chunked'), (b'Connection', b'keep-alive'), (b'Access-Control-Allow-Credentials', b'true'), (b'Access-Control-Allow-Origin', b'*'), (b'Age', b'0'), (b'Cache-Control', b'no-cache, no-store, must-revalidate'), (b'Content-Encoding', b'gzip'), (b'Content-Security-Policy', b"default-src 'none'"), (b'Etag', b'W/"125bfc-SpOiVoCRnJFT6xbD6ZZuz/KFTho"'), (b'Link', b'<https://api.fda.gov/drug/label.json?limit=20&skip=0&search=openfda.brand_name%3A%2A&search_after=0%3D000dc81d-ab91-450c-8eae-8eb74e72296f>; rel="next"'), (b'Strict-Transport-Security', b'max-age=31536000; includeSubDomains; preload'), (b'Vary', b'Accept-Encoding'), (b'Vary', b'Accept-Encoding'), (b'Via', b'https/1.1 api-umbrella (ApacheTrafficServer [cMsSf ])'), (b'X-Api-Umbrella-Request-Id', b'cutcpkgkut3cp6i5cs1g'), (b'X-Cache', b'MISS'), (b'X-Content-Type-Options', b'nosniff'), (b'X-Ratelimit-Limit', b'240'), (b'X-Ratelimit-Remaining', b'235'), (b'X-Vcap-Request-Id', b'00b1b78e-88f5-4545-7a9a-618a3c81564d'), (b'X-Xss-Protection', b'1; mode=block'), (b'X-Frame-Options', b'deny')])
2026-06-22 00:21:08,461 - httpx - INFO - HTTP Request: GET https://api.fda.gov/drug/label.json?limit=20&skip=0&search=openfda.brand_name%3A%2A&api_key=cYzhzoHiQdDiwxC3w3smJ5Fp5rlpKudgLVvgrkQ9 "HTTP/1.1 200 OK"
2026-06-22 00:21:08,462 - httpcore.http11 - DEBUG - receive_response_body.started request=<Request [b'GET']>
2026-06-22 00:21:09,005 - httpcore.http11 - DEBUG - receive_response_body.complete
2026-06-22 00:21:09,006 - httpcore.http11 - DEBUG - response_closed.started
2026-06-22 00:21:09,006 - httpcore.http11 - DEBUG - response_closed.complete
2026-06-22 00:21:09,013 - httpcore.connection - DEBUG - close.started
2026-06-22 00:21:09,015 - httpcore.connection - DEBUG - close.complete
