2026-06-22 11:01:52,507 - main - INFO - === Logging system initialized ===
2026-06-22 11:01:52,507 - main - INFO - Log file: logs/app_20260622_110152.log
2026-06-22 11:01:52,507 - main - INFO - Log level: INFO
2026-06-22 11:01:52,507 - main - INFO - Timestamp: 20260622_110152
2026-06-22 11:01:53,011 - main - INFO - Included router: routers.aihub.router
2026-06-22 11:01:53,019 - main - INFO - Included router: routers.auth.router
2026-06-22 11:01:53,033 - main - INFO - Included router: routers.disease_drug_mappings.router
2026-06-22 11:01:53,049 - main - INFO - Included router: routers.diseases.router
2026-06-22 11:01:53,075 - main - INFO - Included router: routers.drugs.router
2026-06-22 11:01:53,076 - main - INFO - Included router: routers.health.router
2026-06-22 11:01:53,080 - main - INFO - Included router: routers.openfda.router
2026-06-22 11:01:53,084 - main - INFO - Included router: routers.predict.router
2026-06-22 11:01:53,099 - main - INFO - Included router: routers.prediction_histories.router
2026-06-22 11:01:53,106 - main - INFO - Included router: routers.settings.router
2026-06-22 11:01:53,121 - main - INFO - Included router: routers.storage.router
2026-06-22 11:01:53,124 - main - INFO - Included router: routers.user.router
2026-06-22 11:01:53,130 - main - INFO - Included router: routers.user_saved_drugs.router
2026-06-22 11:01:53,131 - main - INFO - === Application startup initiated ===
2026-06-22 11:01:53,131 - services.database - DEBUG - [DB_OP] Starting database initialization
2026-06-22 11:01:53,131 - services.database - INFO - Starting database initialization...
2026-06-22 11:01:53,131 - core.database - INFO - Starting database initialization...
2026-06-22 11:01:53,131 - core.config - DEBUG - Read dynamic attribute database_url from environment variable DATABASE_URL
2026-06-22 11:01:53,131 - core.database - INFO - Creating database engine: mssql+pymssql://sa:123456@localhost:1433/medipredict
2026-06-22 11:01:53,326 - core.database - INFO - Database engine and session maker created successfully
2026-06-22 11:01:53,327 - services.database - INFO - Database connection initialized, now creating tables if tables not exist...
2026-06-22 11:01:53,327 - core.database - DEBUG - [DB_OP] Starting create_tables
2026-06-22 11:01:53,327 - core.database - INFO - Starting table creation...
2026-06-22 11:01:53,449 - core.database - INFO - Tables initialized successfully
2026-06-22 11:01:53,449 - core.database - DEBUG - [DB_OP] Create tables completed in 0.1218s
2026-06-22 11:01:53,449 - services.database - INFO - Table creation completed
2026-06-22 11:01:53,450 - services.database - INFO - Database initialized successfully
2026-06-22 11:01:53,450 - services.database - DEBUG - [DB_OP] Database initialization completed in 0.3191s
2026-06-22 11:01:53,450 - services.mock_data - INFO - Processing mock data file disease_drug_mappings.json for table disease_drug_mappings
2026-06-22 11:01:53,471 - services.mock_data - INFO - Table disease_drug_mappings already has 648 rows (ORM check); skipping
2026-06-22 11:01:53,472 - services.mock_data - INFO - Processing mock data file diseases.json for table diseases
2026-06-22 11:01:53,490 - services.mock_data - INFO - Table diseases already has 216 rows (ORM check); skipping
2026-06-22 11:01:53,491 - services.mock_data - INFO - Processing mock data file drugs.json for table drugs
2026-06-22 11:01:53,505 - services.mock_data - INFO - Table drugs already has 224 rows (ORM check); skipping
2026-06-22 11:01:53,506 - services.database - DEBUG - [DB_OP] Starting database initialization
2026-06-22 11:01:53,506 - services.database - INFO - Starting database initialization...
2026-06-22 11:01:53,506 - core.database - INFO - Starting database initialization...
2026-06-22 11:01:53,507 - core.database - INFO - Database already initialized
2026-06-22 11:01:53,507 - services.database - INFO - Database connection initialized, now creating tables if tables not exist...
2026-06-22 11:01:53,507 - core.database - DEBUG - [DB_OP] Starting create_tables
2026-06-22 11:01:53,507 - core.database - INFO - Tables already initialized
2026-06-22 11:01:53,507 - services.database - INFO - Table creation completed
2026-06-22 11:01:53,507 - services.database - INFO - Database initialized successfully
2026-06-22 11:01:53,507 - services.database - DEBUG - [DB_OP] Database initialization completed in 0.0010s
2026-06-22 11:01:53,507 - core.config - DEBUG - Read dynamic attribute admin_user_id from environment variable ADMIN_USER_ID
2026-06-22 11:01:53,507 - core.config - DEBUG - Read dynamic attribute admin_user_email from environment variable ADMIN_USER_EMAIL
2026-06-22 11:01:53,511 - main - INFO - === Application startup completed successfully ===
