2026-06-22 01:07:57,967 - main - INFO - === Logging system initialized ===
2026-06-22 01:07:57,968 - main - INFO - Log file: logs/app_20260622_010757.log
2026-06-22 01:07:57,968 - main - INFO - Log level: INFO
2026-06-22 01:07:57,968 - main - INFO - Timestamp: 20260622_010757
2026-06-22 01:07:58,514 - main - INFO - Included router: routers.aihub.router
2026-06-22 01:07:58,521 - main - INFO - Included router: routers.auth.router
2026-06-22 01:07:58,538 - main - INFO - Included router: routers.disease_drug_mappings.router
2026-06-22 01:07:58,555 - main - INFO - Included router: routers.diseases.router
2026-06-22 01:07:58,568 - main - INFO - Included router: routers.drugs.router
2026-06-22 01:07:58,568 - main - INFO - Included router: routers.health.router
2026-06-22 01:07:58,573 - main - INFO - Included router: routers.openfda.router
2026-06-22 01:07:58,579 - main - INFO - Included router: routers.predict.router
2026-06-22 01:07:58,596 - main - INFO - Included router: routers.prediction_histories.router
2026-06-22 01:07:58,602 - main - INFO - Included router: routers.settings.router
2026-06-22 01:07:58,618 - main - INFO - Included router: routers.storage.router
2026-06-22 01:07:58,623 - main - INFO - Included router: routers.user.router
2026-06-22 01:07:58,630 - main - INFO - Included router: routers.user_saved_drugs.router
2026-06-22 01:07:59,049 - watchfiles.main - DEBUG - 1 change detected: {(<Change.modified: 2>, 'C:\\Users\\ASA\\Desktop\\Nhóm 8\\CNPM\\App\\backend\\logs\\app_20260622_010757.log')}
2026-06-22 01:07:59,455 - watchfiles.main - DEBUG - 3 changes detected: {(<Change.modified: 2>, 'C:\\Users\\ASA\\Desktop\\Nhóm 8\\CNPM\\App\\backend\\logs\\app_20260622_010757.log'), (<Change.modified: 2>, 'C:\\Users\\ASA\\Desktop\\Nhóm 8\\CNPM\\App\\backend\\logs'), (<Change.added: 1>, 'C:\\Users\\ASA\\Desktop\\Nhóm 8\\CNPM\\App\\backend\\logs\\app_20260622_010759.log')}
2026-06-22 01:07:59,862 - watchfiles.main - DEBUG - 2 changes detected: {(<Change.modified: 2>, 'C:\\Users\\ASA\\Desktop\\Nhóm 8\\CNPM\\App\\backend\\logs\\app_20260622_010757.log'), (<Change.modified: 2>, 'C:\\Users\\ASA\\Desktop\\Nhóm 8\\CNPM\\App\\backend\\logs\\app_20260622_010759.log')}
2026-06-22 01:08:00,267 - watchfiles.main - DEBUG - 2 changes detected: {(<Change.modified: 2>, 'C:\\Users\\ASA\\Desktop\\Nhóm 8\\CNPM\\App\\backend\\logs\\app_20260622_010757.log'), (<Change.modified: 2>, 'C:\\Users\\ASA\\Desktop\\Nhóm 8\\CNPM\\App\\backend\\logs\\app_20260622_010759.log')}
2026-06-22 01:08:00,672 - watchfiles.main - DEBUG - 2 changes detected: {(<Change.modified: 2>, 'C:\\Users\\ASA\\Desktop\\Nhóm 8\\CNPM\\App\\backend\\logs\\app_20260622_010757.log'), (<Change.modified: 2>, 'C:\\Users\\ASA\\Desktop\\Nhóm 8\\CNPM\\App\\backend\\logs\\app_20260622_010759.log')}
2026-06-22 01:08:01,080 - watchfiles.main - DEBUG - 2 changes detected: {(<Change.modified: 2>, 'C:\\Users\\ASA\\Desktop\\Nhóm 8\\CNPM\\App\\backend\\logs\\app_20260622_010757.log'), (<Change.modified: 2>, 'C:\\Users\\ASA\\Desktop\\Nhóm 8\\CNPM\\App\\backend\\logs\\app_20260622_010759.log')}
2026-06-22 01:08:01,490 - watchfiles.main - DEBUG - 1 change detected: {(<Change.modified: 2>, 'C:\\Users\\ASA\\Desktop\\Nhóm 8\\CNPM\\App\\backend\\logs\\app_20260622_010757.log')}
2026-06-22 01:08:01,895 - watchfiles.main - DEBUG - 1 change detected: {(<Change.modified: 2>, 'C:\\Users\\ASA\\Desktop\\Nhóm 8\\CNPM\\App\\backend\\logs\\app_20260622_010757.log')}
2026-06-22 01:08:02,252 - watchfiles.main - DEBUG - 1 change detected: {(<Change.modified: 2>, 'C:\\Users\\ASA\\Desktop\\Nhóm 8\\CNPM\\App\\backend\\logs\\app_20260622_010757.log')}
2026-06-22 01:08:02,665 - watchfiles.main - DEBUG - 1 change detected: {(<Change.modified: 2>, 'C:\\Users\\ASA\\Desktop\\Nhóm 8\\CNPM\\App\\backend\\logs\\app_20260622_010757.log')}
2026-06-22 01:08:03,069 - watchfiles.main - DEBUG - 1 change detected: {(<Change.modified: 2>, 'C:\\Users\\ASA\\Desktop\\Nhóm 8\\CNPM\\App\\backend\\logs\\app_20260622_010757.log')}
2026-06-22 01:08:03,475 - watchfiles.main - DEBUG - 1 change detected: {(<Change.modified: 2>, 'C:\\Users\\ASA\\Desktop\\Nhóm 8\\CNPM\\App\\backend\\logs\\app_20260622_010757.log')}
2026-06-22 01:08:03,881 - watchfiles.main - DEBUG - 1 change detected: {(<Change.modified: 2>, 'C:\\Users\\ASA\\Desktop\\Nhóm 8\\CNPM\\App\\backend\\logs\\app_20260622_010757.log')}
2026-06-22 01:08:04,288 - watchfiles.main - DEBUG - 1 change detected: {(<Change.modified: 2>, 'C:\\Users\\ASA\\Desktop\\Nhóm 8\\CNPM\\App\\backend\\logs\\app_20260622_010757.log')}
2026-06-22 01:08:04,692 - watchfiles.main - DEBUG - 1 change detected: {(<Change.modified: 2>, 'C:\\Users\\ASA\\Desktop\\Nhóm 8\\CNPM\\App\\backend\\logs\\app_20260622_010757.log')}
2026-06-22 01:08:05,101 - watchfiles.main - DEBUG - 1 change detected: {(<Change.modified: 2>, 'C:\\Users\\ASA\\Desktop\\Nhóm 8\\CNPM\\App\\backend\\logs\\app_20260622_010757.log')}
2026-06-22 01:08:05,518 - watchfiles.main - DEBUG - 1 change detected: {(<Change.modified: 2>, 'C:\\Users\\ASA\\Desktop\\Nhóm 8\\CNPM\\App\\backend\\logs\\app_20260622_010757.log')}
2026-06-22 01:08:05,875 - watchfiles.main - DEBUG - 1 change detected: {(<Change.modified: 2>, 'C:\\Users\\ASA\\Desktop\\Nhóm 8\\CNPM\\App\\backend\\logs\\app_20260622_010757.log')}
2026-06-22 01:08:06,283 - watchfiles.main - DEBUG - 1 change detected: {(<Change.modified: 2>, 'C:\\Users\\ASA\\Desktop\\Nhóm 8\\CNPM\\App\\backend\\logs\\app_20260622_010757.log')}
2026-06-22 01:08:06,690 - watchfiles.main - DEBUG - 1 change detected: {(<Change.modified: 2>, 'C:\\Users\\ASA\\Desktop\\Nhóm 8\\CNPM\\App\\backend\\logs\\app_20260622_010757.log')}
2026-06-22 01:08:07,096 - watchfiles.main - DEBUG - 1 change detected: {(<Change.modified: 2>, 'C:\\Users\\ASA\\Desktop\\Nhóm 8\\CNPM\\App\\backend\\logs\\app_20260622_010757.log')}
2026-06-22 01:08:07,498 - watchfiles.main - DEBUG - 1 change detected: {(<Change.modified: 2>, 'C:\\Users\\ASA\\Desktop\\Nhóm 8\\CNPM\\App\\backend\\logs\\app_20260622_010757.log')}
2026-06-22 01:08:07,907 - watchfiles.main - DEBUG - 1 change detected: {(<Change.modified: 2>, 'C:\\Users\\ASA\\Desktop\\Nhóm 8\\CNPM\\App\\backend\\logs\\app_20260622_010757.log')}
2026-06-22 01:08:08,314 - watchfiles.main - DEBUG - 1 change detected: {(<Change.modified: 2>, 'C:\\Users\\ASA\\Desktop\\Nhóm 8\\CNPM\\App\\backend\\logs\\app_20260622_010757.log')}
2026-06-22 01:08:08,721 - watchfiles.main - DEBUG - 1 change detected: {(<Change.modified: 2>, 'C:\\Users\\ASA\\Desktop\\Nhóm 8\\CNPM\\App\\backend\\logs\\app_20260622_010757.log')}
2026-06-22 01:08:09,130 - watchfiles.main - DEBUG - 1 change detected: {(<Change.modified: 2>, 'C:\\Users\\ASA\\Desktop\\Nhóm 8\\CNPM\\App\\backend\\logs\\app_20260622_010757.log')}
2026-06-22 01:08:09,489 - watchfiles.main - DEBUG - 1 change detected: {(<Change.modified: 2>, 'C:\\Users\\ASA\\Desktop\\Nhóm 8\\CNPM\\App\\backend\\logs\\app_20260622_010757.log')}
2026-06-22 01:08:09,901 - watchfiles.main - DEBUG - 1 change detected: {(<Change.modified: 2>, 'C:\\Users\\ASA\\Desktop\\Nhóm 8\\CNPM\\App\\backend\\logs\\app_20260622_010757.log')}
2026-06-22 01:08:10,308 - watchfiles.main - DEBUG - 1 change detected: {(<Change.modified: 2>, 'C:\\Users\\ASA\\Desktop\\Nhóm 8\\CNPM\\App\\backend\\logs\\app_20260622_010757.log')}
2026-06-22 01:08:10,714 - watchfiles.main - DEBUG - 1 change detected: {(<Change.modified: 2>, 'C:\\Users\\ASA\\Desktop\\Nhóm 8\\CNPM\\App\\backend\\logs\\app_20260622_010757.log')}
2026-06-22 01:08:11,118 - watchfiles.main - DEBUG - 1 change detected: {(<Change.modified: 2>, 'C:\\Users\\ASA\\Desktop\\Nhóm 8\\CNPM\\App\\backend\\logs\\app_20260622_010757.log')}
2026-06-22 01:08:11,522 - watchfiles.main - DEBUG - 1 change detected: {(<Change.modified: 2>, 'C:\\Users\\ASA\\Desktop\\Nhóm 8\\CNPM\\App\\backend\\logs\\app_20260622_010757.log')}
2026-06-22 01:08:11,932 - watchfiles.main - DEBUG - 1 change detected: {(<Change.modified: 2>, 'C:\\Users\\ASA\\Desktop\\Nhóm 8\\CNPM\\App\\backend\\logs\\app_20260622_010757.log')}
2026-06-22 01:08:12,337 - watchfiles.main - DEBUG - 1 change detected: {(<Change.modified: 2>, 'C:\\Users\\ASA\\Desktop\\Nhóm 8\\CNPM\\App\\backend\\logs\\app_20260622_010757.log')}
2026-06-22 01:08:12,747 - watchfiles.main - DEBUG - 1 change detected: {(<Change.modified: 2>, 'C:\\Users\\ASA\\Desktop\\Nhóm 8\\CNPM\\App\\backend\\logs\\app_20260622_010757.log')}
2026-06-22 01:08:13,152 - watchfiles.main - DEBUG - 1 change detected: {(<Change.modified: 2>, 'C:\\Users\\ASA\\Desktop\\Nhóm 8\\CNPM\\App\\backend\\logs\\app_20260622_010757.log')}
2026-06-22 01:08:13,557 - watchfiles.main - DEBUG - 1 change detected: {(<Change.modified: 2>, 'C:\\Users\\ASA\\Desktop\\Nhóm 8\\CNPM\\App\\backend\\logs\\app_20260622_010757.log')}
2026-06-22 01:08:13,965 - watchfiles.main - DEBUG - 1 change detected: {(<Change.modified: 2>, 'C:\\Users\\ASA\\Desktop\\Nhóm 8\\CNPM\\App\\backend\\logs\\app_20260622_010757.log')}
2026-06-22 01:08:14,373 - watchfiles.main - DEBUG - 1 change detected: {(<Change.modified: 2>, 'C:\\Users\\ASA\\Desktop\\Nhóm 8\\CNPM\\App\\backend\\logs\\app_20260622_010757.log')}
2026-06-22 01:08:14,778 - watchfiles.main - DEBUG - 1 change detected: {(<Change.modified: 2>, 'C:\\Users\\ASA\\Desktop\\Nhóm 8\\CNPM\\App\\backend\\logs\\app_20260622_010757.log')}
2026-06-22 01:08:15,184 - watchfiles.main - DEBUG - 1 change detected: {(<Change.modified: 2>, 'C:\\Users\\ASA\\Desktop\\Nhóm 8\\CNPM\\App\\backend\\logs\\app_20260622_010757.log')}
2026-06-22 01:08:15,590 - watchfiles.main - DEBUG - 1 change detected: {(<Change.modified: 2>, 'C:\\Users\\ASA\\Desktop\\Nhóm 8\\CNPM\\App\\backend\\logs\\app_20260622_010757.log')}
2026-06-22 01:08:15,996 - watchfiles.main - DEBUG - 1 change detected: {(<Change.modified: 2>, 'C:\\Users\\ASA\\Desktop\\Nhóm 8\\CNPM\\App\\backend\\logs\\app_20260622_010757.log')}
2026-06-22 01:08:16,401 - watchfiles.main - DEBUG - 1 change detected: {(<Change.modified: 2>, 'C:\\Users\\ASA\\Desktop\\Nhóm 8\\CNPM\\App\\backend\\logs\\app_20260622_010757.log')}
2026-06-22 01:08:16,809 - watchfiles.main - DEBUG - 1 change detected: {(<Change.modified: 2>, 'C:\\Users\\ASA\\Desktop\\Nhóm 8\\CNPM\\App\\backend\\logs\\app_20260622_010757.log')}
2026-06-22 01:08:17,217 - watchfiles.main - DEBUG - 1 change detected: {(<Change.modified: 2>, 'C:\\Users\\ASA\\Desktop\\Nhóm 8\\CNPM\\App\\backend\\logs\\app_20260622_010757.log')}
2026-06-22 01:08:17,625 - watchfiles.main - DEBUG - 1 change detected: {(<Change.modified: 2>, 'C:\\Users\\ASA\\Desktop\\Nhóm 8\\CNPM\\App\\backend\\logs\\app_20260622_010757.log')}
2026-06-22 01:08:18,032 - watchfiles.main - DEBUG - 1 change detected: {(<Change.modified: 2>, 'C:\\Users\\ASA\\Desktop\\Nhóm 8\\CNPM\\App\\backend\\logs\\app_20260622_010757.log')}
2026-06-22 01:08:18,441 - watchfiles.main - DEBUG - 1 change detected: {(<Change.modified: 2>, 'C:\\Users\\ASA\\Desktop\\Nhóm 8\\CNPM\\App\\backend\\logs\\app_20260622_010757.log')}
2026-06-22 01:08:18,846 - watchfiles.main - DEBUG - 1 change detected: {(<Change.modified: 2>, 'C:\\Users\\ASA\\Desktop\\Nhóm 8\\CNPM\\App\\backend\\logs\\app_20260622_010757.log')}
2026-06-22 01:08:19,253 - watchfiles.main - DEBUG - 1 change detected: {(<Change.modified: 2>, 'C:\\Users\\ASA\\Desktop\\Nhóm 8\\CNPM\\App\\backend\\logs\\app_20260622_010757.log')}
2026-06-22 01:08:19,658 - watchfiles.main - DEBUG - 1 change detected: {(<Change.modified: 2>, 'C:\\Users\\ASA\\Desktop\\Nhóm 8\\CNPM\\App\\backend\\logs\\app_20260622_010757.log')}
2026-06-22 01:08:20,067 - watchfiles.main - DEBUG - 1 change detected: {(<Change.modified: 2>, 'C:\\Users\\ASA\\Desktop\\Nhóm 8\\CNPM\\App\\backend\\logs\\app_20260622_010757.log')}
2026-06-22 01:08:20,477 - watchfiles.main - DEBUG - 1 change detected: {(<Change.modified: 2>, 'C:\\Users\\ASA\\Desktop\\Nhóm 8\\CNPM\\App\\backend\\logs\\app_20260622_010757.log')}
2026-06-22 01:08:20,885 - watchfiles.main - DEBUG - 1 change detected: {(<Change.modified: 2>, 'C:\\Users\\ASA\\Desktop\\Nhóm 8\\CNPM\\App\\backend\\logs\\app_20260622_010757.log')}
2026-06-22 01:08:21,243 - watchfiles.main - DEBUG - 1 change detected: {(<Change.modified: 2>, 'C:\\Users\\ASA\\Desktop\\Nhóm 8\\CNPM\\App\\backend\\logs\\app_20260622_010757.log')}
2026-06-22 01:08:21,652 - watchfiles.main - DEBUG - 1 change detected: {(<Change.modified: 2>, 'C:\\Users\\ASA\\Desktop\\Nhóm 8\\CNPM\\App\\backend\\logs\\app_20260622_010757.log')}
2026-06-22 01:08:22,058 - watchfiles.main - DEBUG - 1 change detected: {(<Change.modified: 2>, 'C:\\Users\\ASA\\Desktop\\Nhóm 8\\CNPM\\App\\backend\\logs\\app_20260622_010757.log')}
2026-06-22 01:08:22,466 - watchfiles.main - DEBUG - 1 change detected: {(<Change.modified: 2>, 'C:\\Users\\ASA\\Desktop\\Nhóm 8\\CNPM\\App\\backend\\logs\\app_20260622_010757.log')}
2026-06-22 01:08:22,871 - watchfiles.main - DEBUG - 1 change detected: {(<Change.modified: 2>, 'C:\\Users\\ASA\\Desktop\\Nhóm 8\\CNPM\\App\\backend\\logs\\app_20260622_010757.log')}
2026-06-22 01:08:23,279 - watchfiles.main - DEBUG - 1 change detected: {(<Change.modified: 2>, 'C:\\Users\\ASA\\Desktop\\Nhóm 8\\CNPM\\App\\backend\\logs\\app_20260622_010757.log')}
2026-06-22 01:08:23,686 - watchfiles.main - DEBUG - 1 change detected: {(<Change.modified: 2>, 'C:\\Users\\ASA\\Desktop\\Nhóm 8\\CNPM\\App\\backend\\logs\\app_20260622_010757.log')}
2026-06-22 01:08:24,096 - watchfiles.main - DEBUG - 1 change detected: {(<Change.modified: 2>, 'C:\\Users\\ASA\\Desktop\\Nhóm 8\\CNPM\\App\\backend\\logs\\app_20260622_010757.log')}
2026-06-22 01:08:24,499 - watchfiles.main - DEBUG - 1 change detected: {(<Change.modified: 2>, 'C:\\Users\\ASA\\Desktop\\Nhóm 8\\CNPM\\App\\backend\\logs\\app_20260622_010757.log')}
2026-06-22 01:08:24,906 - watchfiles.main - DEBUG - 1 change detected: {(<Change.modified: 2>, 'C:\\Users\\ASA\\Desktop\\Nhóm 8\\CNPM\\App\\backend\\logs\\app_20260622_010757.log')}
2026-06-22 01:08:25,311 - watchfiles.main - DEBUG - 1 change detected: {(<Change.modified: 2>, 'C:\\Users\\ASA\\Desktop\\Nhóm 8\\CNPM\\App\\backend\\logs\\app_20260622_010757.log')}
2026-06-22 01:08:25,719 - watchfiles.main - DEBUG - 1 change detected: {(<Change.modified: 2>, 'C:\\Users\\ASA\\Desktop\\Nhóm 8\\CNPM\\App\\backend\\logs\\app_20260622_010757.log')}
2026-06-22 01:08:26,123 - watchfiles.main - DEBUG - 1 change detected: {(<Change.modified: 2>, 'C:\\Users\\ASA\\Desktop\\Nhóm 8\\CNPM\\App\\backend\\logs\\app_20260622_010757.log')}
2026-06-22 01:08:26,529 - watchfiles.main - DEBUG - 1 change detected: {(<Change.modified: 2>, 'C:\\Users\\ASA\\Desktop\\Nhóm 8\\CNPM\\App\\backend\\logs\\app_20260622_010757.log')}
2026-06-22 01:08:26,935 - watchfiles.main - DEBUG - 1 change detected: {(<Change.modified: 2>, 'C:\\Users\\ASA\\Desktop\\Nhóm 8\\CNPM\\App\\backend\\logs\\app_20260622_010757.log')}
2026-06-22 01:08:27,342 - watchfiles.main - DEBUG - 1 change detected: {(<Change.modified: 2>, 'C:\\Users\\ASA\\Desktop\\Nhóm 8\\CNPM\\App\\backend\\logs\\app_20260622_010757.log')}
2026-06-22 01:08:27,753 - watchfiles.main - DEBUG - 1 change detected: {(<Change.modified: 2>, 'C:\\Users\\ASA\\Desktop\\Nhóm 8\\CNPM\\App\\backend\\logs\\app_20260622_010757.log')}
2026-06-22 01:08:28,111 - watchfiles.main - DEBUG - 1 change detected: {(<Change.modified: 2>, 'C:\\Users\\ASA\\Desktop\\Nhóm 8\\CNPM\\App\\backend\\logs\\app_20260622_010757.log')}
2026-06-22 01:08:28,522 - watchfiles.main - DEBUG - 1 change detected: {(<Change.modified: 2>, 'C:\\Users\\ASA\\Desktop\\Nhóm 8\\CNPM\\App\\backend\\logs\\app_20260622_010757.log')}
2026-06-22 01:08:28,925 - watchfiles.main - DEBUG - 1 change detected: {(<Change.modified: 2>, 'C:\\Users\\ASA\\Desktop\\Nhóm 8\\CNPM\\App\\backend\\logs\\app_20260622_010757.log')}
2026-06-22 01:08:29,333 - watchfiles.main - DEBUG - 1 change detected: {(<Change.modified: 2>, 'C:\\Users\\ASA\\Desktop\\Nhóm 8\\CNPM\\App\\backend\\logs\\app_20260622_010757.log')}
2026-06-22 01:08:29,743 - watchfiles.main - DEBUG - 1 change detected: {(<Change.modified: 2>, 'C:\\Users\\ASA\\Desktop\\Nhóm 8\\CNPM\\App\\backend\\logs\\app_20260622_010757.log')}
2026-06-22 01:08:30,147 - watchfiles.main - DEBUG - 1 change detected: {(<Change.modified: 2>, 'C:\\Users\\ASA\\Desktop\\Nhóm 8\\CNPM\\App\\backend\\logs\\app_20260622_010757.log')}
2026-06-22 01:08:30,554 - watchfiles.main - DEBUG - 1 change detected: {(<Change.modified: 2>, 'C:\\Users\\ASA\\Desktop\\Nhóm 8\\CNPM\\App\\backend\\logs\\app_20260622_010757.log')}
2026-06-22 01:08:30,962 - watchfiles.main - DEBUG - 1 change detected: {(<Change.modified: 2>, 'C:\\Users\\ASA\\Desktop\\Nhóm 8\\CNPM\\App\\backend\\logs\\app_20260622_010757.log')}
2026-06-22 01:08:31,371 - watchfiles.main - DEBUG - 1 change detected: {(<Change.modified: 2>, 'C:\\Users\\ASA\\Desktop\\Nhóm 8\\CNPM\\App\\backend\\logs\\app_20260622_010757.log')}
2026-06-22 01:08:31,777 - watchfiles.main - DEBUG - 1 change detected: {(<Change.modified: 2>, 'C:\\Users\\ASA\\Desktop\\Nhóm 8\\CNPM\\App\\backend\\logs\\app_20260622_010757.log')}
2026-06-22 01:08:32,183 - watchfiles.main - DEBUG - 1 change detected: {(<Change.modified: 2>, 'C:\\Users\\ASA\\Desktop\\Nhóm 8\\CNPM\\App\\backend\\logs\\app_20260622_010757.log')}
2026-06-22 01:08:32,587 - watchfiles.main - DEBUG - 1 change detected: {(<Change.modified: 2>, 'C:\\Users\\ASA\\Desktop\\Nhóm 8\\CNPM\\App\\backend\\logs\\app_20260622_010757.log')}
2026-06-22 01:08:32,994 - watchfiles.main - DEBUG - 1 change detected: {(<Change.modified: 2>, 'C:\\Users\\ASA\\Desktop\\Nhóm 8\\CNPM\\App\\backend\\logs\\app_20260622_010757.log')}
2026-06-22 01:08:33,401 - watchfiles.main - DEBUG - 1 change detected: {(<Change.modified: 2>, 'C:\\Users\\ASA\\Desktop\\Nhóm 8\\CNPM\\App\\backend\\logs\\app_20260622_010757.log')}
2026-06-22 01:08:33,806 - watchfiles.main - DEBUG - 1 change detected: {(<Change.modified: 2>, 'C:\\Users\\ASA\\Desktop\\Nhóm 8\\CNPM\\App\\backend\\logs\\app_20260622_010757.log')}
2026-06-22 01:08:34,263 - watchfiles.main - DEBUG - 1 change detected: {(<Change.modified: 2>, 'C:\\Users\\ASA\\Desktop\\Nhóm 8\\CNPM\\App\\backend\\logs\\app_20260622_010757.log')}
2026-06-22 01:08:34,665 - watchfiles.main - DEBUG - 1 change detected: {(<Change.modified: 2>, 'C:\\Users\\ASA\\Desktop\\Nhóm 8\\CNPM\\App\\backend\\logs\\app_20260622_010757.log')}
2026-06-22 01:08:35,073 - watchfiles.main - DEBUG - 1 change detected: {(<Change.modified: 2>, 'C:\\Users\\ASA\\Desktop\\Nhóm 8\\CNPM\\App\\backend\\logs\\app_20260622_010757.log')}
2026-06-22 01:08:35,478 - watchfiles.main - DEBUG - 1 change detected: {(<Change.modified: 2>, 'C:\\Users\\ASA\\Desktop\\Nhóm 8\\CNPM\\App\\backend\\logs\\app_20260622_010757.log')}
2026-06-22 01:08:35,885 - watchfiles.main - DEBUG - 1 change detected: {(<Change.modified: 2>, 'C:\\Users\\ASA\\Desktop\\Nhóm 8\\CNPM\\App\\backend\\logs\\app_20260622_010757.log')}
2026-06-22 01:08:36,289 - watchfiles.main - DEBUG - 1 change detected: {(<Change.modified: 2>, 'C:\\Users\\ASA\\Desktop\\Nhóm 8\\CNPM\\App\\backend\\logs\\app_20260622_010757.log')}
2026-06-22 01:08:36,697 - watchfiles.main - DEBUG - 1 change detected: {(<Change.modified: 2>, 'C:\\Users\\ASA\\Desktop\\Nhóm 8\\CNPM\\App\\backend\\logs\\app_20260622_010757.log')}
2026-06-22 01:08:37,102 - watchfiles.main - DEBUG - 1 change detected: {(<Change.modified: 2>, 'C:\\Users\\ASA\\Desktop\\Nhóm 8\\CNPM\\App\\backend\\logs\\app_20260622_010757.log')}
2026-06-22 01:08:37,511 - watchfiles.main - DEBUG - 1 change detected: {(<Change.modified: 2>, 'C:\\Users\\ASA\\Desktop\\Nhóm 8\\CNPM\\App\\backend\\logs\\app_20260622_010757.log')}
2026-06-22 01:08:37,915 - watchfiles.main - DEBUG - 1 change detected: {(<Change.modified: 2>, 'C:\\Users\\ASA\\Desktop\\Nhóm 8\\CNPM\\App\\backend\\logs\\app_20260622_010757.log')}
2026-06-22 01:08:38,324 - watchfiles.main - DEBUG - 1 change detected: {(<Change.modified: 2>, 'C:\\Users\\ASA\\Desktop\\Nhóm 8\\CNPM\\App\\backend\\logs\\app_20260622_010757.log')}
2026-06-22 01:08:38,679 - watchfiles.main - DEBUG - 1 change detected: {(<Change.modified: 2>, 'C:\\Users\\ASA\\Desktop\\Nhóm 8\\CNPM\\App\\backend\\logs\\app_20260622_010757.log')}
2026-06-22 01:08:39,091 - watchfiles.main - DEBUG - 1 change detected: {(<Change.modified: 2>, 'C:\\Users\\ASA\\Desktop\\Nhóm 8\\CNPM\\App\\backend\\logs\\app_20260622_010757.log')}
2026-06-22 01:08:39,494 - watchfiles.main - DEBUG - 1 change detected: {(<Change.modified: 2>, 'C:\\Users\\ASA\\Desktop\\Nhóm 8\\CNPM\\App\\backend\\logs\\app_20260622_010757.log')}
2026-06-22 01:08:39,900 - watchfiles.main - DEBUG - 1 change detected: {(<Change.modified: 2>, 'C:\\Users\\ASA\\Desktop\\Nhóm 8\\CNPM\\App\\backend\\logs\\app_20260622_010757.log')}
2026-06-22 01:08:40,307 - watchfiles.main - DEBUG - 1 change detected: {(<Change.modified: 2>, 'C:\\Users\\ASA\\Desktop\\Nhóm 8\\CNPM\\App\\backend\\logs\\app_20260622_010757.log')}
2026-06-22 01:08:40,711 - watchfiles.main - DEBUG - 1 change detected: {(<Change.modified: 2>, 'C:\\Users\\ASA\\Desktop\\Nhóm 8\\CNPM\\App\\backend\\logs\\app_20260622_010757.log')}
2026-06-22 01:08:41,115 - watchfiles.main - DEBUG - 1 change detected: {(<Change.modified: 2>, 'C:\\Users\\ASA\\Desktop\\Nhóm 8\\CNPM\\App\\backend\\logs\\app_20260622_010757.log')}
2026-06-22 01:08:41,519 - watchfiles.main - DEBUG - 1 change detected: {(<Change.modified: 2>, 'C:\\Users\\ASA\\Desktop\\Nhóm 8\\CNPM\\App\\backend\\logs\\app_20260622_010757.log')}
2026-06-22 01:08:41,927 - watchfiles.main - DEBUG - 1 change detected: {(<Change.modified: 2>, 'C:\\Users\\ASA\\Desktop\\Nhóm 8\\CNPM\\App\\backend\\logs\\app_20260622_010757.log')}
2026-06-22 01:08:42,333 - watchfiles.main - DEBUG - 1 change detected: {(<Change.modified: 2>, 'C:\\Users\\ASA\\Desktop\\Nhóm 8\\CNPM\\App\\backend\\logs\\app_20260622_010757.log')}
2026-06-22 01:08:42,738 - watchfiles.main - DEBUG - 1 change detected: {(<Change.modified: 2>, 'C:\\Users\\ASA\\Desktop\\Nhóm 8\\CNPM\\App\\backend\\logs\\app_20260622_010757.log')}
2026-06-22 01:08:43,145 - watchfiles.main - DEBUG - 1 change detected: {(<Change.modified: 2>, 'C:\\Users\\ASA\\Desktop\\Nhóm 8\\CNPM\\App\\backend\\logs\\app_20260622_010757.log')}
2026-06-22 01:08:43,552 - watchfiles.main - DEBUG - 1 change detected: {(<Change.modified: 2>, 'C:\\Users\\ASA\\Desktop\\Nhóm 8\\CNPM\\App\\backend\\logs\\app_20260622_010757.log')}
2026-06-22 01:08:43,959 - watchfiles.main - DEBUG - 1 change detected: {(<Change.modified: 2>, 'C:\\Users\\ASA\\Desktop\\Nhóm 8\\CNPM\\App\\backend\\logs\\app_20260622_010757.log')}
2026-06-22 01:08:44,366 - watchfiles.main - DEBUG - 1 change detected: {(<Change.modified: 2>, 'C:\\Users\\ASA\\Desktop\\Nhóm 8\\CNPM\\App\\backend\\logs\\app_20260622_010757.log')}
2026-06-22 01:08:44,770 - watchfiles.main - DEBUG - 1 change detected: {(<Change.modified: 2>, 'C:\\Users\\ASA\\Desktop\\Nhóm 8\\CNPM\\App\\backend\\logs\\app_20260622_010757.log')}
2026-06-22 01:08:45,176 - watchfiles.main - DEBUG - 1 change detected: {(<Change.modified: 2>, 'C:\\Users\\ASA\\Desktop\\Nhóm 8\\CNPM\\App\\backend\\logs\\app_20260622_010757.log')}
2026-06-22 01:08:45,582 - watchfiles.main - DEBUG - 1 change detected: {(<Change.modified: 2>, 'C:\\Users\\ASA\\Desktop\\Nhóm 8\\CNPM\\App\\backend\\logs\\app_20260622_010757.log')}
2026-06-22 01:08:45,986 - watchfiles.main - DEBUG - 1 change detected: {(<Change.modified: 2>, 'C:\\Users\\ASA\\Desktop\\Nhóm 8\\CNPM\\App\\backend\\logs\\app_20260622_010757.log')}
2026-06-22 01:08:46,393 - watchfiles.main - DEBUG - 1 change detected: {(<Change.modified: 2>, 'C:\\Users\\ASA\\Desktop\\Nhóm 8\\CNPM\\App\\backend\\logs\\app_20260622_010757.log')}
2026-06-22 01:08:46,802 - watchfiles.main - DEBUG - 1 change detected: {(<Change.modified: 2>, 'C:\\Users\\ASA\\Desktop\\Nhóm 8\\CNPM\\App\\backend\\logs\\app_20260622_010757.log')}
2026-06-22 01:08:47,208 - watchfiles.main - DEBUG - 1 change detected: {(<Change.modified: 2>, 'C:\\Users\\ASA\\Desktop\\Nhóm 8\\CNPM\\App\\backend\\logs\\app_20260622_010757.log')}
2026-06-22 01:08:47,615 - watchfiles.main - DEBUG - 1 change detected: {(<Change.modified: 2>, 'C:\\Users\\ASA\\Desktop\\Nhóm 8\\CNPM\\App\\backend\\logs\\app_20260622_010757.log')}
2026-06-22 01:08:48,021 - watchfiles.main - DEBUG - 1 change detected: {(<Change.modified: 2>, 'C:\\Users\\ASA\\Desktop\\Nhóm 8\\CNPM\\App\\backend\\logs\\app_20260622_010757.log')}
2026-06-22 01:08:48,426 - watchfiles.main - DEBUG - 1 change detected: {(<Change.modified: 2>, 'C:\\Users\\ASA\\Desktop\\Nhóm 8\\CNPM\\App\\backend\\logs\\app_20260622_010757.log')}
2026-06-22 01:08:48,835 - watchfiles.main - DEBUG - 1 change detected: {(<Change.modified: 2>, 'C:\\Users\\ASA\\Desktop\\Nhóm 8\\CNPM\\App\\backend\\logs\\app_20260622_010757.log')}
2026-06-22 01:08:49,236 - watchfiles.main - DEBUG - 1 change detected: {(<Change.modified: 2>, 'C:\\Users\\ASA\\Desktop\\Nhóm 8\\CNPM\\App\\backend\\logs\\app_20260622_010757.log')}
2026-06-22 01:08:49,643 - watchfiles.main - DEBUG - 1 change detected: {(<Change.modified: 2>, 'C:\\Users\\ASA\\Desktop\\Nhóm 8\\CNPM\\App\\backend\\logs\\app_20260622_010757.log')}
2026-06-22 01:08:50,049 - watchfiles.main - DEBUG - 1 change detected: {(<Change.modified: 2>, 'C:\\Users\\ASA\\Desktop\\Nhóm 8\\CNPM\\App\\backend\\logs\\app_20260622_010757.log')}
2026-06-22 01:08:50,454 - watchfiles.main - DEBUG - 1 change detected: {(<Change.modified: 2>, 'C:\\Users\\ASA\\Desktop\\Nhóm 8\\CNPM\\App\\backend\\logs\\app_20260622_010757.log')}
2026-06-22 01:08:50,862 - watchfiles.main - DEBUG - 1 change detected: {(<Change.modified: 2>, 'C:\\Users\\ASA\\Desktop\\Nhóm 8\\CNPM\\App\\backend\\logs\\app_20260622_010757.log')}
2026-06-22 01:08:51,265 - watchfiles.main - DEBUG - 1 change detected: {(<Change.modified: 2>, 'C:\\Users\\ASA\\Desktop\\Nhóm 8\\CNPM\\App\\backend\\logs\\app_20260622_010757.log')}
2026-06-22 01:08:51,671 - watchfiles.main - DEBUG - 1 change detected: {(<Change.modified: 2>, 'C:\\Users\\ASA\\Desktop\\Nhóm 8\\CNPM\\App\\backend\\logs\\app_20260622_010757.log')}
2026-06-22 01:08:52,077 - watchfiles.main - DEBUG - 1 change detected: {(<Change.modified: 2>, 'C:\\Users\\ASA\\Desktop\\Nhóm 8\\CNPM\\App\\backend\\logs\\app_20260622_010757.log')}
2026-06-22 01:08:52,481 - watchfiles.main - DEBUG - 1 change detected: {(<Change.modified: 2>, 'C:\\Users\\ASA\\Desktop\\Nhóm 8\\CNPM\\App\\backend\\logs\\app_20260622_010757.log')}
2026-06-22 01:08:52,890 - watchfiles.main - DEBUG - 1 change detected: {(<Change.modified: 2>, 'C:\\Users\\ASA\\Desktop\\Nhóm 8\\CNPM\\App\\backend\\logs\\app_20260622_010757.log')}
2026-06-22 01:08:53,296 - watchfiles.main - DEBUG - 1 change detected: {(<Change.modified: 2>, 'C:\\Users\\ASA\\Desktop\\Nhóm 8\\CNPM\\App\\backend\\logs\\app_20260622_010757.log')}
2026-06-22 01:08:53,701 - watchfiles.main - DEBUG - 1 change detected: {(<Change.modified: 2>, 'C:\\Users\\ASA\\Desktop\\Nhóm 8\\CNPM\\App\\backend\\logs\\app_20260622_010757.log')}
2026-06-22 01:08:54,107 - watchfiles.main - DEBUG - 1 change detected: {(<Change.modified: 2>, 'C:\\Users\\ASA\\Desktop\\Nhóm 8\\CNPM\\App\\backend\\logs\\app_20260622_010757.log')}
2026-06-22 01:08:54,513 - watchfiles.main - DEBUG - 1 change detected: {(<Change.modified: 2>, 'C:\\Users\\ASA\\Desktop\\Nhóm 8\\CNPM\\App\\backend\\logs\\app_20260622_010757.log')}
2026-06-22 01:08:54,918 - watchfiles.main - DEBUG - 1 change detected: {(<Change.modified: 2>, 'C:\\Users\\ASA\\Desktop\\Nhóm 8\\CNPM\\App\\backend\\logs\\app_20260622_010757.log')}
2026-06-22 01:08:55,323 - watchfiles.main - DEBUG - 1 change detected: {(<Change.modified: 2>, 'C:\\Users\\ASA\\Desktop\\Nhóm 8\\CNPM\\App\\backend\\logs\\app_20260622_010757.log')}
2026-06-22 01:08:55,727 - watchfiles.main - DEBUG - 1 change detected: {(<Change.modified: 2>, 'C:\\Users\\ASA\\Desktop\\Nhóm 8\\CNPM\\App\\backend\\logs\\app_20260622_010757.log')}
2026-06-22 01:08:56,132 - watchfiles.main - DEBUG - 1 change detected: {(<Change.modified: 2>, 'C:\\Users\\ASA\\Desktop\\Nhóm 8\\CNPM\\App\\backend\\logs\\app_20260622_010757.log')}
2026-06-22 01:08:56,539 - watchfiles.main - DEBUG - 1 change detected: {(<Change.modified: 2>, 'C:\\Users\\ASA\\Desktop\\Nhóm 8\\CNPM\\App\\backend\\logs\\app_20260622_010757.log')}
2026-06-22 01:08:56,946 - watchfiles.main - DEBUG - 1 change detected: {(<Change.modified: 2>, 'C:\\Users\\ASA\\Desktop\\Nhóm 8\\CNPM\\App\\backend\\logs\\app_20260622_010757.log')}
2026-06-22 01:08:57,353 - watchfiles.main - DEBUG - 1 change detected: {(<Change.modified: 2>, 'C:\\Users\\ASA\\Desktop\\Nhóm 8\\CNPM\\App\\backend\\logs\\app_20260622_010757.log')}
2026-06-22 01:08:57,762 - watchfiles.main - DEBUG - 1 change detected: {(<Change.modified: 2>, 'C:\\Users\\ASA\\Desktop\\Nhóm 8\\CNPM\\App\\backend\\logs\\app_20260622_010757.log')}
2026-06-22 01:08:58,165 - watchfiles.main - DEBUG - 1 change detected: {(<Change.modified: 2>, 'C:\\Users\\ASA\\Desktop\\Nhóm 8\\CNPM\\App\\backend\\logs\\app_20260622_010757.log')}
2026-06-22 01:08:58,568 - watchfiles.main - DEBUG - 1 change detected: {(<Change.modified: 2>, 'C:\\Users\\ASA\\Desktop\\Nhóm 8\\CNPM\\App\\backend\\logs\\app_20260622_010757.log')}
2026-06-22 01:08:58,974 - watchfiles.main - DEBUG - 1 change detected: {(<Change.modified: 2>, 'C:\\Users\\ASA\\Desktop\\Nhóm 8\\CNPM\\App\\backend\\logs\\app_20260622_010757.log')}
2026-06-22 01:08:59,379 - watchfiles.main - DEBUG - 1 change detected: {(<Change.modified: 2>, 'C:\\Users\\ASA\\Desktop\\Nhóm 8\\CNPM\\App\\backend\\logs\\app_20260622_010757.log')}
2026-06-22 01:08:59,786 - watchfiles.main - DEBUG - 1 change detected: {(<Change.modified: 2>, 'C:\\Users\\ASA\\Desktop\\Nhóm 8\\CNPM\\App\\backend\\logs\\app_20260622_010757.log')}
2026-06-22 01:09:00,192 - watchfiles.main - DEBUG - 1 change detected: {(<Change.modified: 2>, 'C:\\Users\\ASA\\Desktop\\Nhóm 8\\CNPM\\App\\backend\\logs\\app_20260622_010757.log')}
2026-06-22 01:09:00,598 - watchfiles.main - DEBUG - 1 change detected: {(<Change.modified: 2>, 'C:\\Users\\ASA\\Desktop\\Nhóm 8\\CNPM\\App\\backend\\logs\\app_20260622_010757.log')}
2026-06-22 01:09:01,004 - watchfiles.main - DEBUG - 1 change detected: {(<Change.modified: 2>, 'C:\\Users\\ASA\\Desktop\\Nhóm 8\\CNPM\\App\\backend\\logs\\app_20260622_010757.log')}
2026-06-22 01:09:01,412 - watchfiles.main - DEBUG - 1 change detected: {(<Change.modified: 2>, 'C:\\Users\\ASA\\Desktop\\Nhóm 8\\CNPM\\App\\backend\\logs\\app_20260622_010757.log')}
2026-06-22 01:09:01,813 - watchfiles.main - DEBUG - 1 change detected: {(<Change.modified: 2>, 'C:\\Users\\ASA\\Desktop\\Nhóm 8\\CNPM\\App\\backend\\logs\\app_20260622_010757.log')}
2026-06-22 01:09:02,219 - watchfiles.main - DEBUG - 1 change detected: {(<Change.modified: 2>, 'C:\\Users\\ASA\\Desktop\\Nhóm 8\\CNPM\\App\\backend\\logs\\app_20260622_010757.log')}
2026-06-22 01:09:02,624 - watchfiles.main - DEBUG - 1 change detected: {(<Change.modified: 2>, 'C:\\Users\\ASA\\Desktop\\Nhóm 8\\CNPM\\App\\backend\\logs\\app_20260622_010757.log')}
2026-06-22 01:09:03,032 - watchfiles.main - DEBUG - 1 change detected: {(<Change.modified: 2>, 'C:\\Users\\ASA\\Desktop\\Nhóm 8\\CNPM\\App\\backend\\logs\\app_20260622_010757.log')}
2026-06-22 01:09:03,436 - watchfiles.main - DEBUG - 1 change detected: {(<Change.modified: 2>, 'C:\\Users\\ASA\\Desktop\\Nhóm 8\\CNPM\\App\\backend\\logs\\app_20260622_010757.log')}
2026-06-22 01:09:03,845 - watchfiles.main - DEBUG - 1 change detected: {(<Change.modified: 2>, 'C:\\Users\\ASA\\Desktop\\Nhóm 8\\CNPM\\App\\backend\\logs\\app_20260622_010757.log')}
2026-06-22 01:09:04,248 - watchfiles.main - DEBUG - 1 change detected: {(<Change.modified: 2>, 'C:\\Users\\ASA\\Desktop\\Nhóm 8\\CNPM\\App\\backend\\logs\\app_20260622_010757.log')}
2026-06-22 01:09:04,652 - watchfiles.main - DEBUG - 1 change detected: {(<Change.modified: 2>, 'C:\\Users\\ASA\\Desktop\\Nhóm 8\\CNPM\\App\\backend\\logs\\app_20260622_010757.log')}
2026-06-22 01:09:05,011 - watchfiles.main - DEBUG - 1 change detected: {(<Change.modified: 2>, 'C:\\Users\\ASA\\Desktop\\Nhóm 8\\CNPM\\App\\backend\\logs\\app_20260622_010757.log')}
2026-06-22 01:09:05,420 - watchfiles.main - DEBUG - 1 change detected: {(<Change.modified: 2>, 'C:\\Users\\ASA\\Desktop\\Nhóm 8\\CNPM\\App\\backend\\logs\\app_20260622_010757.log')}
2026-06-22 01:09:05,824 - watchfiles.main - DEBUG - 1 change detected: {(<Change.modified: 2>, 'C:\\Users\\ASA\\Desktop\\Nhóm 8\\CNPM\\App\\backend\\logs\\app_20260622_010757.log')}
2026-06-22 01:09:06,233 - watchfiles.main - DEBUG - 1 change detected: {(<Change.modified: 2>, 'C:\\Users\\ASA\\Desktop\\Nhóm 8\\CNPM\\App\\backend\\logs\\app_20260622_010757.log')}
2026-06-22 01:09:06,641 - watchfiles.main - DEBUG - 1 change detected: {(<Change.modified: 2>, 'C:\\Users\\ASA\\Desktop\\Nhóm 8\\CNPM\\App\\backend\\logs\\app_20260622_010757.log')}
2026-06-22 01:09:07,049 - watchfiles.main - DEBUG - 1 change detected: {(<Change.modified: 2>, 'C:\\Users\\ASA\\Desktop\\Nhóm 8\\CNPM\\App\\backend\\logs\\app_20260622_010757.log')}
2026-06-22 01:09:07,406 - watchfiles.main - DEBUG - 1 change detected: {(<Change.modified: 2>, 'C:\\Users\\ASA\\Desktop\\Nhóm 8\\CNPM\\App\\backend\\logs\\app_20260622_010757.log')}
2026-06-22 01:09:07,815 - watchfiles.main - DEBUG - 1 change detected: {(<Change.modified: 2>, 'C:\\Users\\ASA\\Desktop\\Nhóm 8\\CNPM\\App\\backend\\logs\\app_20260622_010757.log')}
2026-06-22 01:09:08,224 - watchfiles.main - DEBUG - 1 change detected: {(<Change.modified: 2>, 'C:\\Users\\ASA\\Desktop\\Nhóm 8\\CNPM\\App\\backend\\logs\\app_20260622_010757.log')}
2026-06-22 01:09:08,627 - watchfiles.main - DEBUG - 1 change detected: {(<Change.modified: 2>, 'C:\\Users\\ASA\\Desktop\\Nhóm 8\\CNPM\\App\\backend\\logs\\app_20260622_010757.log')}
2026-06-22 01:09:09,037 - watchfiles.main - DEBUG - 1 change detected: {(<Change.modified: 2>, 'C:\\Users\\ASA\\Desktop\\Nhóm 8\\CNPM\\App\\backend\\logs\\app_20260622_010757.log')}
2026-06-22 01:09:09,444 - watchfiles.main - DEBUG - 1 change detected: {(<Change.modified: 2>, 'C:\\Users\\ASA\\Desktop\\Nhóm 8\\CNPM\\App\\backend\\logs\\app_20260622_010757.log')}
2026-06-22 01:09:09,852 - watchfiles.main - DEBUG - 1 change detected: {(<Change.modified: 2>, 'C:\\Users\\ASA\\Desktop\\Nhóm 8\\CNPM\\App\\backend\\logs\\app_20260622_010757.log')}
2026-06-22 01:09:10,255 - watchfiles.main - DEBUG - 1 change detected: {(<Change.modified: 2>, 'C:\\Users\\ASA\\Desktop\\Nhóm 8\\CNPM\\App\\backend\\logs\\app_20260622_010757.log')}
2026-06-22 01:09:10,660 - watchfiles.main - DEBUG - 1 change detected: {(<Change.modified: 2>, 'C:\\Users\\ASA\\Desktop\\Nhóm 8\\CNPM\\App\\backend\\logs\\app_20260622_010757.log')}
2026-06-22 01:09:11,068 - watchfiles.main - DEBUG - 1 change detected: {(<Change.modified: 2>, 'C:\\Users\\ASA\\Desktop\\Nhóm 8\\CNPM\\App\\backend\\logs\\app_20260622_010757.log')}
2026-06-22 01:09:11,472 - watchfiles.main - DEBUG - 1 change detected: {(<Change.modified: 2>, 'C:\\Users\\ASA\\Desktop\\Nhóm 8\\CNPM\\App\\backend\\logs\\app_20260622_010757.log')}
2026-06-22 01:09:11,876 - watchfiles.main - DEBUG - 1 change detected: {(<Change.modified: 2>, 'C:\\Users\\ASA\\Desktop\\Nhóm 8\\CNPM\\App\\backend\\logs\\app_20260622_010757.log')}
2026-06-22 01:09:12,283 - watchfiles.main - DEBUG - 1 change detected: {(<Change.modified: 2>, 'C:\\Users\\ASA\\Desktop\\Nhóm 8\\CNPM\\App\\backend\\logs\\app_20260622_010757.log')}
2026-06-22 01:09:12,691 - watchfiles.main - DEBUG - 1 change detected: {(<Change.modified: 2>, 'C:\\Users\\ASA\\Desktop\\Nhóm 8\\CNPM\\App\\backend\\logs\\app_20260622_010757.log')}
2026-06-22 01:09:13,098 - watchfiles.main - DEBUG - 1 change detected: {(<Change.modified: 2>, 'C:\\Users\\ASA\\Desktop\\Nhóm 8\\CNPM\\App\\backend\\logs\\app_20260622_010757.log')}
2026-06-22 01:09:13,457 - watchfiles.main - DEBUG - 1 change detected: {(<Change.modified: 2>, 'C:\\Users\\ASA\\Desktop\\Nhóm 8\\CNPM\\App\\backend\\logs\\app_20260622_010757.log')}
2026-06-22 01:09:13,868 - watchfiles.main - DEBUG - 1 change detected: {(<Change.modified: 2>, 'C:\\Users\\ASA\\Desktop\\Nhóm 8\\CNPM\\App\\backend\\logs\\app_20260622_010757.log')}
2026-06-22 01:09:14,276 - watchfiles.main - DEBUG - 1 change detected: {(<Change.modified: 2>, 'C:\\Users\\ASA\\Desktop\\Nhóm 8\\CNPM\\App\\backend\\logs\\app_20260622_010757.log')}
2026-06-22 01:09:14,680 - watchfiles.main - DEBUG - 1 change detected: {(<Change.modified: 2>, 'C:\\Users\\ASA\\Desktop\\Nhóm 8\\CNPM\\App\\backend\\logs\\app_20260622_010757.log')}
2026-06-22 01:09:15,088 - watchfiles.main - DEBUG - 1 change detected: {(<Change.modified: 2>, 'C:\\Users\\ASA\\Desktop\\Nhóm 8\\CNPM\\App\\backend\\logs\\app_20260622_010757.log')}
2026-06-22 01:09:15,496 - watchfiles.main - DEBUG - 1 change detected: {(<Change.modified: 2>, 'C:\\Users\\ASA\\Desktop\\Nhóm 8\\CNPM\\App\\backend\\logs\\app_20260622_010757.log')}
2026-06-22 01:09:15,900 - watchfiles.main - DEBUG - 1 change detected: {(<Change.modified: 2>, 'C:\\Users\\ASA\\Desktop\\Nhóm 8\\CNPM\\App\\backend\\logs\\app_20260622_010757.log')}
2026-06-22 01:09:16,307 - watchfiles.main - DEBUG - 1 change detected: {(<Change.modified: 2>, 'C:\\Users\\ASA\\Desktop\\Nhóm 8\\CNPM\\App\\backend\\logs\\app_20260622_010757.log')}
2026-06-22 01:09:16,712 - watchfiles.main - DEBUG - 1 change detected: {(<Change.modified: 2>, 'C:\\Users\\ASA\\Desktop\\Nhóm 8\\CNPM\\App\\backend\\logs\\app_20260622_010757.log')}
2026-06-22 01:09:17,117 - watchfiles.main - DEBUG - 1 change detected: {(<Change.modified: 2>, 'C:\\Users\\ASA\\Desktop\\Nhóm 8\\CNPM\\App\\backend\\logs\\app_20260622_010757.log')}
2026-06-22 01:09:17,522 - watchfiles.main - DEBUG - 1 change detected: {(<Change.modified: 2>, 'C:\\Users\\ASA\\Desktop\\Nhóm 8\\CNPM\\App\\backend\\logs\\app_20260622_010757.log')}
2026-06-22 01:09:17,925 - watchfiles.main - DEBUG - 1 change detected: {(<Change.modified: 2>, 'C:\\Users\\ASA\\Desktop\\Nhóm 8\\CNPM\\App\\backend\\logs\\app_20260622_010757.log')}
2026-06-22 01:09:18,284 - watchfiles.main - DEBUG - 1 change detected: {(<Change.modified: 2>, 'C:\\Users\\ASA\\Desktop\\Nhóm 8\\CNPM\\App\\backend\\logs\\app_20260622_010757.log')}
2026-06-22 01:09:18,694 - watchfiles.main - DEBUG - 1 change detected: {(<Change.modified: 2>, 'C:\\Users\\ASA\\Desktop\\Nhóm 8\\CNPM\\App\\backend\\logs\\app_20260622_010757.log')}
2026-06-22 01:09:19,100 - watchfiles.main - DEBUG - 1 change detected: {(<Change.modified: 2>, 'C:\\Users\\ASA\\Desktop\\Nhóm 8\\CNPM\\App\\backend\\logs\\app_20260622_010757.log')}
2026-06-22 01:09:19,508 - watchfiles.main - DEBUG - 1 change detected: {(<Change.modified: 2>, 'C:\\Users\\ASA\\Desktop\\Nhóm 8\\CNPM\\App\\backend\\logs\\app_20260622_010757.log')}
2026-06-22 01:09:19,912 - watchfiles.main - DEBUG - 1 change detected: {(<Change.modified: 2>, 'C:\\Users\\ASA\\Desktop\\Nhóm 8\\CNPM\\App\\backend\\logs\\app_20260622_010757.log')}
2026-06-22 01:09:20,316 - watchfiles.main - DEBUG - 1 change detected: {(<Change.modified: 2>, 'C:\\Users\\ASA\\Desktop\\Nhóm 8\\CNPM\\App\\backend\\logs\\app_20260622_010757.log')}
2026-06-22 01:09:20,720 - watchfiles.main - DEBUG - 1 change detected: {(<Change.modified: 2>, 'C:\\Users\\ASA\\Desktop\\Nhóm 8\\CNPM\\App\\backend\\logs\\app_20260622_010757.log')}
2026-06-22 01:09:21,123 - watchfiles.main - DEBUG - 1 change detected: {(<Change.modified: 2>, 'C:\\Users\\ASA\\Desktop\\Nhóm 8\\CNPM\\App\\backend\\logs\\app_20260622_010757.log')}
2026-06-22 01:09:21,531 - watchfiles.main - DEBUG - 1 change detected: {(<Change.modified: 2>, 'C:\\Users\\ASA\\Desktop\\Nhóm 8\\CNPM\\App\\backend\\logs\\app_20260622_010757.log')}
2026-06-22 01:09:21,936 - watchfiles.main - DEBUG - 1 change detected: {(<Change.modified: 2>, 'C:\\Users\\ASA\\Desktop\\Nhóm 8\\CNPM\\App\\backend\\logs\\app_20260622_010757.log')}
2026-06-22 01:09:22,345 - watchfiles.main - DEBUG - 1 change detected: {(<Change.modified: 2>, 'C:\\Users\\ASA\\Desktop\\Nhóm 8\\CNPM\\App\\backend\\logs\\app_20260622_010757.log')}
2026-06-22 01:09:22,750 - watchfiles.main - DEBUG - 1 change detected: {(<Change.modified: 2>, 'C:\\Users\\ASA\\Desktop\\Nhóm 8\\CNPM\\App\\backend\\logs\\app_20260622_010757.log')}
2026-06-22 01:09:23,155 - watchfiles.main - DEBUG - 1 change detected: {(<Change.modified: 2>, 'C:\\Users\\ASA\\Desktop\\Nhóm 8\\CNPM\\App\\backend\\logs\\app_20260622_010757.log')}
2026-06-22 01:09:23,560 - watchfiles.main - DEBUG - 1 change detected: {(<Change.modified: 2>, 'C:\\Users\\ASA\\Desktop\\Nhóm 8\\CNPM\\App\\backend\\logs\\app_20260622_010757.log')}
2026-06-22 01:09:23,963 - watchfiles.main - DEBUG - 1 change detected: {(<Change.modified: 2>, 'C:\\Users\\ASA\\Desktop\\Nhóm 8\\CNPM\\App\\backend\\logs\\app_20260622_010757.log')}
2026-06-22 01:09:24,368 - watchfiles.main - DEBUG - 1 change detected: {(<Change.modified: 2>, 'C:\\Users\\ASA\\Desktop\\Nhóm 8\\CNPM\\App\\backend\\logs\\app_20260622_010757.log')}
2026-06-22 01:09:24,772 - watchfiles.main - DEBUG - 1 change detected: {(<Change.modified: 2>, 'C:\\Users\\ASA\\Desktop\\Nhóm 8\\CNPM\\App\\backend\\logs\\app_20260622_010757.log')}
2026-06-22 01:09:25,182 - watchfiles.main - DEBUG - 1 change detected: {(<Change.modified: 2>, 'C:\\Users\\ASA\\Desktop\\Nhóm 8\\CNPM\\App\\backend\\logs\\app_20260622_010757.log')}
2026-06-22 01:09:25,585 - watchfiles.main - DEBUG - 1 change detected: {(<Change.modified: 2>, 'C:\\Users\\ASA\\Desktop\\Nhóm 8\\CNPM\\App\\backend\\logs\\app_20260622_010757.log')}
2026-06-22 01:09:25,993 - watchfiles.main - DEBUG - 1 change detected: {(<Change.modified: 2>, 'C:\\Users\\ASA\\Desktop\\Nhóm 8\\CNPM\\App\\backend\\logs\\app_20260622_010757.log')}
2026-06-22 01:09:26,399 - watchfiles.main - DEBUG - 1 change detected: {(<Change.modified: 2>, 'C:\\Users\\ASA\\Desktop\\Nhóm 8\\CNPM\\App\\backend\\logs\\app_20260622_010757.log')}
2026-06-22 01:09:26,806 - watchfiles.main - DEBUG - 1 change detected: {(<Change.modified: 2>, 'C:\\Users\\ASA\\Desktop\\Nhóm 8\\CNPM\\App\\backend\\logs\\app_20260622_010757.log')}
2026-06-22 01:09:27,213 - watchfiles.main - DEBUG - 1 change detected: {(<Change.modified: 2>, 'C:\\Users\\ASA\\Desktop\\Nhóm 8\\CNPM\\App\\backend\\logs\\app_20260622_010757.log')}
2026-06-22 01:09:27,616 - watchfiles.main - DEBUG - 1 change detected: {(<Change.modified: 2>, 'C:\\Users\\ASA\\Desktop\\Nhóm 8\\CNPM\\App\\backend\\logs\\app_20260622_010757.log')}
2026-06-22 01:09:28,017 - watchfiles.main - DEBUG - 1 change detected: {(<Change.modified: 2>, 'C:\\Users\\ASA\\Desktop\\Nhóm 8\\CNPM\\App\\backend\\logs\\app_20260622_010757.log')}
2026-06-22 01:09:28,423 - watchfiles.main - DEBUG - 1 change detected: {(<Change.modified: 2>, 'C:\\Users\\ASA\\Desktop\\Nhóm 8\\CNPM\\App\\backend\\logs\\app_20260622_010757.log')}
2026-06-22 01:09:28,832 - watchfiles.main - DEBUG - 1 change detected: {(<Change.modified: 2>, 'C:\\Users\\ASA\\Desktop\\Nhóm 8\\CNPM\\App\\backend\\logs\\app_20260622_010757.log')}
2026-06-22 01:09:29,238 - watchfiles.main - DEBUG - 1 change detected: {(<Change.modified: 2>, 'C:\\Users\\ASA\\Desktop\\Nhóm 8\\CNPM\\App\\backend\\logs\\app_20260622_010757.log')}
2026-06-22 01:09:29,647 - watchfiles.main - DEBUG - 1 change detected: {(<Change.modified: 2>, 'C:\\Users\\ASA\\Desktop\\Nhóm 8\\CNPM\\App\\backend\\logs\\app_20260622_010757.log')}
2026-06-22 01:09:30,050 - watchfiles.main - DEBUG - 1 change detected: {(<Change.modified: 2>, 'C:\\Users\\ASA\\Desktop\\Nhóm 8\\CNPM\\App\\backend\\logs\\app_20260622_010757.log')}
2026-06-22 01:09:30,405 - watchfiles.main - DEBUG - 1 change detected: {(<Change.modified: 2>, 'C:\\Users\\ASA\\Desktop\\Nhóm 8\\CNPM\\App\\backend\\logs\\app_20260622_010757.log')}
2026-06-22 01:09:30,818 - watchfiles.main - DEBUG - 1 change detected: {(<Change.modified: 2>, 'C:\\Users\\ASA\\Desktop\\Nhóm 8\\CNPM\\App\\backend\\logs\\app_20260622_010757.log')}
2026-06-22 01:09:31,228 - watchfiles.main - DEBUG - 1 change detected: {(<Change.modified: 2>, 'C:\\Users\\ASA\\Desktop\\Nhóm 8\\CNPM\\App\\backend\\logs\\app_20260622_010757.log')}
2026-06-22 01:09:31,634 - watchfiles.main - DEBUG - 1 change detected: {(<Change.modified: 2>, 'C:\\Users\\ASA\\Desktop\\Nhóm 8\\CNPM\\App\\backend\\logs\\app_20260622_010757.log')}
2026-06-22 01:09:32,040 - watchfiles.main - DEBUG - 1 change detected: {(<Change.modified: 2>, 'C:\\Users\\ASA\\Desktop\\Nhóm 8\\CNPM\\App\\backend\\logs\\app_20260622_010757.log')}
2026-06-22 01:09:32,444 - watchfiles.main - DEBUG - 1 change detected: {(<Change.modified: 2>, 'C:\\Users\\ASA\\Desktop\\Nhóm 8\\CNPM\\App\\backend\\logs\\app_20260622_010757.log')}
2026-06-22 01:09:32,850 - watchfiles.main - DEBUG - 1 change detected: {(<Change.modified: 2>, 'C:\\Users\\ASA\\Desktop\\Nhóm 8\\CNPM\\App\\backend\\logs\\app_20260622_010757.log')}
2026-06-22 01:09:33,257 - watchfiles.main - DEBUG - 1 change detected: {(<Change.modified: 2>, 'C:\\Users\\ASA\\Desktop\\Nhóm 8\\CNPM\\App\\backend\\logs\\app_20260622_010757.log')}
2026-06-22 01:09:33,664 - watchfiles.main - DEBUG - 1 change detected: {(<Change.modified: 2>, 'C:\\Users\\ASA\\Desktop\\Nhóm 8\\CNPM\\App\\backend\\logs\\app_20260622_010757.log')}
2026-06-22 01:09:34,067 - watchfiles.main - DEBUG - 1 change detected: {(<Change.modified: 2>, 'C:\\Users\\ASA\\Desktop\\Nhóm 8\\CNPM\\App\\backend\\logs\\app_20260622_010757.log')}
2026-06-22 01:09:34,474 - watchfiles.main - DEBUG - 1 change detected: {(<Change.modified: 2>, 'C:\\Users\\ASA\\Desktop\\Nhóm 8\\CNPM\\App\\backend\\logs\\app_20260622_010757.log')}
2026-06-22 01:09:34,881 - watchfiles.main - DEBUG - 1 change detected: {(<Change.modified: 2>, 'C:\\Users\\ASA\\Desktop\\Nhóm 8\\CNPM\\App\\backend\\logs\\app_20260622_010757.log')}
2026-06-22 01:09:35,288 - watchfiles.main - DEBUG - 1 change detected: {(<Change.modified: 2>, 'C:\\Users\\ASA\\Desktop\\Nhóm 8\\CNPM\\App\\backend\\logs\\app_20260622_010757.log')}
2026-06-22 01:09:35,689 - watchfiles.main - DEBUG - 1 change detected: {(<Change.modified: 2>, 'C:\\Users\\ASA\\Desktop\\Nhóm 8\\CNPM\\App\\backend\\logs\\app_20260622_010757.log')}
2026-06-22 01:09:36,096 - watchfiles.main - DEBUG - 1 change detected: {(<Change.modified: 2>, 'C:\\Users\\ASA\\Desktop\\Nhóm 8\\CNPM\\App\\backend\\logs\\app_20260622_010757.log')}
2026-06-22 01:09:36,456 - watchfiles.main - DEBUG - 1 change detected: {(<Change.modified: 2>, 'C:\\Users\\ASA\\Desktop\\Nhóm 8\\CNPM\\App\\backend\\logs\\app_20260622_010757.log')}
2026-06-22 01:09:36,864 - watchfiles.main - DEBUG - 1 change detected: {(<Change.modified: 2>, 'C:\\Users\\ASA\\Desktop\\Nhóm 8\\CNPM\\App\\backend\\logs\\app_20260622_010757.log')}
2026-06-22 01:09:37,268 - watchfiles.main - DEBUG - 1 change detected: {(<Change.modified: 2>, 'C:\\Users\\ASA\\Desktop\\Nhóm 8\\CNPM\\App\\backend\\logs\\app_20260622_010757.log')}
2026-06-22 01:09:37,678 - watchfiles.main - DEBUG - 1 change detected: {(<Change.modified: 2>, 'C:\\Users\\ASA\\Desktop\\Nhóm 8\\CNPM\\App\\backend\\logs\\app_20260622_010757.log')}
2026-06-22 01:09:38,085 - watchfiles.main - DEBUG - 1 change detected: {(<Change.modified: 2>, 'C:\\Users\\ASA\\Desktop\\Nhóm 8\\CNPM\\App\\backend\\logs\\app_20260622_010757.log')}
2026-06-22 01:09:38,488 - watchfiles.main - DEBUG - 1 change detected: {(<Change.modified: 2>, 'C:\\Users\\ASA\\Desktop\\Nhóm 8\\CNPM\\App\\backend\\logs\\app_20260622_010757.log')}
2026-06-22 01:09:38,895 - watchfiles.main - DEBUG - 1 change detected: {(<Change.modified: 2>, 'C:\\Users\\ASA\\Desktop\\Nhóm 8\\CNPM\\App\\backend\\logs\\app_20260622_010757.log')}
2026-06-22 01:09:39,367 - watchfiles.main - DEBUG - 1 change detected: {(<Change.modified: 2>, 'C:\\Users\\ASA\\Desktop\\Nhóm 8\\CNPM\\App\\backend\\logs\\app_20260622_010757.log')}
2026-06-22 01:09:39,732 - watchfiles.main - DEBUG - 1 change detected: {(<Change.modified: 2>, 'C:\\Users\\ASA\\Desktop\\Nhóm 8\\CNPM\\App\\backend\\logs\\app_20260622_010757.log')}
2026-06-22 01:09:40,140 - watchfiles.main - DEBUG - 1 change detected: {(<Change.modified: 2>, 'C:\\Users\\ASA\\Desktop\\Nhóm 8\\CNPM\\App\\backend\\logs\\app_20260622_010757.log')}
2026-06-22 01:09:40,543 - watchfiles.main - DEBUG - 1 change detected: {(<Change.modified: 2>, 'C:\\Users\\ASA\\Desktop\\Nhóm 8\\CNPM\\App\\backend\\logs\\app_20260622_010757.log')}
2026-06-22 01:09:40,947 - watchfiles.main - DEBUG - 1 change detected: {(<Change.modified: 2>, 'C:\\Users\\ASA\\Desktop\\Nhóm 8\\CNPM\\App\\backend\\logs\\app_20260622_010757.log')}
2026-06-22 01:09:41,306 - watchfiles.main - DEBUG - 1 change detected: {(<Change.modified: 2>, 'C:\\Users\\ASA\\Desktop\\Nhóm 8\\CNPM\\App\\backend\\logs\\app_20260622_010757.log')}
2026-06-22 01:09:41,714 - watchfiles.main - DEBUG - 1 change detected: {(<Change.modified: 2>, 'C:\\Users\\ASA\\Desktop\\Nhóm 8\\CNPM\\App\\backend\\logs\\app_20260622_010757.log')}
2026-06-22 01:09:42,122 - watchfiles.main - DEBUG - 1 change detected: {(<Change.modified: 2>, 'C:\\Users\\ASA\\Desktop\\Nhóm 8\\CNPM\\App\\backend\\logs\\app_20260622_010757.log')}
2026-06-22 01:09:42,526 - watchfiles.main - DEBUG - 1 change detected: {(<Change.modified: 2>, 'C:\\Users\\ASA\\Desktop\\Nhóm 8\\CNPM\\App\\backend\\logs\\app_20260622_010757.log')}
2026-06-22 01:09:42,930 - watchfiles.main - DEBUG - 1 change detected: {(<Change.modified: 2>, 'C:\\Users\\ASA\\Desktop\\Nhóm 8\\CNPM\\App\\backend\\logs\\app_20260622_010757.log')}
2026-06-22 01:09:43,336 - watchfiles.main - DEBUG - 1 change detected: {(<Change.modified: 2>, 'C:\\Users\\ASA\\Desktop\\Nhóm 8\\CNPM\\App\\backend\\logs\\app_20260622_010757.log')}
2026-06-22 01:09:43,740 - watchfiles.main - DEBUG - 1 change detected: {(<Change.modified: 2>, 'C:\\Users\\ASA\\Desktop\\Nhóm 8\\CNPM\\App\\backend\\logs\\app_20260622_010757.log')}
2026-06-22 01:09:44,145 - watchfiles.main - DEBUG - 1 change detected: {(<Change.modified: 2>, 'C:\\Users\\ASA\\Desktop\\Nhóm 8\\CNPM\\App\\backend\\logs\\app_20260622_010757.log')}
2026-06-22 01:09:44,552 - watchfiles.main - DEBUG - 1 change detected: {(<Change.modified: 2>, 'C:\\Users\\ASA\\Desktop\\Nhóm 8\\CNPM\\App\\backend\\logs\\app_20260622_010757.log')}
2026-06-22 01:09:44,957 - watchfiles.main - DEBUG - 1 change detected: {(<Change.modified: 2>, 'C:\\Users\\ASA\\Desktop\\Nhóm 8\\CNPM\\App\\backend\\logs\\app_20260622_010757.log')}
2026-06-22 01:09:45,361 - watchfiles.main - DEBUG - 1 change detected: {(<Change.modified: 2>, 'C:\\Users\\ASA\\Desktop\\Nhóm 8\\CNPM\\App\\backend\\logs\\app_20260622_010757.log')}
2026-06-22 01:09:45,766 - watchfiles.main - DEBUG - 1 change detected: {(<Change.modified: 2>, 'C:\\Users\\ASA\\Desktop\\Nhóm 8\\CNPM\\App\\backend\\logs\\app_20260622_010757.log')}
2026-06-22 01:09:46,171 - watchfiles.main - DEBUG - 1 change detected: {(<Change.modified: 2>, 'C:\\Users\\ASA\\Desktop\\Nhóm 8\\CNPM\\App\\backend\\logs\\app_20260622_010757.log')}
2026-06-22 01:09:46,576 - watchfiles.main - DEBUG - 1 change detected: {(<Change.modified: 2>, 'C:\\Users\\ASA\\Desktop\\Nhóm 8\\CNPM\\App\\backend\\logs\\app_20260622_010757.log')}
2026-06-22 01:09:46,982 - watchfiles.main - DEBUG - 1 change detected: {(<Change.modified: 2>, 'C:\\Users\\ASA\\Desktop\\Nhóm 8\\CNPM\\App\\backend\\logs\\app_20260622_010757.log')}
2026-06-22 01:09:47,390 - watchfiles.main - DEBUG - 1 change detected: {(<Change.modified: 2>, 'C:\\Users\\ASA\\Desktop\\Nhóm 8\\CNPM\\App\\backend\\logs\\app_20260622_010757.log')}
2026-06-22 01:09:47,796 - watchfiles.main - DEBUG - 1 change detected: {(<Change.modified: 2>, 'C:\\Users\\ASA\\Desktop\\Nhóm 8\\CNPM\\App\\backend\\logs\\app_20260622_010757.log')}
2026-06-22 01:09:48,202 - watchfiles.main - DEBUG - 1 change detected: {(<Change.modified: 2>, 'C:\\Users\\ASA\\Desktop\\Nhóm 8\\CNPM\\App\\backend\\logs\\app_20260622_010757.log')}
2026-06-22 01:09:48,611 - watchfiles.main - DEBUG - 1 change detected: {(<Change.modified: 2>, 'C:\\Users\\ASA\\Desktop\\Nhóm 8\\CNPM\\App\\backend\\logs\\app_20260622_010757.log')}
2026-06-22 01:09:49,020 - watchfiles.main - DEBUG - 1 change detected: {(<Change.modified: 2>, 'C:\\Users\\ASA\\Desktop\\Nhóm 8\\CNPM\\App\\backend\\logs\\app_20260622_010757.log')}
2026-06-22 01:09:49,429 - watchfiles.main - DEBUG - 1 change detected: {(<Change.modified: 2>, 'C:\\Users\\ASA\\Desktop\\Nhóm 8\\CNPM\\App\\backend\\logs\\app_20260622_010757.log')}
2026-06-22 01:09:49,835 - watchfiles.main - DEBUG - 1 change detected: {(<Change.modified: 2>, 'C:\\Users\\ASA\\Desktop\\Nhóm 8\\CNPM\\App\\backend\\logs\\app_20260622_010757.log')}
2026-06-22 01:09:50,243 - watchfiles.main - DEBUG - 1 change detected: {(<Change.modified: 2>, 'C:\\Users\\ASA\\Desktop\\Nhóm 8\\CNPM\\App\\backend\\logs\\app_20260622_010757.log')}
2026-06-22 01:09:50,646 - watchfiles.main - DEBUG - 1 change detected: {(<Change.modified: 2>, 'C:\\Users\\ASA\\Desktop\\Nhóm 8\\CNPM\\App\\backend\\logs\\app_20260622_010757.log')}
2026-06-22 01:09:51,051 - watchfiles.main - DEBUG - 1 change detected: {(<Change.modified: 2>, 'C:\\Users\\ASA\\Desktop\\Nhóm 8\\CNPM\\App\\backend\\logs\\app_20260622_010757.log')}
2026-06-22 01:09:51,455 - watchfiles.main - DEBUG - 1 change detected: {(<Change.modified: 2>, 'C:\\Users\\ASA\\Desktop\\Nhóm 8\\CNPM\\App\\backend\\logs\\app_20260622_010757.log')}
2026-06-22 01:09:51,863 - watchfiles.main - DEBUG - 1 change detected: {(<Change.modified: 2>, 'C:\\Users\\ASA\\Desktop\\Nhóm 8\\CNPM\\App\\backend\\logs\\app_20260622_010757.log')}
2026-06-22 01:09:52,268 - watchfiles.main - DEBUG - 1 change detected: {(<Change.modified: 2>, 'C:\\Users\\ASA\\Desktop\\Nhóm 8\\CNPM\\App\\backend\\logs\\app_20260622_010757.log')}
2026-06-22 01:09:52,672 - watchfiles.main - DEBUG - 1 change detected: {(<Change.modified: 2>, 'C:\\Users\\ASA\\Desktop\\Nhóm 8\\CNPM\\App\\backend\\logs\\app_20260622_010757.log')}
2026-06-22 01:09:53,079 - watchfiles.main - DEBUG - 1 change detected: {(<Change.modified: 2>, 'C:\\Users\\ASA\\Desktop\\Nhóm 8\\CNPM\\App\\backend\\logs\\app_20260622_010757.log')}
2026-06-22 01:09:53,484 - watchfiles.main - DEBUG - 1 change detected: {(<Change.modified: 2>, 'C:\\Users\\ASA\\Desktop\\Nhóm 8\\CNPM\\App\\backend\\logs\\app_20260622_010757.log')}
2026-06-22 01:09:53,889 - watchfiles.main - DEBUG - 1 change detected: {(<Change.modified: 2>, 'C:\\Users\\ASA\\Desktop\\Nhóm 8\\CNPM\\App\\backend\\logs\\app_20260622_010757.log')}
2026-06-22 01:09:54,298 - watchfiles.main - DEBUG - 1 change detected: {(<Change.modified: 2>, 'C:\\Users\\ASA\\Desktop\\Nhóm 8\\CNPM\\App\\backend\\logs\\app_20260622_010757.log')}
2026-06-22 01:09:54,703 - watchfiles.main - DEBUG - 1 change detected: {(<Change.modified: 2>, 'C:\\Users\\ASA\\Desktop\\Nhóm 8\\CNPM\\App\\backend\\logs\\app_20260622_010757.log')}
2026-06-22 01:09:55,108 - watchfiles.main - DEBUG - 1 change detected: {(<Change.modified: 2>, 'C:\\Users\\ASA\\Desktop\\Nhóm 8\\CNPM\\App\\backend\\logs\\app_20260622_010757.log')}
2026-06-22 01:09:55,515 - watchfiles.main - DEBUG - 1 change detected: {(<Change.modified: 2>, 'C:\\Users\\ASA\\Desktop\\Nhóm 8\\CNPM\\App\\backend\\logs\\app_20260622_010757.log')}
2026-06-22 01:09:55,920 - watchfiles.main - DEBUG - 1 change detected: {(<Change.modified: 2>, 'C:\\Users\\ASA\\Desktop\\Nhóm 8\\CNPM\\App\\backend\\logs\\app_20260622_010757.log')}
2026-06-22 01:09:56,324 - watchfiles.main - DEBUG - 1 change detected: {(<Change.modified: 2>, 'C:\\Users\\ASA\\Desktop\\Nhóm 8\\CNPM\\App\\backend\\logs\\app_20260622_010757.log')}
2026-06-22 01:09:56,730 - watchfiles.main - DEBUG - 1 change detected: {(<Change.modified: 2>, 'C:\\Users\\ASA\\Desktop\\Nhóm 8\\CNPM\\App\\backend\\logs\\app_20260622_010757.log')}
2026-06-22 01:09:57,137 - watchfiles.main - DEBUG - 1 change detected: {(<Change.modified: 2>, 'C:\\Users\\ASA\\Desktop\\Nhóm 8\\CNPM\\App\\backend\\logs\\app_20260622_010757.log')}
2026-06-22 01:09:57,541 - watchfiles.main - DEBUG - 1 change detected: {(<Change.modified: 2>, 'C:\\Users\\ASA\\Desktop\\Nhóm 8\\CNPM\\App\\backend\\logs\\app_20260622_010757.log')}
2026-06-22 01:09:57,949 - watchfiles.main - DEBUG - 1 change detected: {(<Change.modified: 2>, 'C:\\Users\\ASA\\Desktop\\Nhóm 8\\CNPM\\App\\backend\\logs\\app_20260622_010757.log')}
2026-06-22 01:09:58,353 - watchfiles.main - DEBUG - 1 change detected: {(<Change.modified: 2>, 'C:\\Users\\ASA\\Desktop\\Nhóm 8\\CNPM\\App\\backend\\logs\\app_20260622_010757.log')}
2026-06-22 01:09:58,759 - watchfiles.main - DEBUG - 1 change detected: {(<Change.modified: 2>, 'C:\\Users\\ASA\\Desktop\\Nhóm 8\\CNPM\\App\\backend\\logs\\app_20260622_010757.log')}
2026-06-22 01:09:59,164 - watchfiles.main - DEBUG - 1 change detected: {(<Change.modified: 2>, 'C:\\Users\\ASA\\Desktop\\Nhóm 8\\CNPM\\App\\backend\\logs\\app_20260622_010757.log')}
2026-06-22 01:09:59,573 - watchfiles.main - DEBUG - 1 change detected: {(<Change.modified: 2>, 'C:\\Users\\ASA\\Desktop\\Nhóm 8\\CNPM\\App\\backend\\logs\\app_20260622_010757.log')}
2026-06-22 01:09:59,934 - watchfiles.main - DEBUG - 1 change detected: {(<Change.modified: 2>, 'C:\\Users\\ASA\\Desktop\\Nhóm 8\\CNPM\\App\\backend\\logs\\app_20260622_010757.log')}
2026-06-22 01:10:00,342 - watchfiles.main - DEBUG - 1 change detected: {(<Change.modified: 2>, 'C:\\Users\\ASA\\Desktop\\Nhóm 8\\CNPM\\App\\backend\\logs\\app_20260622_010757.log')}
2026-06-22 01:10:00,748 - watchfiles.main - DEBUG - 1 change detected: {(<Change.modified: 2>, 'C:\\Users\\ASA\\Desktop\\Nhóm 8\\CNPM\\App\\backend\\logs\\app_20260622_010757.log')}
2026-06-22 01:10:01,152 - watchfiles.main - DEBUG - 1 change detected: {(<Change.modified: 2>, 'C:\\Users\\ASA\\Desktop\\Nhóm 8\\CNPM\\App\\backend\\logs\\app_20260622_010757.log')}
2026-06-22 01:10:01,559 - watchfiles.main - DEBUG - 1 change detected: {(<Change.modified: 2>, 'C:\\Users\\ASA\\Desktop\\Nhóm 8\\CNPM\\App\\backend\\logs\\app_20260622_010757.log')}
2026-06-22 01:10:01,967 - watchfiles.main - DEBUG - 1 change detected: {(<Change.modified: 2>, 'C:\\Users\\ASA\\Desktop\\Nhóm 8\\CNPM\\App\\backend\\logs\\app_20260622_010757.log')}
2026-06-22 01:10:02,375 - watchfiles.main - DEBUG - 1 change detected: {(<Change.modified: 2>, 'C:\\Users\\ASA\\Desktop\\Nhóm 8\\CNPM\\App\\backend\\logs\\app_20260622_010757.log')}
2026-06-22 01:10:02,782 - watchfiles.main - DEBUG - 1 change detected: {(<Change.modified: 2>, 'C:\\Users\\ASA\\Desktop\\Nhóm 8\\CNPM\\App\\backend\\logs\\app_20260622_010757.log')}
2026-06-22 01:10:03,187 - watchfiles.main - DEBUG - 1 change detected: {(<Change.modified: 2>, 'C:\\Users\\ASA\\Desktop\\Nhóm 8\\CNPM\\App\\backend\\logs\\app_20260622_010757.log')}
2026-06-22 01:10:03,591 - watchfiles.main - DEBUG - 1 change detected: {(<Change.modified: 2>, 'C:\\Users\\ASA\\Desktop\\Nhóm 8\\CNPM\\App\\backend\\logs\\app_20260622_010757.log')}
2026-06-22 01:10:03,997 - watchfiles.main - DEBUG - 1 change detected: {(<Change.modified: 2>, 'C:\\Users\\ASA\\Desktop\\Nhóm 8\\CNPM\\App\\backend\\logs\\app_20260622_010757.log')}
2026-06-22 01:10:04,403 - watchfiles.main - DEBUG - 1 change detected: {(<Change.modified: 2>, 'C:\\Users\\ASA\\Desktop\\Nhóm 8\\CNPM\\App\\backend\\logs\\app_20260622_010757.log')}
2026-06-22 01:10:04,809 - watchfiles.main - DEBUG - 1 change detected: {(<Change.modified: 2>, 'C:\\Users\\ASA\\Desktop\\Nhóm 8\\CNPM\\App\\backend\\logs\\app_20260622_010757.log')}
2026-06-22 01:10:05,216 - watchfiles.main - DEBUG - 1 change detected: {(<Change.modified: 2>, 'C:\\Users\\ASA\\Desktop\\Nhóm 8\\CNPM\\App\\backend\\logs\\app_20260622_010757.log')}
2026-06-22 01:10:05,623 - watchfiles.main - DEBUG - 1 change detected: {(<Change.modified: 2>, 'C:\\Users\\ASA\\Desktop\\Nhóm 8\\CNPM\\App\\backend\\logs\\app_20260622_010757.log')}
2026-06-22 01:10:06,030 - watchfiles.main - DEBUG - 1 change detected: {(<Change.modified: 2>, 'C:\\Users\\ASA\\Desktop\\Nhóm 8\\CNPM\\App\\backend\\logs\\app_20260622_010757.log')}
2026-06-22 01:10:06,434 - watchfiles.main - DEBUG - 1 change detected: {(<Change.modified: 2>, 'C:\\Users\\ASA\\Desktop\\Nhóm 8\\CNPM\\App\\backend\\logs\\app_20260622_010757.log')}
2026-06-22 01:10:06,839 - watchfiles.main - DEBUG - 1 change detected: {(<Change.modified: 2>, 'C:\\Users\\ASA\\Desktop\\Nhóm 8\\CNPM\\App\\backend\\logs\\app_20260622_010757.log')}
2026-06-22 01:10:07,242 - watchfiles.main - DEBUG - 1 change detected: {(<Change.modified: 2>, 'C:\\Users\\ASA\\Desktop\\Nhóm 8\\CNPM\\App\\backend\\logs\\app_20260622_010757.log')}
2026-06-22 01:10:07,648 - watchfiles.main - DEBUG - 1 change detected: {(<Change.modified: 2>, 'C:\\Users\\ASA\\Desktop\\Nhóm 8\\CNPM\\App\\backend\\logs\\app_20260622_010757.log')}
2026-06-22 01:10:08,002 - watchfiles.main - DEBUG - 1 change detected: {(<Change.modified: 2>, 'C:\\Users\\ASA\\Desktop\\Nhóm 8\\CNPM\\App\\backend\\logs\\app_20260622_010757.log')}
2026-06-22 01:10:08,412 - watchfiles.main - DEBUG - 1 change detected: {(<Change.modified: 2>, 'C:\\Users\\ASA\\Desktop\\Nhóm 8\\CNPM\\App\\backend\\logs\\app_20260622_010757.log')}
2026-06-22 01:10:08,815 - watchfiles.main - DEBUG - 1 change detected: {(<Change.modified: 2>, 'C:\\Users\\ASA\\Desktop\\Nhóm 8\\CNPM\\App\\backend\\logs\\app_20260622_010757.log')}
2026-06-22 01:10:09,222 - watchfiles.main - DEBUG - 1 change detected: {(<Change.modified: 2>, 'C:\\Users\\ASA\\Desktop\\Nhóm 8\\CNPM\\App\\backend\\logs\\app_20260622_010757.log')}
2026-06-22 01:10:09,628 - watchfiles.main - DEBUG - 1 change detected: {(<Change.modified: 2>, 'C:\\Users\\ASA\\Desktop\\Nhóm 8\\CNPM\\App\\backend\\logs\\app_20260622_010757.log')}
2026-06-22 01:10:10,032 - watchfiles.main - DEBUG - 1 change detected: {(<Change.modified: 2>, 'C:\\Users\\ASA\\Desktop\\Nhóm 8\\CNPM\\App\\backend\\logs\\app_20260622_010757.log')}
2026-06-22 01:10:10,441 - watchfiles.main - DEBUG - 1 change detected: {(<Change.modified: 2>, 'C:\\Users\\ASA\\Desktop\\Nhóm 8\\CNPM\\App\\backend\\logs\\app_20260622_010757.log')}
2026-06-22 01:10:10,847 - watchfiles.main - DEBUG - 1 change detected: {(<Change.modified: 2>, 'C:\\Users\\ASA\\Desktop\\Nhóm 8\\CNPM\\App\\backend\\logs\\app_20260622_010757.log')}
2026-06-22 01:10:11,253 - watchfiles.main - DEBUG - 1 change detected: {(<Change.modified: 2>, 'C:\\Users\\ASA\\Desktop\\Nhóm 8\\CNPM\\App\\backend\\logs\\app_20260622_010757.log')}
2026-06-22 01:10:11,655 - watchfiles.main - DEBUG - 1 change detected: {(<Change.modified: 2>, 'C:\\Users\\ASA\\Desktop\\Nhóm 8\\CNPM\\App\\backend\\logs\\app_20260622_010757.log')}
2026-06-22 01:10:12,063 - watchfiles.main - DEBUG - 1 change detected: {(<Change.modified: 2>, 'C:\\Users\\ASA\\Desktop\\Nhóm 8\\CNPM\\App\\backend\\logs\\app_20260622_010757.log')}
2026-06-22 01:10:12,467 - watchfiles.main - DEBUG - 1 change detected: {(<Change.modified: 2>, 'C:\\Users\\ASA\\Desktop\\Nhóm 8\\CNPM\\App\\backend\\logs\\app_20260622_010757.log')}
2026-06-22 01:10:12,872 - watchfiles.main - DEBUG - 1 change detected: {(<Change.modified: 2>, 'C:\\Users\\ASA\\Desktop\\Nhóm 8\\CNPM\\App\\backend\\logs\\app_20260622_010757.log')}
2026-06-22 01:10:13,279 - watchfiles.main - DEBUG - 1 change detected: {(<Change.modified: 2>, 'C:\\Users\\ASA\\Desktop\\Nhóm 8\\CNPM\\App\\backend\\logs\\app_20260622_010757.log')}
2026-06-22 01:10:13,683 - watchfiles.main - DEBUG - 1 change detected: {(<Change.modified: 2>, 'C:\\Users\\ASA\\Desktop\\Nhóm 8\\CNPM\\App\\backend\\logs\\app_20260622_010757.log')}
2026-06-22 01:10:14,088 - watchfiles.main - DEBUG - 1 change detected: {(<Change.modified: 2>, 'C:\\Users\\ASA\\Desktop\\Nhóm 8\\CNPM\\App\\backend\\logs\\app_20260622_010757.log')}
2026-06-22 01:10:14,491 - watchfiles.main - DEBUG - 1 change detected: {(<Change.modified: 2>, 'C:\\Users\\ASA\\Desktop\\Nhóm 8\\CNPM\\App\\backend\\logs\\app_20260622_010757.log')}
2026-06-22 01:10:14,900 - watchfiles.main - DEBUG - 1 change detected: {(<Change.modified: 2>, 'C:\\Users\\ASA\\Desktop\\Nhóm 8\\CNPM\\App\\backend\\logs\\app_20260622_010757.log')}
2026-06-22 01:10:15,309 - watchfiles.main - DEBUG - 1 change detected: {(<Change.modified: 2>, 'C:\\Users\\ASA\\Desktop\\Nhóm 8\\CNPM\\App\\backend\\logs\\app_20260622_010757.log')}
2026-06-22 01:10:15,715 - watchfiles.main - DEBUG - 1 change detected: {(<Change.modified: 2>, 'C:\\Users\\ASA\\Desktop\\Nhóm 8\\CNPM\\App\\backend\\logs\\app_20260622_010757.log')}
2026-06-22 01:10:16,121 - watchfiles.main - DEBUG - 1 change detected: {(<Change.modified: 2>, 'C:\\Users\\ASA\\Desktop\\Nhóm 8\\CNPM\\App\\backend\\logs\\app_20260622_010757.log')}
2026-06-22 01:10:16,524 - watchfiles.main - DEBUG - 1 change detected: {(<Change.modified: 2>, 'C:\\Users\\ASA\\Desktop\\Nhóm 8\\CNPM\\App\\backend\\logs\\app_20260622_010757.log')}
2026-06-22 01:10:16,931 - watchfiles.main - DEBUG - 1 change detected: {(<Change.modified: 2>, 'C:\\Users\\ASA\\Desktop\\Nhóm 8\\CNPM\\App\\backend\\logs\\app_20260622_010757.log')}
2026-06-22 01:10:17,337 - watchfiles.main - DEBUG - 1 change detected: {(<Change.modified: 2>, 'C:\\Users\\ASA\\Desktop\\Nhóm 8\\CNPM\\App\\backend\\logs\\app_20260622_010757.log')}
2026-06-22 01:10:17,741 - watchfiles.main - DEBUG - 1 change detected: {(<Change.modified: 2>, 'C:\\Users\\ASA\\Desktop\\Nhóm 8\\CNPM\\App\\backend\\logs\\app_20260622_010757.log')}
2026-06-22 01:10:18,148 - watchfiles.main - DEBUG - 1 change detected: {(<Change.modified: 2>, 'C:\\Users\\ASA\\Desktop\\Nhóm 8\\CNPM\\App\\backend\\logs\\app_20260622_010757.log')}
2026-06-22 01:10:18,551 - watchfiles.main - DEBUG - 1 change detected: {(<Change.modified: 2>, 'C:\\Users\\ASA\\Desktop\\Nhóm 8\\CNPM\\App\\backend\\logs\\app_20260622_010757.log')}
2026-06-22 01:10:18,954 - watchfiles.main - DEBUG - 1 change detected: {(<Change.modified: 2>, 'C:\\Users\\ASA\\Desktop\\Nhóm 8\\CNPM\\App\\backend\\logs\\app_20260622_010757.log')}
2026-06-22 01:10:19,360 - watchfiles.main - DEBUG - 1 change detected: {(<Change.modified: 2>, 'C:\\Users\\ASA\\Desktop\\Nhóm 8\\CNPM\\App\\backend\\logs\\app_20260622_010757.log')}
2026-06-22 01:10:19,764 - watchfiles.main - DEBUG - 1 change detected: {(<Change.modified: 2>, 'C:\\Users\\ASA\\Desktop\\Nhóm 8\\CNPM\\App\\backend\\logs\\app_20260622_010757.log')}
2026-06-22 01:10:20,167 - watchfiles.main - DEBUG - 1 change detected: {(<Change.modified: 2>, 'C:\\Users\\ASA\\Desktop\\Nhóm 8\\CNPM\\App\\backend\\logs\\app_20260622_010757.log')}
2026-06-22 01:10:20,574 - watchfiles.main - DEBUG - 1 change detected: {(<Change.modified: 2>, 'C:\\Users\\ASA\\Desktop\\Nhóm 8\\CNPM\\App\\backend\\logs\\app_20260622_010757.log')}
2026-06-22 01:10:20,976 - watchfiles.main - DEBUG - 1 change detected: {(<Change.modified: 2>, 'C:\\Users\\ASA\\Desktop\\Nhóm 8\\CNPM\\App\\backend\\logs\\app_20260622_010757.log')}
2026-06-22 01:10:21,383 - watchfiles.main - DEBUG - 1 change detected: {(<Change.modified: 2>, 'C:\\Users\\ASA\\Desktop\\Nhóm 8\\CNPM\\App\\backend\\logs\\app_20260622_010757.log')}
2026-06-22 01:10:21,787 - watchfiles.main - DEBUG - 1 change detected: {(<Change.modified: 2>, 'C:\\Users\\ASA\\Desktop\\Nhóm 8\\CNPM\\App\\backend\\logs\\app_20260622_010757.log')}
2026-06-22 01:10:22,191 - watchfiles.main - DEBUG - 1 change detected: {(<Change.modified: 2>, 'C:\\Users\\ASA\\Desktop\\Nhóm 8\\CNPM\\App\\backend\\logs\\app_20260622_010757.log')}
2026-06-22 01:10:22,598 - watchfiles.main - DEBUG - 1 change detected: {(<Change.modified: 2>, 'C:\\Users\\ASA\\Desktop\\Nhóm 8\\CNPM\\App\\backend\\logs\\app_20260622_010757.log')}
2026-06-22 01:10:23,002 - watchfiles.main - DEBUG - 1 change detected: {(<Change.modified: 2>, 'C:\\Users\\ASA\\Desktop\\Nhóm 8\\CNPM\\App\\backend\\logs\\app_20260622_010757.log')}
2026-06-22 01:10:23,407 - watchfiles.main - DEBUG - 1 change detected: {(<Change.modified: 2>, 'C:\\Users\\ASA\\Desktop\\Nhóm 8\\CNPM\\App\\backend\\logs\\app_20260622_010757.log')}
2026-06-22 01:10:23,812 - watchfiles.main - DEBUG - 1 change detected: {(<Change.modified: 2>, 'C:\\Users\\ASA\\Desktop\\Nhóm 8\\CNPM\\App\\backend\\logs\\app_20260622_010757.log')}
2026-06-22 01:10:24,220 - watchfiles.main - DEBUG - 1 change detected: {(<Change.modified: 2>, 'C:\\Users\\ASA\\Desktop\\Nhóm 8\\CNPM\\App\\backend\\logs\\app_20260622_010757.log')}
2026-06-22 01:10:24,625 - watchfiles.main - DEBUG - 1 change detected: {(<Change.modified: 2>, 'C:\\Users\\ASA\\Desktop\\Nhóm 8\\CNPM\\App\\backend\\logs\\app_20260622_010757.log')}
2026-06-22 01:10:25,031 - watchfiles.main - DEBUG - 1 change detected: {(<Change.modified: 2>, 'C:\\Users\\ASA\\Desktop\\Nhóm 8\\CNPM\\App\\backend\\logs\\app_20260622_010757.log')}
2026-06-22 01:10:25,439 - watchfiles.main - DEBUG - 1 change detected: {(<Change.modified: 2>, 'C:\\Users\\ASA\\Desktop\\Nhóm 8\\CNPM\\App\\backend\\logs\\app_20260622_010757.log')}
2026-06-22 01:10:25,848 - watchfiles.main - DEBUG - 1 change detected: {(<Change.modified: 2>, 'C:\\Users\\ASA\\Desktop\\Nhóm 8\\CNPM\\App\\backend\\logs\\app_20260622_010757.log')}
2026-06-22 01:10:26,252 - watchfiles.main - DEBUG - 1 change detected: {(<Change.modified: 2>, 'C:\\Users\\ASA\\Desktop\\Nhóm 8\\CNPM\\App\\backend\\logs\\app_20260622_010757.log')}
2026-06-22 01:10:26,656 - watchfiles.main - DEBUG - 1 change detected: {(<Change.modified: 2>, 'C:\\Users\\ASA\\Desktop\\Nhóm 8\\CNPM\\App\\backend\\logs\\app_20260622_010757.log')}
2026-06-22 01:10:27,062 - watchfiles.main - DEBUG - 1 change detected: {(<Change.modified: 2>, 'C:\\Users\\ASA\\Desktop\\Nhóm 8\\CNPM\\App\\backend\\logs\\app_20260622_010757.log')}
2026-06-22 01:10:27,467 - watchfiles.main - DEBUG - 1 change detected: {(<Change.modified: 2>, 'C:\\Users\\ASA\\Desktop\\Nhóm 8\\CNPM\\App\\backend\\logs\\app_20260622_010757.log')}
2026-06-22 01:10:27,871 - watchfiles.main - DEBUG - 1 change detected: {(<Change.modified: 2>, 'C:\\Users\\ASA\\Desktop\\Nhóm 8\\CNPM\\App\\backend\\logs\\app_20260622_010757.log')}
2026-06-22 01:10:28,277 - watchfiles.main - DEBUG - 1 change detected: {(<Change.modified: 2>, 'C:\\Users\\ASA\\Desktop\\Nhóm 8\\CNPM\\App\\backend\\logs\\app_20260622_010757.log')}
2026-06-22 01:10:28,635 - watchfiles.main - DEBUG - 1 change detected: {(<Change.modified: 2>, 'C:\\Users\\ASA\\Desktop\\Nhóm 8\\CNPM\\App\\backend\\logs\\app_20260622_010757.log')}
2026-06-22 01:10:29,044 - watchfiles.main - DEBUG - 1 change detected: {(<Change.modified: 2>, 'C:\\Users\\ASA\\Desktop\\Nhóm 8\\CNPM\\App\\backend\\logs\\app_20260622_010757.log')}
2026-06-22 01:10:29,453 - watchfiles.main - DEBUG - 1 change detected: {(<Change.modified: 2>, 'C:\\Users\\ASA\\Desktop\\Nhóm 8\\CNPM\\App\\backend\\logs\\app_20260622_010757.log')}
2026-06-22 01:10:29,858 - watchfiles.main - DEBUG - 1 change detected: {(<Change.modified: 2>, 'C:\\Users\\ASA\\Desktop\\Nhóm 8\\CNPM\\App\\backend\\logs\\app_20260622_010757.log')}
2026-06-22 01:10:30,266 - watchfiles.main - DEBUG - 1 change detected: {(<Change.modified: 2>, 'C:\\Users\\ASA\\Desktop\\Nhóm 8\\CNPM\\App\\backend\\logs\\app_20260622_010757.log')}
2026-06-22 01:10:30,672 - watchfiles.main - DEBUG - 1 change detected: {(<Change.modified: 2>, 'C:\\Users\\ASA\\Desktop\\Nhóm 8\\CNPM\\App\\backend\\logs\\app_20260622_010757.log')}
2026-06-22 01:10:31,077 - watchfiles.main - DEBUG - 1 change detected: {(<Change.modified: 2>, 'C:\\Users\\ASA\\Desktop\\Nhóm 8\\CNPM\\App\\backend\\logs\\app_20260622_010757.log')}
2026-06-22 01:10:31,484 - watchfiles.main - DEBUG - 1 change detected: {(<Change.modified: 2>, 'C:\\Users\\ASA\\Desktop\\Nhóm 8\\CNPM\\App\\backend\\logs\\app_20260622_010757.log')}
2026-06-22 01:10:31,888 - watchfiles.main - DEBUG - 1 change detected: {(<Change.modified: 2>, 'C:\\Users\\ASA\\Desktop\\Nhóm 8\\CNPM\\App\\backend\\logs\\app_20260622_010757.log')}
2026-06-22 01:10:32,294 - watchfiles.main - DEBUG - 1 change detected: {(<Change.modified: 2>, 'C:\\Users\\ASA\\Desktop\\Nhóm 8\\CNPM\\App\\backend\\logs\\app_20260622_010757.log')}
2026-06-22 01:10:32,704 - watchfiles.main - DEBUG - 1 change detected: {(<Change.modified: 2>, 'C:\\Users\\ASA\\Desktop\\Nhóm 8\\CNPM\\App\\backend\\logs\\app_20260622_010757.log')}
2026-06-22 01:10:33,112 - watchfiles.main - DEBUG - 1 change detected: {(<Change.modified: 2>, 'C:\\Users\\ASA\\Desktop\\Nhóm 8\\CNPM\\App\\backend\\logs\\app_20260622_010757.log')}
2026-06-22 01:10:33,517 - watchfiles.main - DEBUG - 1 change detected: {(<Change.modified: 2>, 'C:\\Users\\ASA\\Desktop\\Nhóm 8\\CNPM\\App\\backend\\logs\\app_20260622_010757.log')}
2026-06-22 01:10:33,921 - watchfiles.main - DEBUG - 1 change detected: {(<Change.modified: 2>, 'C:\\Users\\ASA\\Desktop\\Nhóm 8\\CNPM\\App\\backend\\logs\\app_20260622_010757.log')}
2026-06-22 01:10:34,280 - watchfiles.main - DEBUG - 1 change detected: {(<Change.modified: 2>, 'C:\\Users\\ASA\\Desktop\\Nhóm 8\\CNPM\\App\\backend\\logs\\app_20260622_010757.log')}
2026-06-22 01:10:34,690 - watchfiles.main - DEBUG - 1 change detected: {(<Change.modified: 2>, 'C:\\Users\\ASA\\Desktop\\Nhóm 8\\CNPM\\App\\backend\\logs\\app_20260622_010757.log')}
2026-06-22 01:10:35,094 - watchfiles.main - DEBUG - 1 change detected: {(<Change.modified: 2>, 'C:\\Users\\ASA\\Desktop\\Nhóm 8\\CNPM\\App\\backend\\logs\\app_20260622_010757.log')}
2026-06-22 01:10:35,499 - watchfiles.main - DEBUG - 1 change detected: {(<Change.modified: 2>, 'C:\\Users\\ASA\\Desktop\\Nhóm 8\\CNPM\\App\\backend\\logs\\app_20260622_010757.log')}
2026-06-22 01:10:35,906 - watchfiles.main - DEBUG - 1 change detected: {(<Change.modified: 2>, 'C:\\Users\\ASA\\Desktop\\Nhóm 8\\CNPM\\App\\backend\\logs\\app_20260622_010757.log')}
2026-06-22 01:10:36,313 - watchfiles.main - DEBUG - 1 change detected: {(<Change.modified: 2>, 'C:\\Users\\ASA\\Desktop\\Nhóm 8\\CNPM\\App\\backend\\logs\\app_20260622_010757.log')}
2026-06-22 01:10:36,718 - watchfiles.main - DEBUG - 1 change detected: {(<Change.modified: 2>, 'C:\\Users\\ASA\\Desktop\\Nhóm 8\\CNPM\\App\\backend\\logs\\app_20260622_010757.log')}
2026-06-22 01:10:37,121 - watchfiles.main - DEBUG - 1 change detected: {(<Change.modified: 2>, 'C:\\Users\\ASA\\Desktop\\Nhóm 8\\CNPM\\App\\backend\\logs\\app_20260622_010757.log')}
2026-06-22 01:10:37,528 - watchfiles.main - DEBUG - 1 change detected: {(<Change.modified: 2>, 'C:\\Users\\ASA\\Desktop\\Nhóm 8\\CNPM\\App\\backend\\logs\\app_20260622_010757.log')}
2026-06-22 01:10:37,934 - watchfiles.main - DEBUG - 1 change detected: {(<Change.modified: 2>, 'C:\\Users\\ASA\\Desktop\\Nhóm 8\\CNPM\\App\\backend\\logs\\app_20260622_010757.log')}
2026-06-22 01:10:38,338 - watchfiles.main - DEBUG - 1 change detected: {(<Change.modified: 2>, 'C:\\Users\\ASA\\Desktop\\Nhóm 8\\CNPM\\App\\backend\\logs\\app_20260622_010757.log')}
2026-06-22 01:10:38,746 - watchfiles.main - DEBUG - 1 change detected: {(<Change.modified: 2>, 'C:\\Users\\ASA\\Desktop\\Nhóm 8\\CNPM\\App\\backend\\logs\\app_20260622_010757.log')}
2026-06-22 01:10:39,152 - watchfiles.main - DEBUG - 1 change detected: {(<Change.modified: 2>, 'C:\\Users\\ASA\\Desktop\\Nhóm 8\\CNPM\\App\\backend\\logs\\app_20260622_010757.log')}
2026-06-22 01:10:39,571 - watchfiles.main - DEBUG - 1 change detected: {(<Change.modified: 2>, 'C:\\Users\\ASA\\Desktop\\Nhóm 8\\CNPM\\App\\backend\\logs\\app_20260622_010757.log')}
2026-06-22 01:10:39,979 - watchfiles.main - DEBUG - 1 change detected: {(<Change.modified: 2>, 'C:\\Users\\ASA\\Desktop\\Nhóm 8\\CNPM\\App\\backend\\logs\\app_20260622_010757.log')}
2026-06-22 01:10:40,385 - watchfiles.main - DEBUG - 1 change detected: {(<Change.modified: 2>, 'C:\\Users\\ASA\\Desktop\\Nhóm 8\\CNPM\\App\\backend\\logs\\app_20260622_010757.log')}
2026-06-22 01:10:40,790 - watchfiles.main - DEBUG - 1 change detected: {(<Change.modified: 2>, 'C:\\Users\\ASA\\Desktop\\Nhóm 8\\CNPM\\App\\backend\\logs\\app_20260622_010757.log')}
2026-06-22 01:10:41,194 - watchfiles.main - DEBUG - 1 change detected: {(<Change.modified: 2>, 'C:\\Users\\ASA\\Desktop\\Nhóm 8\\CNPM\\App\\backend\\logs\\app_20260622_010757.log')}
2026-06-22 01:10:41,598 - watchfiles.main - DEBUG - 1 change detected: {(<Change.modified: 2>, 'C:\\Users\\ASA\\Desktop\\Nhóm 8\\CNPM\\App\\backend\\logs\\app_20260622_010757.log')}
2026-06-22 01:10:42,005 - watchfiles.main - DEBUG - 1 change detected: {(<Change.modified: 2>, 'C:\\Users\\ASA\\Desktop\\Nhóm 8\\CNPM\\App\\backend\\logs\\app_20260622_010757.log')}
2026-06-22 01:10:42,408 - watchfiles.main - DEBUG - 1 change detected: {(<Change.modified: 2>, 'C:\\Users\\ASA\\Desktop\\Nhóm 8\\CNPM\\App\\backend\\logs\\app_20260622_010757.log')}
2026-06-22 01:10:42,814 - watchfiles.main - DEBUG - 1 change detected: {(<Change.modified: 2>, 'C:\\Users\\ASA\\Desktop\\Nhóm 8\\CNPM\\App\\backend\\logs\\app_20260622_010757.log')}
2026-06-22 01:10:43,222 - watchfiles.main - DEBUG - 1 change detected: {(<Change.modified: 2>, 'C:\\Users\\ASA\\Desktop\\Nhóm 8\\CNPM\\App\\backend\\logs\\app_20260622_010757.log')}
2026-06-22 01:10:43,630 - watchfiles.main - DEBUG - 1 change detected: {(<Change.modified: 2>, 'C:\\Users\\ASA\\Desktop\\Nhóm 8\\CNPM\\App\\backend\\logs\\app_20260622_010757.log')}
2026-06-22 01:10:44,033 - watchfiles.main - DEBUG - 1 change detected: {(<Change.modified: 2>, 'C:\\Users\\ASA\\Desktop\\Nhóm 8\\CNPM\\App\\backend\\logs\\app_20260622_010757.log')}
2026-06-22 01:10:44,436 - watchfiles.main - DEBUG - 1 change detected: {(<Change.modified: 2>, 'C:\\Users\\ASA\\Desktop\\Nhóm 8\\CNPM\\App\\backend\\logs\\app_20260622_010757.log')}
2026-06-22 01:10:44,845 - watchfiles.main - DEBUG - 1 change detected: {(<Change.modified: 2>, 'C:\\Users\\ASA\\Desktop\\Nhóm 8\\CNPM\\App\\backend\\logs\\app_20260622_010757.log')}
2026-06-22 01:10:45,252 - watchfiles.main - DEBUG - 1 change detected: {(<Change.modified: 2>, 'C:\\Users\\ASA\\Desktop\\Nhóm 8\\CNPM\\App\\backend\\logs\\app_20260622_010757.log')}
2026-06-22 01:10:45,660 - watchfiles.main - DEBUG - 1 change detected: {(<Change.modified: 2>, 'C:\\Users\\ASA\\Desktop\\Nhóm 8\\CNPM\\App\\backend\\logs\\app_20260622_010757.log')}
2026-06-22 01:10:46,065 - watchfiles.main - DEBUG - 1 change detected: {(<Change.modified: 2>, 'C:\\Users\\ASA\\Desktop\\Nhóm 8\\CNPM\\App\\backend\\logs\\app_20260622_010757.log')}
2026-06-22 01:10:46,473 - watchfiles.main - DEBUG - 1 change detected: {(<Change.modified: 2>, 'C:\\Users\\ASA\\Desktop\\Nhóm 8\\CNPM\\App\\backend\\logs\\app_20260622_010757.log')}
2026-06-22 01:10:46,879 - watchfiles.main - DEBUG - 1 change detected: {(<Change.modified: 2>, 'C:\\Users\\ASA\\Desktop\\Nhóm 8\\CNPM\\App\\backend\\logs\\app_20260622_010757.log')}
