2026-06-21 16:11:18,670 - main - INFO - === Logging system initialized ===
2026-06-21 16:11:18,670 - main - INFO - Log file: logs/app_20260621_161118.log
2026-06-21 16:11:18,670 - main - INFO - Log level: INFO
2026-06-21 16:11:18,670 - main - INFO - Timestamp: 20260621_161118
2026-06-21 16:11:19,158 - main - INFO - Included router: routers.aihub.router
2026-06-21 16:11:19,168 - main - INFO - Included router: routers.auth.router
2026-06-21 16:11:19,184 - main - INFO - Included router: routers.disease_drug_mappings.router
2026-06-21 16:11:19,202 - main - INFO - Included router: routers.diseases.router
2026-06-21 16:11:19,221 - main - INFO - Included router: routers.drugs.router
2026-06-21 16:11:19,222 - main - INFO - Included router: routers.health.router
2026-06-21 16:11:19,228 - main - INFO - Included router: routers.predict.router
2026-06-21 16:11:19,252 - main - INFO - Included router: routers.prediction_histories.router
2026-06-21 16:11:19,261 - main - INFO - Included router: routers.settings.router
2026-06-21 16:11:19,277 - main - INFO - Included router: routers.storage.router
2026-06-21 16:11:19,280 - main - INFO - Included router: routers.user.router
2026-06-21 16:11:19,703 - watchfiles.main - DEBUG - 2 changes detected: {(<Change.modified: 2>, 'C:\\Users\\ASA\\Desktop\\Nhóm 8\\App\\backend\\logs\\app_20260621_161118.log'), (<Change.modified: 2>, 'C:\\Users\\ASA\\Desktop\\Nhóm 8\\App\\backend\\logs')}
2026-06-21 16:11:20,106 - watchfiles.main - DEBUG - 1 change detected: {(<Change.added: 1>, 'C:\\Users\\ASA\\Desktop\\Nhóm 8\\App\\backend\\logs\\app_20260621_161120.log')}
2026-06-21 16:11:20,815 - watchfiles.main - DEBUG - 3 changes detected: {(<Change.deleted: 3>, 'C:\\Users\\ASA\\Desktop\\Nhóm 8\\App\\backend\\medipredict.db-journal'), (<Change.added: 1>, 'C:\\Users\\ASA\\Desktop\\Nhóm 8\\App\\backend\\medipredict.db-journal'), (<Change.added: 1>, 'C:\\Users\\ASA\\Desktop\\Nhóm 8\\App\\backend\\medipredict.db')}
2026-06-21 16:11:21,181 - watchfiles.main - DEBUG - 3 changes detected: {(<Change.modified: 2>, 'C:\\Users\\ASA\\Desktop\\Nhóm 8\\App\\backend\\medipredict.db'), (<Change.deleted: 3>, 'C:\\Users\\ASA\\Desktop\\Nhóm 8\\App\\backend\\medipredict.db-journal'), (<Change.added: 1>, 'C:\\Users\\ASA\\Desktop\\Nhóm 8\\App\\backend\\medipredict.db-journal')}
2026-06-21 16:12:13,204 - watchfiles.main - DEBUG - 3 changes detected: {(<Change.modified: 2>, 'C:\\Users\\ASA\\Desktop\\Nhóm 8\\App\\backend\\medipredict.db'), (<Change.deleted: 3>, 'C:\\Users\\ASA\\Desktop\\Nhóm 8\\App\\backend\\medipredict.db-journal'), (<Change.added: 1>, 'C:\\Users\\ASA\\Desktop\\Nhóm 8\\App\\backend\\medipredict.db-journal')}
2026-06-21 16:12:32,192 - watchfiles.main - DEBUG - 3 changes detected: {(<Change.modified: 2>, 'C:\\Users\\ASA\\Desktop\\Nhóm 8\\App\\backend\\medipredict.db'), (<Change.deleted: 3>, 'C:\\Users\\ASA\\Desktop\\Nhóm 8\\App\\backend\\medipredict.db-journal'), (<Change.added: 1>, 'C:\\Users\\ASA\\Desktop\\Nhóm 8\\App\\backend\\medipredict.db-journal')}
2026-06-21 16:16:15,038 - watchfiles.main - DEBUG - 1 change detected: {(<Change.deleted: 3>, 'C:\\Users\\ASA\\Desktop\\Nhóm 8\\App\\backend\\medipredict.db')}
2026-06-21 16:16:20,338 - watchfiles.main - DEBUG - 2 changes detected: {(<Change.added: 1>, 'C:\\Users\\ASA\\Desktop\\Nhóm 8\\App\\backend\\logs\\app_20260621_161620.log'), (<Change.modified: 2>, 'C:\\Users\\ASA\\Desktop\\Nhóm 8\\App\\backend\\logs')}
2026-06-21 16:16:21,303 - watchfiles.main - DEBUG - 3 changes detected: {(<Change.deleted: 3>, 'C:\\Users\\ASA\\Desktop\\Nhóm 8\\App\\backend\\medipredict.db-journal'), (<Change.added: 1>, 'C:\\Users\\ASA\\Desktop\\Nhóm 8\\App\\backend\\medipredict.db-journal'), (<Change.added: 1>, 'C:\\Users\\ASA\\Desktop\\Nhóm 8\\App\\backend\\medipredict.db')}
2026-06-21 16:16:21,716 - watchfiles.main - DEBUG - 5 changes detected: {(<Change.deleted: 3>, 'C:\\Users\\ASA\\Desktop\\Nhóm 8\\App\\backend\\medipredict.db-journal'), (<Change.modified: 2>, 'C:\\Users\\ASA\\Desktop\\Nhóm 8\\App\\backend\\logs'), (<Change.modified: 2>, 'C:\\Users\\ASA\\Desktop\\Nhóm 8\\App\\backend\\medipredict.db'), (<Change.added: 1>, 'C:\\Users\\ASA\\Desktop\\Nhóm 8\\App\\backend\\medipredict.db-journal'), (<Change.modified: 2>, 'C:\\Users\\ASA\\Desktop\\Nhóm 8\\App\\backend\\logs\\app_20260621_161620.log')}
2026-06-21 16:16:41,605 - watchfiles.main - DEBUG - 1 change detected: {(<Change.modified: 2>, 'C:\\Users\\ASA\\Desktop\\Nhóm 8\\App\\backend\\core\\database.py')}
2026-06-21 16:16:42,500 - watchfiles.main - DEBUG - 1 change detected: {(<Change.modified: 2>, 'C:\\Users\\ASA\\Desktop\\Nhóm 8\\App\\backend\\logs\\app_20260621_161120.log')}
2026-06-21 16:16:42,860 - watchfiles.main - DEBUG - 5 changes detected: {(<Change.modified: 2>, 'C:\\Users\\ASA\\Desktop\\Nhóm 8\\App\\backend\\core\\__pycache__'), (<Change.added: 1>, 'C:\\Users\\ASA\\Desktop\\Nhóm 8\\App\\backend\\core\\__pycache__\\database.cpython-311.pyc'), (<Change.added: 1>, 'C:\\Users\\ASA\\Desktop\\Nhóm 8\\App\\backend\\core\\__pycache__\\database.cpython-311.pyc.3017622461040'), (<Change.deleted: 3>, 'C:\\Users\\ASA\\Desktop\\Nhóm 8\\App\\backend\\core\\__pycache__\\database.cpython-311.pyc'), (<Change.deleted: 3>, 'C:\\Users\\ASA\\Desktop\\Nhóm 8\\App\\backend\\core\\__pycache__\\database.cpython-311.pyc.3017622461040')}
2026-06-21 16:16:43,220 - watchfiles.main - DEBUG - 1 change detected: {(<Change.added: 1>, 'C:\\Users\\ASA\\Desktop\\Nhóm 8\\App\\backend\\logs\\app_20260621_161642.log')}
2026-06-21 16:16:51,143 - watchfiles.main - DEBUG - 1 change detected: {(<Change.modified: 2>, 'C:\\Users\\ASA\\Desktop\\Nhóm 8\\App\\backend\\core\\database.py')}
2026-06-21 16:16:51,931 - watchfiles.main - DEBUG - 2 changes detected: {(<Change.modified: 2>, 'C:\\Users\\ASA\\Desktop\\Nhóm 8\\App\\backend\\logs\\app_20260621_161642.log'), (<Change.modified: 2>, 'C:\\Users\\ASA\\Desktop\\Nhóm 8\\App\\backend\\logs')}
2026-06-21 16:16:52,289 - watchfiles.main - DEBUG - 5 changes detected: {(<Change.modified: 2>, 'C:\\Users\\ASA\\Desktop\\Nhóm 8\\App\\backend\\core\\__pycache__'), (<Change.added: 1>, 'C:\\Users\\ASA\\Desktop\\Nhóm 8\\App\\backend\\core\\__pycache__\\database.cpython-311.pyc'), (<Change.deleted: 3>, 'C:\\Users\\ASA\\Desktop\\Nhóm 8\\App\\backend\\core\\__pycache__\\database.cpython-311.pyc.2811653036656'), (<Change.added: 1>, 'C:\\Users\\ASA\\Desktop\\Nhóm 8\\App\\backend\\core\\__pycache__\\database.cpython-311.pyc.2811653036656'), (<Change.deleted: 3>, 'C:\\Users\\ASA\\Desktop\\Nhóm 8\\App\\backend\\core\\__pycache__\\database.cpython-311.pyc')}
2026-06-21 16:16:52,648 - watchfiles.main - DEBUG - 1 change detected: {(<Change.added: 1>, 'C:\\Users\\ASA\\Desktop\\Nhóm 8\\App\\backend\\logs\\app_20260621_161652.log')}
2026-06-21 16:16:58,615 - watchfiles.main - DEBUG - 1 change detected: {(<Change.modified: 2>, 'C:\\Users\\ASA\\Desktop\\Nhóm 8\\App\\backend\\core\\database.py')}
2026-06-21 16:16:59,528 - watchfiles.main - DEBUG - 1 change detected: {(<Change.modified: 2>, 'C:\\Users\\ASA\\Desktop\\Nhóm 8\\App\\backend\\logs\\app_20260621_161652.log')}
2026-06-21 16:16:59,887 - watchfiles.main - DEBUG - 6 changes detected: {(<Change.modified: 2>, 'C:\\Users\\ASA\\Desktop\\Nhóm 8\\App\\backend\\core\\__pycache__'), (<Change.added: 1>, 'C:\\Users\\ASA\\Desktop\\Nhóm 8\\App\\backend\\core\\__pycache__\\database.cpython-311.pyc'), (<Change.modified: 2>, 'C:\\Users\\ASA\\Desktop\\Nhóm 8\\App\\backend\\logs'), (<Change.deleted: 3>, 'C:\\Users\\ASA\\Desktop\\Nhóm 8\\App\\backend\\core\\__pycache__\\database.cpython-311.pyc.2045719976560'), (<Change.added: 1>, 'C:\\Users\\ASA\\Desktop\\Nhóm 8\\App\\backend\\core\\__pycache__\\database.cpython-311.pyc.2045719976560'), (<Change.deleted: 3>, 'C:\\Users\\ASA\\Desktop\\Nhóm 8\\App\\backend\\core\\__pycache__\\database.cpython-311.pyc')}
2026-06-21 16:17:00,248 - watchfiles.main - DEBUG - 1 change detected: {(<Change.added: 1>, 'C:\\Users\\ASA\\Desktop\\Nhóm 8\\App\\backend\\logs\\app_20260621_161659.log')}
2026-06-21 16:17:04,184 - watchfiles.main - DEBUG - 2 changes detected: {(<Change.modified: 2>, 'C:\\Users\\ASA\\Desktop\\Nhóm 8\\App\\backend\\logs\\app_20260621_161118.log'), (<Change.modified: 2>, 'C:\\Users\\ASA\\Desktop\\Nhóm 8\\App\\backend\\logs')}
2026-06-21 16:17:04,537 - watchfiles.main - DEBUG - 1 change detected: {(<Change.modified: 2>, 'C:\\Users\\ASA\\Desktop\\Nhóm 8\\App\\backend\\logs\\app_20260621_161659.log')}
2026-06-21 16:17:34,703 - watchfiles.main - DEBUG - 1 change detected: {(<Change.modified: 2>, 'C:\\Users\\ASA\\Desktop\\Nhóm 8\\App\\backend\\core\\database.py')}
2026-06-21 16:17:35,564 - watchfiles.main - DEBUG - 1 change detected: {(<Change.modified: 2>, 'C:\\Users\\ASA\\Desktop\\Nhóm 8\\App\\backend\\logs\\app_20260621_161659.log')}
2026-06-21 16:17:35,923 - watchfiles.main - DEBUG - 5 changes detected: {(<Change.modified: 2>, 'C:\\Users\\ASA\\Desktop\\Nhóm 8\\App\\backend\\core\\__pycache__'), (<Change.added: 1>, 'C:\\Users\\ASA\\Desktop\\Nhóm 8\\App\\backend\\core\\__pycache__\\database.cpython-311.pyc'), (<Change.deleted: 3>, 'C:\\Users\\ASA\\Desktop\\Nhóm 8\\App\\backend\\core\\__pycache__\\database.cpython-311.pyc.1826712164976'), (<Change.deleted: 3>, 'C:\\Users\\ASA\\Desktop\\Nhóm 8\\App\\backend\\core\\__pycache__\\database.cpython-311.pyc'), (<Change.added: 1>, 'C:\\Users\\ASA\\Desktop\\Nhóm 8\\App\\backend\\core\\__pycache__\\database.cpython-311.pyc.1826712164976')}
2026-06-21 16:17:36,284 - watchfiles.main - DEBUG - 1 change detected: {(<Change.added: 1>, 'C:\\Users\\ASA\\Desktop\\Nhóm 8\\App\\backend\\logs\\app_20260621_161735.log')}
2026-06-21 16:18:13,219 - watchfiles.main - DEBUG - 1 change detected: {(<Change.deleted: 3>, 'C:\\Users\\ASA\\Desktop\\Nhóm 8\\App\\backend\\medipredict.db')}
2026-06-21 16:18:13,972 - watchfiles.main - DEBUG - 2 changes detected: {(<Change.added: 1>, 'C:\\Users\\ASA\\Desktop\\Nhóm 8\\App\\backend\\logs\\app_20260621_161813.log'), (<Change.modified: 2>, 'C:\\Users\\ASA\\Desktop\\Nhóm 8\\App\\backend\\logs')}
2026-06-21 16:18:14,886 - watchfiles.main - DEBUG - 3 changes detected: {(<Change.deleted: 3>, 'C:\\Users\\ASA\\Desktop\\Nhóm 8\\App\\backend\\medipredict.db-journal'), (<Change.added: 1>, 'C:\\Users\\ASA\\Desktop\\Nhóm 8\\App\\backend\\medipredict.db-journal'), (<Change.added: 1>, 'C:\\Users\\ASA\\Desktop\\Nhóm 8\\App\\backend\\medipredict.db')}
2026-06-21 16:18:15,239 - watchfiles.main - DEBUG - 4 changes detected: {(<Change.modified: 2>, 'C:\\Users\\ASA\\Desktop\\Nhóm 8\\App\\backend\\medipredict.db-journal'), (<Change.modified: 2>, 'C:\\Users\\ASA\\Desktop\\Nhóm 8\\App\\backend\\medipredict.db'), (<Change.deleted: 3>, 'C:\\Users\\ASA\\Desktop\\Nhóm 8\\App\\backend\\medipredict.db-journal'), (<Change.added: 1>, 'C:\\Users\\ASA\\Desktop\\Nhóm 8\\App\\backend\\medipredict.db-journal')}
2026-06-21 16:18:25,482 - watchfiles.main - DEBUG - 2 changes detected: {(<Change.modified: 2>, 'C:\\Users\\ASA\\Desktop\\Nhóm 8\\App\\backend\\logs\\app_20260621_161813.log'), (<Change.modified: 2>, 'C:\\Users\\ASA\\Desktop\\Nhóm 8\\App\\backend\\logs')}
2026-06-21 16:18:33,839 - watchfiles.main - DEBUG - 1 change detected: {(<Change.modified: 2>, 'C:\\Users\\ASA\\Desktop\\Nhóm 8\\App\\backend\\core\\database.py')}
2026-06-21 16:18:34,637 - watchfiles.main - DEBUG - 1 change detected: {(<Change.modified: 2>, 'C:\\Users\\ASA\\Desktop\\Nhóm 8\\App\\backend\\logs\\app_20260621_161735.log')}
2026-06-21 16:18:34,999 - watchfiles.main - DEBUG - 5 changes detected: {(<Change.modified: 2>, 'C:\\Users\\ASA\\Desktop\\Nhóm 8\\App\\backend\\core\\__pycache__'), (<Change.added: 1>, 'C:\\Users\\ASA\\Desktop\\Nhóm 8\\App\\backend\\core\\__pycache__\\database.cpython-311.pyc'), (<Change.deleted: 3>, 'C:\\Users\\ASA\\Desktop\\Nhóm 8\\App\\backend\\core\\__pycache__\\database.cpython-311.pyc.2054279174768'), (<Change.added: 1>, 'C:\\Users\\ASA\\Desktop\\Nhóm 8\\App\\backend\\core\\__pycache__\\database.cpython-311.pyc.2054279174768'), (<Change.deleted: 3>, 'C:\\Users\\ASA\\Desktop\\Nhóm 8\\App\\backend\\core\\__pycache__\\database.cpython-311.pyc')}
2026-06-21 16:18:35,355 - watchfiles.main - DEBUG - 1 change detected: {(<Change.added: 1>, 'C:\\Users\\ASA\\Desktop\\Nhóm 8\\App\\backend\\logs\\app_20260621_161835.log')}
2026-06-21 16:18:38,638 - watchfiles.main - DEBUG - 1 change detected: {(<Change.modified: 2>, 'C:\\Users\\ASA\\Desktop\\Nhóm 8\\App\\backend\\logs\\app_20260621_161835.log')}
2026-06-21 16:18:39,307 - watchfiles.main - DEBUG - 1 change detected: {(<Change.modified: 2>, 'C:\\Users\\ASA\\Desktop\\Nhóm 8\\App\\backend\\logs')}
2026-06-21 16:18:46,970 - watchfiles.main - DEBUG - 11 changes detected: {(<Change.modified: 2>, 'C:\\Users\\ASA\\Desktop\\Nhóm 8\\App\\backend\\logs\\app_20260621_161118.log'), (<Change.deleted: 3>, 'C:\\Users\\ASA\\Desktop\\Nhóm 8\\App\\backend\\logs\\app_20260621_161735.log'), (<Change.modified: 2>, 'C:\\Users\\ASA\\Desktop\\Nhóm 8\\App\\backend\\logs'), (<Change.deleted: 3>, 'C:\\Users\\ASA\\Desktop\\Nhóm 8\\App\\backend\\logs\\app_20260621_161835.log'), (<Change.deleted: 3>, 'C:\\Users\\ASA\\Desktop\\Nhóm 8\\App\\backend\\medipredict.db'), (<Change.deleted: 3>, 'C:\\Users\\ASA\\Desktop\\Nhóm 8\\App\\backend\\logs\\app_20260621_161813.log'), (<Change.deleted: 3>, 'C:\\Users\\ASA\\Desktop\\Nhóm 8\\App\\backend\\logs\\app_20260621_161659.log'), (<Change.deleted: 3>, 'C:\\Users\\ASA\\Desktop\\Nhóm 8\\App\\backend\\logs\\app_20260621_161642.log'), (<Change.deleted: 3>, 'C:\\Users\\ASA\\Desktop\\Nhóm 8\\App\\backend\\logs\\app_20260621_161620.log'), (<Change.deleted: 3>, 'C:\\Users\\ASA\\Desktop\\Nhóm 8\\App\\backend\\logs\\app_20260621_161652.log'), (<Change.deleted: 3>, 'C:\\Users\\ASA\\Desktop\\Nhóm 8\\App\\backend\\logs\\app_20260621_161120.log')}
2026-06-21 16:18:47,735 - watchfiles.main - DEBUG - 1 change detected: {(<Change.added: 1>, 'C:\\Users\\ASA\\Desktop\\Nhóm 8\\App\\backend\\logs\\app_20260621_161847.log')}
2026-06-21 16:18:59,284 - watchfiles.main - DEBUG - 2 changes detected: {(<Change.modified: 2>, 'C:\\Users\\ASA\\Desktop\\Nhóm 8\\App\\backend\\logs\\app_20260621_161847.log'), (<Change.modified: 2>, 'C:\\Users\\ASA\\Desktop\\Nhóm 8\\App\\backend\\logs')}
2026-06-21 16:19:38,228 - watchfiles.main - DEBUG - 1 change detected: {(<Change.added: 1>, 'C:\\Users\\ASA\\Desktop\\Nhóm 8\\App\\backend\\logs\\app_20260621_161938.log')}
2026-06-21 16:19:39,552 - watchfiles.main - DEBUG - 2 changes detected: {(<Change.modified: 2>, 'C:\\Users\\ASA\\Desktop\\Nhóm 8\\App\\backend\\logs'), (<Change.added: 1>, 'C:\\Users\\ASA\\Desktop\\Nhóm 8\\App\\backend\\logs\\app_20260621_161939.log')}
2026-06-21 16:20:06,178 - watchfiles.main - DEBUG - 3 changes detected: {(<Change.modified: 2>, 'C:\\Users\\ASA\\Desktop\\Nhóm 8\\App\\backend\\logs\\app_20260621_161939.log'), (<Change.modified: 2>, 'C:\\Users\\ASA\\Desktop\\Nhóm 8\\App\\backend\\logs\\app_20260621_161938.log'), (<Change.modified: 2>, 'C:\\Users\\ASA\\Desktop\\Nhóm 8\\App\\backend\\logs')}
