2026-06-21 23:53:54,691 - main - INFO - === Logging system initialized ===
2026-06-21 23:53:54,691 - main - INFO - Log file: logs/app_20260621_235354.log
2026-06-21 23:53:54,691 - main - INFO - Log level: INFO
2026-06-21 23:53:54,691 - main - INFO - Timestamp: 20260621_235354
2026-06-21 23:53:55,231 - main - INFO - Included router: routers.aihub.router
2026-06-21 23:53:55,242 - main - INFO - Included router: routers.auth.router
2026-06-21 23:53:55,258 - main - INFO - Included router: routers.disease_drug_mappings.router
2026-06-21 23:53:55,279 - main - INFO - Included router: routers.diseases.router
2026-06-21 23:53:55,300 - main - INFO - Included router: routers.drugs.router
2026-06-21 23:53:55,301 - main - INFO - Included router: routers.health.router
2026-06-21 23:53:55,308 - main - INFO - Included router: routers.openfda.router
2026-06-21 23:53:55,314 - main - INFO - Included router: routers.predict.router
2026-06-21 23:53:55,332 - main - INFO - Included router: routers.prediction_histories.router
2026-06-21 23:53:55,342 - main - INFO - Included router: routers.settings.router
2026-06-21 23:53:55,358 - main - INFO - Included router: routers.storage.router
2026-06-21 23:53:55,364 - main - INFO - Included router: routers.user.router
2026-06-21 23:53:55,373 - main - INFO - Included router: routers.user_saved_drugs.router
2026-06-21 23:53:55,377 - asyncio - DEBUG - Using proactor: IocpProactor
2026-06-21 23:53:55,408 - main - INFO - === Application startup initiated ===
2026-06-21 23:53:55,408 - services.database - DEBUG - [DB_OP] Starting database initialization
2026-06-21 23:53:55,408 - services.database - INFO - Starting database initialization...
2026-06-21 23:53:55,408 - core.database - INFO - Starting database initialization...
2026-06-21 23:53:55,408 - core.config - DEBUG - Read dynamic attribute database_url from environment variable DATABASE_URL
2026-06-21 23:53:55,409 - core.database - INFO - Creating database engine: mssql+pymssql://sa:123456@localhost:1433/medipredict
2026-06-21 23:53:55,733 - core.database - INFO - Database engine and session maker created successfully
2026-06-21 23:53:55,733 - services.database - INFO - Database connection initialized, now creating tables if tables not exist...
2026-06-21 23:53:55,733 - core.database - DEBUG - [DB_OP] Starting create_tables
2026-06-21 23:53:55,733 - core.database - INFO - Starting table creation...
2026-06-21 23:53:56,002 - core.database - INFO - Tables initialized successfully
2026-06-21 23:53:56,002 - core.database - DEBUG - [DB_OP] Create tables completed in 0.2691s
2026-06-21 23:53:56,002 - services.database - INFO - Table creation completed
2026-06-21 23:53:56,002 - services.database - INFO - Database initialized successfully
2026-06-21 23:53:56,002 - services.database - DEBUG - [DB_OP] Database initialization completed in 0.5942s
2026-06-21 23:53:56,003 - services.mock_data - INFO - Processing mock data file disease_drug_mappings.json for table disease_drug_mappings
2026-06-21 23:53:58,297 - services.mock_data - INFO - Inserted 210 mock records into disease_drug_mappings
2026-06-21 23:53:58,298 - services.mock_data - INFO - Processing mock data file diseases.json for table diseases
2026-06-21 23:54:00,321 - services.mock_data - INFO - Inserted 70 mock records into diseases
2026-06-21 23:54:00,324 - services.mock_data - INFO - Processing mock data file drugs.json for table drugs
2026-06-21 23:54:02,215 - services.mock_data - INFO - Inserted 200 mock records into drugs
2026-06-21 23:54:02,216 - services.database - DEBUG - [DB_OP] Starting database initialization
2026-06-21 23:54:02,216 - services.database - INFO - Starting database initialization...
2026-06-21 23:54:02,216 - core.database - INFO - Starting database initialization...
2026-06-21 23:54:02,216 - core.database - INFO - Database already initialized
2026-06-21 23:54:02,216 - services.database - INFO - Database connection initialized, now creating tables if tables not exist...
2026-06-21 23:54:02,216 - core.database - DEBUG - [DB_OP] Starting create_tables
2026-06-21 23:54:02,216 - core.database - INFO - Tables already initialized
2026-06-21 23:54:02,216 - services.database - INFO - Table creation completed
2026-06-21 23:54:02,216 - services.database - INFO - Database initialized successfully
2026-06-21 23:54:02,216 - services.database - DEBUG - [DB_OP] Database initialization completed in 0.0000s
2026-06-21 23:54:02,216 - core.config - DEBUG - Read dynamic attribute admin_user_id from environment variable ADMIN_USER_ID
2026-06-21 23:54:02,216 - core.config - DEBUG - Read dynamic attribute admin_user_email from environment variable ADMIN_USER_EMAIL
2026-06-21 23:54:02,224 - main - INFO - === Application startup completed successfully ===
