2026-06-22 11:23:56,197 - main - INFO - === Logging system initialized ===
2026-06-22 11:23:56,197 - main - INFO - Log file: logs/app_20260622_112356.log
2026-06-22 11:23:56,197 - main - INFO - Log level: INFO
2026-06-22 11:23:56,197 - main - INFO - Timestamp: 20260622_112356
2026-06-22 11:23:56,733 - main - INFO - Included router: routers.aihub.router
2026-06-22 11:23:56,742 - main - INFO - Included router: routers.auth.router
2026-06-22 11:23:56,756 - main - INFO - Included router: routers.disease_drug_mappings.router
2026-06-22 11:23:56,771 - main - INFO - Included router: routers.diseases.router
2026-06-22 11:23:56,796 - main - INFO - Included router: routers.drugs.router
2026-06-22 11:23:56,798 - main - INFO - Included router: routers.health.router
2026-06-22 11:23:56,803 - main - INFO - Included router: routers.openfda.router
2026-06-22 11:23:56,807 - main - INFO - Included router: routers.predict.router
2026-06-22 11:23:56,824 - main - INFO - Included router: routers.prediction_histories.router
2026-06-22 11:23:56,831 - main - INFO - Included router: routers.settings.router
2026-06-22 11:23:56,847 - main - INFO - Included router: routers.storage.router
2026-06-22 11:23:56,851 - main - INFO - Included router: routers.user.router
2026-06-22 11:23:56,857 - main - INFO - Included router: routers.user_saved_drugs.router
2026-06-22 11:23:56,858 - main - INFO - === Application startup initiated ===
2026-06-22 11:23:56,858 - services.database - DEBUG - [DB_OP] Starting database initialization
2026-06-22 11:23:56,858 - services.database - INFO - Starting database initialization...
2026-06-22 11:23:56,858 - core.database - INFO - Starting database initialization...
2026-06-22 11:23:56,858 - core.config - DEBUG - Read dynamic attribute database_url from environment variable DATABASE_URL
2026-06-22 11:23:56,859 - core.database - INFO - Creating database engine: mssql+pymssql://sa:123456@localhost:1433/medipredict
2026-06-22 11:23:57,032 - core.database - INFO - Database engine and session maker created successfully
2026-06-22 11:23:57,032 - services.database - INFO - Database connection initialized, now creating tables if tables not exist...
2026-06-22 11:23:57,033 - core.database - DEBUG - [DB_OP] Starting create_tables
2026-06-22 11:23:57,033 - core.database - INFO - Starting table creation...
2026-06-22 11:23:57,147 - core.database - INFO - Tables initialized successfully
2026-06-22 11:23:57,147 - core.database - DEBUG - [DB_OP] Create tables completed in 0.1141s
2026-06-22 11:23:57,149 - services.database - INFO - Table creation completed
2026-06-22 11:23:57,149 - services.database - INFO - Database initialized successfully
2026-06-22 11:23:57,149 - services.database - DEBUG - [DB_OP] Database initialization completed in 0.2908s
2026-06-22 11:23:57,149 - services.mock_data - INFO - Processing mock data file disease_drug_mappings.json for table disease_drug_mappings
2026-06-22 11:23:57,162 - services.mock_data - INFO - Table disease_drug_mappings already has 648 rows (ORM check); skipping
2026-06-22 11:23:57,164 - services.mock_data - INFO - Processing mock data file diseases.json for table diseases
2026-06-22 11:23:57,175 - services.mock_data - INFO - Table diseases already has 216 rows (ORM check); skipping
2026-06-22 11:23:57,176 - services.mock_data - INFO - Processing mock data file drugs.json for table drugs
2026-06-22 11:23:57,187 - services.mock_data - INFO - Table drugs already has 224 rows (ORM check); skipping
2026-06-22 11:23:57,188 - services.database - DEBUG - [DB_OP] Starting database initialization
2026-06-22 11:23:57,189 - services.database - INFO - Starting database initialization...
2026-06-22 11:23:57,189 - core.database - INFO - Starting database initialization...
2026-06-22 11:23:57,189 - core.database - INFO - Database already initialized
2026-06-22 11:23:57,189 - services.database - INFO - Database connection initialized, now creating tables if tables not exist...
2026-06-22 11:23:57,189 - core.database - DEBUG - [DB_OP] Starting create_tables
2026-06-22 11:23:57,189 - core.database - INFO - Tables already initialized
2026-06-22 11:23:57,189 - services.database - INFO - Table creation completed
2026-06-22 11:23:57,189 - services.database - INFO - Database initialized successfully
2026-06-22 11:23:57,189 - services.database - DEBUG - [DB_OP] Database initialization completed in 0.0009s
2026-06-22 11:23:57,189 - core.config - DEBUG - Read dynamic attribute admin_user_id from environment variable ADMIN_USER_ID
2026-06-22 11:23:57,189 - core.config - DEBUG - Read dynamic attribute admin_user_email from environment variable ADMIN_USER_EMAIL
2026-06-22 11:23:57,196 - main - INFO - === Application startup completed successfully ===
2026-06-22 11:23:59,823 - core.config - DEBUG - Read dynamic attribute jwt_secret_key from environment variable JWT_SECRET_KEY
2026-06-22 11:23:59,824 - core.config - DEBUG - Read dynamic attribute jwt_algorithm from environment variable JWT_ALGORITHM
2026-06-22 11:23:59,836 - core.auth - DEBUG - Authentication token validated for user hash: ca9be311
2026-06-22 11:23:59,850 - routers.diseases - DEBUG - Querying diseasess: query=None, sort=None, skip=0, limit=1000, fields=None
2026-06-22 11:23:59,865 - routers.diseases - DEBUG - Found 216 diseasess
2026-06-22 11:24:00,424 - core.auth - DEBUG - Authentication token validated for user hash: ca9be311
