2026-06-21 23:30:08,407 - main - INFO - === Logging system initialized ===
2026-06-21 23:30:08,408 - main - INFO - Log file: logs/app_20260621_233008.log
2026-06-21 23:30:08,408 - main - INFO - Log level: INFO
2026-06-21 23:30:08,408 - main - INFO - Timestamp: 20260621_233008
2026-06-21 23:30:08,919 - main - INFO - Included router: routers.aihub.router
2026-06-21 23:30:08,929 - main - INFO - Included router: routers.auth.router
2026-06-21 23:30:08,944 - main - INFO - Included router: routers.disease_drug_mappings.router
2026-06-21 23:30:08,965 - main - INFO - Included router: routers.diseases.router
2026-06-21 23:30:08,989 - main - INFO - Included router: routers.drugs.router
2026-06-21 23:30:08,990 - main - INFO - Included router: routers.health.router
2026-06-21 23:30:08,996 - main - INFO - Included router: routers.openfda.router
2026-06-21 23:30:09,003 - main - INFO - Included router: routers.predict.router
2026-06-21 23:30:09,020 - main - INFO - Included router: routers.prediction_histories.router
2026-06-21 23:30:09,029 - main - INFO - Included router: routers.settings.router
2026-06-21 23:30:09,044 - main - INFO - Included router: routers.storage.router
2026-06-21 23:30:09,048 - main - INFO - Included router: routers.user.router
2026-06-21 23:30:09,055 - main - INFO - Included router: routers.user_saved_drugs.router
2026-06-21 23:30:09,058 - asyncio - DEBUG - Using proactor: IocpProactor
2026-06-21 23:30:09,086 - main - INFO - === Application startup initiated ===
2026-06-21 23:30:09,086 - services.database - DEBUG - [DB_OP] Starting database initialization
2026-06-21 23:30:09,086 - services.database - INFO - Starting database initialization...
2026-06-21 23:30:09,086 - core.database - INFO - Starting database initialization...
2026-06-21 23:30:09,087 - core.config - DEBUG - Read dynamic attribute database_url from environment variable DATABASE_URL
2026-06-21 23:30:09,087 - core.database - INFO - Creating database engine: mssql+pymssql://sa:123456@localhost:1433/medipredict
2026-06-21 23:30:09,410 - core.database - INFO - Database engine and session maker created successfully
2026-06-21 23:30:09,410 - services.database - INFO - Database connection initialized, now creating tables if tables not exist...
2026-06-21 23:30:09,410 - core.database - DEBUG - [DB_OP] Starting create_tables
2026-06-21 23:30:09,410 - core.database - INFO - Starting table creation...
2026-06-21 23:30:09,537 - core.database - INFO - Tables initialized successfully
2026-06-21 23:30:09,537 - core.database - DEBUG - [DB_OP] Create tables completed in 0.1263s
2026-06-21 23:30:09,537 - services.database - INFO - Table creation completed
2026-06-21 23:30:09,537 - services.database - INFO - Database initialized successfully
2026-06-21 23:30:09,537 - services.database - DEBUG - [DB_OP] Database initialization completed in 0.4504s
2026-06-21 23:30:09,537 - services.mock_data - INFO - Processing mock data file disease_drug_mappings.json for table disease_drug_mappings
2026-06-21 23:30:11,115 - services.mock_data - INFO - Table disease_drug_mappings already has 12 rows; skipping mock insert
2026-06-21 23:30:11,117 - services.mock_data - INFO - Processing mock data file diseases.json for table diseases
2026-06-21 23:30:12,477 - services.mock_data - INFO - Table diseases already has 6 rows; skipping mock insert
2026-06-21 23:30:12,478 - services.mock_data - INFO - Processing mock data file drugs.json for table drugs
