2026-06-22 02:34:21,289 - main - INFO - === Logging system initialized ===
2026-06-22 02:34:21,290 - main - INFO - Log file: logs/app_20260622_023421.log
2026-06-22 02:34:21,290 - main - INFO - Log level: INFO
2026-06-22 02:34:21,290 - main - INFO - Timestamp: 20260622_023421
2026-06-22 02:34:21,800 - main - INFO - Included router: routers.aihub.router
2026-06-22 02:34:21,807 - main - INFO - Included router: routers.auth.router
2026-06-22 02:34:21,823 - main - INFO - Included router: routers.disease_drug_mappings.router
2026-06-22 02:34:21,838 - main - INFO - Included router: routers.diseases.router
2026-06-22 02:34:21,861 - main - INFO - Included router: routers.drugs.router
2026-06-22 02:34:21,862 - main - INFO - Included router: routers.health.router
2026-06-22 02:34:21,867 - main - INFO - Included router: routers.openfda.router
2026-06-22 02:34:21,872 - main - INFO - Included router: routers.predict.router
2026-06-22 02:34:21,889 - main - INFO - Included router: routers.prediction_histories.router
2026-06-22 02:34:21,898 - main - INFO - Included router: routers.settings.router
2026-06-22 02:34:21,912 - main - INFO - Included router: routers.storage.router
2026-06-22 02:34:21,915 - main - INFO - Included router: routers.user.router
2026-06-22 02:34:21,920 - main - INFO - Included router: routers.user_saved_drugs.router
2026-06-22 02:34:21,921 - main - INFO - === Application startup initiated ===
2026-06-22 02:34:21,922 - services.database - DEBUG - [DB_OP] Starting database initialization
2026-06-22 02:34:21,922 - services.database - INFO - Starting database initialization...
2026-06-22 02:34:21,922 - core.database - INFO - Starting database initialization...
2026-06-22 02:34:21,922 - core.config - DEBUG - Read dynamic attribute database_url from environment variable DATABASE_URL
2026-06-22 02:34:21,923 - core.database - INFO - Creating database engine: mssql+pymssql://sa:123456@localhost:1433/medipredict
2026-06-22 02:34:22,019 - core.database - INFO - Database 'medipredict' not found, attempting to create it...
2026-06-22 02:34:22,497 - core.database - INFO - Created database `medipredict`
2026-06-22 02:34:22,643 - core.database - INFO - Database engine and session maker created successfully
2026-06-22 02:34:22,643 - services.database - INFO - Database connection initialized, now creating tables if tables not exist...
2026-06-22 02:34:22,643 - core.database - DEBUG - [DB_OP] Starting create_tables
2026-06-22 02:34:22,644 - core.database - INFO - Starting table creation...
2026-06-22 02:34:22,802 - core.database - INFO - Tables initialized successfully
2026-06-22 02:34:22,802 - core.database - DEBUG - [DB_OP] Create tables completed in 0.1587s
2026-06-22 02:34:22,802 - services.database - INFO - Table creation completed
2026-06-22 02:34:22,802 - services.database - INFO - Database initialized successfully
2026-06-22 02:34:22,802 - services.database - DEBUG - [DB_OP] Database initialization completed in 0.8800s
2026-06-22 02:34:22,803 - services.mock_data - INFO - Processing mock data file disease_drug_mappings.json for table disease_drug_mappings
2026-06-22 02:34:24,672 - services.mock_data - INFO - Inserted 648 mock records into disease_drug_mappings
2026-06-22 02:34:24,675 - services.mock_data - INFO - Processing mock data file diseases.json for table diseases
2026-06-22 02:34:26,187 - services.mock_data - ERROR - Invalid JSON in diseases.json: Unexpected UTF-8 BOM (decode using utf-8-sig): line 1 column 1 (char 0)
2026-06-22 02:34:26,189 - services.mock_data - INFO - Processing mock data file drugs.json for table drugs
2026-06-22 02:34:27,771 - services.mock_data - INFO - Inserted 224 mock records into drugs
2026-06-22 02:34:27,772 - services.database - DEBUG - [DB_OP] Starting database initialization
2026-06-22 02:34:27,772 - services.database - INFO - Starting database initialization...
2026-06-22 02:34:27,774 - core.database - INFO - Starting database initialization...
2026-06-22 02:34:27,774 - core.database - INFO - Database already initialized
2026-06-22 02:34:27,774 - services.database - INFO - Database connection initialized, now creating tables if tables not exist...
2026-06-22 02:34:27,774 - core.database - DEBUG - [DB_OP] Starting create_tables
2026-06-22 02:34:27,774 - core.database - INFO - Tables already initialized
2026-06-22 02:34:27,774 - services.database - INFO - Table creation completed
2026-06-22 02:34:27,774 - services.database - INFO - Database initialized successfully
2026-06-22 02:34:27,774 - services.database - DEBUG - [DB_OP] Database initialization completed in 0.0012s
2026-06-22 02:34:27,774 - core.config - DEBUG - Read dynamic attribute admin_user_id from environment variable ADMIN_USER_ID
2026-06-22 02:34:27,774 - core.config - DEBUG - Read dynamic attribute admin_user_email from environment variable ADMIN_USER_EMAIL
2026-06-22 02:34:27,780 - passlib.handlers.bcrypt - WARNING - (trapped) error reading bcrypt version
Traceback (most recent call last):
  File "C:\Users\ASA\AppData\Local\Programs\Python\Python311\Lib\site-packages\passlib\handlers\bcrypt.py", line 620, in _load_backend_mixin
    version = _bcrypt.__about__.__version__
              ^^^^^^^^^^^^^^^^^
AttributeError: module 'bcrypt' has no attribute '__about__'
2026-06-22 02:34:27,781 - passlib.handlers.bcrypt - DEBUG - detected 'bcrypt' backend, version '<unknown>'
2026-06-22 02:34:27,781 - passlib.handlers.bcrypt - DEBUG - 'bcrypt' backend lacks $2$ support, enabling workaround
2026-06-22 02:34:28,005 - services.auth - DEBUG - Created admin user: admin with email: admin@example.com
2026-06-22 02:34:28,005 - main - INFO - === Application startup completed successfully ===
2026-06-22 02:35:10,285 - routers.diseases - DEBUG - Querying diseasess: query=None, sort=None, skip=0, limit=1000, fields=None
2026-06-22 02:35:10,289 - core.config - DEBUG - Read dynamic attribute jwt_secret_key from environment variable JWT_SECRET_KEY
2026-06-22 02:35:10,291 - core.config - DEBUG - Read dynamic attribute jwt_algorithm from environment variable JWT_ALGORITHM
2026-06-22 02:35:10,293 - routers.diseases - DEBUG - Found 0 diseasess
2026-06-22 02:35:10,303 - core.auth - DEBUG - Authentication token validated for user hash: 90c3c8c2
2026-06-22 02:35:13,714 - core.auth - DEBUG - Authentication token validated for user hash: 90c3c8c2
2026-06-22 02:35:17,205 - routers.diseases - DEBUG - Querying diseasess: query=None, sort=None, skip=0, limit=1000, fields=None
2026-06-22 02:35:17,209 - routers.diseases - DEBUG - Found 0 diseasess
2026-06-22 02:35:20,014 - core.auth - DEBUG - Authentication token validated for user hash: 90c3c8c2
2026-06-22 02:35:20,020 - routers.drugs - DEBUG - Querying drugss: query=None, sort=None, skip=0, limit=1000, fields=None
2026-06-22 02:35:20,021 - routers.drugs - ERROR - Error querying drugss: 'DrugsService' object has no attribute 'get_list'
Traceback (most recent call last):
  File "C:\Users\ASA\Desktop\Team 8\CNPM\App\backend\routers\drugs.py", line 161, in query_drugss
    result = service.get_list(
             ^^^^^^^^^^^^^^^^
AttributeError: 'DrugsService' object has no attribute 'get_list'
2026-06-22 02:35:20,022 - core.database - ERROR - Database session error: 500: Internal server error: 'DrugsService' object has no attribute 'get_list'
Traceback (most recent call last):
  File "C:\Users\ASA\Desktop\Team 8\CNPM\App\backend\routers\drugs.py", line 161, in query_drugss
    result = service.get_list(
             ^^^^^^^^^^^^^^^^
AttributeError: 'DrugsService' object has no attribute 'get_list'

During handling of the above exception, another exception occurred:

Traceback (most recent call last):
  File "C:\Users\ASA\Desktop\Team 8\CNPM\App\backend\core\database.py", line 270, in get_db
    yield session
  File "C:\Users\ASA\AppData\Local\Programs\Python\Python311\Lib\site-packages\fastapi\concurrency.py", line 29, in contextmanager_in_threadpool
    yield await run_in_threadpool(cm.__enter__)
  File "C:\Users\ASA\AppData\Local\Programs\Python\Python311\Lib\site-packages\fastapi\routing.py", line 136, in app
    response = await f(request)
               ^^^^^^^^^^^^^^^^
  File "C:\Users\ASA\AppData\Local\Programs\Python\Python311\Lib\site-packages\fastapi\routing.py", line 690, in app
    raw_response = await run_endpoint_function(
                   ^^^^^^^^^^^^^^^^^^^^^^^^^^^^
  File "C:\Users\ASA\AppData\Local\Programs\Python\Python311\Lib\site-packages\fastapi\routing.py", line 346, in run_endpoint_function
    return await run_in_threadpool(dependant.call, **values)
           ^^^^^^^^^^^^^^^^^^^^^^^^^^^^^^^^^^^^^^^^^^^^^^^^^
  File "C:\Users\ASA\AppData\Local\Programs\Python\Python311\Lib\site-packages\starlette\concurrency.py", line 34, in run_in_threadpool
    return await anyio.to_thread.run_sync(func)
           ^^^^^^^^^^^^^^^^^^^^^^^^^^^^^^^^^^^^
  File "C:\Users\ASA\AppData\Local\Programs\Python\Python311\Lib\site-packages\anyio\to_thread.py", line 63, in run_sync
    return await get_async_backend().run_sync_in_worker_thread(
           ^^^^^^^^^^^^^^^^^^^^^^^^^^^^^^^^^^^^^^^^^^^^^^^^^^^^
  File "C:\Users\ASA\AppData\Local\Programs\Python\Python311\Lib\site-packages\anyio\_backends\_asyncio.py", line 2592, in run_sync_in_worker_thread
    return await future
           ^^^^^^^^^^^^
  File "C:\Users\ASA\AppData\Local\Programs\Python\Python311\Lib\site-packages\anyio\_backends\_asyncio.py", line 1029, in run
    result = context.run(func, *args)
             ^^^^^^^^^^^^^^^^^^^^^^^^
  File "C:\Users\ASA\Desktop\Team 8\CNPM\App\backend\routers\drugs.py", line 173, in query_drugss
    raise HTTPException(status_code=500, detail=f"Internal server error: {str(e)}")
fastapi.exceptions.HTTPException: 500: Internal server error: 'DrugsService' object has no attribute 'get_list'
2026-06-22 02:35:23,814 - core.auth - DEBUG - Authentication token validated for user hash: 90c3c8c2
2026-06-22 02:35:23,820 - core.auth - DEBUG - Authentication token validated for user hash: 90c3c8c2
2026-06-22 02:35:23,823 - routers.drugs - DEBUG - Querying drugss: query=None, sort=None, skip=0, limit=1000, fields=None
2026-06-22 02:35:23,823 - routers.drugs - ERROR - Error querying drugss: 'DrugsService' object has no attribute 'get_list'
Traceback (most recent call last):
  File "C:\Users\ASA\Desktop\Team 8\CNPM\App\backend\routers\drugs.py", line 161, in query_drugss
    result = service.get_list(
             ^^^^^^^^^^^^^^^^
AttributeError: 'DrugsService' object has no attribute 'get_list'
2026-06-22 02:35:23,826 - core.database - ERROR - Database session error: 500: Internal server error: 'DrugsService' object has no attribute 'get_list'
Traceback (most recent call last):
  File "C:\Users\ASA\Desktop\Team 8\CNPM\App\backend\routers\drugs.py", line 161, in query_drugss
    result = service.get_list(
             ^^^^^^^^^^^^^^^^
AttributeError: 'DrugsService' object has no attribute 'get_list'

During handling of the above exception, another exception occurred:

Traceback (most recent call last):
  File "C:\Users\ASA\Desktop\Team 8\CNPM\App\backend\core\database.py", line 270, in get_db
    yield session
  File "C:\Users\ASA\AppData\Local\Programs\Python\Python311\Lib\site-packages\fastapi\concurrency.py", line 29, in contextmanager_in_threadpool
    yield await run_in_threadpool(cm.__enter__)
  File "C:\Users\ASA\AppData\Local\Programs\Python\Python311\Lib\site-packages\fastapi\routing.py", line 136, in app
    response = await f(request)
               ^^^^^^^^^^^^^^^^
  File "C:\Users\ASA\AppData\Local\Programs\Python\Python311\Lib\site-packages\fastapi\routing.py", line 690, in app
    raw_response = await run_endpoint_function(
                   ^^^^^^^^^^^^^^^^^^^^^^^^^^^^
  File "C:\Users\ASA\AppData\Local\Programs\Python\Python311\Lib\site-packages\fastapi\routing.py", line 346, in run_endpoint_function
    return await run_in_threadpool(dependant.call, **values)
           ^^^^^^^^^^^^^^^^^^^^^^^^^^^^^^^^^^^^^^^^^^^^^^^^^
  File "C:\Users\ASA\AppData\Local\Programs\Python\Python311\Lib\site-packages\starlette\concurrency.py", line 34, in run_in_threadpool
    return await anyio.to_thread.run_sync(func)
           ^^^^^^^^^^^^^^^^^^^^^^^^^^^^^^^^^^^^
  File "C:\Users\ASA\AppData\Local\Programs\Python\Python311\Lib\site-packages\anyio\to_thread.py", line 63, in run_sync
    return await get_async_backend().run_sync_in_worker_thread(
           ^^^^^^^^^^^^^^^^^^^^^^^^^^^^^^^^^^^^^^^^^^^^^^^^^^^^
  File "C:\Users\ASA\AppData\Local\Programs\Python\Python311\Lib\site-packages\anyio\_backends\_asyncio.py", line 2592, in run_sync_in_worker_thread
    return await future
           ^^^^^^^^^^^^
  File "C:\Users\ASA\AppData\Local\Programs\Python\Python311\Lib\site-packages\anyio\_backends\_asyncio.py", line 1029, in run
    result = context.run(func, *args)
             ^^^^^^^^^^^^^^^^^^^^^^^^
  File "C:\Users\ASA\Desktop\Team 8\CNPM\App\backend\routers\drugs.py", line 173, in query_drugss
    raise HTTPException(status_code=500, detail=f"Internal server error: {str(e)}")
fastapi.exceptions.HTTPException: 500: Internal server error: 'DrugsService' object has no attribute 'get_list'
2026-06-22 02:35:27,060 - routers.diseases - DEBUG - Querying diseasess: query=None, sort=None, skip=0, limit=1000, fields=None
2026-06-22 02:35:27,072 - routers.diseases - DEBUG - Found 0 diseasess
2026-06-22 02:35:29,839 - core.auth - DEBUG - Authentication token validated for user hash: 90c3c8c2
2026-06-22 02:35:29,841 - routers.drugs - DEBUG - Querying drugss: query=None, sort=None, skip=0, limit=1000, fields=None
2026-06-22 02:35:29,842 - routers.drugs - ERROR - Error querying drugss: 'DrugsService' object has no attribute 'get_list'
Traceback (most recent call last):
  File "C:\Users\ASA\Desktop\Team 8\CNPM\App\backend\routers\drugs.py", line 161, in query_drugss
    result = service.get_list(
             ^^^^^^^^^^^^^^^^
AttributeError: 'DrugsService' object has no attribute 'get_list'
2026-06-22 02:35:29,842 - core.database - ERROR - Database session error: 500: Internal server error: 'DrugsService' object has no attribute 'get_list'
Traceback (most recent call last):
  File "C:\Users\ASA\Desktop\Team 8\CNPM\App\backend\routers\drugs.py", line 161, in query_drugss
    result = service.get_list(
             ^^^^^^^^^^^^^^^^
AttributeError: 'DrugsService' object has no attribute 'get_list'

During handling of the above exception, another exception occurred:

Traceback (most recent call last):
  File "C:\Users\ASA\Desktop\Team 8\CNPM\App\backend\core\database.py", line 270, in get_db
    yield session
  File "C:\Users\ASA\AppData\Local\Programs\Python\Python311\Lib\site-packages\fastapi\concurrency.py", line 29, in contextmanager_in_threadpool
    yield await run_in_threadpool(cm.__enter__)
  File "C:\Users\ASA\AppData\Local\Programs\Python\Python311\Lib\site-packages\fastapi\routing.py", line 136, in app
    response = await f(request)
               ^^^^^^^^^^^^^^^^
  File "C:\Users\ASA\AppData\Local\Programs\Python\Python311\Lib\site-packages\fastapi\routing.py", line 690, in app
    raw_response = await run_endpoint_function(
                   ^^^^^^^^^^^^^^^^^^^^^^^^^^^^
  File "C:\Users\ASA\AppData\Local\Programs\Python\Python311\Lib\site-packages\fastapi\routing.py", line 346, in run_endpoint_function
    return await run_in_threadpool(dependant.call, **values)
           ^^^^^^^^^^^^^^^^^^^^^^^^^^^^^^^^^^^^^^^^^^^^^^^^^
  File "C:\Users\ASA\AppData\Local\Programs\Python\Python311\Lib\site-packages\starlette\concurrency.py", line 34, in run_in_threadpool
    return await anyio.to_thread.run_sync(func)
           ^^^^^^^^^^^^^^^^^^^^^^^^^^^^^^^^^^^^
  File "C:\Users\ASA\AppData\Local\Programs\Python\Python311\Lib\site-packages\anyio\to_thread.py", line 63, in run_sync
    return await get_async_backend().run_sync_in_worker_thread(
           ^^^^^^^^^^^^^^^^^^^^^^^^^^^^^^^^^^^^^^^^^^^^^^^^^^^^
  File "C:\Users\ASA\AppData\Local\Programs\Python\Python311\Lib\site-packages\anyio\_backends\_asyncio.py", line 2592, in run_sync_in_worker_thread
    return await future
           ^^^^^^^^^^^^
  File "C:\Users\ASA\AppData\Local\Programs\Python\Python311\Lib\site-packages\anyio\_backends\_asyncio.py", line 1029, in run
    result = context.run(func, *args)
             ^^^^^^^^^^^^^^^^^^^^^^^^
  File "C:\Users\ASA\Desktop\Team 8\CNPM\App\backend\routers\drugs.py", line 173, in query_drugss
    raise HTTPException(status_code=500, detail=f"Internal server error: {str(e)}")
fastapi.exceptions.HTTPException: 500: Internal server error: 'DrugsService' object has no attribute 'get_list'
2026-06-22 02:35:33,670 - routers.diseases - DEBUG - Querying diseasess: query=None, sort=None, skip=0, limit=1000, fields=None
2026-06-22 02:35:33,677 - routers.diseases - DEBUG - Found 0 diseasess
2026-06-22 02:35:36,639 - core.auth - DEBUG - Authentication token validated for user hash: 90c3c8c2
2026-06-22 02:35:36,643 - routers.drugs - DEBUG - Querying drugss: query=None, sort=None, skip=0, limit=1000, fields=None
2026-06-22 02:35:36,644 - routers.drugs - ERROR - Error querying drugss: 'DrugsService' object has no attribute 'get_list'
Traceback (most recent call last):
  File "C:\Users\ASA\Desktop\Team 8\CNPM\App\backend\routers\drugs.py", line 161, in query_drugss
    result = service.get_list(
             ^^^^^^^^^^^^^^^^
AttributeError: 'DrugsService' object has no attribute 'get_list'
2026-06-22 02:35:36,645 - core.database - ERROR - Database session error: 500: Internal server error: 'DrugsService' object has no attribute 'get_list'
Traceback (most recent call last):
  File "C:\Users\ASA\Desktop\Team 8\CNPM\App\backend\routers\drugs.py", line 161, in query_drugss
    result = service.get_list(
             ^^^^^^^^^^^^^^^^
AttributeError: 'DrugsService' object has no attribute 'get_list'

During handling of the above exception, another exception occurred:

Traceback (most recent call last):
  File "C:\Users\ASA\Desktop\Team 8\CNPM\App\backend\core\database.py", line 270, in get_db
    yield session
  File "C:\Users\ASA\AppData\Local\Programs\Python\Python311\Lib\site-packages\fastapi\concurrency.py", line 29, in contextmanager_in_threadpool
    yield await run_in_threadpool(cm.__enter__)
  File "C:\Users\ASA\AppData\Local\Programs\Python\Python311\Lib\site-packages\fastapi\routing.py", line 136, in app
    response = await f(request)
               ^^^^^^^^^^^^^^^^
  File "C:\Users\ASA\AppData\Local\Programs\Python\Python311\Lib\site-packages\fastapi\routing.py", line 690, in app
    raw_response = await run_endpoint_function(
                   ^^^^^^^^^^^^^^^^^^^^^^^^^^^^
  File "C:\Users\ASA\AppData\Local\Programs\Python\Python311\Lib\site-packages\fastapi\routing.py", line 346, in run_endpoint_function
    return await run_in_threadpool(dependant.call, **values)
           ^^^^^^^^^^^^^^^^^^^^^^^^^^^^^^^^^^^^^^^^^^^^^^^^^
  File "C:\Users\ASA\AppData\Local\Programs\Python\Python311\Lib\site-packages\starlette\concurrency.py", line 34, in run_in_threadpool
    return await anyio.to_thread.run_sync(func)
           ^^^^^^^^^^^^^^^^^^^^^^^^^^^^^^^^^^^^
  File "C:\Users\ASA\AppData\Local\Programs\Python\Python311\Lib\site-packages\anyio\to_thread.py", line 63, in run_sync
    return await get_async_backend().run_sync_in_worker_thread(
           ^^^^^^^^^^^^^^^^^^^^^^^^^^^^^^^^^^^^^^^^^^^^^^^^^^^^
  File "C:\Users\ASA\AppData\Local\Programs\Python\Python311\Lib\site-packages\anyio\_backends\_asyncio.py", line 2592, in run_sync_in_worker_thread
    return await future
           ^^^^^^^^^^^^
  File "C:\Users\ASA\AppData\Local\Programs\Python\Python311\Lib\site-packages\anyio\_backends\_asyncio.py", line 1029, in run
    result = context.run(func, *args)
             ^^^^^^^^^^^^^^^^^^^^^^^^
  File "C:\Users\ASA\Desktop\Team 8\CNPM\App\backend\routers\drugs.py", line 173, in query_drugss
    raise HTTPException(status_code=500, detail=f"Internal server error: {str(e)}")
fastapi.exceptions.HTTPException: 500: Internal server error: 'DrugsService' object has no attribute 'get_list'
2026-06-22 02:35:37,626 - routers.diseases - DEBUG - Querying diseasess: query=None, sort=None, skip=0, limit=1000, fields=None
2026-06-22 02:35:37,630 - routers.diseases - DEBUG - Found 0 diseasess
2026-06-22 02:35:44,841 - core.database - ERROR - Database session error: 401: Invalid email or password
Traceback (most recent call last):
  File "C:\Users\ASA\Desktop\Team 8\CNPM\App\backend\core\database.py", line 270, in get_db
    yield session
  File "C:\Users\ASA\AppData\Local\Programs\Python\Python311\Lib\site-packages\fastapi\concurrency.py", line 29, in contextmanager_in_threadpool
    yield await run_in_threadpool(cm.__enter__)
  File "C:\Users\ASA\AppData\Local\Programs\Python\Python311\Lib\site-packages\fastapi\routing.py", line 136, in app
    response = await f(request)
               ^^^^^^^^^^^^^^^^
  File "C:\Users\ASA\AppData\Local\Programs\Python\Python311\Lib\site-packages\fastapi\routing.py", line 690, in app
    raw_response = await run_endpoint_function(
                   ^^^^^^^^^^^^^^^^^^^^^^^^^^^^
  File "C:\Users\ASA\AppData\Local\Programs\Python\Python311\Lib\site-packages\fastapi\routing.py", line 346, in run_endpoint_function
    return await run_in_threadpool(dependant.call, **values)
           ^^^^^^^^^^^^^^^^^^^^^^^^^^^^^^^^^^^^^^^^^^^^^^^^^
  File "C:\Users\ASA\AppData\Local\Programs\Python\Python311\Lib\site-packages\starlette\concurrency.py", line 34, in run_in_threadpool
    return await anyio.to_thread.run_sync(func)
           ^^^^^^^^^^^^^^^^^^^^^^^^^^^^^^^^^^^^
  File "C:\Users\ASA\AppData\Local\Programs\Python\Python311\Lib\site-packages\anyio\to_thread.py", line 63, in run_sync
    return await get_async_backend().run_sync_in_worker_thread(
           ^^^^^^^^^^^^^^^^^^^^^^^^^^^^^^^^^^^^^^^^^^^^^^^^^^^^
  File "C:\Users\ASA\AppData\Local\Programs\Python\Python311\Lib\site-packages\anyio\_backends\_asyncio.py", line 2592, in run_sync_in_worker_thread
    return await future
           ^^^^^^^^^^^^
  File "C:\Users\ASA\AppData\Local\Programs\Python\Python311\Lib\site-packages\anyio\_backends\_asyncio.py", line 1029, in run
    result = context.run(func, *args)
             ^^^^^^^^^^^^^^^^^^^^^^^^
  File "C:\Users\ASA\Desktop\Team 8\CNPM\App\backend\routers\auth.py", line 41, in login
    raise HTTPException(status_code=status.HTTP_401_UNAUTHORIZED, detail="Invalid email or password")
fastapi.exceptions.HTTPException: 401: Invalid email or password
2026-06-22 02:36:16,328 - routers.diseases - DEBUG - Querying diseasess: query=None, sort=None, skip=0, limit=1000, fields=None
2026-06-22 02:36:16,331 - routers.diseases - DEBUG - Found 0 diseasess
2026-06-22 02:36:25,031 - core.config - DEBUG - Read dynamic attribute jwt_expire_minutes from environment variable JWT_EXPIRE_MINUTES
2026-06-22 02:36:25,032 - core.auth - DEBUG - Authentication token created for user hash: 19086cc0
2026-06-22 02:36:25,055 - routers.diseases - DEBUG - Querying diseasess: query=None, sort=None, skip=0, limit=1000, fields=None
2026-06-22 02:36:25,060 - routers.diseases - DEBUG - Found 0 diseasess
2026-06-22 02:36:26,462 - core.auth - DEBUG - Authentication token validated for user hash: 19086cc0
2026-06-22 02:36:26,466 - routers.drugs - DEBUG - Querying drugss: query=None, sort=None, skip=0, limit=1000, fields=None
2026-06-22 02:36:26,466 - routers.drugs - ERROR - Error querying drugss: 'DrugsService' object has no attribute 'get_list'
Traceback (most recent call last):
  File "C:\Users\ASA\Desktop\Team 8\CNPM\App\backend\routers\drugs.py", line 161, in query_drugss
    result = service.get_list(
             ^^^^^^^^^^^^^^^^
AttributeError: 'DrugsService' object has no attribute 'get_list'
2026-06-22 02:36:26,467 - core.database - ERROR - Database session error: 500: Internal server error: 'DrugsService' object has no attribute 'get_list'
Traceback (most recent call last):
  File "C:\Users\ASA\Desktop\Team 8\CNPM\App\backend\routers\drugs.py", line 161, in query_drugss
    result = service.get_list(
             ^^^^^^^^^^^^^^^^
AttributeError: 'DrugsService' object has no attribute 'get_list'

During handling of the above exception, another exception occurred:

Traceback (most recent call last):
  File "C:\Users\ASA\Desktop\Team 8\CNPM\App\backend\core\database.py", line 270, in get_db
    yield session
  File "C:\Users\ASA\AppData\Local\Programs\Python\Python311\Lib\site-packages\fastapi\concurrency.py", line 29, in contextmanager_in_threadpool
    yield await run_in_threadpool(cm.__enter__)
  File "C:\Users\ASA\AppData\Local\Programs\Python\Python311\Lib\site-packages\fastapi\routing.py", line 136, in app
    response = await f(request)
               ^^^^^^^^^^^^^^^^
  File "C:\Users\ASA\AppData\Local\Programs\Python\Python311\Lib\site-packages\fastapi\routing.py", line 690, in app
    raw_response = await run_endpoint_function(
                   ^^^^^^^^^^^^^^^^^^^^^^^^^^^^
  File "C:\Users\ASA\AppData\Local\Programs\Python\Python311\Lib\site-packages\fastapi\routing.py", line 346, in run_endpoint_function
    return await run_in_threadpool(dependant.call, **values)
           ^^^^^^^^^^^^^^^^^^^^^^^^^^^^^^^^^^^^^^^^^^^^^^^^^
  File "C:\Users\ASA\AppData\Local\Programs\Python\Python311\Lib\site-packages\starlette\concurrency.py", line 34, in run_in_threadpool
    return await anyio.to_thread.run_sync(func)
           ^^^^^^^^^^^^^^^^^^^^^^^^^^^^^^^^^^^^
  File "C:\Users\ASA\AppData\Local\Programs\Python\Python311\Lib\site-packages\anyio\to_thread.py", line 63, in run_sync
    return await get_async_backend().run_sync_in_worker_thread(
           ^^^^^^^^^^^^^^^^^^^^^^^^^^^^^^^^^^^^^^^^^^^^^^^^^^^^
  File "C:\Users\ASA\AppData\Local\Programs\Python\Python311\Lib\site-packages\anyio\_backends\_asyncio.py", line 2592, in run_sync_in_worker_thread
    return await future
           ^^^^^^^^^^^^
  File "C:\Users\ASA\AppData\Local\Programs\Python\Python311\Lib\site-packages\anyio\_backends\_asyncio.py", line 1029, in run
    result = context.run(func, *args)
             ^^^^^^^^^^^^^^^^^^^^^^^^
  File "C:\Users\ASA\Desktop\Team 8\CNPM\App\backend\routers\drugs.py", line 173, in query_drugss
    raise HTTPException(status_code=500, detail=f"Internal server error: {str(e)}")
fastapi.exceptions.HTTPException: 500: Internal server error: 'DrugsService' object has no attribute 'get_list'
2026-06-22 02:36:39,310 - routers.predict - INFO - Prediction request: symptoms=1, disease_name=None
2026-06-22 02:36:39,323 - core.database - ERROR - Database session error: 404: No diseases found in database
Traceback (most recent call last):
  File "C:\Users\ASA\Desktop\Team 8\CNPM\App\backend\core\database.py", line 270, in get_db
    yield session
  File "C:\Users\ASA\AppData\Local\Programs\Python\Python311\Lib\site-packages\fastapi\concurrency.py", line 29, in contextmanager_in_threadpool
    yield await run_in_threadpool(cm.__enter__)
  File "C:\Users\ASA\AppData\Local\Programs\Python\Python311\Lib\site-packages\fastapi\routing.py", line 136, in app
    response = await f(request)
               ^^^^^^^^^^^^^^^^
  File "C:\Users\ASA\AppData\Local\Programs\Python\Python311\Lib\site-packages\fastapi\routing.py", line 690, in app
    raw_response = await run_endpoint_function(
                   ^^^^^^^^^^^^^^^^^^^^^^^^^^^^
  File "C:\Users\ASA\AppData\Local\Programs\Python\Python311\Lib\site-packages\fastapi\routing.py", line 344, in run_endpoint_function
    return await dependant.call(**values)
           ^^^^^^^^^^^^^^^^^^^^^^^^^^^^^^
  File "C:\Users\ASA\Desktop\Team 8\CNPM\App\backend\routers\predict.py", line 57, in predict_disease
    raise HTTPException(status_code=404, detail="No diseases found in database")
fastapi.exceptions.HTTPException: 404: No diseases found in database
2026-06-22 02:36:41,869 - core.auth - DEBUG - Authentication token validated for user hash: 19086cc0
2026-06-22 02:36:41,874 - routers.drugs - DEBUG - Querying drugss: query=None, sort=None, skip=0, limit=1000, fields=None
2026-06-22 02:36:41,874 - routers.drugs - ERROR - Error querying drugss: 'DrugsService' object has no attribute 'get_list'
Traceback (most recent call last):
  File "C:\Users\ASA\Desktop\Team 8\CNPM\App\backend\routers\drugs.py", line 161, in query_drugss
    result = service.get_list(
             ^^^^^^^^^^^^^^^^
AttributeError: 'DrugsService' object has no attribute 'get_list'
2026-06-22 02:36:41,875 - core.database - ERROR - Database session error: 500: Internal server error: 'DrugsService' object has no attribute 'get_list'
Traceback (most recent call last):
  File "C:\Users\ASA\Desktop\Team 8\CNPM\App\backend\routers\drugs.py", line 161, in query_drugss
    result = service.get_list(
             ^^^^^^^^^^^^^^^^
AttributeError: 'DrugsService' object has no attribute 'get_list'

During handling of the above exception, another exception occurred:

Traceback (most recent call last):
  File "C:\Users\ASA\Desktop\Team 8\CNPM\App\backend\core\database.py", line 270, in get_db
    yield session
  File "C:\Users\ASA\AppData\Local\Programs\Python\Python311\Lib\site-packages\fastapi\concurrency.py", line 29, in contextmanager_in_threadpool
    yield await run_in_threadpool(cm.__enter__)
  File "C:\Users\ASA\AppData\Local\Programs\Python\Python311\Lib\site-packages\fastapi\routing.py", line 136, in app
    response = await f(request)
               ^^^^^^^^^^^^^^^^
  File "C:\Users\ASA\AppData\Local\Programs\Python\Python311\Lib\site-packages\fastapi\routing.py", line 690, in app
    raw_response = await run_endpoint_function(
                   ^^^^^^^^^^^^^^^^^^^^^^^^^^^^
  File "C:\Users\ASA\AppData\Local\Programs\Python\Python311\Lib\site-packages\fastapi\routing.py", line 346, in run_endpoint_function
    return await run_in_threadpool(dependant.call, **values)
           ^^^^^^^^^^^^^^^^^^^^^^^^^^^^^^^^^^^^^^^^^^^^^^^^^
  File "C:\Users\ASA\AppData\Local\Programs\Python\Python311\Lib\site-packages\starlette\concurrency.py", line 34, in run_in_threadpool
    return await anyio.to_thread.run_sync(func)
           ^^^^^^^^^^^^^^^^^^^^^^^^^^^^^^^^^^^^
  File "C:\Users\ASA\AppData\Local\Programs\Python\Python311\Lib\site-packages\anyio\to_thread.py", line 63, in run_sync
    return await get_async_backend().run_sync_in_worker_thread(
           ^^^^^^^^^^^^^^^^^^^^^^^^^^^^^^^^^^^^^^^^^^^^^^^^^^^^
  File "C:\Users\ASA\AppData\Local\Programs\Python\Python311\Lib\site-packages\anyio\_backends\_asyncio.py", line 2592, in run_sync_in_worker_thread
    return await future
           ^^^^^^^^^^^^
  File "C:\Users\ASA\AppData\Local\Programs\Python\Python311\Lib\site-packages\anyio\_backends\_asyncio.py", line 1029, in run
    result = context.run(func, *args)
             ^^^^^^^^^^^^^^^^^^^^^^^^
  File "C:\Users\ASA\Desktop\Team 8\CNPM\App\backend\routers\drugs.py", line 173, in query_drugss
    raise HTTPException(status_code=500, detail=f"Internal server error: {str(e)}")
fastapi.exceptions.HTTPException: 500: Internal server error: 'DrugsService' object has no attribute 'get_list'
2026-06-22 02:36:42,622 - routers.diseases - DEBUG - Querying diseasess: query=None, sort=None, skip=0, limit=1000, fields=None
2026-06-22 02:36:42,625 - routers.diseases - DEBUG - Found 0 diseasess
