2026-06-21 16:18:47,670 - main - INFO - === Logging system initialized ===
2026-06-21 16:18:47,670 - main - INFO - Log file: logs/app_20260621_161847.log
2026-06-21 16:18:47,670 - main - INFO - Log level: INFO
2026-06-21 16:18:47,670 - main - INFO - Timestamp: 20260621_161847
2026-06-21 16:18:48,253 - main - INFO - Included router: routers.aihub.router
2026-06-21 16:18:48,267 - main - INFO - Included router: routers.auth.router
2026-06-21 16:18:48,289 - main - INFO - Included router: routers.disease_drug_mappings.router
2026-06-21 16:18:48,310 - main - INFO - Included router: routers.diseases.router
2026-06-21 16:18:48,331 - main - INFO - Included router: routers.drugs.router
2026-06-21 16:18:48,332 - main - INFO - Included router: routers.health.router
2026-06-21 16:18:48,339 - main - INFO - Included router: routers.predict.router
2026-06-21 16:18:48,359 - main - INFO - Included router: routers.prediction_histories.router
2026-06-21 16:18:48,367 - main - INFO - Included router: routers.settings.router
2026-06-21 16:18:48,383 - main - INFO - Included router: routers.storage.router
2026-06-21 16:18:48,387 - main - INFO - Included router: routers.user.router
2026-06-21 16:18:48,389 - asyncio - DEBUG - Using proactor: IocpProactor
2026-06-21 16:18:48,422 - main - INFO - === Application startup initiated ===
2026-06-21 16:18:48,422 - services.database - DEBUG - [DB_OP] Starting database initialization
2026-06-21 16:18:48,422 - services.database - INFO - Starting database initialization...
2026-06-21 16:18:48,422 - core.database - INFO - Starting database initialization...
2026-06-21 16:18:48,422 - core.config - DEBUG - Read dynamic attribute database_url from environment variable DATABASE_URL
2026-06-21 16:18:48,423 - core.database - INFO - Creating database engine: mssql+pymssql://sa:123456@localhost:1433/medipredict
2026-06-21 16:18:48,515 - core.database - INFO - Database 'medipredict' not found, attempting to create it...
2026-06-21 16:18:48,714 - core.database - INFO - Created database `medipredict`
2026-06-21 16:18:48,837 - core.database - INFO - Database engine and session maker created successfully
2026-06-21 16:18:48,837 - services.database - INFO - Database connection initialized, now creating tables if tables not exist...
2026-06-21 16:18:48,837 - core.database - DEBUG - [DB_OP] Starting create_tables
2026-06-21 16:18:48,837 - core.database - INFO - Starting table creation...
2026-06-21 16:18:48,982 - core.database - INFO - Tables initialized successfully
2026-06-21 16:18:48,983 - core.database - DEBUG - [DB_OP] Create tables completed in 0.1459s
2026-06-21 16:18:48,983 - services.database - INFO - Table creation completed
2026-06-21 16:18:48,983 - services.database - INFO - Database initialized successfully
2026-06-21 16:18:48,983 - services.database - DEBUG - [DB_OP] Database initialization completed in 0.5614s
2026-06-21 16:18:48,983 - services.mock_data - INFO - Processing mock data file disease_drug_mappings.json for table disease_drug_mappings
2026-06-21 16:18:50,354 - services.mock_data - INFO - Inserted 12 mock records into disease_drug_mappings
2026-06-21 16:18:50,357 - services.mock_data - INFO - Processing mock data file diseases.json for table diseases
2026-06-21 16:18:51,670 - services.mock_data - INFO - Inserted 6 mock records into diseases
2026-06-21 16:18:51,675 - services.mock_data - INFO - Processing mock data file drugs.json for table drugs
2026-06-21 16:18:52,933 - services.mock_data - INFO - Inserted 8 mock records into drugs
2026-06-21 16:18:52,939 - services.database - DEBUG - [DB_OP] Starting database initialization
2026-06-21 16:18:52,939 - services.database - INFO - Starting database initialization...
2026-06-21 16:18:52,939 - core.database - INFO - Starting database initialization...
2026-06-21 16:18:52,939 - core.database - INFO - Database already initialized
2026-06-21 16:18:52,939 - services.database - INFO - Database connection initialized, now creating tables if tables not exist...
2026-06-21 16:18:52,939 - core.database - DEBUG - [DB_OP] Starting create_tables
2026-06-21 16:18:52,939 - core.database - INFO - Tables already initialized
2026-06-21 16:18:52,939 - services.database - INFO - Table creation completed
2026-06-21 16:18:52,939 - services.database - INFO - Database initialized successfully
2026-06-21 16:18:52,939 - services.database - DEBUG - [DB_OP] Database initialization completed in 0.0000s
2026-06-21 16:18:52,939 - core.config - DEBUG - Read dynamic attribute admin_user_id from environment variable ADMIN_USER_ID
2026-06-21 16:18:52,939 - core.config - DEBUG - Read dynamic attribute admin_user_email from environment variable ADMIN_USER_EMAIL
2026-06-21 16:18:52,947 - passlib.handlers.bcrypt - WARNING - (trapped) error reading bcrypt version
Traceback (most recent call last):
  File "C:\Users\ASA\AppData\Local\Programs\Python\Python311\Lib\site-packages\passlib\handlers\bcrypt.py", line 620, in _load_backend_mixin
    version = _bcrypt.__about__.__version__
              ^^^^^^^^^^^^^^^^^
AttributeError: module 'bcrypt' has no attribute '__about__'
2026-06-21 16:18:52,947 - passlib.handlers.bcrypt - DEBUG - detected 'bcrypt' backend, version '<unknown>'
2026-06-21 16:18:52,947 - passlib.handlers.bcrypt - DEBUG - 'bcrypt' backend lacks $2$ support, enabling workaround
2026-06-21 16:18:53,182 - services.auth - DEBUG - Created admin user: admin with email: admin@example.com
2026-06-21 16:18:53,183 - main - INFO - === Application startup completed successfully ===
2026-06-21 16:18:59,187 - services.database - DEBUG - [DB_OP] Starting database health check
2026-06-21 16:18:59,189 - services.database - DEBUG - [DB_OP] Database health check completed in 0.0020s - healthy: True
