2026-06-21 23:52:25,332 - main - INFO - === Logging system initialized ===
2026-06-21 23:52:25,332 - main - INFO - Log file: logs/app_20260621_235225.log
2026-06-21 23:52:25,332 - main - INFO - Log level: INFO
2026-06-21 23:52:25,332 - main - INFO - Timestamp: 20260621_235225
2026-06-21 23:52:25,842 - main - INFO - Included router: routers.aihub.router
2026-06-21 23:52:25,853 - main - INFO - Included router: routers.auth.router
2026-06-21 23:52:25,867 - main - INFO - Included router: routers.disease_drug_mappings.router
2026-06-21 23:52:25,887 - main - INFO - Included router: routers.diseases.router
2026-06-21 23:52:25,914 - main - INFO - Included router: routers.drugs.router
2026-06-21 23:52:25,915 - main - INFO - Included router: routers.health.router
2026-06-21 23:52:25,920 - main - INFO - Included router: routers.openfda.router
2026-06-21 23:52:25,924 - main - INFO - Included router: routers.predict.router
2026-06-21 23:52:25,946 - main - INFO - Included router: routers.prediction_histories.router
2026-06-21 23:52:25,955 - main - INFO - Included router: routers.settings.router
2026-06-21 23:52:25,969 - main - INFO - Included router: routers.storage.router
2026-06-21 23:52:25,973 - main - INFO - Included router: routers.user.router
2026-06-21 23:52:25,981 - main - INFO - Included router: routers.user_saved_drugs.router
2026-06-21 23:52:25,984 - asyncio - DEBUG - Using proactor: IocpProactor
2026-06-21 23:52:26,013 - main - INFO - === Application startup initiated ===
2026-06-21 23:52:26,013 - services.database - DEBUG - [DB_OP] Starting database initialization
2026-06-21 23:52:26,013 - services.database - INFO - Starting database initialization...
2026-06-21 23:52:26,013 - core.database - INFO - Starting database initialization...
2026-06-21 23:52:26,013 - core.config - DEBUG - Read dynamic attribute database_url from environment variable DATABASE_URL
2026-06-21 23:52:26,013 - core.database - INFO - Creating database engine: mssql+pymssql://sa:123456@localhost:1433/medipredict
2026-06-21 23:52:26,294 - core.database - INFO - Database engine and session maker created successfully
2026-06-21 23:52:26,294 - services.database - INFO - Database connection initialized, now creating tables if tables not exist...
2026-06-21 23:52:26,294 - core.database - DEBUG - [DB_OP] Starting create_tables
2026-06-21 23:52:26,294 - core.database - INFO - Starting table creation...
2026-06-21 23:52:26,439 - core.database - INFO - Tables initialized successfully
2026-06-21 23:52:26,439 - core.database - DEBUG - [DB_OP] Create tables completed in 0.1448s
2026-06-21 23:52:26,439 - services.database - INFO - Table creation completed
2026-06-21 23:52:26,439 - services.database - INFO - Database initialized successfully
2026-06-21 23:52:26,439 - services.database - DEBUG - [DB_OP] Database initialization completed in 0.4259s
2026-06-21 23:52:26,439 - services.mock_data - INFO - Processing mock data file disease_drug_mappings.json for table disease_drug_mappings
2026-06-21 23:52:28,096 - services.mock_data - INFO - Inserted 210 mock records into disease_drug_mappings
2026-06-21 23:52:28,098 - services.mock_data - INFO - Processing mock data file diseases.json for table diseases
2026-06-21 23:52:29,658 - services.mock_data - INFO - Inserted 70 mock records into diseases
2026-06-21 23:52:29,660 - services.mock_data - INFO - Processing mock data file drugs.json for table drugs
2026-06-21 23:52:31,378 - services.mock_data - ERROR - Failed to insert mock data into drugs: (pymssql.exceptions.OperationalError) (2628, b"String or binary data would be truncated in table 'medipredict.dbo.drugs', column 'dosage'. Truncated value: 'h\xc6\xb0\xe1\xbb\x9bng d\xe1\xba\xabn * n\xc3\xa0y s\xe1\xba\xa3n ph\xe1\xba\xa9m l\xc3\xa0m kh\xc3\xb4ng contain h\xc6\xb0\xe1\xbb\x9bng d\xe1\xba\xabn ho\xe1\xba\xb7c complete c\xe1\xba\xa3nh b\xc3\xa1o cho ng\xc6\xb0\xe1\xbb\x9di l\xe1\xbb\x9bn use * l\xc3\xa0m '.DB-Lib error message 20018, severity 16:\nGeneral SQL Server error: Check messages from the SQL Server\n")
[SQL: INSERT INTO drugs (code, name, group_name, manufacturer, status, rating, price, component, usage_info, dosage, side_effects, contraindications) VALUES (%(code__0)s, %(name__0)s, %(group_name__0)s, %(manufacturer__0)s, %(status__0)s, %(rating__0)s, %( ... 39369 characters truncated ... ent__173)s, %(usage_info__173)s, %(dosage__173)s, %(side_effects__173)s, %(contraindications__173)s)]
[parameters: {'status__0': 'active', 'usage_info__0': 'công dụng cho tạm thời giảm nhẹ của nhẹ đau nhức và đaus hoặc như khuyến cáo bởi của bạn bác sĩ. bởi vì của nó chậm tác dụng, này sản phẩm sẽ không c ... (11 characters truncated) ... nh giảm nhẹ của Đau đầus hoặc khác triệu chứng needing ngay lập tức giảm nhẹ. hỏi ý kiến bác sĩ khoảng khác công dụng cho safety coated 81 mg aspirin', 'component__0': 'ASPIRIN', 'dosage__0': 'hướng dẫn drink full glass của water với mỗi liều người lớns và trẻ em 12 ytai và trên: take 4 để 8 viên mỗi 4 giờ không để exceed 48 viên trong 24 hours trừ khi directed bởi bác sĩ trẻ em dưới 12 ytai: tham khảo ý kiến bác sĩ', 'side_effects__0': '', 'name__0': 'Liều thấp Aspirin (ASPIRIN)', 'code__0': 'FDA0001', 'group_name__0': 'Giảm đau - Hạ sốt', 'price__0': '90.000đ', 'manufacturer__0': 'P & L Development', 'rating__0': 4.0, 'contraindications__0': '', 'status__1': 'active', 'usage_info__1': 'công dụng tạm thời giảm nhẹ của nhẹ đau nhức và đaus làm: cảm lạnh Đau đầu lưngache cơ bắp đau nhức răngache nhẹ đaus từ viêm khớp', 'component__1': 'ASPIRIN', 'dosage__1': 'hướng dẫn ■người lớns và trẻ em 12 ytai của age và older: ■ drink full glass của water với mỗi liều ■ take one (1) hoặc two (2) viên mỗi 4 giờ, trong ... (8 characters truncated) ... ệu chứng persist ■ không được dùng thêm hơn 12 viên trong 24 hours, trừ khi directed bởi bác sĩ ■trẻ em dưới 12 ytai của age: tham khảo ý kiến bác sĩ', 'side_effects__1': '', 'name__1': 'Rapidol Aspirin (ASPIRIN)', 'code__1': 'FDA0002', 'group_name__1': 'Giảm đau - Hạ sốt', 'price__1': '81.000đ', 'manufacturer__1': 'Pharmadel', 'rating__1': 4.1, 'contraindications__1': '', 'status__2': 'active', 'usage_info__2': 'công dụng cho tạm thời giảm nhẹ của nhẹ đau nhức và đaus hoặc như khuyến cáo bởi của bạn bác sĩ. bởi vì của nó chậm tác dụng, này sản phẩm sẽ không cung cấp nhanh giảm nhẹ của Đau đầus hoặc khác triệu chứng needing ngay lập tức giảm nhẹ.', 'component__2': 'ASPIRIN', 'dosage__2': 'hướng dẫn drink full glass của water với mỗi liều người lớns và trẻ em 12 ytai và trên: take 4 để 8 viên mỗi 4 giờ không để exceed 48 viên trong 24 hours trừ khi directed bởi bác sĩ trẻ em dưới 12 ytai: không được dùng trừ khi directed bởi bác sĩ', 'side_effects__2': '', 'name__2': 'Aspirin Liều thấp (ASPIRIN)', 'code__2': 'FDA0003', 'group_name__2': 'Giảm đau - Hạ sốt', 'price__2': '57.000đ', 'manufacturer__2': 'Atlantic Biologicals .', 'rating__2': 4.7, 'contraindications__2': '', 'status__3': 'active', 'usage_info__3': 'công dụng cho tạm thời giảm nhẹ của nhẹ đau nhức và đaus làm: Đau đầu đau cơ răngache kinh nguyệt đau cảm lạnh nhẹ đau của viêm khớp hoặc như khuyến cáo bởi của bạn bác sĩ', 'component__3': 'ASPIRIN', 'dosage__3': 'hướng dẫn drink full glass của water với mỗi liều người lớns và trẻ em 12 ytai và trên: take 1 để 2 viên mỗi 4 giờ; không vượt quá 12 viên trong 24 hours trẻ em dưới 12 ytai: ask bác sĩ', 'side_effects__3': '', 'name__3': 'Bao tan trong ruột Aspirin (ASPIRIN)', 'code__3': 'FDA0004', 'group_name__3': 'Giảm đau - Hạ sốt', 'price__3': '83.000đ', 'manufacturer__3': 'Discount Drug Mart', 'rating__3': 4.3, 'contraindications__3': '', 'status__4': 'active', 'usage_info__4': 'Use (s) cho tạm thời giảm nhẹ của nhẹ đau nhức và đau hoặc như khuyến cáo bởi của bạn bác sĩ. bởi vì của nó chậm tác dụng, này sản phẩm sẽ không cung cấp nhanh giảm nhẹ của Đau đầus hoặc khác triệu chứng needing ngay lập tức giảm nhẹ.' ... 1988 parameters truncated ... 'rating__169': 4.0, 'contraindications__169': '4. chống chị định * quá mẫn để bất kỳ component của này sản phẩm (4) . * quá mẫn để bất kỳ component của này sản phẩm.', 'status__170': 'active', 'usage_info__170': 'Use s tạm thời làm giảms những... này triệu chứng của hay Sốt hoặc khác upper Hô hấp dị ứng: * nasal congestion * sổ mũi * itchy mũi * sneezing', 'component__170': 'BUDESONIDE', 'dosage__170': 'hướng dẫn Read insert (bên trong package) trên làm thế nào để: get new bottle ready (primed) trước first use prime bottle lại nếu không used cho two  ... (234 characters truncated) ... riệu chứng cải thiện, giảm để 1 lần xịt trong mỗi nostril mỗi day trẻ em 6 để dưới 12 Ytai của AgE growth tốc độ của một số trẻ em có thể được slower', 'side_effects__170': '', 'name__170': 'Budesonide', 'code__170': 'FDA0171', 'group_name__170': 'Giảm đau - Hạ sốt', 'price__170': '186.000đ', 'manufacturer__170': 'Rugby', 'rating__170': 4.6, 'contraindications__170': '', 'status__171': 'active', 'usage_info__171': '1 chỉ định và cách dùng BUDESONIDE và FORMOTEROl FUMARATE DIHYDRATE Thuốc hít AEROSOl là combination sản phẩm containing Corticoid và long-acting bet ... (191 characters truncated) ... với mãn tính obstructive pulmonary bệnh (COPD) bao gồm mãn tính viêm phế quản và/hoặc emphysema. (1. 2) quan trọng limitations: * không indicated cho', 'component__171': 'BUDESONIDE, FORMOTEROl FUMARATE', 'dosage__171': '2 liều lượng và ADMINISTRATION cho oral lần hít chỉ. * điều trị của hen suyễn trong bệnh nhân 12 ytai và older: 2 lần híts của BUDESONIDE và FORMOTER ... (223 characters truncated) ...  của BUDESONIDE và FORMOTEROl FUMARATE DIHYDRATE lần hít AEROSOl 80/4. 5 hai lần hằng ngày. (2. 2) * duy trì điều trị trong COPD: 2 lần híts của BUDE', 'side_effects__171': '6 phản ứng bất lợi lABA use có thể kết quả trong sau: * nghiêm trọng hen suyễn-liên quan events - hospitalizations, intubations, tử vong [see cảnh bá ... (212 characters truncated) ... và thận trọng (5. 4) ] * viêm phổi hoặc thấp hơn Hô hấp tract nhiễm trùngs trong bệnh nhân với COPD [see cảnh báo và thận trọng (5. 5) ] * Immunosupp', 'name__171': 'Budesonide Và Formoterol Fumarat Dihydrat', 'code__171': 'FDA0172', 'group_name__171': 'Hô hấp', 'price__171': '174.000đ', 'manufacturer__171': 'A-S Medication Solutions', 'rating__171': 4.4, 'contraindications__171': '4 chống chị định use của budesonide và formoterol fumarate dihydrate là chống chị định trong sau tình trạng: * nguyên phát điều trị của status hen su ... (202 characters truncated) ... nguyên phát điều trị của status hen suyễnticus hoặc cấp tính episodes của hen suyễn hoặc COPD requiring intensive measures. (4) * quá mẫn để bất kỳ o', 'status__172': 'active', 'usage_info__172': '1 chỉ định và cách dùng Budesonide Thuốc hít Hỗn dịch là hítd Corticoid indicated cho: * duy trì điều trị của hen suyễn và như prophylactic therapy t ... (198 characters truncated) ... ated cho duy trì điều trị của hen suyễn và như prophylactic therapy trong trẻ em 12 months để 8 ytai của age. limitations của Use: * Budesonide Thuốc', 'component__172': 'BUDESONIDE', 'dosage__172': '2 liều lượng và ADMINISTRATION khuyến cáo bắt đầuing liều và highest khuyến cáo liều của budesonide lần hít suspension, based trên trước hen suyễn th ... (228 characters truncated) ... liều hítd Corticosteroids 0. 5 mg total hằng ngày liều administered hai lần hằng ngày trong divided liều 1 mg total hằng ngày liều Oral Corticosteroi', 'side_effects__172': '6 phản ứng bất lợi toàn thân và hítd Corticoid use có thể kết quả trong sau: * Candida albicans tôi nfection [see ()] * quá mẫn phản ứng bao gồm Sốc  ... (174 characters truncated) ... oa bệnh nhân [see () và ()] * glôcôm, tăngd Intraocular áp lực và Cataracts [see ()] * Eosinophilic tình trạng và Churg-Strauss hội chứng [see ()] Mo', 'name__172': 'Budesonide Thuốc hít (BUDESONIDE)', 'code__172': 'FDA0173', 'group_name__172': 'Hô hấp', 'price__172': '116.000đ', 'manufacturer__172': 'Preferred .', 'rating__172': 4.6, 'contraindications__172': '4 chống chị định use của budesonide Thuốc hít Hỗn dịch là chống chị định trong sau tình trạng: * nguyên phát điều trị của status hen suyễnticus hoặc  ... (194 characters truncated) ...  trị của status hen suyễnticus hoặc khác cấp tính episodes của hen suyễn nơi intensive measures là yêu cầu. () * quá mẫn để bất kỳ của thành phần tôi', 'status__173': 'active', 'usage_info__173': "1 chỉ định và cách dùng Budesonide chậm-release Viên nangs là Corticoid indicated cho: điều trị của nhẹ để trung bình hoạt động Crohn's bệnh involvin ... (187 characters truncated) ... n để 3 months trong người lớns. (1. 2) 1. 1 điều trị của nhẹ để trung bình hoạt động Crohn's bệnh Budesonide chậm-release Viên nangs là indicated cho", 'component__173': 'BUDESONIDE', 'dosage__173': "2 liều lượng và ADMINISTRATION Administration Instructions (2. 1) : Take một lần hằng ngày vào buổi sáng. Swallow whole. làm không chew hoặc crush. c ... (208 characters truncated) ... với 8 ounces của water. tránh consumption của bưởi juice cho thời gian của therapy. khuyến cáo liều lượng: nhẹ để trung bình hoạt động Crohn's bệnh (", 'side_effects__173': "6 phản ứng bất lợi sau clinically đáng kể phản ứng bất lợi là described elsewhere trong labeling: Hypercorticism và adrenal axis suppression [see cản ... (200 characters truncated) ... y cơ của nhiễm trùng [see cảnh báo và thận trọng (5. 3) ] Kaposi's sarcoma [see cảnh báo và thận trọng (5. 4) ] khác Corticoid tác dụng [see cảnh báo", 'name__173': 'budesonide', 'code__173': 'FDA0174', 'group_name__173': 'Tai - Mũi - Họng', 'price__173': '96.000đ', 'manufacturer__173': 'Golden State Medical Supply, .', 'rating__173': 4.6, 'contraindications__173': '4 chống chị định Budesonide chậm-release Viên nangs là chống chị định trong bệnh nhân với quá mẫn để budesonide hoặc bất kỳ của thành phần của budeso ... (70 characters truncated) ... ốc phản vệ có occurred [see phản ứng bất lợi (6. 2) ]. quá mẫn để budesonide hoặc bất kỳ của thành phần trong budesonide chậm-release Viên nangs. (4)'}]
(Background on this error at: https://sqlalche.me/e/20/e3q8)
2026-06-21 23:52:31,381 - services.database - DEBUG - [DB_OP] Starting database initialization
2026-06-21 23:52:31,381 - services.database - INFO - Starting database initialization...
2026-06-21 23:52:31,381 - core.database - INFO - Starting database initialization...
2026-06-21 23:52:31,381 - core.database - INFO - Database already initialized
2026-06-21 23:52:31,381 - services.database - INFO - Database connection initialized, now creating tables if tables not exist...
2026-06-21 23:52:31,381 - core.database - DEBUG - [DB_OP] Starting create_tables
2026-06-21 23:52:31,381 - core.database - INFO - Tables already initialized
2026-06-21 23:52:31,381 - services.database - INFO - Table creation completed
2026-06-21 23:52:31,381 - services.database - INFO - Database initialized successfully
2026-06-21 23:52:31,381 - services.database - DEBUG - [DB_OP] Database initialization completed in 0.0000s
2026-06-21 23:52:31,381 - core.config - DEBUG - Read dynamic attribute admin_user_id from environment variable ADMIN_USER_ID
2026-06-21 23:52:31,381 - core.config - DEBUG - Read dynamic attribute admin_user_email from environment variable ADMIN_USER_EMAIL
2026-06-21 23:52:31,393 - main - INFO - === Application startup completed successfully ===
