2026-06-22 09:35:26,585 - main - INFO - === Logging system initialized ===
2026-06-22 09:35:26,586 - main - INFO - Log file: logs/app_20260622_093526.log
2026-06-22 09:35:26,586 - main - INFO - Log level: INFO
2026-06-22 09:35:26,586 - main - INFO - Timestamp: 20260622_093526
2026-06-22 09:35:27,136 - main - INFO - Included router: routers.aihub.router
2026-06-22 09:35:27,147 - main - INFO - Included router: routers.auth.router
2026-06-22 09:35:27,161 - main - INFO - Included router: routers.disease_drug_mappings.router
2026-06-22 09:35:27,178 - main - INFO - Included router: routers.diseases.router
2026-06-22 09:35:27,209 - main - INFO - Included router: routers.drugs.router
2026-06-22 09:35:27,210 - main - INFO - Included router: routers.health.router
2026-06-22 09:35:27,215 - main - INFO - Included router: routers.openfda.router
2026-06-22 09:35:27,222 - main - INFO - Included router: routers.predict.router
2026-06-22 09:35:27,238 - main - INFO - Included router: routers.prediction_histories.router
2026-06-22 09:35:27,245 - main - INFO - Included router: routers.settings.router
2026-06-22 09:35:27,262 - main - INFO - Included router: routers.storage.router
2026-06-22 09:35:27,266 - main - INFO - Included router: routers.user.router
2026-06-22 09:35:27,270 - main - INFO - Included router: routers.user_saved_drugs.router
2026-06-22 09:35:28,092 - watchfiles.main - DEBUG - 2 changes detected: {(<Change.modified: 2>, 'C:\\Users\\ASA\\Desktop\\Team 8\\CNPM\\App\\backend\\logs'), (<Change.added: 1>, 'C:\\Users\\ASA\\Desktop\\Team 8\\CNPM\\App\\backend\\logs\\app_20260622_093528.log')}
2026-06-22 09:35:36,369 - watchfiles.main - DEBUG - 1 change detected: {(<Change.modified: 2>, 'C:\\Users\\ASA\\Desktop\\Team 8\\CNPM\\App\\backend\\logs\\app_20260622_084700.log')}
2026-06-22 09:35:36,935 - watchfiles.main - DEBUG - 1 change detected: {(<Change.modified: 2>, 'C:\\Users\\ASA\\Desktop\\Team 8\\CNPM\\App\\backend\\logs\\app_20260622_084658.log')}
