2026-06-22 02:21:39,564 - main - INFO - === Logging system initialized ===
2026-06-22 02:21:39,564 - main - INFO - Log file: logs/app_20260622_022139.log
2026-06-22 02:21:39,564 - main - INFO - Log level: INFO
2026-06-22 02:21:39,566 - main - INFO - Timestamp: 20260622_022139
2026-06-22 02:21:40,087 - main - INFO - Included router: routers.aihub.router
2026-06-22 02:21:40,095 - main - INFO - Included router: routers.auth.router
2026-06-22 02:21:40,112 - main - INFO - Included router: routers.disease_drug_mappings.router
2026-06-22 02:21:40,129 - main - INFO - Included router: routers.diseases.router
2026-06-22 02:21:40,152 - main - INFO - Included router: routers.drugs.router
2026-06-22 02:21:40,153 - main - INFO - Included router: routers.health.router
2026-06-22 02:21:40,158 - main - INFO - Included router: routers.openfda.router
2026-06-22 02:21:40,164 - main - INFO - Included router: routers.predict.router
2026-06-22 02:21:40,183 - main - INFO - Included router: routers.prediction_histories.router
2026-06-22 02:21:40,193 - main - INFO - Included router: routers.settings.router
2026-06-22 02:21:40,209 - main - INFO - Included router: routers.storage.router
2026-06-22 02:21:40,213 - main - INFO - Included router: routers.user.router
2026-06-22 02:21:40,220 - main - INFO - Included router: routers.user_saved_drugs.router
2026-06-22 02:21:40,221 - main - INFO - === Application startup initiated ===
2026-06-22 02:21:40,221 - services.database - DEBUG - [DB_OP] Starting database initialization
2026-06-22 02:21:40,221 - services.database - INFO - Starting database initialization...
2026-06-22 02:21:40,221 - core.database - INFO - Starting database initialization...
2026-06-22 02:21:40,221 - core.config - DEBUG - Read dynamic attribute database_url from environment variable DATABASE_URL
2026-06-22 02:21:40,222 - core.database - INFO - Creating database engine: mssql+pymssql://sa:123456@localhost:1433/medipredict
2026-06-22 02:21:40,541 - core.database - INFO - Database engine and session maker created successfully
2026-06-22 02:21:40,541 - services.database - INFO - Database connection initialized, now creating tables if tables not exist...
2026-06-22 02:21:40,541 - core.database - DEBUG - [DB_OP] Starting create_tables
2026-06-22 02:21:40,541 - core.database - INFO - Starting table creation...
2026-06-22 02:21:40,678 - core.database - INFO - Tables initialized successfully
2026-06-22 02:21:40,679 - core.database - DEBUG - [DB_OP] Create tables completed in 0.1376s
2026-06-22 02:21:40,679 - services.database - INFO - Table creation completed
2026-06-22 02:21:40,679 - services.database - INFO - Database initialized successfully
2026-06-22 02:21:40,679 - services.database - DEBUG - [DB_OP] Database initialization completed in 0.4578s
2026-06-22 02:21:40,679 - services.mock_data - INFO - Processing mock data file disease_drug_mappings.json for table disease_drug_mappings
2026-06-22 02:21:42,287 - services.mock_data - ERROR - Invalid JSON in disease_drug_mappings.json: Unexpected UTF-8 BOM (decode using utf-8-sig): line 1 column 1 (char 0)
2026-06-22 02:21:42,290 - services.mock_data - INFO - Processing mock data file diseases.json for table diseases
2026-06-22 02:21:43,703 - services.mock_data - INFO - Table diseases already has 225 rows; skipping mock insert
2026-06-22 02:21:43,705 - services.mock_data - INFO - Processing mock data file drugs.json for table drugs
2026-06-22 02:21:43,832 - services.mock_data - WARNING - Table drugs does not exist; skipping drugs.json
2026-06-22 02:21:43,833 - services.database - DEBUG - [DB_OP] Starting database initialization
2026-06-22 02:21:43,833 - services.database - INFO - Starting database initialization...
2026-06-22 02:21:43,833 - core.database - INFO - Starting database initialization...
2026-06-22 02:21:43,833 - core.database - INFO - Database already initialized
2026-06-22 02:21:43,833 - services.database - INFO - Database connection initialized, now creating tables if tables not exist...
2026-06-22 02:21:43,833 - core.database - DEBUG - [DB_OP] Starting create_tables
2026-06-22 02:21:43,833 - core.database - INFO - Tables already initialized
2026-06-22 02:21:43,833 - services.database - INFO - Table creation completed
2026-06-22 02:21:43,833 - services.database - INFO - Database initialized successfully
2026-06-22 02:21:43,833 - services.database - DEBUG - [DB_OP] Database initialization completed in 0.0000s
2026-06-22 02:21:43,834 - core.config - DEBUG - Read dynamic attribute admin_user_id from environment variable ADMIN_USER_ID
2026-06-22 02:21:43,834 - core.config - DEBUG - Read dynamic attribute admin_user_email from environment variable ADMIN_USER_EMAIL
2026-06-22 02:21:43,843 - main - INFO - === Application startup completed successfully ===
2026-06-22 02:21:44,001 - services.local_drugs - ERROR - Error searching local drugs: (pymssql.exceptions.ProgrammingError) (208, b"Invalid object name 'drugs'.DB-Lib error message 20018, severity 16:\nGeneral SQL Server error: Check messages from the SQL Server\n")
[SQL: SELECT count(drugs.id) AS count_1 
FROM drugs 
WHERE lower(drugs.name) LIKE lower(%(name_1)s) OR lower(drugs.code) LIKE lower(%(code_1)s) OR lower(drugs.component) LIKE lower(%(component_1)s)]
[parameters: {'name_1': '%paracetamol%', 'code_1': '%paracetamol%', 'component_1': '%paracetamol%'}]
(Background on this error at: https://sqlalche.me/e/20/f405)
2026-06-22 02:21:44,186 - httpcore.connection - DEBUG - connect_tcp.started host='api.fda.gov' port=443 local_address=None timeout=30.0 socket_options=None
2026-06-22 02:21:44,457 - httpcore.connection - DEBUG - connect_tcp.complete return_value=<httpcore._backends.anyio.AnyIOStream object at 0x00000255095E9E10>
2026-06-22 02:21:44,457 - httpcore.connection - DEBUG - start_tls.started ssl_context=<ssl.SSLContext object at 0x00000255096355B0> server_hostname='api.fda.gov' timeout=30.0
2026-06-22 02:21:44,854 - httpcore.connection - DEBUG - start_tls.complete return_value=<httpcore._backends.anyio.AnyIOStream object at 0x0000025508E09B90>
2026-06-22 02:21:44,854 - httpcore.http11 - DEBUG - send_request_headers.started request=<Request [b'GET']>
2026-06-22 02:21:44,854 - httpcore.http11 - DEBUG - send_request_headers.complete
2026-06-22 02:21:44,855 - httpcore.http11 - DEBUG - send_request_body.started request=<Request [b'GET']>
2026-06-22 02:21:44,855 - httpcore.http11 - DEBUG - send_request_body.complete
2026-06-22 02:21:44,855 - httpcore.http11 - DEBUG - receive_response_headers.started request=<Request [b'GET']>
2026-06-22 02:21:45,201 - httpcore.http11 - DEBUG - receive_response_headers.complete return_value=(b'HTTP/1.1', 404, b'Not Found', [(b'Date', b'Sun, 21 Jun 2026 19:21:45 GMT'), (b'Content-Type', b'application/json; charset=utf-8'), (b'Transfer-Encoding', b'chunked'), (b'Connection', b'keep-alive'), (b'Vary', b'Accept-Encoding'), (b'Access-Control-Allow-Credentials', b'true'), (b'Access-Control-Allow-Origin', b'*'), (b'Age', b'1'), (b'Cache-Control', b'no-cache, no-store, must-revalidate'), (b'Content-Security-Policy', b"default-src 'none'"), (b'Etag', b'W/"50-Gov3eVBQAYPDbwMSq8YtHKLjrHw"'), (b'Strict-Transport-Security', b'max-age=31536000; includeSubDomains; preload'), (b'Vary', b'Accept-Encoding'), (b'Via', b'https/1.1 api-umbrella (ApacheTrafficServer [cMsSf ])'), (b'X-Api-Umbrella-Request-Id', b'cutegrhsq4t4ugu0bnv0'), (b'X-Cache', b'MISS'), (b'X-Content-Type-Options', b'nosniff'), (b'X-Ratelimit-Limit', b'240'), (b'X-Ratelimit-Remaining', b'239'), (b'X-Vcap-Request-Id', b'1d3efd1b-693d-49d9-688d-b6633a28329a'), (b'X-Xss-Protection', b'1; mode=block'), (b'X-Frame-Options', b'deny'), (b'Content-Encoding', b'gzip')])
2026-06-22 02:21:45,203 - httpx - INFO - HTTP Request: GET https://api.fda.gov/drug/label.json?limit=3&skip=0&search=openfda.brand_name%3Aparacetamol+OR+openfda.generic_name%3Aparacetamol&api_key=cYzhzoHiQdDiwxC3w3smJ5Fp5rlpKudgLVvgrkQ9 "HTTP/1.1 404 Not Found"
2026-06-22 02:21:45,203 - httpcore.http11 - DEBUG - receive_response_body.started request=<Request [b'GET']>
2026-06-22 02:21:45,203 - httpcore.http11 - DEBUG - receive_response_body.complete
2026-06-22 02:21:45,203 - httpcore.http11 - DEBUG - response_closed.started
2026-06-22 02:21:45,203 - httpcore.http11 - DEBUG - response_closed.complete
2026-06-22 02:21:45,203 - services.openfda - ERROR - openFDA HTTP error: 404 - {
  "error": {
    "code": "NOT_FOUND",
    "message": "No matches found!"
  }
}
2026-06-22 02:21:45,203 - httpcore.connection - DEBUG - close.started
2026-06-22 02:21:45,205 - httpcore.connection - DEBUG - close.complete
