2026-06-21 17:03:23,644 - main - INFO - === Logging system initialized ===
2026-06-21 17:03:23,644 - main - INFO - Log file: logs/app_20260621_170323.log
2026-06-21 17:03:23,644 - main - INFO - Log level: INFO
2026-06-21 17:03:23,644 - main - INFO - Timestamp: 20260621_170323
2026-06-21 17:03:24,159 - main - INFO - Included router: routers.aihub.router
2026-06-21 17:03:24,166 - main - INFO - Included router: routers.auth.router
2026-06-21 17:03:24,181 - main - INFO - Included router: routers.disease_drug_mappings.router
2026-06-21 17:03:24,198 - main - INFO - Included router: routers.diseases.router
2026-06-21 17:03:24,216 - main - INFO - Included router: routers.drugs.router
2026-06-21 17:03:24,217 - main - INFO - Included router: routers.health.router
2026-06-21 17:03:24,221 - main - INFO - Included router: routers.predict.router
2026-06-21 17:03:24,237 - main - INFO - Included router: routers.prediction_histories.router
2026-06-21 17:03:24,244 - main - INFO - Included router: routers.settings.router
2026-06-21 17:03:24,258 - main - INFO - Included router: routers.storage.router
2026-06-21 17:03:24,261 - main - INFO - Included router: routers.user.router
2026-06-21 17:03:24,262 - main - INFO - === Application startup initiated ===
2026-06-21 17:03:24,262 - services.database - DEBUG - [DB_OP] Starting database initialization
2026-06-21 17:03:24,262 - services.database - INFO - Starting database initialization...
2026-06-21 17:03:24,262 - core.database - INFO - Starting database initialization...
2026-06-21 17:03:24,262 - core.config - DEBUG - Read dynamic attribute database_url from environment variable DATABASE_URL
2026-06-21 17:03:24,264 - core.database - INFO - Creating database engine: mssql+pymssql://sa:123456@localhost:1433/medipredict
2026-06-21 17:03:24,517 - core.database - INFO - Database engine and session maker created successfully
2026-06-21 17:03:24,517 - services.database - INFO - Database connection initialized, now creating tables if tables not exist...
2026-06-21 17:03:24,517 - core.database - DEBUG - [DB_OP] Starting create_tables
2026-06-21 17:03:24,518 - core.database - INFO - Starting table creation...
2026-06-21 17:03:24,615 - core.database - INFO - Tables initialized successfully
2026-06-21 17:03:24,616 - core.database - DEBUG - [DB_OP] Create tables completed in 0.0999s
2026-06-21 17:03:24,616 - services.database - INFO - Table creation completed
2026-06-21 17:03:24,616 - services.database - INFO - Database initialized successfully
2026-06-21 17:03:24,616 - services.database - DEBUG - [DB_OP] Database initialization completed in 0.3542s
2026-06-21 17:03:24,616 - services.mock_data - INFO - Processing mock data file disease_drug_mappings.json for table disease_drug_mappings
2026-06-21 17:03:25,967 - services.mock_data - INFO - Table disease_drug_mappings already has 12 rows; skipping mock insert
2026-06-21 17:03:25,968 - services.mock_data - INFO - Processing mock data file diseases.json for table diseases
2026-06-21 17:03:27,298 - services.mock_data - INFO - Table diseases already has 6 rows; skipping mock insert
2026-06-21 17:03:27,300 - services.mock_data - INFO - Processing mock data file drugs.json for table drugs
2026-06-21 17:03:28,566 - services.mock_data - INFO - Table drugs already has 8 rows; skipping mock insert
2026-06-21 17:03:28,567 - services.database - DEBUG - [DB_OP] Starting database initialization
2026-06-21 17:03:28,567 - services.database - INFO - Starting database initialization...
2026-06-21 17:03:28,567 - core.database - INFO - Starting database initialization...
2026-06-21 17:03:28,567 - core.database - INFO - Database already initialized
2026-06-21 17:03:28,568 - services.database - INFO - Database connection initialized, now creating tables if tables not exist...
2026-06-21 17:03:28,568 - core.database - DEBUG - [DB_OP] Starting create_tables
2026-06-21 17:03:28,568 - core.database - INFO - Tables already initialized
2026-06-21 17:03:28,568 - services.database - INFO - Table creation completed
2026-06-21 17:03:28,568 - services.database - INFO - Database initialized successfully
2026-06-21 17:03:28,568 - services.database - DEBUG - [DB_OP] Database initialization completed in 0.0010s
2026-06-21 17:03:28,568 - core.config - DEBUG - Read dynamic attribute admin_user_id from environment variable ADMIN_USER_ID
2026-06-21 17:03:28,568 - core.config - DEBUG - Read dynamic attribute admin_user_email from environment variable ADMIN_USER_EMAIL
2026-06-21 17:03:28,578 - main - INFO - === Application startup completed successfully ===
