2026-06-22 11:16:02,712 - main - INFO - === Logging system initialized ===
2026-06-22 11:16:02,712 - main - INFO - Log file: logs/app_20260622_111602.log
2026-06-22 11:16:02,712 - main - INFO - Log level: INFO
2026-06-22 11:16:02,712 - main - INFO - Timestamp: 20260622_111602
2026-06-22 11:16:03,218 - main - INFO - Included router: routers.aihub.router
2026-06-22 11:16:03,228 - main - INFO - Included router: routers.auth.router
2026-06-22 11:16:03,253 - main - INFO - Included router: routers.disease_drug_mappings.router
2026-06-22 11:16:03,281 - main - INFO - Included router: routers.diseases.router
2026-06-22 11:16:03,305 - main - INFO - Included router: routers.drugs.router
2026-06-22 11:16:03,307 - main - INFO - Included router: routers.health.router
2026-06-22 11:16:03,314 - main - INFO - Included router: routers.openfda.router
2026-06-22 11:16:03,320 - main - INFO - Included router: routers.predict.router
2026-06-22 11:16:03,340 - main - INFO - Included router: routers.prediction_histories.router
2026-06-22 11:16:03,348 - main - INFO - Included router: routers.settings.router
2026-06-22 11:16:03,366 - main - INFO - Included router: routers.storage.router
2026-06-22 11:16:03,371 - main - INFO - Included router: routers.user.router
2026-06-22 11:16:03,376 - main - INFO - Included router: routers.user_saved_drugs.router
2026-06-22 11:16:03,378 - main - INFO - === Application startup initiated ===
2026-06-22 11:16:03,378 - services.database - DEBUG - [DB_OP] Starting database initialization
2026-06-22 11:16:03,378 - services.database - INFO - Starting database initialization...
2026-06-22 11:16:03,378 - core.database - INFO - Starting database initialization...
2026-06-22 11:16:03,378 - core.config - DEBUG - Read dynamic attribute database_url from environment variable DATABASE_URL
2026-06-22 11:16:03,379 - core.database - INFO - Creating database engine: mssql+pymssql://sa:123456@localhost:1433/medipredict
2026-06-22 11:16:03,578 - core.database - INFO - Database engine and session maker created successfully
2026-06-22 11:16:03,578 - services.database - INFO - Database connection initialized, now creating tables if tables not exist...
2026-06-22 11:16:03,578 - core.database - DEBUG - [DB_OP] Starting create_tables
2026-06-22 11:16:03,578 - core.database - INFO - Starting table creation...
2026-06-22 11:16:03,689 - core.database - INFO - Tables initialized successfully
2026-06-22 11:16:03,689 - core.database - DEBUG - [DB_OP] Create tables completed in 0.1110s
2026-06-22 11:16:03,690 - services.database - INFO - Table creation completed
2026-06-22 11:16:03,690 - services.database - INFO - Database initialized successfully
2026-06-22 11:16:03,690 - services.database - DEBUG - [DB_OP] Database initialization completed in 0.3120s
2026-06-22 11:16:03,690 - services.mock_data - INFO - Processing mock data file disease_drug_mappings.json for table disease_drug_mappings
2026-06-22 11:16:03,713 - services.mock_data - INFO - Table disease_drug_mappings already has 648 rows (ORM check); skipping
2026-06-22 11:16:03,715 - services.mock_data - INFO - Processing mock data file diseases.json for table diseases
2026-06-22 11:16:03,731 - services.mock_data - INFO - Table diseases already has 216 rows (ORM check); skipping
2026-06-22 11:16:03,732 - services.mock_data - INFO - Processing mock data file drugs.json for table drugs
2026-06-22 11:16:03,744 - services.mock_data - INFO - Table drugs already has 224 rows (ORM check); skipping
2026-06-22 11:16:03,745 - services.database - DEBUG - [DB_OP] Starting database initialization
2026-06-22 11:16:03,746 - services.database - INFO - Starting database initialization...
2026-06-22 11:16:03,746 - core.database - INFO - Starting database initialization...
2026-06-22 11:16:03,746 - core.database - INFO - Database already initialized
2026-06-22 11:16:03,746 - services.database - INFO - Database connection initialized, now creating tables if tables not exist...
2026-06-22 11:16:03,746 - core.database - DEBUG - [DB_OP] Starting create_tables
2026-06-22 11:16:03,746 - core.database - INFO - Tables already initialized
2026-06-22 11:16:03,746 - services.database - INFO - Table creation completed
2026-06-22 11:16:03,746 - services.database - INFO - Database initialized successfully
2026-06-22 11:16:03,746 - services.database - DEBUG - [DB_OP] Database initialization completed in 0.0010s
2026-06-22 11:16:03,746 - core.config - DEBUG - Read dynamic attribute admin_user_id from environment variable ADMIN_USER_ID
2026-06-22 11:16:03,746 - core.config - DEBUG - Read dynamic attribute admin_user_email from environment variable ADMIN_USER_EMAIL
2026-06-22 11:16:03,754 - main - INFO - === Application startup completed successfully ===
2026-06-22 11:16:05,134 - core.config - DEBUG - Read dynamic attribute jwt_secret_key from environment variable JWT_SECRET_KEY
2026-06-22 11:16:05,134 - core.config - DEBUG - Read dynamic attribute jwt_algorithm from environment variable JWT_ALGORITHM
2026-06-22 11:16:05,142 - core.auth - DEBUG - Authentication token validated for user hash: 19086cc0
2026-06-22 11:16:05,142 - routers.diseases - DEBUG - Querying diseasess: query=None, sort=None, skip=0, limit=1000, fields=None
2026-06-22 11:16:05,155 - routers.diseases - DEBUG - Found 216 diseasess
2026-06-22 11:16:06,017 - core.auth - DEBUG - Authentication token validated for user hash: 19086cc0
2026-06-22 11:16:06,021 - routers.diseases - DEBUG - Querying diseasess: query=None, sort=None, skip=0, limit=1000, fields=None
2026-06-22 11:16:06,032 - routers.diseases - DEBUG - Found 216 diseasess
2026-06-22 11:16:08,574 - routers.diseases - DEBUG - Querying diseasess: query=None, sort=None, skip=0, limit=1000, fields=None
2026-06-22 11:16:08,585 - routers.diseases - DEBUG - Found 216 diseasess
2026-06-22 11:16:09,793 - core.auth - DEBUG - Authentication token validated for user hash: 19086cc0
2026-06-22 11:16:09,801 - routers.drugs - DEBUG - Querying drugss: query=None, sort=None, skip=0, limit=1000, fields=None
2026-06-22 11:16:09,895 - routers.drugs - DEBUG - Found 224 drugss
2026-06-22 11:16:13,899 - routers.diseases - DEBUG - Querying diseasess: query=None, sort=None, skip=0, limit=1000, fields=None
2026-06-22 11:16:13,908 - routers.diseases - DEBUG - Found 216 diseasess
2026-06-22 11:16:41,082 - core.auth - DEBUG - Authentication token validated for user hash: 19086cc0
2026-06-22 11:16:43,118 - core.auth - DEBUG - Authentication token validated for user hash: 19086cc0
2026-06-22 11:16:43,813 - routers.diseases - DEBUG - Querying diseasess: query=None, sort=None, skip=0, limit=1000, fields=None
2026-06-22 11:16:43,827 - routers.diseases - DEBUG - Found 216 diseasess
2026-06-22 11:16:44,923 - core.auth - DEBUG - Authentication token validated for user hash: 19086cc0
2026-06-22 11:16:45,235 - routers.drugs - DEBUG - Querying drugss: query=None, sort=None, skip=0, limit=1000, fields=None
2026-06-22 11:16:45,245 - routers.drugs - DEBUG - Found 224 drugss
2026-06-22 11:16:46,660 - core.auth - DEBUG - Authentication token validated for user hash: 19086cc0
2026-06-22 11:16:47,860 - core.auth - DEBUG - Authentication token validated for user hash: 19086cc0
2026-06-22 11:16:51,785 - core.auth - DEBUG - Authentication token validated for user hash: 19086cc0
2026-06-22 11:16:52,524 - core.auth - DEBUG - Authentication token validated for user hash: 19086cc0
2026-06-22 11:16:52,529 - routers.drugs - DEBUG - Querying drugss: query=None, sort=None, skip=0, limit=1000, fields=None
2026-06-22 11:16:52,544 - routers.drugs - DEBUG - Found 224 drugss
2026-06-22 11:16:53,676 - core.auth - DEBUG - Authentication token validated for user hash: 19086cc0
2026-06-22 11:16:53,995 - routers.drugs - DEBUG - Fetching drugs with id: 224, fields=None
2026-06-22 11:16:54,338 - httpcore.connection - DEBUG - connect_tcp.started host='api.fda.gov' port=443 local_address=None timeout=30.0 socket_options=None
2026-06-22 11:16:54,596 - httpcore.connection - DEBUG - connect_tcp.complete return_value=<httpcore._backends.anyio.AnyIOStream object at 0x000001A76B7958D0>
2026-06-22 11:16:54,596 - httpcore.connection - DEBUG - start_tls.started ssl_context=<ssl.SSLContext object at 0x000001A76D1FDBE0> server_hostname='api.fda.gov' timeout=30.0
2026-06-22 11:16:55,006 - httpcore.connection - DEBUG - start_tls.complete return_value=<httpcore._backends.anyio.AnyIOStream object at 0x000001A76D22FED0>
2026-06-22 11:16:55,007 - httpcore.http11 - DEBUG - send_request_headers.started request=<Request [b'GET']>
2026-06-22 11:16:55,008 - httpcore.http11 - DEBUG - send_request_headers.complete
2026-06-22 11:16:55,008 - httpcore.http11 - DEBUG - send_request_body.started request=<Request [b'GET']>
2026-06-22 11:16:55,008 - httpcore.http11 - DEBUG - send_request_body.complete
2026-06-22 11:16:55,008 - httpcore.http11 - DEBUG - receive_response_headers.started request=<Request [b'GET']>
2026-06-22 11:16:55,301 - httpcore.http11 - DEBUG - receive_response_headers.complete return_value=(b'HTTP/1.1', 200, b'OK', [(b'Date', b'Mon, 22 Jun 2026 04:16:54 GMT'), (b'Content-Type', b'application/json; charset=utf-8'), (b'Transfer-Encoding', b'chunked'), (b'Connection', b'keep-alive'), (b'Access-Control-Allow-Credentials', b'true'), (b'Access-Control-Allow-Origin', b'*'), (b'Age', b'0'), (b'Cache-Control', b'no-cache, no-store, must-revalidate'), (b'Content-Encoding', b'gzip'), (b'Content-Security-Policy', b"default-src 'none'"), (b'Etag', b'W/"bda2-//Qzw7cC3v4St0zV9eVtBzKXAFs"'), (b'Link', b'<https://api.fda.gov/drug/label.json?limit=3&skip=0&search=openfda.brand_name%3ACyproheptadine&search_after=0%3D0e43e99b-2e0b-4f55-b93a-a6908634880d>; rel="next"'), (b'Strict-Transport-Security', b'max-age=31536000; includeSubDomains; preload'), (b'Vary', b'Accept-Encoding'), (b'Vary', b'Accept-Encoding'), (b'Via', b'https/1.1 api-umbrella (ApacheTrafficServer [cMsSf ])'), (b'X-Api-Umbrella-Request-Id', b'cutm5qlvviltit2v3c0g'), (b'X-Cache', b'MISS'), (b'X-Content-Type-Options', b'nosniff'), (b'X-Ratelimit-Limit', b'240'), (b'X-Ratelimit-Remaining', b'239'), (b'X-Vcap-Request-Id', b'a23b95d4-7c42-4c0f-5c81-11e0e7aa9563'), (b'X-Xss-Protection', b'1; mode=block'), (b'X-Frame-Options', b'deny')])
2026-06-22 11:16:55,303 - httpx - INFO - HTTP Request: GET https://api.fda.gov/drug/label.json?limit=3&skip=0&search=openfda.brand_name%3ACyproheptadine&api_key=cYzhzoHiQdDiwxC3w3smJ5Fp5rlpKudgLVvgrkQ9 "HTTP/1.1 200 OK"
2026-06-22 11:16:55,304 - httpcore.http11 - DEBUG - receive_response_body.started request=<Request [b'GET']>
2026-06-22 11:16:55,307 - httpcore.http11 - DEBUG - receive_response_body.complete
2026-06-22 11:16:55,310 - httpcore.http11 - DEBUG - response_closed.started
2026-06-22 11:16:55,311 - httpcore.http11 - DEBUG - response_closed.complete
2026-06-22 11:16:55,313 - httpcore.connection - DEBUG - close.started
2026-06-22 11:16:55,313 - httpcore.connection - DEBUG - close.complete
2026-06-22 11:16:55,554 - httpcore.connection - DEBUG - connect_tcp.started host='api.fda.gov' port=443 local_address=None timeout=30.0 socket_options=None
2026-06-22 11:16:55,779 - httpcore.connection - DEBUG - connect_tcp.complete return_value=<httpcore._backends.anyio.AnyIOStream object at 0x000001A76D292E50>
2026-06-22 11:16:55,779 - httpcore.connection - DEBUG - start_tls.started ssl_context=<ssl.SSLContext object at 0x000001A76D1FDFD0> server_hostname='api.fda.gov' timeout=30.0
2026-06-22 11:16:56,237 - httpcore.connection - DEBUG - start_tls.complete return_value=<httpcore._backends.anyio.AnyIOStream object at 0x000001A76D292E90>
2026-06-22 11:16:56,238 - httpcore.http11 - DEBUG - send_request_headers.started request=<Request [b'GET']>
2026-06-22 11:16:56,238 - httpcore.http11 - DEBUG - send_request_headers.complete
2026-06-22 11:16:56,239 - httpcore.http11 - DEBUG - send_request_body.started request=<Request [b'GET']>
2026-06-22 11:16:56,239 - httpcore.http11 - DEBUG - send_request_body.complete
2026-06-22 11:16:56,239 - httpcore.http11 - DEBUG - receive_response_headers.started request=<Request [b'GET']>
2026-06-22 11:16:56,782 - httpcore.http11 - DEBUG - receive_response_headers.complete return_value=(b'HTTP/1.1', 200, b'OK', [(b'Date', b'Mon, 22 Jun 2026 04:16:55 GMT'), (b'Content-Type', b'application/json; charset=utf-8'), (b'Transfer-Encoding', b'chunked'), (b'Connection', b'keep-alive'), (b'Access-Control-Allow-Credentials', b'true'), (b'Access-Control-Allow-Origin', b'*'), (b'Age', b'0'), (b'Cache-Control', b'no-cache, no-store, must-revalidate'), (b'Content-Encoding', b'gzip'), (b'Content-Security-Policy', b"default-src 'none'"), (b'Etag', b'W/"9d7dc-BoRuPSPvTr6qk3vRaMJ+2H+anug"'), (b'Link', b'<https://api.fda.gov/drug/event.json?limit=5&skip=0&search=patient.drug.openfda.brand_name%3ACyproheptadine&search_after=0%3D10083633>; rel="next"'), (b'Strict-Transport-Security', b'max-age=31536000; includeSubDomains; preload'), (b'Vary', b'Accept-Encoding'), (b'Vary', b'Accept-Encoding'), (b'Via', b'https/1.1 api-umbrella (ApacheTrafficServer [cMsSf ])'), (b'X-Api-Umbrella-Request-Id', b'cutm5qvlbrdv15oalr90'), (b'X-Cache', b'MISS'), (b'X-Content-Type-Options', b'nosniff'), (b'X-Ratelimit-Limit', b'240'), (b'X-Ratelimit-Remaining', b'239'), (b'X-Vcap-Request-Id', b'4a6ea8d5-382b-4585-7e5f-42c69172648a'), (b'X-Xss-Protection', b'1; mode=block'), (b'X-Frame-Options', b'deny')])
2026-06-22 11:16:56,782 - httpx - INFO - HTTP Request: GET https://api.fda.gov/drug/event.json?limit=5&skip=0&search=patient.drug.openfda.brand_name%3ACyproheptadine&api_key=cYzhzoHiQdDiwxC3w3smJ5Fp5rlpKudgLVvgrkQ9 "HTTP/1.1 200 OK"
2026-06-22 11:16:56,784 - httpcore.http11 - DEBUG - receive_response_body.started request=<Request [b'GET']>
2026-06-22 11:16:57,249 - httpcore.http11 - DEBUG - receive_response_body.complete
2026-06-22 11:16:57,250 - httpcore.http11 - DEBUG - response_closed.started
2026-06-22 11:16:57,252 - httpcore.http11 - DEBUG - response_closed.complete
2026-06-22 11:16:57,261 - httpcore.connection - DEBUG - close.started
2026-06-22 11:16:57,262 - httpcore.connection - DEBUG - close.complete
2026-06-22 11:16:57,498 - httpcore.connection - DEBUG - connect_tcp.started host='api.fda.gov' port=443 local_address=None timeout=30.0 socket_options=None
2026-06-22 11:16:57,713 - httpcore.connection - DEBUG - connect_tcp.complete return_value=<httpcore._backends.anyio.AnyIOStream object at 0x000001A76D2851D0>
2026-06-22 11:16:57,714 - httpcore.connection - DEBUG - start_tls.started ssl_context=<ssl.SSLContext object at 0x000001A76D1A43B0> server_hostname='api.fda.gov' timeout=30.0
2026-06-22 11:16:58,175 - httpcore.connection - DEBUG - start_tls.complete return_value=<httpcore._backends.anyio.AnyIOStream object at 0x000001A76D293850>
2026-06-22 11:16:58,175 - httpcore.http11 - DEBUG - send_request_headers.started request=<Request [b'GET']>
2026-06-22 11:16:58,176 - httpcore.http11 - DEBUG - send_request_headers.complete
2026-06-22 11:16:58,176 - httpcore.http11 - DEBUG - send_request_body.started request=<Request [b'GET']>
2026-06-22 11:16:58,177 - httpcore.http11 - DEBUG - send_request_body.complete
2026-06-22 11:16:58,177 - httpcore.http11 - DEBUG - receive_response_headers.started request=<Request [b'GET']>
2026-06-22 11:16:58,717 - httpcore.http11 - DEBUG - receive_response_headers.complete return_value=(b'HTTP/1.1', 200, b'OK', [(b'Date', b'Mon, 22 Jun 2026 04:16:57 GMT'), (b'Content-Type', b'application/json; charset=utf-8'), (b'Transfer-Encoding', b'chunked'), (b'Connection', b'keep-alive'), (b'Access-Control-Allow-Credentials', b'true'), (b'Access-Control-Allow-Origin', b'*'), (b'Age', b'0'), (b'Cache-Control', b'no-cache, no-store, must-revalidate'), (b'Content-Encoding', b'gzip'), (b'Content-Security-Policy', b"default-src 'none'"), (b'Etag', b'W/"1716-yEi5eH9H20dS7RCd+0UQ+t4ftRg"'), (b'Strict-Transport-Security', b'max-age=31536000; includeSubDomains; preload'), (b'Vary', b'Accept-Encoding'), (b'Vary', b'Accept-Encoding'), (b'Via', b'https/1.1 api-umbrella (ApacheTrafficServer [cMsSf ])'), (b'X-Api-Umbrella-Request-Id', b'cutm5rgjuknoujjo51c0'), (b'X-Cache', b'MISS'), (b'X-Content-Type-Options', b'nosniff'), (b'X-Ratelimit-Limit', b'240'), (b'X-Ratelimit-Remaining', b'237'), (b'X-Vcap-Request-Id', b'937efd54-8210-4d8a-4c36-ee85d55f840e'), (b'X-Xss-Protection', b'1; mode=block'), (b'X-Frame-Options', b'deny')])
2026-06-22 11:16:58,719 - httpx - INFO - HTTP Request: GET https://api.fda.gov/drug/enforcement.json?limit=5&skip=0&search=product_description%3ACyproheptadine&api_key=cYzhzoHiQdDiwxC3w3smJ5Fp5rlpKudgLVvgrkQ9 "HTTP/1.1 200 OK"
2026-06-22 11:16:58,719 - httpcore.http11 - DEBUG - receive_response_body.started request=<Request [b'GET']>
2026-06-22 11:16:58,720 - httpcore.http11 - DEBUG - receive_response_body.complete
2026-06-22 11:16:58,720 - httpcore.http11 - DEBUG - response_closed.started
2026-06-22 11:16:58,720 - httpcore.http11 - DEBUG - response_closed.complete
2026-06-22 11:16:58,720 - httpcore.connection - DEBUG - close.started
2026-06-22 11:16:58,720 - httpcore.connection - DEBUG - close.complete
2026-06-22 11:17:05,085 - core.auth - DEBUG - Authentication token validated for user hash: 19086cc0
2026-06-22 11:17:06,153 - core.auth - DEBUG - Authentication token validated for user hash: 19086cc0
2026-06-22 11:17:09,962 - core.auth - DEBUG - Authentication token validated for user hash: 19086cc0
2026-06-22 11:17:09,966 - routers.drugs - DEBUG - Fetching drugs with id: 224, fields=None
2026-06-22 11:17:10,270 - httpcore.connection - DEBUG - connect_tcp.started host='api.fda.gov' port=443 local_address=None timeout=30.0 socket_options=None
2026-06-22 11:17:10,498 - httpcore.connection - DEBUG - connect_tcp.complete return_value=<httpcore._backends.anyio.AnyIOStream object at 0x000001A76AE44D10>
2026-06-22 11:17:10,498 - httpcore.connection - DEBUG - start_tls.started ssl_context=<ssl.SSLContext object at 0x000001A76D1FDBE0> server_hostname='api.fda.gov' timeout=30.0
2026-06-22 11:17:10,994 - httpcore.connection - DEBUG - start_tls.complete return_value=<httpcore._backends.anyio.AnyIOStream object at 0x000001A76D2858D0>
2026-06-22 11:17:10,995 - httpcore.http11 - DEBUG - send_request_headers.started request=<Request [b'GET']>
2026-06-22 11:17:10,996 - httpcore.http11 - DEBUG - send_request_headers.complete
2026-06-22 11:17:10,996 - httpcore.http11 - DEBUG - send_request_body.started request=<Request [b'GET']>
2026-06-22 11:17:10,996 - httpcore.http11 - DEBUG - send_request_body.complete
2026-06-22 11:17:10,996 - httpcore.http11 - DEBUG - receive_response_headers.started request=<Request [b'GET']>
2026-06-22 11:17:11,266 - core.auth - DEBUG - Authentication token validated for user hash: 19086cc0
2026-06-22 11:17:11,314 - httpcore.http11 - DEBUG - receive_response_headers.complete return_value=(b'HTTP/1.1', 200, b'OK', [(b'Date', b'Mon, 22 Jun 2026 04:17:10 GMT'), (b'Content-Type', b'application/json; charset=utf-8'), (b'Transfer-Encoding', b'chunked'), (b'Connection', b'keep-alive'), (b'Access-Control-Allow-Credentials', b'true'), (b'Access-Control-Allow-Origin', b'*'), (b'Age', b'0'), (b'Cache-Control', b'no-cache, no-store, must-revalidate'), (b'Content-Encoding', b'gzip'), (b'Content-Security-Policy', b"default-src 'none'"), (b'Etag', b'W/"bda2-//Qzw7cC3v4St0zV9eVtBzKXAFs"'), (b'Link', b'<https://api.fda.gov/drug/label.json?limit=3&skip=0&search=openfda.brand_name%3ACyproheptadine&search_after=0%3D0e43e99b-2e0b-4f55-b93a-a6908634880d>; rel="next"'), (b'Strict-Transport-Security', b'max-age=31536000; includeSubDomains; preload'), (b'Vary', b'Accept-Encoding'), (b'Vary', b'Accept-Encoding'), (b'Via', b'https/1.1 api-umbrella (ApacheTrafficServer [cMsSf ])'), (b'X-Api-Umbrella-Request-Id', b'cutm5uiutocgag50l8h0'), (b'X-Cache', b'MISS'), (b'X-Content-Type-Options', b'nosniff'), (b'X-Ratelimit-Limit', b'240'), (b'X-Ratelimit-Remaining', b'237'), (b'X-Vcap-Request-Id', b'72c34c36-7233-4a84-6381-ece0142227bf'), (b'X-Xss-Protection', b'1; mode=block'), (b'X-Frame-Options', b'deny')])
2026-06-22 11:17:11,314 - httpx - INFO - HTTP Request: GET https://api.fda.gov/drug/label.json?limit=3&skip=0&search=openfda.brand_name%3ACyproheptadine&api_key=cYzhzoHiQdDiwxC3w3smJ5Fp5rlpKudgLVvgrkQ9 "HTTP/1.1 200 OK"
2026-06-22 11:17:11,315 - httpcore.http11 - DEBUG - receive_response_body.started request=<Request [b'GET']>
2026-06-22 11:17:11,316 - httpcore.http11 - DEBUG - receive_response_body.complete
2026-06-22 11:17:11,316 - httpcore.http11 - DEBUG - response_closed.started
2026-06-22 11:17:11,316 - httpcore.http11 - DEBUG - response_closed.complete
2026-06-22 11:17:11,317 - httpcore.connection - DEBUG - close.started
2026-06-22 11:17:11,318 - httpcore.connection - DEBUG - close.complete
2026-06-22 11:17:11,611 - httpcore.connection - DEBUG - connect_tcp.started host='api.fda.gov' port=443 local_address=None timeout=30.0 socket_options=None
2026-06-22 11:17:11,818 - httpcore.connection - DEBUG - connect_tcp.complete return_value=<httpcore._backends.anyio.AnyIOStream object at 0x000001A76D37FED0>
2026-06-22 11:17:11,819 - httpcore.connection - DEBUG - start_tls.started ssl_context=<ssl.SSLContext object at 0x000001A76D1FE2A0> server_hostname='api.fda.gov' timeout=30.0
2026-06-22 11:17:12,244 - httpcore.connection - DEBUG - start_tls.complete return_value=<httpcore._backends.anyio.AnyIOStream object at 0x000001A76D37FE90>
2026-06-22 11:17:12,245 - httpcore.http11 - DEBUG - send_request_headers.started request=<Request [b'GET']>
2026-06-22 11:17:12,245 - httpcore.http11 - DEBUG - send_request_headers.complete
2026-06-22 11:17:12,246 - httpcore.http11 - DEBUG - send_request_body.started request=<Request [b'GET']>
2026-06-22 11:17:12,246 - httpcore.http11 - DEBUG - send_request_body.complete
2026-06-22 11:17:12,246 - httpcore.http11 - DEBUG - receive_response_headers.started request=<Request [b'GET']>
2026-06-22 11:17:12,516 - core.auth - DEBUG - Authentication token validated for user hash: 19086cc0
2026-06-22 11:17:12,550 - httpcore.http11 - DEBUG - receive_response_headers.complete return_value=(b'HTTP/1.1', 200, b'OK', [(b'Date', b'Mon, 22 Jun 2026 04:17:11 GMT'), (b'Content-Type', b'application/json; charset=utf-8'), (b'Transfer-Encoding', b'chunked'), (b'Connection', b'keep-alive'), (b'Access-Control-Allow-Credentials', b'true'), (b'Access-Control-Allow-Origin', b'*'), (b'Age', b'0'), (b'Cache-Control', b'no-cache, no-store, must-revalidate'), (b'Content-Encoding', b'gzip'), (b'Content-Security-Policy', b"default-src 'none'"), (b'Etag', b'W/"9d7dc-BoRuPSPvTr6qk3vRaMJ+2H+anug"'), (b'Link', b'<https://api.fda.gov/drug/event.json?limit=5&skip=0&search=patient.drug.openfda.brand_name%3ACyproheptadine&search_after=0%3D10083633>; rel="next"'), (b'Strict-Transport-Security', b'max-age=31536000; includeSubDomains; preload'), (b'Vary', b'Accept-Encoding'), (b'Vary', b'Accept-Encoding'), (b'Via', b'https/1.1 api-umbrella (ApacheTrafficServer [cMsSf ])'), (b'X-Api-Umbrella-Request-Id', b'cutm5usinv646m767j80'), (b'X-Cache', b'MISS'), (b'X-Content-Type-Options', b'nosniff'), (b'X-Ratelimit-Limit', b'240'), (b'X-Ratelimit-Remaining', b'237'), (b'X-Vcap-Request-Id', b'256ada37-58f3-43e7-45fc-368e5adbae3e'), (b'X-Xss-Protection', b'1; mode=block'), (b'X-Frame-Options', b'deny')])
2026-06-22 11:17:12,550 - httpx - INFO - HTTP Request: GET https://api.fda.gov/drug/event.json?limit=5&skip=0&search=patient.drug.openfda.brand_name%3ACyproheptadine&api_key=cYzhzoHiQdDiwxC3w3smJ5Fp5rlpKudgLVvgrkQ9 "HTTP/1.1 200 OK"
2026-06-22 11:17:12,551 - httpcore.http11 - DEBUG - receive_response_body.started request=<Request [b'GET']>
2026-06-22 11:17:13,200 - httpcore.http11 - DEBUG - receive_response_body.complete
2026-06-22 11:17:13,201 - httpcore.http11 - DEBUG - response_closed.started
2026-06-22 11:17:13,201 - httpcore.http11 - DEBUG - response_closed.complete
2026-06-22 11:17:13,203 - httpcore.connection - DEBUG - close.started
2026-06-22 11:17:13,205 - httpcore.connection - DEBUG - close.complete
2026-06-22 11:17:13,479 - httpcore.connection - DEBUG - connect_tcp.started host='api.fda.gov' port=443 local_address=None timeout=30.0 socket_options=None
2026-06-22 11:17:13,690 - httpcore.connection - DEBUG - connect_tcp.complete return_value=<httpcore._backends.anyio.AnyIOStream object at 0x000001A76D2B0790>
2026-06-22 11:17:13,691 - httpcore.connection - DEBUG - start_tls.started ssl_context=<ssl.SSLContext object at 0x000001A76D1FE960> server_hostname='api.fda.gov' timeout=30.0
2026-06-22 11:17:14,118 - httpcore.connection - DEBUG - start_tls.complete return_value=<httpcore._backends.anyio.AnyIOStream object at 0x000001A76D2B07D0>
2026-06-22 11:17:14,120 - httpcore.http11 - DEBUG - send_request_headers.started request=<Request [b'GET']>
2026-06-22 11:17:14,120 - httpcore.http11 - DEBUG - send_request_headers.complete
2026-06-22 11:17:14,120 - httpcore.http11 - DEBUG - send_request_body.started request=<Request [b'GET']>
2026-06-22 11:17:14,120 - httpcore.http11 - DEBUG - send_request_body.complete
2026-06-22 11:17:14,120 - httpcore.http11 - DEBUG - receive_response_headers.started request=<Request [b'GET']>
2026-06-22 11:17:14,532 - httpcore.http11 - DEBUG - receive_response_headers.complete return_value=(b'HTTP/1.1', 200, b'OK', [(b'Date', b'Mon, 22 Jun 2026 04:17:13 GMT'), (b'Content-Type', b'application/json; charset=utf-8'), (b'Transfer-Encoding', b'chunked'), (b'Connection', b'keep-alive'), (b'Access-Control-Allow-Credentials', b'true'), (b'Access-Control-Allow-Origin', b'*'), (b'Age', b'0'), (b'Cache-Control', b'no-cache, no-store, must-revalidate'), (b'Content-Encoding', b'gzip'), (b'Content-Security-Policy', b"default-src 'none'"), (b'Etag', b'W/"1716-yEi5eH9H20dS7RCd+0UQ+t4ftRg"'), (b'Strict-Transport-Security', b'max-age=31536000; includeSubDomains; preload'), (b'Vary', b'Accept-Encoding'), (b'Vary', b'Accept-Encoding'), (b'Via', b'https/1.1 api-umbrella (ApacheTrafficServer [cMsSf ])'), (b'X-Api-Umbrella-Request-Id', b'cutm5vbbsek4q9mjmu00'), (b'X-Cache', b'MISS'), (b'X-Content-Type-Options', b'nosniff'), (b'X-Ratelimit-Limit', b'240'), (b'X-Ratelimit-Remaining', b'236'), (b'X-Vcap-Request-Id', b'60d8d6a8-71ed-436e-7cb8-99083233240d'), (b'X-Xss-Protection', b'1; mode=block'), (b'X-Frame-Options', b'deny')])
2026-06-22 11:17:14,534 - httpx - INFO - HTTP Request: GET https://api.fda.gov/drug/enforcement.json?limit=5&skip=0&search=product_description%3ACyproheptadine&api_key=cYzhzoHiQdDiwxC3w3smJ5Fp5rlpKudgLVvgrkQ9 "HTTP/1.1 200 OK"
2026-06-22 11:17:14,535 - httpcore.http11 - DEBUG - receive_response_body.started request=<Request [b'GET']>
2026-06-22 11:17:14,535 - httpcore.http11 - DEBUG - receive_response_body.complete
2026-06-22 11:17:14,535 - httpcore.http11 - DEBUG - response_closed.started
2026-06-22 11:17:14,537 - httpcore.http11 - DEBUG - response_closed.complete
2026-06-22 11:17:14,537 - httpcore.connection - DEBUG - close.started
2026-06-22 11:17:14,538 - httpcore.connection - DEBUG - close.complete
2026-06-22 11:17:32,701 - core.auth - DEBUG - Authentication token validated for user hash: 19086cc0
2026-06-22 11:17:33,005 - routers.drugs - DEBUG - Querying drugss: query=None, sort=None, skip=0, limit=1000, fields=None
2026-06-22 11:17:33,017 - routers.drugs - DEBUG - Found 224 drugss
2026-06-22 11:17:34,728 - core.auth - DEBUG - Authentication token validated for user hash: 19086cc0
2026-06-22 11:17:36,108 - core.auth - DEBUG - Authentication token validated for user hash: 19086cc0
2026-06-22 11:17:38,029 - core.auth - DEBUG - Authentication token validated for user hash: 19086cc0
2026-06-22 11:17:46,633 - core.database - ERROR - Database session error: 409: Email already registered
Traceback (most recent call last):
  File "C:\Users\ASA\Desktop\Team 8\CNPM\App\backend\routers\auth.py", line 24, in register
    user = auth_service.register_user(
           ^^^^^^^^^^^^^^^^^^^^^^^^^^^
  File "C:\Users\ASA\Desktop\Team 8\CNPM\App\backend\services\auth.py", line 32, in register_user
    raise ValueError("Email already registered")
ValueError: Email already registered

During handling of the above exception, another exception occurred:

Traceback (most recent call last):
  File "C:\Users\ASA\Desktop\Team 8\CNPM\App\backend\core\database.py", line 270, in get_db
    yield session
  File "C:\Users\ASA\AppData\Local\Programs\Python\Python311\Lib\site-packages\fastapi\concurrency.py", line 29, in contextmanager_in_threadpool
    yield await run_in_threadpool(cm.__enter__)
  File "C:\Users\ASA\AppData\Local\Programs\Python\Python311\Lib\site-packages\fastapi\routing.py", line 136, in app
    response = await f(request)
               ^^^^^^^^^^^^^^^^
  File "C:\Users\ASA\AppData\Local\Programs\Python\Python311\Lib\site-packages\fastapi\routing.py", line 690, in app
    raw_response = await run_endpoint_function(
                   ^^^^^^^^^^^^^^^^^^^^^^^^^^^^
  File "C:\Users\ASA\AppData\Local\Programs\Python\Python311\Lib\site-packages\fastapi\routing.py", line 346, in run_endpoint_function
    return await run_in_threadpool(dependant.call, **values)
           ^^^^^^^^^^^^^^^^^^^^^^^^^^^^^^^^^^^^^^^^^^^^^^^^^
  File "C:\Users\ASA\AppData\Local\Programs\Python\Python311\Lib\site-packages\starlette\concurrency.py", line 34, in run_in_threadpool
    return await anyio.to_thread.run_sync(func)
           ^^^^^^^^^^^^^^^^^^^^^^^^^^^^^^^^^^^^
  File "C:\Users\ASA\AppData\Local\Programs\Python\Python311\Lib\site-packages\anyio\to_thread.py", line 63, in run_sync
    return await get_async_backend().run_sync_in_worker_thread(
           ^^^^^^^^^^^^^^^^^^^^^^^^^^^^^^^^^^^^^^^^^^^^^^^^^^^^
  File "C:\Users\ASA\AppData\Local\Programs\Python\Python311\Lib\site-packages\anyio\_backends\_asyncio.py", line 2592, in run_sync_in_worker_thread
    return await future
           ^^^^^^^^^^^^
  File "C:\Users\ASA\AppData\Local\Programs\Python\Python311\Lib\site-packages\anyio\_backends\_asyncio.py", line 1029, in run
    result = context.run(func, *args)
             ^^^^^^^^^^^^^^^^^^^^^^^^
  File "C:\Users\ASA\Desktop\Team 8\CNPM\App\backend\routers\auth.py", line 30, in register
    raise HTTPException(status_code=status.HTTP_409_CONFLICT, detail=str(e))
fastapi.exceptions.HTTPException: 409: Email already registered
2026-06-22 11:17:48,029 - passlib.handlers.bcrypt - WARNING - (trapped) error reading bcrypt version
Traceback (most recent call last):
  File "C:\Users\ASA\AppData\Local\Programs\Python\Python311\Lib\site-packages\passlib\handlers\bcrypt.py", line 620, in _load_backend_mixin
    version = _bcrypt.__about__.__version__
              ^^^^^^^^^^^^^^^^^
AttributeError: module 'bcrypt' has no attribute '__about__'
2026-06-22 11:17:48,042 - passlib.handlers.bcrypt - DEBUG - detected 'bcrypt' backend, version '<unknown>'
2026-06-22 11:17:48,042 - passlib.handlers.bcrypt - DEBUG - 'bcrypt' backend lacks $2$ support, enabling workaround
2026-06-22 11:17:48,360 - core.config - DEBUG - Read dynamic attribute jwt_expire_minutes from environment variable JWT_EXPIRE_MINUTES
2026-06-22 11:17:48,361 - core.auth - DEBUG - Authentication token created for user hash: ca9be311
2026-06-22 11:17:48,414 - routers.diseases - DEBUG - Querying diseasess: query=None, sort=None, skip=0, limit=1000, fields=None
2026-06-22 11:17:48,427 - routers.diseases - DEBUG - Found 216 diseasess
2026-06-22 11:17:52,009 - routers.diseases - DEBUG - Querying diseasess: query=None, sort=None, skip=0, limit=1000, fields=None
2026-06-22 11:17:52,020 - routers.diseases - DEBUG - Found 216 diseasess
2026-06-22 11:17:53,101 - core.auth - DEBUG - Authentication token validated for user hash: ca9be311
2026-06-22 11:17:53,106 - routers.drugs - DEBUG - Querying drugss: query=None, sort=None, skip=0, limit=1000, fields=None
2026-06-22 11:17:53,115 - routers.drugs - DEBUG - Found 224 drugss
2026-06-22 11:17:54,401 - core.auth - DEBUG - Authentication token validated for user hash: ca9be311
2026-06-22 11:17:55,119 - core.auth - DEBUG - Authentication token validated for user hash: ca9be311
2026-06-22 11:17:59,477 - core.auth - DEBUG - Authentication token validated for user hash: ca9be311
