2026-06-22 02:25:06,457 - main - INFO - === Logging system initialized ===
2026-06-22 02:25:06,458 - main - INFO - Log file: logs/app_20260622_022506.log
2026-06-22 02:25:06,458 - main - INFO - Log level: INFO
2026-06-22 02:25:06,458 - main - INFO - Timestamp: 20260622_022506
2026-06-22 02:25:07,022 - main - INFO - Included router: routers.aihub.router
2026-06-22 02:25:07,032 - main - INFO - Included router: routers.auth.router
2026-06-22 02:25:07,049 - main - INFO - Included router: routers.disease_drug_mappings.router
2026-06-22 02:25:07,065 - main - INFO - Included router: routers.diseases.router
2026-06-22 02:25:07,090 - main - INFO - Included router: routers.drugs.router
2026-06-22 02:25:07,091 - main - INFO - Included router: routers.health.router
2026-06-22 02:25:07,096 - main - INFO - Included router: routers.openfda.router
2026-06-22 02:25:07,102 - main - INFO - Included router: routers.predict.router
2026-06-22 02:25:07,124 - main - INFO - Included router: routers.prediction_histories.router
2026-06-22 02:25:07,131 - main - INFO - Included router: routers.settings.router
2026-06-22 02:25:07,150 - main - INFO - Included router: routers.storage.router
2026-06-22 02:25:07,153 - main - INFO - Included router: routers.user.router
2026-06-22 02:25:07,160 - main - INFO - Included router: routers.user_saved_drugs.router
2026-06-22 02:25:08,040 - watchfiles.main - DEBUG - 2 changes detected: {(<Change.modified: 2>, 'C:\\Users\\ASA\\Desktop\\Nhóm 8\\CNPM\\App\\backend\\logs'), (<Change.added: 1>, 'C:\\Users\\ASA\\Desktop\\Nhóm 8\\CNPM\\App\\backend\\logs\\app_20260622_022507.log')}
2026-06-22 02:25:08,395 - watchfiles.main - DEBUG - 1 change detected: {(<Change.modified: 2>, 'C:\\Users\\ASA\\Desktop\\Nhóm 8\\CNPM\\App\\backend\\logs\\app_20260622_022507.log')}
2026-06-22 02:25:08,802 - watchfiles.main - DEBUG - 1 change detected: {(<Change.modified: 2>, 'C:\\Users\\ASA\\Desktop\\Nhóm 8\\CNPM\\App\\backend\\logs\\app_20260622_022507.log')}
2026-06-22 02:25:09,208 - watchfiles.main - DEBUG - 1 change detected: {(<Change.modified: 2>, 'C:\\Users\\ASA\\Desktop\\Nhóm 8\\CNPM\\App\\backend\\logs\\app_20260622_022507.log')}
2026-06-22 02:25:09,616 - watchfiles.main - DEBUG - 1 change detected: {(<Change.modified: 2>, 'C:\\Users\\ASA\\Desktop\\Nhóm 8\\CNPM\\App\\backend\\logs\\app_20260622_022507.log')}
