2026-06-21 23:21:15,511 - main - INFO - === Logging system initialized ===
2026-06-21 23:21:15,511 - main - INFO - Log file: logs/app_20260621_232115.log
2026-06-21 23:21:15,511 - main - INFO - Log level: INFO
2026-06-21 23:21:15,512 - main - INFO - Timestamp: 20260621_232115
2026-06-21 23:21:16,005 - main - INFO - Included router: routers.aihub.router
2026-06-21 23:21:16,013 - main - INFO - Included router: routers.auth.router
2026-06-21 23:21:16,029 - main - INFO - Included router: routers.disease_drug_mappings.router
2026-06-21 23:21:16,047 - main - INFO - Included router: routers.diseases.router
2026-06-21 23:21:16,072 - main - INFO - Included router: routers.drugs.router
2026-06-21 23:21:16,074 - main - INFO - Included router: routers.health.router
2026-06-21 23:21:16,078 - main - INFO - Included router: routers.openfda.router
2026-06-21 23:21:16,083 - main - INFO - Included router: routers.predict.router
2026-06-21 23:21:16,101 - main - INFO - Included router: routers.prediction_histories.router
2026-06-21 23:21:16,108 - main - INFO - Included router: routers.settings.router
2026-06-21 23:21:16,122 - main - INFO - Included router: routers.storage.router
2026-06-21 23:21:16,126 - main - INFO - Included router: routers.user.router
2026-06-21 23:21:16,133 - main - INFO - Included router: routers.user_saved_drugs.router
2026-06-21 23:21:16,134 - main - INFO - === Application startup initiated ===
2026-06-21 23:21:16,134 - services.database - DEBUG - [DB_OP] Starting database initialization
2026-06-21 23:21:16,134 - services.database - INFO - Starting database initialization...
2026-06-21 23:21:16,134 - core.database - INFO - Starting database initialization...
2026-06-21 23:21:16,134 - core.config - DEBUG - Read dynamic attribute database_url from environment variable DATABASE_URL
2026-06-21 23:21:16,135 - core.database - INFO - Creating database engine: mssql+pymssql://sa:123456@localhost:1433/medipredict
2026-06-21 23:21:16,526 - core.database - INFO - Database engine and session maker created successfully
2026-06-21 23:21:16,527 - services.database - INFO - Database connection initialized, now creating tables if tables not exist...
2026-06-21 23:21:16,528 - core.database - DEBUG - [DB_OP] Starting create_tables
2026-06-21 23:21:16,528 - core.database - INFO - Starting table creation...
2026-06-21 23:21:16,672 - core.database - INFO - Tables initialized successfully
2026-06-21 23:21:16,673 - core.database - DEBUG - [DB_OP] Create tables completed in 0.1442s
2026-06-21 23:21:16,673 - services.database - INFO - Table creation completed
2026-06-21 23:21:16,673 - services.database - INFO - Database initialized successfully
2026-06-21 23:21:16,673 - services.database - DEBUG - [DB_OP] Database initialization completed in 0.5394s
2026-06-21 23:21:16,674 - services.mock_data - INFO - Processing mock data file disease_drug_mappings.json for table disease_drug_mappings
2026-06-21 23:21:18,273 - services.mock_data - INFO - Table disease_drug_mappings already has 12 rows; skipping mock insert
2026-06-21 23:21:18,275 - services.mock_data - INFO - Processing mock data file diseases.json for table diseases
2026-06-21 23:21:19,815 - services.mock_data - INFO - Table diseases already has 6 rows; skipping mock insert
2026-06-21 23:21:19,818 - services.mock_data - INFO - Processing mock data file drugs.json for table drugs
2026-06-21 23:21:21,306 - services.mock_data - INFO - Table drugs already has 8 rows; skipping mock insert
2026-06-21 23:21:21,307 - services.mock_data - INFO - Processing mock data file drugs_openfda.json for table drugs_openfda
2026-06-21 23:21:21,441 - services.mock_data - WARNING - Table drugs_openfda does not exist; skipping drugs_openfda.json
2026-06-21 23:21:21,442 - services.database - DEBUG - [DB_OP] Starting database initialization
2026-06-21 23:21:21,442 - services.database - INFO - Starting database initialization...
2026-06-21 23:21:21,442 - core.database - INFO - Starting database initialization...
2026-06-21 23:21:21,442 - core.database - INFO - Database already initialized
2026-06-21 23:21:21,442 - services.database - INFO - Database connection initialized, now creating tables if tables not exist...
2026-06-21 23:21:21,442 - core.database - DEBUG - [DB_OP] Starting create_tables
2026-06-21 23:21:21,442 - core.database - INFO - Tables already initialized
2026-06-21 23:21:21,442 - services.database - INFO - Table creation completed
2026-06-21 23:21:21,442 - services.database - INFO - Database initialized successfully
2026-06-21 23:21:21,442 - services.database - DEBUG - [DB_OP] Database initialization completed in 0.0000s
2026-06-21 23:21:21,443 - core.config - DEBUG - Read dynamic attribute admin_user_id from environment variable ADMIN_USER_ID
2026-06-21 23:21:21,443 - core.config - DEBUG - Read dynamic attribute admin_user_email from environment variable ADMIN_USER_EMAIL
2026-06-21 23:21:21,451 - main - INFO - === Application startup completed successfully ===
2026-06-21 23:22:02,580 - routers.diseases - DEBUG - Querying diseasess: query=None, sort=None, skip=0, limit=20, fields=None
2026-06-21 23:22:02,584 - core.config - DEBUG - Read dynamic attribute jwt_secret_key from environment variable JWT_SECRET_KEY
2026-06-21 23:22:02,585 - core.config - DEBUG - Read dynamic attribute jwt_algorithm from environment variable JWT_ALGORITHM
2026-06-21 23:22:02,599 - core.auth - DEBUG - Authentication token validated for user hash: 916b2460
2026-06-21 23:22:02,600 - routers.diseases - DEBUG - Found 6 diseasess
2026-06-21 23:22:24,828 - core.auth - DEBUG - Authentication token validated for user hash: 916b2460
2026-06-21 23:22:25,071 - routers.drugs - DEBUG - Querying drugss: query=None, sort=None, skip=0, limit=100, fields=None
2026-06-21 23:22:25,079 - routers.drugs - DEBUG - Found 8 drugss
2026-06-21 23:22:28,526 - httpcore.connection - DEBUG - connect_tcp.started host='api.fda.gov' port=443 local_address=None timeout=30.0 socket_options=None
2026-06-21 23:22:28,824 - httpcore.connection - DEBUG - connect_tcp.complete return_value=<httpcore._backends.anyio.AnyIOStream object at 0x000001E268DC6690>
2026-06-21 23:22:28,825 - httpcore.connection - DEBUG - start_tls.started ssl_context=<ssl.SSLContext object at 0x000001E269914A70> server_hostname='api.fda.gov' timeout=30.0
2026-06-21 23:22:29,281 - httpcore.connection - DEBUG - start_tls.complete return_value=<httpcore._backends.anyio.AnyIOStream object at 0x000001E2694CA350>
2026-06-21 23:22:29,282 - httpcore.http11 - DEBUG - send_request_headers.started request=<Request [b'GET']>
2026-06-21 23:22:29,282 - httpcore.http11 - DEBUG - send_request_headers.complete
2026-06-21 23:22:29,282 - httpcore.http11 - DEBUG - send_request_body.started request=<Request [b'GET']>
2026-06-21 23:22:29,284 - httpcore.http11 - DEBUG - send_request_body.complete
2026-06-21 23:22:29,284 - httpcore.http11 - DEBUG - receive_response_headers.started request=<Request [b'GET']>
2026-06-21 23:22:29,623 - httpcore.http11 - DEBUG - receive_response_headers.complete return_value=(b'HTTP/1.1', 400, b'Bad Request', [(b'Date', b'Sun, 21 Jun 2026 16:22:28 GMT'), (b'Content-Type', b'application/json; charset=utf-8'), (b'Content-Length', b'139'), (b'Connection', b'keep-alive'), (b'Access-Control-Allow-Credentials', b'true'), (b'Access-Control-Allow-Origin', b'*'), (b'Age', b'0'), (b'Cache-Control', b'no-cache, no-store, must-revalidate'), (b'Content-Security-Policy', b"default-src 'none'"), (b'Etag', b'W/"8b-loKXhA4ZN7GV2NMkGJQYgEeQx9E"'), (b'Strict-Transport-Security', b'max-age=31536000; includeSubDomains; preload'), (b'Vary', b'Accept-Encoding'), (b'Via', b'https/1.1 api-umbrella (ApacheTrafficServer [cMsSf ])'), (b'X-Api-Umbrella-Request-Id', b'cutbupggojs8vclc9ssg'), (b'X-Cache', b'MISS'), (b'X-Content-Type-Options', b'nosniff'), (b'X-Ratelimit-Limit', b'240'), (b'X-Ratelimit-Remaining', b'238'), (b'X-Vcap-Request-Id', b'6dbc439d-c3a4-4edc-7044-618fe3c73eba'), (b'X-Xss-Protection', b'1; mode=block'), (b'X-Frame-Options', b'deny')])
2026-06-21 23:22:29,623 - httpx - INFO - HTTP Request: GET https://api.fda.gov/drug/label.json?limit=9&skip=0&search=openfda.brand_name%3A%C3%A2sa+OR+openfda.generic_name%3A%C3%A2sa&api_key=cYzhzoHiQdDiwxC3w3smJ5Fp5rlpKudgLVvgrkQ9 "HTTP/1.1 400 Bad Request"
2026-06-21 23:22:29,623 - httpcore.http11 - DEBUG - receive_response_body.started request=<Request [b'GET']>
2026-06-21 23:22:29,624 - httpcore.http11 - DEBUG - receive_response_body.complete
2026-06-21 23:22:29,624 - httpcore.http11 - DEBUG - response_closed.started
2026-06-21 23:22:29,624 - httpcore.http11 - DEBUG - response_closed.complete
2026-06-21 23:22:29,624 - services.openfda - ERROR - openFDA HTTP error: 400 - {
  "error": {
    "code": "BAD_REQUEST",
    "message": "Search not supported: openfda.brand_name:âsa OR openfda.generic_name:âsa"
  }
}
2026-06-21 23:22:29,624 - httpcore.connection - DEBUG - close.started
2026-06-21 23:22:29,624 - httpcore.connection - DEBUG - close.complete
2026-06-21 23:22:39,266 - httpcore.connection - DEBUG - connect_tcp.started host='api.fda.gov' port=443 local_address=None timeout=30.0 socket_options=None
2026-06-21 23:22:39,494 - httpcore.connection - DEBUG - connect_tcp.complete return_value=<httpcore._backends.anyio.AnyIOStream object at 0x000001E267C2E510>
2026-06-21 23:22:39,495 - httpcore.connection - DEBUG - start_tls.started ssl_context=<ssl.SSLContext object at 0x000001E269914F80> server_hostname='api.fda.gov' timeout=30.0
2026-06-21 23:22:39,946 - httpcore.connection - DEBUG - start_tls.complete return_value=<httpcore._backends.anyio.AnyIOStream object at 0x000001E269872FD0>
2026-06-21 23:22:39,946 - httpcore.http11 - DEBUG - send_request_headers.started request=<Request [b'GET']>
2026-06-21 23:22:39,946 - httpcore.http11 - DEBUG - send_request_headers.complete
2026-06-21 23:22:39,947 - httpcore.http11 - DEBUG - send_request_body.started request=<Request [b'GET']>
2026-06-21 23:22:39,947 - httpcore.http11 - DEBUG - send_request_body.complete
2026-06-21 23:22:39,947 - httpcore.http11 - DEBUG - receive_response_headers.started request=<Request [b'GET']>
2026-06-21 23:22:40,257 - httpcore.http11 - DEBUG - receive_response_headers.complete return_value=(b'HTTP/1.1', 404, b'Not Found', [(b'Date', b'Sun, 21 Jun 2026 16:22:39 GMT'), (b'Content-Type', b'application/json; charset=utf-8'), (b'Transfer-Encoding', b'chunked'), (b'Connection', b'keep-alive'), (b'Vary', b'Accept-Encoding'), (b'Access-Control-Allow-Credentials', b'true'), (b'Access-Control-Allow-Origin', b'*'), (b'Age', b'0'), (b'Cache-Control', b'no-cache, no-store, must-revalidate'), (b'Content-Security-Policy', b"default-src 'none'"), (b'Etag', b'W/"50-Gov3eVBQAYPDbwMSq8YtHKLjrHw"'), (b'Strict-Transport-Security', b'max-age=31536000; includeSubDomains; preload'), (b'Vary', b'Accept-Encoding'), (b'Via', b'https/1.1 api-umbrella (ApacheTrafficServer [cMsSf ])'), (b'X-Api-Umbrella-Request-Id', b'cutbus3qiaks63ps2hng'), (b'X-Cache', b'MISS'), (b'X-Content-Type-Options', b'nosniff'), (b'X-Ratelimit-Limit', b'240'), (b'X-Ratelimit-Remaining', b'237'), (b'X-Vcap-Request-Id', b'b0f168ee-eafe-4286-77bb-0fd397a4b1d0'), (b'X-Xss-Protection', b'1; mode=block'), (b'X-Frame-Options', b'deny'), (b'Content-Encoding', b'gzip')])
2026-06-21 23:22:40,258 - httpx - INFO - HTTP Request: GET https://api.fda.gov/drug/label.json?limit=9&skip=0&search=openfda.brand_name%3Aaaaaaaaaaaaa+OR+openfda.generic_name%3Aaaaaaaaaaaaa&api_key=cYzhzoHiQdDiwxC3w3smJ5Fp5rlpKudgLVvgrkQ9 "HTTP/1.1 404 Not Found"
2026-06-21 23:22:40,258 - httpcore.http11 - DEBUG - receive_response_body.started request=<Request [b'GET']>
2026-06-21 23:22:40,259 - httpcore.http11 - DEBUG - receive_response_body.complete
2026-06-21 23:22:40,259 - httpcore.http11 - DEBUG - response_closed.started
2026-06-21 23:22:40,260 - httpcore.http11 - DEBUG - response_closed.complete
2026-06-21 23:22:40,263 - services.openfda - ERROR - openFDA HTTP error: 404 - {
  "error": {
    "code": "NOT_FOUND",
    "message": "No matches found!"
  }
}
2026-06-21 23:22:40,264 - httpcore.connection - DEBUG - close.started
2026-06-21 23:22:40,264 - httpcore.connection - DEBUG - close.complete
2026-06-21 23:24:12,662 - routers.predict - INFO - Prediction request: symptoms=ho, disease_name=None
2026-06-21 23:24:12,681 - core.config - DEBUG - Read dynamic attribute app_ai_base_url from environment variable APP_AI_BASE_URL
2026-06-21 23:24:12,682 - services.aihub - ERROR - gentxt error: AI service not configured. Set APP_AI_BASE_URL and APP_AI_KEY.
2026-06-21 23:24:12,683 - routers.predict - WARNING - AI prediction failed, using fallback matching: AI service not configured. Set APP_AI_BASE_URL and APP_AI_KEY.
2026-06-21 23:24:16,528 - core.auth - DEBUG - Authentication token validated for user hash: 916b2460
2026-06-21 23:24:16,533 - routers.drugs - DEBUG - Querying drugss: query=None, sort=None, skip=0, limit=100, fields=None
2026-06-21 23:24:16,575 - routers.drugs - DEBUG - Found 8 drugss
2026-06-21 23:24:21,092 - routers.diseases - DEBUG - Querying diseasess: query=None, sort=None, skip=0, limit=20, fields=None
2026-06-21 23:24:21,098 - routers.diseases - DEBUG - Found 6 diseasess
