2026-06-22 01:13:18,408 - main - INFO - === Logging system initialized ===
2026-06-22 01:13:18,408 - main - INFO - Log file: logs/app_20260622_011318.log
2026-06-22 01:13:18,408 - main - INFO - Log level: INFO
2026-06-22 01:13:18,409 - main - INFO - Timestamp: 20260622_011318
2026-06-22 01:13:18,923 - main - INFO - Included router: routers.aihub.router
2026-06-22 01:13:18,932 - main - INFO - Included router: routers.auth.router
2026-06-22 01:13:18,949 - main - INFO - Included router: routers.disease_drug_mappings.router
2026-06-22 01:13:18,972 - main - INFO - Included router: routers.diseases.router
2026-06-22 01:13:18,978 - main - INFO - Included router: routers.drugs.router
2026-06-22 01:13:18,979 - main - INFO - Included router: routers.health.router
2026-06-22 01:13:18,984 - main - INFO - Included router: routers.openfda.router
2026-06-22 01:13:18,990 - main - INFO - Included router: routers.predict.router
2026-06-22 01:13:19,007 - main - INFO - Included router: routers.prediction_histories.router
2026-06-22 01:13:19,014 - main - INFO - Included router: routers.settings.router
2026-06-22 01:13:19,031 - main - INFO - Included router: routers.storage.router
2026-06-22 01:13:19,034 - main - INFO - Included router: routers.user.router
2026-06-22 01:13:19,042 - main - INFO - Included router: routers.user_saved_drugs.router
2026-06-22 01:13:19,043 - main - INFO - === Application startup initiated ===
2026-06-22 01:13:19,043 - services.database - DEBUG - [DB_OP] Starting database initialization
2026-06-22 01:13:19,043 - services.database - INFO - Starting database initialization...
2026-06-22 01:13:19,043 - core.database - INFO - Starting database initialization...
2026-06-22 01:13:19,043 - core.config - DEBUG - Read dynamic attribute database_url from environment variable DATABASE_URL
2026-06-22 01:13:19,044 - core.database - INFO - Creating database engine: mssql+pymssql://sa:123456@localhost:1433/medipredict
2026-06-22 01:13:19,359 - core.database - INFO - Database engine and session maker created successfully
2026-06-22 01:13:19,359 - services.database - INFO - Database connection initialized, now creating tables if tables not exist...
2026-06-22 01:13:19,360 - core.database - DEBUG - [DB_OP] Starting create_tables
2026-06-22 01:13:19,360 - core.database - INFO - Starting table creation...
2026-06-22 01:13:19,477 - core.database - INFO - Tables initialized successfully
2026-06-22 01:13:19,477 - core.database - DEBUG - [DB_OP] Create tables completed in 0.1172s
2026-06-22 01:13:19,477 - services.database - INFO - Table creation completed
2026-06-22 01:13:19,477 - services.database - INFO - Database initialized successfully
2026-06-22 01:13:19,477 - services.database - DEBUG - [DB_OP] Database initialization completed in 0.4340s
2026-06-22 01:13:19,477 - services.mock_data - INFO - Processing mock data file disease_drug_mappings.json for table disease_drug_mappings
2026-06-22 01:13:20,933 - services.mock_data - ERROR - Invalid JSON in disease_drug_mappings.json: Unexpected UTF-8 BOM (decode using utf-8-sig): line 1 column 1 (char 0)
2026-06-22 01:13:20,935 - services.mock_data - INFO - Processing mock data file diseases.json for table diseases
2026-06-22 01:13:22,284 - services.mock_data - INFO - Table diseases already has 225 rows; skipping mock insert
2026-06-22 01:13:22,286 - services.mock_data - INFO - Processing mock data file drugs.json for table drugs
2026-06-22 01:13:22,413 - services.mock_data - WARNING - Table drugs does not exist; skipping drugs.json
2026-06-22 01:13:22,415 - services.database - DEBUG - [DB_OP] Starting database initialization
2026-06-22 01:13:22,415 - services.database - INFO - Starting database initialization...
2026-06-22 01:13:22,415 - core.database - INFO - Starting database initialization...
2026-06-22 01:13:22,415 - core.database - INFO - Database already initialized
2026-06-22 01:13:22,415 - services.database - INFO - Database connection initialized, now creating tables if tables not exist...
2026-06-22 01:13:22,415 - core.database - DEBUG - [DB_OP] Starting create_tables
2026-06-22 01:13:22,417 - core.database - INFO - Tables already initialized
2026-06-22 01:13:22,417 - services.database - INFO - Table creation completed
2026-06-22 01:13:22,417 - services.database - INFO - Database initialized successfully
2026-06-22 01:13:22,417 - services.database - DEBUG - [DB_OP] Database initialization completed in 0.0014s
2026-06-22 01:13:22,417 - core.config - DEBUG - Read dynamic attribute admin_user_id from environment variable ADMIN_USER_ID
2026-06-22 01:13:22,417 - core.config - DEBUG - Read dynamic attribute admin_user_email from environment variable ADMIN_USER_EMAIL
2026-06-22 01:13:22,427 - main - INFO - === Application startup completed successfully ===
2026-06-22 01:13:32,722 - core.config - DEBUG - Read dynamic attribute jwt_secret_key from environment variable JWT_SECRET_KEY
2026-06-22 01:13:32,722 - core.config - DEBUG - Read dynamic attribute jwt_algorithm from environment variable JWT_ALGORITHM
2026-06-22 01:13:32,733 - core.auth - DEBUG - Authentication token validated for user hash: 90c3c8c2
2026-06-22 01:13:32,746 - routers.diseases - DEBUG - Querying diseasess: query=None, sort=None, skip=0, limit=1000, fields=None
2026-06-22 01:13:32,762 - routers.diseases - DEBUG - Found 225 diseasess
2026-06-22 01:13:37,751 - httpcore.connection - DEBUG - connect_tcp.started host='api.fda.gov' port=443 local_address=None timeout=30.0 socket_options=None
2026-06-22 01:13:37,761 - core.database - ERROR - Database session error: 1 validation error:
  {'type': 'less_than_equal', 'loc': ('query', 'limit'), 'msg': 'Input should be less than or equal to 100', 'input': '200', 'ctx': {'le': 100}}

  File "C:\Users\ASA\Desktop\Nhóm 8\CNPM\App\backend\routers\drugs.py", line 32, in query_local_drugs
    GET /api/v1/entities/drugs/local
Traceback (most recent call last):
  File "C:\Users\ASA\Desktop\Nhóm 8\CNPM\App\backend\core\database.py", line 270, in get_db
    yield session
  File "C:\Users\ASA\AppData\Local\Programs\Python\Python311\Lib\site-packages\fastapi\concurrency.py", line 29, in contextmanager_in_threadpool
    yield await run_in_threadpool(cm.__enter__)
  File "C:\Users\ASA\AppData\Local\Programs\Python\Python311\Lib\site-packages\fastapi\routing.py", line 136, in app
    response = await f(request)
               ^^^^^^^^^^^^^^^^
  File "C:\Users\ASA\AppData\Local\Programs\Python\Python311\Lib\site-packages\fastapi\routing.py", line 739, in app
    raise validation_error
fastapi.exceptions.RequestValidationError: 1 validation error:
  {'type': 'less_than_equal', 'loc': ('query', 'limit'), 'msg': 'Input should be less than or equal to 100', 'input': '200', 'ctx': {'le': 100}}

  File "C:\Users\ASA\Desktop\Nhóm 8\CNPM\App\backend\routers\drugs.py", line 32, in query_local_drugs
    GET /api/v1/entities/drugs/local
2026-06-22 01:13:38,245 - httpcore.connection - DEBUG - connect_tcp.complete return_value=<httpcore._backends.anyio.AnyIOStream object at 0x000001B23C6495D0>
2026-06-22 01:13:38,246 - httpcore.connection - DEBUG - start_tls.started ssl_context=<ssl.SSLContext object at 0x000001B23C6803B0> server_hostname='api.fda.gov' timeout=30.0
2026-06-22 01:13:38,682 - httpcore.connection - DEBUG - start_tls.complete return_value=<httpcore._backends.anyio.AnyIOStream object at 0x000001B23C649810>
2026-06-22 01:13:38,683 - httpcore.http11 - DEBUG - send_request_headers.started request=<Request [b'GET']>
2026-06-22 01:13:38,683 - httpcore.http11 - DEBUG - send_request_headers.complete
2026-06-22 01:13:38,684 - httpcore.http11 - DEBUG - send_request_body.started request=<Request [b'GET']>
2026-06-22 01:13:38,684 - httpcore.http11 - DEBUG - send_request_body.complete
2026-06-22 01:13:38,685 - httpcore.http11 - DEBUG - receive_response_headers.started request=<Request [b'GET']>
2026-06-22 01:13:39,262 - httpcore.http11 - DEBUG - receive_response_headers.complete return_value=(b'HTTP/1.1', 200, b'OK', [(b'Date', b'Sun, 21 Jun 2026 18:13:37 GMT'), (b'Content-Type', b'application/json; charset=utf-8'), (b'Transfer-Encoding', b'chunked'), (b'Connection', b'keep-alive'), (b'Access-Control-Allow-Credentials', b'true'), (b'Access-Control-Allow-Origin', b'*'), (b'Age', b'0'), (b'Cache-Control', b'no-cache, no-store, must-revalidate'), (b'Content-Encoding', b'gzip'), (b'Content-Security-Policy', b"default-src 'none'"), (b'Etag', b'W/"125bfc-SpOiVoCRnJFT6xbD6ZZuz/KFTho"'), (b'Link', b'<https://api.fda.gov/drug/label.json?limit=20&skip=0&search=openfda.brand_name%3A%2A&search_after=0%3D000dc81d-ab91-450c-8eae-8eb74e72296f>; rel="next"'), (b'Strict-Transport-Security', b'max-age=31536000; includeSubDomains; preload'), (b'Vary', b'Accept-Encoding'), (b'Vary', b'Accept-Encoding'), (b'Via', b'https/1.1 api-umbrella (ApacheTrafficServer [cMsSf ])'), (b'X-Api-Umbrella-Request-Id', b'cutdhlnddaeftljsqsrg'), (b'X-Cache', b'MISS'), (b'X-Content-Type-Options', b'nosniff'), (b'X-Ratelimit-Limit', b'240'), (b'X-Ratelimit-Remaining', b'239'), (b'X-Vcap-Request-Id', b'9ae45a28-7463-4718-654c-e44439599fea'), (b'X-Xss-Protection', b'1; mode=block'), (b'X-Frame-Options', b'deny')])
2026-06-22 01:13:39,263 - httpx - INFO - HTTP Request: GET https://api.fda.gov/drug/label.json?limit=20&skip=0&search=openfda.brand_name%3A%2A&api_key=cYzhzoHiQdDiwxC3w3smJ5Fp5rlpKudgLVvgrkQ9 "HTTP/1.1 200 OK"
2026-06-22 01:13:39,264 - httpcore.http11 - DEBUG - receive_response_body.started request=<Request [b'GET']>
2026-06-22 01:13:39,799 - httpcore.http11 - DEBUG - receive_response_body.complete
2026-06-22 01:13:39,799 - httpcore.http11 - DEBUG - response_closed.started
2026-06-22 01:13:39,800 - httpcore.http11 - DEBUG - response_closed.complete
2026-06-22 01:13:39,807 - httpcore.connection - DEBUG - close.started
2026-06-22 01:13:39,808 - httpcore.connection - DEBUG - close.complete
2026-06-22 01:13:44,868 - routers.diseases - DEBUG - Querying diseasess: query=None, sort=None, skip=0, limit=1000, fields=None
2026-06-22 01:13:44,878 - routers.diseases - DEBUG - Found 225 diseasess
2026-06-22 01:13:46,423 - httpcore.connection - DEBUG - connect_tcp.started host='api.fda.gov' port=443 local_address=None timeout=30.0 socket_options=None
2026-06-22 01:13:46,423 - core.database - ERROR - Database session error: 1 validation error:
  {'type': 'less_than_equal', 'loc': ('query', 'limit'), 'msg': 'Input should be less than or equal to 100', 'input': '200', 'ctx': {'le': 100}}

  File "C:\Users\ASA\Desktop\Nhóm 8\CNPM\App\backend\routers\drugs.py", line 32, in query_local_drugs
    GET /api/v1/entities/drugs/local
Traceback (most recent call last):
  File "C:\Users\ASA\Desktop\Nhóm 8\CNPM\App\backend\core\database.py", line 270, in get_db
    yield session
  File "C:\Users\ASA\AppData\Local\Programs\Python\Python311\Lib\site-packages\fastapi\concurrency.py", line 29, in contextmanager_in_threadpool
    yield await run_in_threadpool(cm.__enter__)
  File "C:\Users\ASA\AppData\Local\Programs\Python\Python311\Lib\site-packages\fastapi\routing.py", line 136, in app
    response = await f(request)
               ^^^^^^^^^^^^^^^^
  File "C:\Users\ASA\AppData\Local\Programs\Python\Python311\Lib\site-packages\fastapi\routing.py", line 739, in app
    raise validation_error
fastapi.exceptions.RequestValidationError: 1 validation error:
  {'type': 'less_than_equal', 'loc': ('query', 'limit'), 'msg': 'Input should be less than or equal to 100', 'input': '200', 'ctx': {'le': 100}}

  File "C:\Users\ASA\Desktop\Nhóm 8\CNPM\App\backend\routers\drugs.py", line 32, in query_local_drugs
    GET /api/v1/entities/drugs/local
2026-06-22 01:13:46,641 - httpcore.connection - DEBUG - connect_tcp.complete return_value=<httpcore._backends.anyio.AnyIOStream object at 0x000001B23AC86150>
2026-06-22 01:13:46,642 - httpcore.connection - DEBUG - start_tls.started ssl_context=<ssl.SSLContext object at 0x000001B23C681490> server_hostname='api.fda.gov' timeout=30.0
2026-06-22 01:13:47,074 - httpcore.connection - DEBUG - start_tls.complete return_value=<httpcore._backends.anyio.AnyIOStream object at 0x000001B23C633310>
2026-06-22 01:13:47,076 - httpcore.http11 - DEBUG - send_request_headers.started request=<Request [b'GET']>
2026-06-22 01:13:47,076 - httpcore.http11 - DEBUG - send_request_headers.complete
2026-06-22 01:13:47,076 - httpcore.http11 - DEBUG - send_request_body.started request=<Request [b'GET']>
2026-06-22 01:13:47,077 - httpcore.http11 - DEBUG - send_request_body.complete
2026-06-22 01:13:47,077 - httpcore.http11 - DEBUG - receive_response_headers.started request=<Request [b'GET']>
2026-06-22 01:13:47,736 - httpcore.http11 - DEBUG - receive_response_headers.complete return_value=(b'HTTP/1.1', 200, b'OK', [(b'Date', b'Sun, 21 Jun 2026 18:13:46 GMT'), (b'Content-Type', b'application/json; charset=utf-8'), (b'Transfer-Encoding', b'chunked'), (b'Connection', b'keep-alive'), (b'Access-Control-Allow-Credentials', b'true'), (b'Access-Control-Allow-Origin', b'*'), (b'Age', b'0'), (b'Cache-Control', b'no-cache, no-store, must-revalidate'), (b'Content-Encoding', b'gzip'), (b'Content-Security-Policy', b"default-src 'none'"), (b'Etag', b'W/"125bfc-SpOiVoCRnJFT6xbD6ZZuz/KFTho"'), (b'Link', b'<https://api.fda.gov/drug/label.json?limit=20&skip=0&search=openfda.brand_name%3A%2A&search_after=0%3D000dc81d-ab91-450c-8eae-8eb74e72296f>; rel="next"'), (b'Strict-Transport-Security', b'max-age=31536000; includeSubDomains; preload'), (b'Vary', b'Accept-Encoding'), (b'Vary', b'Accept-Encoding'), (b'Via', b'https/1.1 api-umbrella (ApacheTrafficServer [cMsSf ])'), (b'X-Api-Umbrella-Request-Id', b'cutdhnovutc1f8ir3qqg'), (b'X-Cache', b'MISS'), (b'X-Content-Type-Options', b'nosniff'), (b'X-Ratelimit-Limit', b'240'), (b'X-Ratelimit-Remaining', b'238'), (b'X-Vcap-Request-Id', b'1bce2aa6-3986-42ea-42f8-581f9da82aea'), (b'X-Xss-Protection', b'1; mode=block'), (b'X-Frame-Options', b'deny')])
2026-06-22 01:13:47,738 - httpx - INFO - HTTP Request: GET https://api.fda.gov/drug/label.json?limit=20&skip=0&search=openfda.brand_name%3A%2A&api_key=cYzhzoHiQdDiwxC3w3smJ5Fp5rlpKudgLVvgrkQ9 "HTTP/1.1 200 OK"
2026-06-22 01:13:47,739 - httpcore.http11 - DEBUG - receive_response_body.started request=<Request [b'GET']>
2026-06-22 01:13:48,196 - httpcore.http11 - DEBUG - receive_response_body.complete
2026-06-22 01:13:48,197 - httpcore.http11 - DEBUG - response_closed.started
2026-06-22 01:13:48,197 - httpcore.http11 - DEBUG - response_closed.complete
2026-06-22 01:13:48,209 - httpcore.connection - DEBUG - close.started
2026-06-22 01:13:48,210 - httpcore.connection - DEBUG - close.complete
