2026-06-21 16:19:39,463 - main - INFO - === Logging system initialized ===
2026-06-21 16:19:39,463 - main - INFO - Log file: logs/app_20260621_161939.log
2026-06-21 16:19:39,463 - main - INFO - Log level: INFO
2026-06-21 16:19:39,464 - main - INFO - Timestamp: 20260621_161939
2026-06-21 16:19:39,951 - main - INFO - Included router: routers.aihub.router
2026-06-21 16:19:39,959 - main - INFO - Included router: routers.auth.router
2026-06-21 16:19:39,974 - main - INFO - Included router: routers.disease_drug_mappings.router
2026-06-21 16:19:39,991 - main - INFO - Included router: routers.diseases.router
2026-06-21 16:19:40,012 - main - INFO - Included router: routers.drugs.router
2026-06-21 16:19:40,012 - main - INFO - Included router: routers.health.router
2026-06-21 16:19:40,017 - main - INFO - Included router: routers.predict.router
2026-06-21 16:19:40,033 - main - INFO - Included router: routers.prediction_histories.router
2026-06-21 16:19:40,040 - main - INFO - Included router: routers.settings.router
2026-06-21 16:19:40,054 - main - INFO - Included router: routers.storage.router
2026-06-21 16:19:40,057 - main - INFO - Included router: routers.user.router
2026-06-21 16:19:40,057 - main - INFO - === Application startup initiated ===
2026-06-21 16:19:40,057 - services.database - DEBUG - [DB_OP] Starting database initialization
2026-06-21 16:19:40,057 - services.database - INFO - Starting database initialization...
2026-06-21 16:19:40,057 - core.database - INFO - Starting database initialization...
2026-06-21 16:19:40,057 - core.config - DEBUG - Read dynamic attribute database_url from environment variable DATABASE_URL
2026-06-21 16:19:40,059 - core.database - INFO - Creating database engine: mssql+pymssql://sa:123456@localhost:1433/medipredict
2026-06-21 16:19:40,154 - core.database - INFO - Database engine and session maker created successfully
2026-06-21 16:19:40,154 - services.database - INFO - Database connection initialized, now creating tables if tables not exist...
2026-06-21 16:19:40,154 - core.database - DEBUG - [DB_OP] Starting create_tables
2026-06-21 16:19:40,154 - core.database - INFO - Starting table creation...
2026-06-21 16:19:40,168 - core.database - INFO - Tables initialized successfully
2026-06-21 16:19:40,169 - core.database - DEBUG - [DB_OP] Create tables completed in 0.0145s
2026-06-21 16:19:40,169 - services.database - INFO - Table creation completed
2026-06-21 16:19:40,169 - services.database - INFO - Database initialized successfully
2026-06-21 16:19:40,170 - services.database - DEBUG - [DB_OP] Database initialization completed in 0.1124s
2026-06-21 16:19:40,170 - services.mock_data - INFO - Processing mock data file disease_drug_mappings.json for table disease_drug_mappings
2026-06-21 16:19:40,189 - services.mock_data - INFO - Table disease_drug_mappings already has 12 rows; skipping mock insert
2026-06-21 16:19:40,190 - services.mock_data - INFO - Processing mock data file diseases.json for table diseases
2026-06-21 16:19:40,205 - services.mock_data - INFO - Table diseases already has 6 rows; skipping mock insert
2026-06-21 16:19:40,206 - services.mock_data - INFO - Processing mock data file drugs.json for table drugs
2026-06-21 16:19:40,220 - services.mock_data - INFO - Table drugs already has 8 rows; skipping mock insert
2026-06-21 16:19:40,221 - services.database - DEBUG - [DB_OP] Starting database initialization
2026-06-21 16:19:40,221 - services.database - INFO - Starting database initialization...
2026-06-21 16:19:40,221 - core.database - INFO - Starting database initialization...
2026-06-21 16:19:40,221 - core.database - INFO - Database already initialized
2026-06-21 16:19:40,221 - services.database - INFO - Database connection initialized, now creating tables if tables not exist...
2026-06-21 16:19:40,221 - core.database - DEBUG - [DB_OP] Starting create_tables
2026-06-21 16:19:40,221 - core.database - INFO - Tables already initialized
2026-06-21 16:19:40,221 - services.database - INFO - Table creation completed
2026-06-21 16:19:40,221 - services.database - INFO - Database initialized successfully
2026-06-21 16:19:40,221 - services.database - DEBUG - [DB_OP] Database initialization completed in 0.0000s
2026-06-21 16:19:40,221 - core.config - DEBUG - Read dynamic attribute admin_user_id from environment variable ADMIN_USER_ID
2026-06-21 16:19:40,221 - core.config - DEBUG - Read dynamic attribute admin_user_email from environment variable ADMIN_USER_EMAIL
2026-06-21 16:19:40,228 - main - INFO - === Application startup completed successfully ===
